[0.012s] Invoking command in '/home/dev-pc/dev_ws/build/serial': CMAKE_PREFIX_PATH=/opt/ros/humble /usr/bin/cmake --build /home/dev-pc/dev_ws/build/serial -- -j8 -l8
[0.045s] [35m[1mConsolidate compiler generated dependencies of target gtest_main[0m
[0.045s] [35m[1mConsolidate compiler generated dependencies of target gtest[0m
[0.046s] [35m[1mConsolidate compiler generated dependencies of target serial[0m
[0.055s] [ 14%] Built target gtest_main
[0.058s] [ 28%] Built target gtest
[0.060s] [ 57%] Built target serial
[0.068s] [35m[1mConsolidate compiler generated dependencies of target serial-test[0m
[0.069s] [35m[1mConsolidate compiler generated dependencies of target serial_example[0m
[0.072s] [35m[1mConsolidate compiler generated dependencies of target serial-test-timer[0m
[0.078s] [ 71%] Built target serial_example
[0.079s] [ 85%] Built target serial-test
[0.083s] [100%] Built target serial-test-timer
[0.100s] Invoked command in '/home/dev-pc/dev_ws/build/serial' returned '0': CMAKE_PREFIX_PATH=/opt/ros/humble /usr/bin/cmake --build /home/dev-pc/dev_ws/build/serial -- -j8 -l8
[0.123s] Invoking command in '/home/dev-pc/dev_ws/build/serial': CMAKE_PREFIX_PATH=/opt/ros/humble /usr/bin/cmake --install /home/dev-pc/dev_ws/build/serial
[0.128s] -- Install configuration: ""
[0.129s] -- Execute custom install script
[0.129s] -- Up-to-date symlink: /home/dev-pc/dev_ws/install/serial/lib/libserial.a
[0.129s] -- Up-to-date symlink: /home/dev-pc/dev_ws/install/serial/include/serial/serial.h
[0.130s] -- Up-to-date symlink: /home/dev-pc/dev_ws/install/serial/include/serial/v8stdint.h
[0.130s] -- Up-to-date symlink: /home/dev-pc/dev_ws/install/serial/share/serial/environment/library_path.sh
[0.130s] -- Up-to-date symlink: /home/dev-pc/dev_ws/install/serial/share/serial/environment/library_path.dsv
[0.130s] -- Up-to-date symlink: /home/dev-pc/dev_ws/install/serial/share/ament_index/resource_index/package_run_dependencies/serial
[0.130s] -- Up-to-date symlink: /home/dev-pc/dev_ws/install/serial/share/ament_index/resource_index/parent_prefix_path/serial
[0.130s] -- Up-to-date symlink: /home/dev-pc/dev_ws/install/serial/share/serial/environment/ament_prefix_path.sh
[0.130s] -- Up-to-date symlink: /home/dev-pc/dev_ws/install/serial/share/serial/environment/ament_prefix_path.dsv
[0.130s] -- Up-to-date symlink: /home/dev-pc/dev_ws/install/serial/share/serial/environment/path.sh
[0.130s] -- Up-to-date symlink: /home/dev-pc/dev_ws/install/serial/share/serial/environment/path.dsv
[0.130s] -- Up-to-date symlink: /home/dev-pc/dev_ws/install/serial/share/serial/local_setup.bash
[0.130s] -- Up-to-date symlink: /home/dev-pc/dev_ws/install/serial/share/serial/local_setup.sh
[0.130s] -- Up-to-date symlink: /home/dev-pc/dev_ws/install/serial/share/serial/local_setup.zsh
[0.131s] -- Up-to-date symlink: /home/dev-pc/dev_ws/install/serial/share/serial/local_setup.dsv
[0.131s] -- Symlinking: /home/dev-pc/dev_ws/install/serial/share/serial/package.dsv
[0.137s] -- Up-to-date symlink: /home/dev-pc/dev_ws/install/serial/share/ament_index/resource_index/packages/serial
[0.137s] -- Up-to-date symlink: /home/dev-pc/dev_ws/install/serial/share/serial/cmake/ament_cmake_export_include_directories-extras.cmake
[0.137s] -- Up-to-date symlink: /home/dev-pc/dev_ws/install/serial/share/serial/cmake/ament_cmake_export_libraries-extras.cmake
[0.137s] -- Up-to-date symlink: /home/dev-pc/dev_ws/install/serial/share/serial/cmake/serialConfig.cmake
[0.137s] -- Up-to-date symlink: /home/dev-pc/dev_ws/install/serial/share/serial/cmake/serialConfig-version.cmake
[0.137s] -- Up-to-date symlink: /home/dev-pc/dev_ws/install/serial/share/serial/package.xml
[0.139s] Invoked command in '/home/dev-pc/dev_ws/build/serial' returned '0': CMAKE_PREFIX_PATH=/opt/ros/humble /usr/bin/cmake --install /home/dev-pc/dev_ws/build/serial
