[1.481s] Invoking command in '/home/dev/dev_ws/src/robot_pkg': PYTHONPATH=/home/dev/dev_ws/build/robot_pkg/prefix_override:/home/dev/dev_ws/install/robot_pkg/lib/python3.10/site-packages:${PYTHONPATH} /usr/bin/python3 -W ignore:setup.py install is deprecated setup.py egg_info --egg-base ../../build/robot_pkg build --build-base /home/dev/dev_ws/build/robot_pkg/build install --record /home/dev/dev_ws/build/robot_pkg/install.log --single-version-externally-managed install_data
[2.047s] running egg_info
[2.050s] writing ../../build/robot_pkg/robot_pkg.egg-info/PKG-INFO
[2.054s] writing dependency_links to ../../build/robot_pkg/robot_pkg.egg-info/dependency_links.txt
[2.056s] writing entry points to ../../build/robot_pkg/robot_pkg.egg-info/entry_points.txt
[2.058s] writing requirements to ../../build/robot_pkg/robot_pkg.egg-info/requires.txt
[2.059s] writing top-level names to ../../build/robot_pkg/robot_pkg.egg-info/top_level.txt
[2.064s] reading manifest file '../../build/robot_pkg/robot_pkg.egg-info/SOURCES.txt'
[2.066s] adding license file 'LICENSE'
[2.068s] writing manifest file '../../build/robot_pkg/robot_pkg.egg-info/SOURCES.txt'
[2.068s] running build
[2.070s] running build_py
[2.071s] running install
[2.075s] running install_lib
[2.076s] running install_data
[2.076s] copying launch/display.launch.py -> /home/dev/dev_ws/install/robot_pkg/share/robot_pkg/launch
[2.077s] running install_egg_info
[2.083s] removing '/home/dev/dev_ws/install/robot_pkg/lib/python3.10/site-packages/robot_pkg-0.0.0-py3.10.egg-info' (and everything under it)
[2.084s] Copying ../../build/robot_pkg/robot_pkg.egg-info to /home/dev/dev_ws/install/robot_pkg/lib/python3.10/site-packages/robot_pkg-0.0.0-py3.10.egg-info
[2.087s] running install_scripts
[2.144s] writing list of installed files to '/home/dev/dev_ws/build/robot_pkg/install.log'
[2.200s] Invoked command in '/home/dev/dev_ws/src/robot_pkg' returned '0': PYTHONPATH=/home/dev/dev_ws/build/robot_pkg/prefix_override:/home/dev/dev_ws/install/robot_pkg/lib/python3.10/site-packages:${PYTHONPATH} /usr/bin/python3 -W ignore:setup.py install is deprecated setup.py egg_info --egg-base ../../build/robot_pkg build --build-base /home/dev/dev_ws/build/robot_pkg/build install --record /home/dev/dev_ws/build/robot_pkg/install.log --single-version-externally-managed install_data
