[0.009s] Invoking command in '/home/dev-pc/dev_ws/build/sllidar_ros2': CMAKE_PREFIX_PATH=${CMAKE_PREFIX_PATH}:/opt/ros/humble /usr/bin/cmake --build /home/dev-pc/dev_ws/build/sllidar_ros2 -- -j8 -l8
[0.046s] [ 10%] Built target sllidar_client
[0.051s] [100%] Built target sllidar_node
[0.059s] Invoked command in '/home/dev-pc/dev_ws/build/sllidar_ros2' returned '0': CMAKE_PREFIX_PATH=${CMAKE_PREFIX_PATH}:/opt/ros/humble /usr/bin/cmake --build /home/dev-pc/dev_ws/build/sllidar_ros2 -- -j8 -l8
[0.099s] Invoking command in '/home/dev-pc/dev_ws/build/sllidar_ros2': CMAKE_PREFIX_PATH=${CMAKE_PREFIX_PATH}:/opt/ros/humble /usr/bin/cmake --install /home/dev-pc/dev_ws/build/sllidar_ros2
[0.104s] -- Install configuration: ""
[0.104s] -- Execute custom install script
[0.105s] -- Up-to-date symlink: /home/dev-pc/dev_ws/install/sllidar_ros2/share/sllidar_ros2/launch/sllidar_a1_launch.py
[0.105s] -- Up-to-date symlink: /home/dev-pc/dev_ws/install/sllidar_ros2/share/sllidar_ros2/launch/sllidar_a2m12_launch .py
[0.105s] -- Up-to-date symlink: /home/dev-pc/dev_ws/install/sllidar_ros2/share/sllidar_ros2/launch/sllidar_a2m7_launch.py
[0.105s] -- Up-to-date symlink: /home/dev-pc/dev_ws/install/sllidar_ros2/share/sllidar_ros2/launch/sllidar_a2m8_launch.py
[0.105s] -- Up-to-date symlink: /home/dev-pc/dev_ws/install/sllidar_ros2/share/sllidar_ros2/launch/sllidar_a3_launch.py
[0.105s] -- Up-to-date symlink: /home/dev-pc/dev_ws/install/sllidar_ros2/share/sllidar_ros2/launch/sllidar_c1_launch.py
[0.105s] -- Up-to-date symlink: /home/dev-pc/dev_ws/install/sllidar_ros2/share/sllidar_ros2/launch/sllidar_s1_launch.py
[0.106s] -- Up-to-date symlink: /home/dev-pc/dev_ws/install/sllidar_ros2/share/sllidar_ros2/launch/sllidar_s1_tcp_launch.py
[0.106s] -- Up-to-date symlink: /home/dev-pc/dev_ws/install/sllidar_ros2/share/sllidar_ros2/launch/sllidar_s2_launch.py
[0.106s] -- Up-to-date symlink: /home/dev-pc/dev_ws/install/sllidar_ros2/share/sllidar_ros2/launch/sllidar_s2e_launch.py
[0.106s] -- Up-to-date symlink: /home/dev-pc/dev_ws/install/sllidar_ros2/share/sllidar_ros2/launch/sllidar_s3_launch.py
[0.106s] -- Up-to-date symlink: /home/dev-pc/dev_ws/install/sllidar_ros2/share/sllidar_ros2/launch/sllidar_t1_launch.py
[0.106s] -- Up-to-date symlink: /home/dev-pc/dev_ws/install/sllidar_ros2/share/sllidar_ros2/launch/view_sllidar_a1_launch.py
[0.106s] -- Up-to-date symlink: /home/dev-pc/dev_ws/install/sllidar_ros2/share/sllidar_ros2/launch/view_sllidar_a2m12_launch.py
[0.106s] -- Up-to-date symlink: /home/dev-pc/dev_ws/install/sllidar_ros2/share/sllidar_ros2/launch/view_sllidar_a2m7_launch.py
[0.106s] -- Up-to-date symlink: /home/dev-pc/dev_ws/install/sllidar_ros2/share/sllidar_ros2/launch/view_sllidar_a2m8_launch.py
[0.106s] -- Up-to-date symlink: /home/dev-pc/dev_ws/install/sllidar_ros2/share/sllidar_ros2/launch/view_sllidar_a3_launch.py
[0.106s] -- Up-to-date symlink: /home/dev-pc/dev_ws/install/sllidar_ros2/share/sllidar_ros2/launch/view_sllidar_c1_launch.py
[0.107s] -- Up-to-date symlink: /home/dev-pc/dev_ws/install/sllidar_ros2/share/sllidar_ros2/launch/view_sllidar_s1_launch.py
[0.107s] -- Up-to-date symlink: /home/dev-pc/dev_ws/install/sllidar_ros2/share/sllidar_ros2/launch/view_sllidar_s1_tcp_launch.py
[0.107s] -- Up-to-date symlink: /home/dev-pc/dev_ws/install/sllidar_ros2/share/sllidar_ros2/launch/view_sllidar_s2_launch.py
[0.107s] -- Up-to-date symlink: /home/dev-pc/dev_ws/install/sllidar_ros2/share/sllidar_ros2/launch/view_sllidar_s2e_launch.py
[0.107s] -- Up-to-date symlink: /home/dev-pc/dev_ws/install/sllidar_ros2/share/sllidar_ros2/launch/view_sllidar_s3_launch.py
[0.107s] -- Up-to-date symlink: /home/dev-pc/dev_ws/install/sllidar_ros2/share/sllidar_ros2/launch/view_sllidar_t1_launch.py
[0.107s] -- Up-to-date symlink: /home/dev-pc/dev_ws/install/sllidar_ros2/share/sllidar_ros2/rviz/sllidar_ros2.rviz
[0.107s] -- Up-to-date symlink: /home/dev-pc/dev_ws/install/sllidar_ros2/lib/sllidar_ros2/sllidar_node
[0.108s] -- Up-to-date symlink: /home/dev-pc/dev_ws/install/sllidar_ros2/lib/sllidar_ros2/sllidar_client
[0.108s] -- Up-to-date symlink: /home/dev-pc/dev_ws/install/sllidar_ros2/share/ament_index/resource_index/package_run_dependencies/sllidar_ros2
[0.108s] -- Up-to-date symlink: /home/dev-pc/dev_ws/install/sllidar_ros2/share/ament_index/resource_index/parent_prefix_path/sllidar_ros2
[0.108s] -- Up-to-date symlink: /home/dev-pc/dev_ws/install/sllidar_ros2/share/sllidar_ros2/environment/ament_prefix_path.sh
[0.108s] -- Up-to-date symlink: /home/dev-pc/dev_ws/install/sllidar_ros2/share/sllidar_ros2/environment/ament_prefix_path.dsv
[0.108s] -- Up-to-date symlink: /home/dev-pc/dev_ws/install/sllidar_ros2/share/sllidar_ros2/environment/path.sh
[0.109s] -- Up-to-date symlink: /home/dev-pc/dev_ws/install/sllidar_ros2/share/sllidar_ros2/environment/path.dsv
[0.109s] -- Up-to-date symlink: /home/dev-pc/dev_ws/install/sllidar_ros2/share/sllidar_ros2/local_setup.bash
[0.109s] -- Up-to-date symlink: /home/dev-pc/dev_ws/install/sllidar_ros2/share/sllidar_ros2/local_setup.sh
[0.109s] -- Up-to-date symlink: /home/dev-pc/dev_ws/install/sllidar_ros2/share/sllidar_ros2/local_setup.zsh
[0.109s] -- Up-to-date symlink: /home/dev-pc/dev_ws/install/sllidar_ros2/share/sllidar_ros2/local_setup.dsv
[0.109s] -- Symlinking: /home/dev-pc/dev_ws/install/sllidar_ros2/share/sllidar_ros2/package.dsv
[0.116s] -- Up-to-date symlink: /home/dev-pc/dev_ws/install/sllidar_ros2/share/ament_index/resource_index/packages/sllidar_ros2
[0.116s] -- Up-to-date symlink: /home/dev-pc/dev_ws/install/sllidar_ros2/share/sllidar_ros2/cmake/ament_cmake_export_dependencies-extras.cmake
[0.116s] -- Up-to-date symlink: /home/dev-pc/dev_ws/install/sllidar_ros2/share/sllidar_ros2/cmake/ament_cmake_export_include_directories-extras.cmake
[0.116s] -- Up-to-date symlink: /home/dev-pc/dev_ws/install/sllidar_ros2/share/sllidar_ros2/cmake/sllidar_ros2Config.cmake
[0.116s] -- Up-to-date symlink: /home/dev-pc/dev_ws/install/sllidar_ros2/share/sllidar_ros2/cmake/sllidar_ros2Config-version.cmake
[0.116s] -- Up-to-date symlink: /home/dev-pc/dev_ws/install/sllidar_ros2/share/sllidar_ros2/package.xml
[0.118s] Invoked command in '/home/dev-pc/dev_ws/build/sllidar_ros2' returned '0': CMAKE_PREFIX_PATH=${CMAKE_PREFIX_PATH}:/opt/ros/humble /usr/bin/cmake --install /home/dev-pc/dev_ws/build/sllidar_ros2
