[1.468s] Invoking command in '/home/ttrxx/TTRXX_WS/src/robot_pkg': PYTHONPATH=/home/ttrxx/TTRXX_WS/build/robot_pkg/prefix_override:/home/ttrxx/TTRXX_WS/install/robot_pkg/lib/python3.10/site-packages:${PYTHONPATH} /usr/bin/python3 -W ignore:setup.py install is deprecated setup.py egg_info --egg-base ../../build/robot_pkg build --build-base /home/ttrxx/TTRXX_WS/build/robot_pkg/build install --record /home/ttrxx/TTRXX_WS/build/robot_pkg/install.log --single-version-externally-managed install_data
[2.022s] running egg_info
[2.024s] writing ../../build/robot_pkg/robot_pkg.egg-info/PKG-INFO
[2.025s] writing dependency_links to ../../build/robot_pkg/robot_pkg.egg-info/dependency_links.txt
[2.026s] writing entry points to ../../build/robot_pkg/robot_pkg.egg-info/entry_points.txt
[2.027s] writing requirements to ../../build/robot_pkg/robot_pkg.egg-info/requires.txt
[2.027s] writing top-level names to ../../build/robot_pkg/robot_pkg.egg-info/top_level.txt
[2.033s] reading manifest file '../../build/robot_pkg/robot_pkg.egg-info/SOURCES.txt'
[2.033s] adding license file 'LICENSE'
[2.035s] writing manifest file '../../build/robot_pkg/robot_pkg.egg-info/SOURCES.txt'
[2.036s] running build
[2.036s] running build_py
[2.036s] running install
[2.037s] running install_lib
[2.041s] running install_data
[2.041s] copying urdf/TTR01.urdf.xacro -> /home/ttrxx/TTRXX_WS/install/robot_pkg/share/robot_pkg/urdf
[2.043s] running install_egg_info
[2.051s] removing '/home/ttrxx/TTRXX_WS/install/robot_pkg/lib/python3.10/site-packages/robot_pkg-0.0.0-py3.10.egg-info' (and everything under it)
[2.052s] Copying ../../build/robot_pkg/robot_pkg.egg-info to /home/ttrxx/TTRXX_WS/install/robot_pkg/lib/python3.10/site-packages/robot_pkg-0.0.0-py3.10.egg-info
[2.055s] running install_scripts
[2.105s] writing list of installed files to '/home/ttrxx/TTRXX_WS/build/robot_pkg/install.log'
[2.153s] Invoked command in '/home/ttrxx/TTRXX_WS/src/robot_pkg' returned '0': PYTHONPATH=/home/ttrxx/TTRXX_WS/build/robot_pkg/prefix_override:/home/ttrxx/TTRXX_WS/install/robot_pkg/lib/python3.10/site-packages:${PYTHONPATH} /usr/bin/python3 -W ignore:setup.py install is deprecated setup.py egg_info --egg-base ../../build/robot_pkg build --build-base /home/ttrxx/TTRXX_WS/build/robot_pkg/build install --record /home/ttrxx/TTRXX_WS/build/robot_pkg/install.log --single-version-externally-managed install_data
