-- Found ament_cmake: 1.3.9 (/opt/ros/humble/share/ament_cmake/cmake)
-- Override CMake install command with custom implementation using symlinks instead of copying resources
-- Found rclcpp: 16.0.9 (/opt/ros/humble/share/rclcpp/cmake)
-- Found rosidl_generator_c: 3.1.5 (/opt/ros/humble/share/rosidl_generator_c/cmake)
-- Found rosidl_adapter: 3.1.5 (/opt/ros/humble/share/rosidl_adapter/cmake)
-- Found rosidl_generator_cpp: 3.1.5 (/opt/ros/humble/share/rosidl_generator_cpp/cmake)
-- Using all available rosidl_typesupport_c: rosidl_typesupport_fastrtps_c;rosidl_typesupport_introspection_c
-- Using all available rosidl_typesupport_cpp: rosidl_typesupport_fastrtps_cpp;rosidl_typesupport_introspection_cpp
-- Found rmw_implementation_cmake: 6.1.2 (/opt/ros/humble/share/rmw_implementation_cmake/cmake)
-- Found rmw_fastrtps_cpp: 6.2.6 (/opt/ros/humble/share/rmw_fastrtps_cpp/cmake)
-- Found OpenSSL: /usr/lib/x86_64-linux-gnu/libcrypto.so (found version "3.0.2")  
-- Found FastRTPS: /opt/ros/humble/include  
-- Using RMW implementation 'rmw_fastrtps_cpp' as default
-- Looking for pthread.h
-- Looking for pthread.h - found
-- Performing Test CMAKE_HAVE_LIBC_PTHREAD
-- Performing Test CMAKE_HAVE_LIBC_PTHREAD - Success
-- Found Threads: TRUE  
-- Found urdf: 2.6.0 (/opt/ros/humble/share/urdf/cmake)
-- Found xacro: 2.0.8 (/opt/ros/humble/share/xacro/cmake)
-- Found ament_lint_auto: 0.12.11 (/opt/ros/humble/share/ament_lint_auto/cmake)
-- Added test 'lint_cmake' to check CMake code style
-- Added test 'xmllint' to check XML markup files
-- Configuring done
-- Generating done
-- Build files have been written to: /home/ttrxx/TTRXX_WS/build/robot_pkg
-- Install configuration: ""
-- Execute custom install script
-- Symlinking: /home/ttrxx/TTRXX_WS/install/robot_pkg/share/robot_pkg/urdf/TTRXX_01.urdf.xacro
-- Symlinking: /home/ttrxx/TTRXX_WS/install/robot_pkg/share/robot_pkg/meshes/L_wheel_link.STL
-- Symlinking: /home/ttrxx/TTRXX_WS/install/robot_pkg/share/robot_pkg/meshes/M_base_link.STL
-- Symlinking: /home/ttrxx/TTRXX_WS/install/robot_pkg/share/robot_pkg/meshes/R_wheel_link.STL
-- Symlinking: /home/ttrxx/TTRXX_WS/install/robot_pkg/share/robot_pkg/meshes/Support_A_link.STL
-- Symlinking: /home/ttrxx/TTRXX_WS/install/robot_pkg/share/robot_pkg/meshes/Support_B_link.STL
-- Symlinking: /home/ttrxx/TTRXX_WS/install/robot_pkg/share/robot_pkg/meshes/T_base_link.STL
-- Symlinking: /home/ttrxx/TTRXX_WS/install/robot_pkg/share/robot_pkg/meshes/U_base_wheel_1_link.STL
-- Symlinking: /home/ttrxx/TTRXX_WS/install/robot_pkg/share/robot_pkg/meshes/U_base_wheel_2_link.STL
-- Symlinking: /home/ttrxx/TTRXX_WS/install/robot_pkg/share/robot_pkg/meshes/U_wheel_1_link.STL
-- Symlinking: /home/ttrxx/TTRXX_WS/install/robot_pkg/share/robot_pkg/meshes/U_wheel_2_link.STL
-- Symlinking: /home/ttrxx/TTRXX_WS/install/robot_pkg/share/robot_pkg/meshes/base_link.STL
-- Up-to-date symlink: /home/ttrxx/TTRXX_WS/install/robot_pkg/share/ament_index/resource_index/package_run_dependencies/robot_pkg
-- Up-to-date symlink: /home/ttrxx/TTRXX_WS/install/robot_pkg/share/ament_index/resource_index/parent_prefix_path/robot_pkg
-- Up-to-date symlink: /home/ttrxx/TTRXX_WS/install/robot_pkg/share/robot_pkg/environment/ament_prefix_path.sh
-- Up-to-date symlink: /home/ttrxx/TTRXX_WS/install/robot_pkg/share/robot_pkg/environment/ament_prefix_path.dsv
-- Up-to-date symlink: /home/ttrxx/TTRXX_WS/install/robot_pkg/share/robot_pkg/environment/path.sh
-- Up-to-date symlink: /home/ttrxx/TTRXX_WS/install/robot_pkg/share/robot_pkg/environment/path.dsv
-- Up-to-date symlink: /home/ttrxx/TTRXX_WS/install/robot_pkg/share/robot_pkg/local_setup.bash
-- Up-to-date symlink: /home/ttrxx/TTRXX_WS/install/robot_pkg/share/robot_pkg/local_setup.sh
-- Up-to-date symlink: /home/ttrxx/TTRXX_WS/install/robot_pkg/share/robot_pkg/local_setup.zsh
-- Up-to-date symlink: /home/ttrxx/TTRXX_WS/install/robot_pkg/share/robot_pkg/local_setup.dsv
-- Symlinking: /home/ttrxx/TTRXX_WS/install/robot_pkg/share/robot_pkg/package.dsv
-- Up-to-date symlink: /home/ttrxx/TTRXX_WS/install/robot_pkg/share/ament_index/resource_index/packages/robot_pkg
-- Up-to-date symlink: /home/ttrxx/TTRXX_WS/install/robot_pkg/share/robot_pkg/cmake/robot_pkgConfig.cmake
-- Up-to-date symlink: /home/ttrxx/TTRXX_WS/install/robot_pkg/share/robot_pkg/cmake/robot_pkgConfig-version.cmake
-- Up-to-date symlink: /home/ttrxx/TTRXX_WS/install/robot_pkg/share/robot_pkg/package.xml
