[0.109s] Invoking command in '/home/rodrigo/dev_ws/build/diffdrive_arduino': CMAKE_PREFIX_PATH=/home/rodrigo/dev_ws/install/serial:/home/rodrigo/dev_ws/install/sllidar_ros2:/home/rodrigo/dev_ws/install/diffdrive_arduino:/home/rodrigo/dev_ws/install/robot_pkg:/opt/ros/humble /usr/bin/cmake --build /home/rodrigo/dev_ws/build/diffdrive_arduino -- -j4 -l4
[0.300s] [35m[1mConsolidate compiler generated dependencies of target fake_robot[0m
[0.320s] [35m[1mConsolidate compiler generated dependencies of target diffdrive_arduino[0m
[0.426s] [ 42%] Built target fake_robot
[0.491s] [100%] Built target diffdrive_arduino
[0.545s] Invoked command in '/home/rodrigo/dev_ws/build/diffdrive_arduino' returned '0': CMAKE_PREFIX_PATH=/home/rodrigo/dev_ws/install/serial:/home/rodrigo/dev_ws/install/sllidar_ros2:/home/rodrigo/dev_ws/install/diffdrive_arduino:/home/rodrigo/dev_ws/install/robot_pkg:/opt/ros/humble /usr/bin/cmake --build /home/rodrigo/dev_ws/build/diffdrive_arduino -- -j4 -l4
[0.776s] Invoking command in '/home/rodrigo/dev_ws/build/diffdrive_arduino': CMAKE_PREFIX_PATH=/home/rodrigo/dev_ws/install/serial:/home/rodrigo/dev_ws/install/sllidar_ros2:/home/rodrigo/dev_ws/install/diffdrive_arduino:/home/rodrigo/dev_ws/install/robot_pkg:/opt/ros/humble /usr/bin/cmake --install /home/rodrigo/dev_ws/build/diffdrive_arduino
[0.804s] -- Install configuration: ""
[0.806s] -- Execute custom install script
[0.807s] -- Up-to-date symlink: /home/rodrigo/dev_ws/install/diffdrive_arduino/share/diffdrive_arduino//robot_hardware.xml
[0.808s] -- Up-to-date symlink: /home/rodrigo/dev_ws/install/diffdrive_arduino/share/diffdrive_arduino//fake_robot_hardware.xml
[0.810s] -- Up-to-date symlink: /home/rodrigo/dev_ws/install/diffdrive_arduino/lib/libdiffdrive_arduino.so
[0.811s] -- Up-to-date symlink: /home/rodrigo/dev_ws/install/diffdrive_arduino/lib/libfake_robot.so
[0.813s] -- Up-to-date symlink: /home/rodrigo/dev_ws/install/diffdrive_arduino/share/diffdrive_arduino/controllers/robot_controller_example.yaml
[0.817s] -- Up-to-date symlink: /home/rodrigo/dev_ws/install/diffdrive_arduino/share/diffdrive_arduino/__pycache__/test_robot.launch.cpython-310.pyc
[0.818s] -- Up-to-date symlink: /home/rodrigo/dev_ws/install/diffdrive_arduino/share/diffdrive_arduino/fake_robot.launch.py
[0.818s] -- Up-to-date symlink: /home/rodrigo/dev_ws/install/diffdrive_arduino/share/diffdrive_arduino/test_robot.launch.py
[0.819s] -- Up-to-date symlink: /home/rodrigo/dev_ws/install/diffdrive_arduino/share/diffdrive_arduino/environment/library_path.sh
[0.820s] -- Up-to-date symlink: /home/rodrigo/dev_ws/install/diffdrive_arduino/share/diffdrive_arduino/environment/library_path.dsv
[0.820s] -- Up-to-date symlink: /home/rodrigo/dev_ws/install/diffdrive_arduino/share/ament_index/resource_index/package_run_dependencies/diffdrive_arduino
[0.824s] -- Up-to-date symlink: /home/rodrigo/dev_ws/install/diffdrive_arduino/share/ament_index/resource_index/parent_prefix_path/diffdrive_arduino
[0.829s] -- Up-to-date symlink: /home/rodrigo/dev_ws/install/diffdrive_arduino/share/diffdrive_arduino/environment/ament_prefix_path.sh
[0.830s] -- Up-to-date symlink: /home/rodrigo/dev_ws/install/diffdrive_arduino/share/diffdrive_arduino/environment/ament_prefix_path.dsv
[0.830s] -- Up-to-date symlink: /home/rodrigo/dev_ws/install/diffdrive_arduino/share/diffdrive_arduino/environment/path.sh
[0.831s] -- Up-to-date symlink: /home/rodrigo/dev_ws/install/diffdrive_arduino/share/diffdrive_arduino/environment/path.dsv
[0.832s] -- Up-to-date symlink: /home/rodrigo/dev_ws/install/diffdrive_arduino/share/diffdrive_arduino/local_setup.bash
[0.832s] -- Up-to-date symlink: /home/rodrigo/dev_ws/install/diffdrive_arduino/share/diffdrive_arduino/local_setup.sh
[0.833s] -- Up-to-date symlink: /home/rodrigo/dev_ws/install/diffdrive_arduino/share/diffdrive_arduino/local_setup.zsh
[0.833s] -- Up-to-date symlink: /home/rodrigo/dev_ws/install/diffdrive_arduino/share/diffdrive_arduino/local_setup.dsv
[0.839s] -- Symlinking: /home/rodrigo/dev_ws/install/diffdrive_arduino/share/diffdrive_arduino/package.dsv
[0.866s] -- Up-to-date symlink: /home/rodrigo/dev_ws/install/diffdrive_arduino/share/ament_index/resource_index/packages/diffdrive_arduino
[0.867s] -- Up-to-date symlink: /home/rodrigo/dev_ws/install/diffdrive_arduino/share/ament_index/resource_index/hardware_interface__pluginlib__plugin/diffdrive_arduino
[0.868s] -- Up-to-date symlink: /home/rodrigo/dev_ws/install/diffdrive_arduino/share/diffdrive_arduino/cmake/ament_cmake_export_libraries-extras.cmake
[0.869s] -- Up-to-date symlink: /home/rodrigo/dev_ws/install/diffdrive_arduino/share/diffdrive_arduino/cmake/ament_cmake_export_dependencies-extras.cmake
[0.870s] -- Up-to-date symlink: /home/rodrigo/dev_ws/install/diffdrive_arduino/share/diffdrive_arduino/cmake/diffdrive_arduinoConfig.cmake
[0.871s] -- Up-to-date symlink: /home/rodrigo/dev_ws/install/diffdrive_arduino/share/diffdrive_arduino/cmake/diffdrive_arduinoConfig-version.cmake
[0.872s] -- Up-to-date symlink: /home/rodrigo/dev_ws/install/diffdrive_arduino/share/diffdrive_arduino/package.xml
[0.880s] Invoked command in '/home/rodrigo/dev_ws/build/diffdrive_arduino' returned '0': CMAKE_PREFIX_PATH=/home/rodrigo/dev_ws/install/serial:/home/rodrigo/dev_ws/install/sllidar_ros2:/home/rodrigo/dev_ws/install/diffdrive_arduino:/home/rodrigo/dev_ws/install/robot_pkg:/opt/ros/humble /usr/bin/cmake --install /home/rodrigo/dev_ws/build/diffdrive_arduino
