[0.524s] Invoking command in '/home/ttrxx/TTRXX_WS/src/robot_pkg': PYTHONPATH=/home/ttrxx/TTRXX_WS/build/robot_pkg/prefix_override:/home/ttrxx/TTRXX_WS/install/robot_pkg/lib/python3.10/site-packages:${PYTHONPATH} /usr/bin/python3 -W ignore:setup.py install is deprecated setup.py egg_info --egg-base ../../build/robot_pkg build --build-base /home/ttrxx/TTRXX_WS/build/robot_pkg/build install --record /home/ttrxx/TTRXX_WS/build/robot_pkg/install.log --single-version-externally-managed install_data
[0.689s] running egg_info
[0.690s] writing ../../build/robot_pkg/robot_pkg.egg-info/PKG-INFO
[0.691s] writing dependency_links to ../../build/robot_pkg/robot_pkg.egg-info/dependency_links.txt
[0.692s] writing entry points to ../../build/robot_pkg/robot_pkg.egg-info/entry_points.txt
[0.692s] writing requirements to ../../build/robot_pkg/robot_pkg.egg-info/requires.txt
[0.693s] writing top-level names to ../../build/robot_pkg/robot_pkg.egg-info/top_level.txt
[0.695s] reading manifest file '../../build/robot_pkg/robot_pkg.egg-info/SOURCES.txt'
[0.696s] adding license file 'LICENSE'
[0.696s] writing manifest file '../../build/robot_pkg/robot_pkg.egg-info/SOURCES.txt'
[0.697s] running build
[0.697s] running build_py
[0.698s] running install
[0.698s] running install_lib
[0.700s] running install_data
[0.700s] copying urdf/TTR01.urdf.xacro -> /home/ttrxx/TTRXX_WS/install/robot_pkg/share/robot_pkg/urdf
[0.703s] running install_egg_info
[0.705s] removing '/home/ttrxx/TTRXX_WS/install/robot_pkg/lib/python3.10/site-packages/robot_pkg-0.0.0-py3.10.egg-info' (and everything under it)
[0.706s] Copying ../../build/robot_pkg/robot_pkg.egg-info to /home/ttrxx/TTRXX_WS/install/robot_pkg/lib/python3.10/site-packages/robot_pkg-0.0.0-py3.10.egg-info
[0.712s] running install_scripts
[0.730s] writing list of installed files to '/home/ttrxx/TTRXX_WS/build/robot_pkg/install.log'
[0.750s] Invoked command in '/home/ttrxx/TTRXX_WS/src/robot_pkg' returned '0': PYTHONPATH=/home/ttrxx/TTRXX_WS/build/robot_pkg/prefix_override:/home/ttrxx/TTRXX_WS/install/robot_pkg/lib/python3.10/site-packages:${PYTHONPATH} /usr/bin/python3 -W ignore:setup.py install is deprecated setup.py egg_info --egg-base ../../build/robot_pkg build --build-base /home/ttrxx/TTRXX_WS/build/robot_pkg/build install --record /home/ttrxx/TTRXX_WS/build/robot_pkg/install.log --single-version-externally-managed install_data
