[0.007s] Invoking command in '/home/dev-pc/dev_ws/build/robot_pkg': CMAKE_PREFIX_PATH=${CMAKE_PREFIX_PATH}:/opt/ros/humble /usr/bin/cmake --build /home/dev-pc/dev_ws/build/robot_pkg -- -j8 -l8
[0.031s] Invoked command in '/home/dev-pc/dev_ws/build/robot_pkg' returned '0': CMAKE_PREFIX_PATH=${CMAKE_PREFIX_PATH}:/opt/ros/humble /usr/bin/cmake --build /home/dev-pc/dev_ws/build/robot_pkg -- -j8 -l8
[0.053s] Invoking command in '/home/dev-pc/dev_ws/build/robot_pkg': CMAKE_PREFIX_PATH=${CMAKE_PREFIX_PATH}:/opt/ros/humble /usr/bin/cmake --install /home/dev-pc/dev_ws/build/robot_pkg
[0.058s] -- Install configuration: ""
[0.058s] -- Execute custom install script
[0.058s] -- Up-to-date symlink: /home/dev-pc/dev_ws/install/robot_pkg/share/robot_pkg/launch/display.launch.py
[0.058s] -- Up-to-date symlink: /home/dev-pc/dev_ws/install/robot_pkg/share/robot_pkg/launch/gazebo.launch.py
[0.058s] -- Up-to-date symlink: /home/dev-pc/dev_ws/install/robot_pkg/share/robot_pkg/urdf/TTR01.urdf.xacro
[0.058s] -- Up-to-date symlink: /home/dev-pc/dev_ws/install/robot_pkg/share/robot_pkg/urdf/gazebo_setup.xacro
[0.058s] -- Up-to-date symlink: /home/dev-pc/dev_ws/install/robot_pkg/share/robot_pkg/urdf/robot_parameters.xacro
[0.058s] -- Up-to-date symlink: /home/dev-pc/dev_ws/install/robot_pkg/share/ament_index/resource_index/package_run_dependencies/robot_pkg
[0.059s] -- Up-to-date symlink: /home/dev-pc/dev_ws/install/robot_pkg/share/ament_index/resource_index/parent_prefix_path/robot_pkg
[0.059s] -- Up-to-date symlink: /home/dev-pc/dev_ws/install/robot_pkg/share/robot_pkg/environment/ament_prefix_path.sh
[0.059s] -- Up-to-date symlink: /home/dev-pc/dev_ws/install/robot_pkg/share/robot_pkg/environment/ament_prefix_path.dsv
[0.059s] -- Up-to-date symlink: /home/dev-pc/dev_ws/install/robot_pkg/share/robot_pkg/environment/path.sh
[0.059s] -- Up-to-date symlink: /home/dev-pc/dev_ws/install/robot_pkg/share/robot_pkg/environment/path.dsv
[0.059s] -- Up-to-date symlink: /home/dev-pc/dev_ws/install/robot_pkg/share/robot_pkg/local_setup.bash
[0.059s] -- Up-to-date symlink: /home/dev-pc/dev_ws/install/robot_pkg/share/robot_pkg/local_setup.sh
[0.059s] -- Up-to-date symlink: /home/dev-pc/dev_ws/install/robot_pkg/share/robot_pkg/local_setup.zsh
[0.059s] -- Up-to-date symlink: /home/dev-pc/dev_ws/install/robot_pkg/share/robot_pkg/local_setup.dsv
[0.059s] -- Symlinking: /home/dev-pc/dev_ws/install/robot_pkg/share/robot_pkg/package.dsv
[0.066s] -- Up-to-date symlink: /home/dev-pc/dev_ws/install/robot_pkg/share/ament_index/resource_index/packages/robot_pkg
[0.066s] -- Up-to-date symlink: /home/dev-pc/dev_ws/install/robot_pkg/share/robot_pkg/cmake/robot_pkgConfig.cmake
[0.066s] -- Up-to-date symlink: /home/dev-pc/dev_ws/install/robot_pkg/share/robot_pkg/cmake/robot_pkgConfig-version.cmake
[0.066s] -- Up-to-date symlink: /home/dev-pc/dev_ws/install/robot_pkg/share/robot_pkg/package.xml
[0.068s] Invoked command in '/home/dev-pc/dev_ws/build/robot_pkg' returned '0': CMAKE_PREFIX_PATH=${CMAKE_PREFIX_PATH}:/opt/ros/humble /usr/bin/cmake --install /home/dev-pc/dev_ws/build/robot_pkg
