[1.586s] Invoking command in '/home/rodrigo/dev_ws/src/robot_pkg': PYTHONPATH=/home/rodrigo/dev_ws/build/robot_pkg/prefix_override:/home/rodrigo/dev_ws/install/robot_pkg/lib/python3.10/site-packages:${PYTHONPATH} /usr/bin/python3 -W ignore:setup.py install is deprecated setup.py egg_info --egg-base ../../build/robot_pkg build --build-base /home/rodrigo/dev_ws/build/robot_pkg/build install --record /home/rodrigo/dev_ws/build/robot_pkg/install.log --single-version-externally-managed install_data
[2.190s] running egg_info
[2.193s] writing ../../build/robot_pkg/robot_pkg.egg-info/PKG-INFO
[2.195s] writing dependency_links to ../../build/robot_pkg/robot_pkg.egg-info/dependency_links.txt
[2.197s] writing entry points to ../../build/robot_pkg/robot_pkg.egg-info/entry_points.txt
[2.198s] writing requirements to ../../build/robot_pkg/robot_pkg.egg-info/requires.txt
[2.200s] writing top-level names to ../../build/robot_pkg/robot_pkg.egg-info/top_level.txt
[2.205s] reading manifest file '../../build/robot_pkg/robot_pkg.egg-info/SOURCES.txt'
[2.207s] adding license file 'LICENSE'
[2.209s] writing manifest file '../../build/robot_pkg/robot_pkg.egg-info/SOURCES.txt'
[2.211s] running build
[2.211s] running build_py
[2.213s] copying robot_pkg/__init__.py -> /home/rodrigo/dev_ws/build/robot_pkg/build/lib/robot_pkg
[2.215s] running install
[2.217s] running install_lib
[2.219s] copying /home/rodrigo/dev_ws/build/robot_pkg/build/lib/robot_pkg/__init__.py -> /home/rodrigo/dev_ws/install/robot_pkg/lib/python3.10/site-packages/robot_pkg
[2.223s] byte-compiling /home/rodrigo/dev_ws/install/robot_pkg/lib/python3.10/site-packages/robot_pkg/__init__.py to __init__.cpython-310.pyc
[2.225s] running install_data
[2.226s] copying resource/robot_pkg -> /home/rodrigo/dev_ws/install/robot_pkg/share/ament_index/resource_index/packages
[2.226s] copying urdf/robot_parameters.xacro -> /home/rodrigo/dev_ws/install/robot_pkg/share/robot_pkg/urdf
[2.227s] copying urdf/TTR01.urdf.xacro -> /home/rodrigo/dev_ws/install/robot_pkg/share/robot_pkg/urdf
[2.227s] copying urdf/gazebo_setup.xacro -> /home/rodrigo/dev_ws/install/robot_pkg/share/robot_pkg/urdf
[2.228s] copying launch/gazebo.launch.py -> /home/rodrigo/dev_ws/install/robot_pkg/share/robot_pkg/launch
[2.228s] copying launch/display.launch.py -> /home/rodrigo/dev_ws/install/robot_pkg/share/robot_pkg/launch
[2.228s] running install_egg_info
[2.241s] removing '/home/rodrigo/dev_ws/install/robot_pkg/lib/python3.10/site-packages/robot_pkg-0.0.0-py3.10.egg-info' (and everything under it)
[2.244s] Copying ../../build/robot_pkg/robot_pkg.egg-info to /home/rodrigo/dev_ws/install/robot_pkg/lib/python3.10/site-packages/robot_pkg-0.0.0-py3.10.egg-info
[2.245s] running install_scripts
[2.307s] writing list of installed files to '/home/rodrigo/dev_ws/build/robot_pkg/install.log'
[2.363s] Invoked command in '/home/rodrigo/dev_ws/src/robot_pkg' returned '0': PYTHONPATH=/home/rodrigo/dev_ws/build/robot_pkg/prefix_override:/home/rodrigo/dev_ws/install/robot_pkg/lib/python3.10/site-packages:${PYTHONPATH} /usr/bin/python3 -W ignore:setup.py install is deprecated setup.py egg_info --egg-base ../../build/robot_pkg build --build-base /home/rodrigo/dev_ws/build/robot_pkg/build install --record /home/rodrigo/dev_ws/build/robot_pkg/install.log --single-version-externally-managed install_data
