running egg_info
creating ../../build/robot_pkg/robot_pkg.egg-info
writing ../../build/robot_pkg/robot_pkg.egg-info/PKG-INFO
writing dependency_links to ../../build/robot_pkg/robot_pkg.egg-info/dependency_links.txt
writing entry points to ../../build/robot_pkg/robot_pkg.egg-info/entry_points.txt
writing requirements to ../../build/robot_pkg/robot_pkg.egg-info/requires.txt
writing top-level names to ../../build/robot_pkg/robot_pkg.egg-info/top_level.txt
writing manifest file '../../build/robot_pkg/robot_pkg.egg-info/SOURCES.txt'
reading manifest file '../../build/robot_pkg/robot_pkg.egg-info/SOURCES.txt'
adding license file 'LICENSE'
writing manifest file '../../build/robot_pkg/robot_pkg.egg-info/SOURCES.txt'
running build
running build_py
creating /home/ttrxx/TTRXX_WS/build/robot_pkg/build
creating /home/ttrxx/TTRXX_WS/build/robot_pkg/build/lib
creating /home/ttrxx/TTRXX_WS/build/robot_pkg/build/lib/robot_pkg
copying robot_pkg/__init__.py -> /home/ttrxx/TTRXX_WS/build/robot_pkg/build/lib/robot_pkg
running install
running install_lib
creating /home/ttrxx/TTRXX_WS/install/robot_pkg/lib/python3.10/site-packages/robot_pkg
copying /home/ttrxx/TTRXX_WS/build/robot_pkg/build/lib/robot_pkg/__init__.py -> /home/ttrxx/TTRXX_WS/install/robot_pkg/lib/python3.10/site-packages/robot_pkg
byte-compiling /home/ttrxx/TTRXX_WS/install/robot_pkg/lib/python3.10/site-packages/robot_pkg/__init__.py to __init__.cpython-310.pyc
running install_data
copying resource/robot_pkg -> /home/ttrxx/TTRXX_WS/install/robot_pkg/share/ament_index/resource_index/packages
running install_egg_info
Copying ../../build/robot_pkg/robot_pkg.egg-info to /home/ttrxx/TTRXX_WS/install/robot_pkg/lib/python3.10/site-packages/robot_pkg-0.0.0-py3.10.egg-info
running install_scripts
writing list of installed files to '/home/ttrxx/TTRXX_WS/build/robot_pkg/install.log'
