[0.007s] Invoking command in '/home/dev-pc/dev_ws/build/robot_pkg': CMAKE_PREFIX_PATH=/opt/ros/humble /usr/bin/cmake /home/dev-pc/dev_ws/src/robot_pkg -DAMENT_CMAKE_SYMLINK_INSTALL=1 -DCMAKE_INSTALL_PREFIX=/home/dev-pc/dev_ws/install/robot_pkg
[0.086s] -- The C compiler identification is GNU 11.4.0
[0.155s] -- The CXX compiler identification is GNU 11.4.0
[0.161s] -- Detecting C compiler ABI info
[0.232s] -- Detecting C compiler ABI info - done
[0.237s] -- Check for working C compiler: /usr/bin/cc - skipped
[0.237s] -- Detecting C compile features
[0.238s] -- Detecting C compile features - done
[0.240s] -- Detecting CXX compiler ABI info
[0.290s] -- Detecting CXX compiler ABI info - done
[0.295s] -- Check for working CXX compiler: /usr/bin/c++ - skipped
[0.295s] -- Detecting CXX compile features
[0.295s] -- Detecting CXX compile features - done
[0.299s] -- Found ament_cmake: 1.3.9 (/opt/ros/humble/share/ament_cmake/cmake)
[0.402s] -- Found Python3: /usr/bin/python3 (found version "3.10.12") found components: Interpreter 
[0.445s] -- Override CMake install command with custom implementation using symlinks instead of copying resources
[0.466s] -- Found ament_lint_auto: 0.12.11 (/opt/ros/humble/share/ament_lint_auto/cmake)
[0.521s] -- Added test 'flake8' to check Python code syntax and style conventions
[0.521s] -- Added test 'lint_cmake' to check CMake code style
[0.521s] -- Added test 'pep257' to check Python code against some of the docstring style conventions in PEP 257
[0.522s] -- Added test 'xmllint' to check XML markup files
[0.523s] -- Configuring done
[0.525s] -- Generating done
[0.525s] -- Build files have been written to: /home/dev-pc/dev_ws/build/robot_pkg
[0.528s] Invoked command in '/home/dev-pc/dev_ws/build/robot_pkg' returned '0': CMAKE_PREFIX_PATH=/opt/ros/humble /usr/bin/cmake /home/dev-pc/dev_ws/src/robot_pkg -DAMENT_CMAKE_SYMLINK_INSTALL=1 -DCMAKE_INSTALL_PREFIX=/home/dev-pc/dev_ws/install/robot_pkg
[0.529s] Invoking command in '/home/dev-pc/dev_ws/build/robot_pkg': CMAKE_PREFIX_PATH=/opt/ros/humble /usr/bin/cmake --build /home/dev-pc/dev_ws/build/robot_pkg -- -j8 -l8
[0.555s] Invoked command in '/home/dev-pc/dev_ws/build/robot_pkg' returned '0': CMAKE_PREFIX_PATH=/opt/ros/humble /usr/bin/cmake --build /home/dev-pc/dev_ws/build/robot_pkg -- -j8 -l8
[0.581s] Invoking command in '/home/dev-pc/dev_ws/build/robot_pkg': CMAKE_PREFIX_PATH=/opt/ros/humble /usr/bin/cmake --install /home/dev-pc/dev_ws/build/robot_pkg
[0.588s] -- Install configuration: ""
[0.588s] -- Execute custom install script
[0.589s] -- Symlinking: /home/dev-pc/dev_ws/install/robot_pkg/share/robot_pkg/launch/display.launch.py
[0.595s] -- Symlinking: /home/dev-pc/dev_ws/install/robot_pkg/share/robot_pkg/launch/gazebo.launch.py
[0.603s] -- Symlinking: /home/dev-pc/dev_ws/install/robot_pkg/share/robot_pkg/urdf/TTR01.urdf.xacro
[0.609s] -- Symlinking: /home/dev-pc/dev_ws/install/robot_pkg/share/robot_pkg/urdf/gazebo_setup.xacro
[0.614s] -- Symlinking: /home/dev-pc/dev_ws/install/robot_pkg/share/robot_pkg/urdf/robot_parameters.xacro
[0.619s] -- Symlinking: /home/dev-pc/dev_ws/install/robot_pkg/share/ament_index/resource_index/package_run_dependencies/robot_pkg
[0.625s] -- Symlinking: /home/dev-pc/dev_ws/install/robot_pkg/share/ament_index/resource_index/parent_prefix_path/robot_pkg
[0.631s] -- Symlinking: /home/dev-pc/dev_ws/install/robot_pkg/share/robot_pkg/environment/ament_prefix_path.sh
[0.636s] -- Symlinking: /home/dev-pc/dev_ws/install/robot_pkg/share/robot_pkg/environment/ament_prefix_path.dsv
[0.642s] -- Symlinking: /home/dev-pc/dev_ws/install/robot_pkg/share/robot_pkg/environment/path.sh
[0.647s] -- Symlinking: /home/dev-pc/dev_ws/install/robot_pkg/share/robot_pkg/environment/path.dsv
[0.653s] -- Symlinking: /home/dev-pc/dev_ws/install/robot_pkg/share/robot_pkg/local_setup.bash
[0.658s] -- Symlinking: /home/dev-pc/dev_ws/install/robot_pkg/share/robot_pkg/local_setup.sh
[0.664s] -- Symlinking: /home/dev-pc/dev_ws/install/robot_pkg/share/robot_pkg/local_setup.zsh
[0.669s] -- Symlinking: /home/dev-pc/dev_ws/install/robot_pkg/share/robot_pkg/local_setup.dsv
[0.675s] -- Symlinking: /home/dev-pc/dev_ws/install/robot_pkg/share/robot_pkg/package.dsv
[0.680s] -- Symlinking: /home/dev-pc/dev_ws/install/robot_pkg/share/ament_index/resource_index/packages/robot_pkg
[0.686s] -- Symlinking: /home/dev-pc/dev_ws/install/robot_pkg/share/robot_pkg/cmake/robot_pkgConfig.cmake
[0.691s] -- Symlinking: /home/dev-pc/dev_ws/install/robot_pkg/share/robot_pkg/cmake/robot_pkgConfig-version.cmake
[0.697s] -- Symlinking: /home/dev-pc/dev_ws/install/robot_pkg/share/robot_pkg/package.xml
[0.704s] Invoked command in '/home/dev-pc/dev_ws/build/robot_pkg' returned '0': CMAKE_PREFIX_PATH=/opt/ros/humble /usr/bin/cmake --install /home/dev-pc/dev_ws/build/robot_pkg
