[0.070s] Invoking command in '/home/rodrigo/dev_ws/build/robot_pkg': CMAKE_PREFIX_PATH=${CMAKE_PREFIX_PATH}:/home/rodrigo/serial_motor_demo/install/serial_motor_demo:/opt/ros/humble /usr/bin/cmake --build /home/rodrigo/dev_ws/build/robot_pkg -- -j4 -l4
[0.233s] Invoked command in '/home/rodrigo/dev_ws/build/robot_pkg' returned '0': CMAKE_PREFIX_PATH=${CMAKE_PREFIX_PATH}:/home/rodrigo/serial_motor_demo/install/serial_motor_demo:/opt/ros/humble /usr/bin/cmake --build /home/rodrigo/dev_ws/build/robot_pkg -- -j4 -l4
[0.425s] Invoking command in '/home/rodrigo/dev_ws/build/robot_pkg': CMAKE_PREFIX_PATH=${CMAKE_PREFIX_PATH}:/home/rodrigo/serial_motor_demo/install/serial_motor_demo:/opt/ros/humble /usr/bin/cmake --install /home/rodrigo/dev_ws/build/robot_pkg
[0.453s] -- Install configuration: ""
[0.455s] -- Execute custom install script
[0.457s] -- Up-to-date symlink: /home/rodrigo/dev_ws/install/robot_pkg/share/robot_pkg/launch/camera.launch.py
[0.458s] -- Up-to-date symlink: /home/rodrigo/dev_ws/install/robot_pkg/share/robot_pkg/launch/display.launch.py
[0.460s] -- Up-to-date symlink: /home/rodrigo/dev_ws/install/robot_pkg/share/robot_pkg/launch/gazebo.launch.py
[0.460s] -- Up-to-date symlink: /home/rodrigo/dev_ws/install/robot_pkg/share/robot_pkg/launch/lidar.launch.py
[0.462s] -- Up-to-date symlink: /home/rodrigo/dev_ws/install/robot_pkg/share/robot_pkg/urdf/TTR01.urdf.xacro
[0.463s] -- Up-to-date symlink: /home/rodrigo/dev_ws/install/robot_pkg/share/robot_pkg/urdf/camera.xacro
[0.464s] -- Up-to-date symlink: /home/rodrigo/dev_ws/install/robot_pkg/share/robot_pkg/urdf/gazebo_setup.xacro
[0.465s] -- Up-to-date symlink: /home/rodrigo/dev_ws/install/robot_pkg/share/robot_pkg/urdf/lidar.xacro
[0.466s] -- Up-to-date symlink: /home/rodrigo/dev_ws/install/robot_pkg/share/robot_pkg/urdf/robot.xacro
[0.467s] -- Up-to-date symlink: /home/rodrigo/dev_ws/install/robot_pkg/share/robot_pkg/urdf/robot_parameters.xacro
[0.468s] -- Up-to-date symlink: /home/rodrigo/dev_ws/install/robot_pkg/share/robot_pkg/config/default_robot.rviz
[0.469s] -- Up-to-date symlink: /home/rodrigo/dev_ws/install/robot_pkg/share/ament_index/resource_index/package_run_dependencies/robot_pkg
[0.470s] -- Up-to-date symlink: /home/rodrigo/dev_ws/install/robot_pkg/share/ament_index/resource_index/parent_prefix_path/robot_pkg
[0.472s] -- Up-to-date symlink: /home/rodrigo/dev_ws/install/robot_pkg/share/robot_pkg/environment/ament_prefix_path.sh
[0.473s] -- Up-to-date symlink: /home/rodrigo/dev_ws/install/robot_pkg/share/robot_pkg/environment/ament_prefix_path.dsv
[0.474s] -- Up-to-date symlink: /home/rodrigo/dev_ws/install/robot_pkg/share/robot_pkg/environment/path.sh
[0.475s] -- Up-to-date symlink: /home/rodrigo/dev_ws/install/robot_pkg/share/robot_pkg/environment/path.dsv
[0.476s] -- Up-to-date symlink: /home/rodrigo/dev_ws/install/robot_pkg/share/robot_pkg/local_setup.bash
[0.477s] -- Up-to-date symlink: /home/rodrigo/dev_ws/install/robot_pkg/share/robot_pkg/local_setup.sh
[0.478s] -- Up-to-date symlink: /home/rodrigo/dev_ws/install/robot_pkg/share/robot_pkg/local_setup.zsh
[0.479s] -- Up-to-date symlink: /home/rodrigo/dev_ws/install/robot_pkg/share/robot_pkg/local_setup.dsv
[0.480s] -- Symlinking: /home/rodrigo/dev_ws/install/robot_pkg/share/robot_pkg/package.dsv
[0.513s] -- Up-to-date symlink: /home/rodrigo/dev_ws/install/robot_pkg/share/ament_index/resource_index/packages/robot_pkg
[0.515s] -- Up-to-date symlink: /home/rodrigo/dev_ws/install/robot_pkg/share/robot_pkg/cmake/robot_pkgConfig.cmake
[0.516s] -- Up-to-date symlink: /home/rodrigo/dev_ws/install/robot_pkg/share/robot_pkg/cmake/robot_pkgConfig-version.cmake
[0.517s] -- Up-to-date symlink: /home/rodrigo/dev_ws/install/robot_pkg/share/robot_pkg/package.xml
[0.526s] Invoked command in '/home/rodrigo/dev_ws/build/robot_pkg' returned '0': CMAKE_PREFIX_PATH=${CMAKE_PREFIX_PATH}:/home/rodrigo/serial_motor_demo/install/serial_motor_demo:/opt/ros/humble /usr/bin/cmake --install /home/rodrigo/dev_ws/build/robot_pkg
