[0.011s] Invoking command in '/home/dev-pc/dev_ws/build/diffdrive_arduino': CMAKE_PREFIX_PATH=/home/dev-pc/dev_ws/install/serial:/home/dev-pc/dev_ws/install/sllidar_ros2:/home/dev-pc/dev_ws/install/diffdrive_arduino:/home/dev-pc/dev_ws/install/robot_pkg:/opt/ros/humble /usr/bin/cmake --build /home/dev-pc/dev_ws/build/diffdrive_arduino -- -j8 -l8
[0.085s] [ 57%] Built target diffdrive_arduino
[0.085s] [100%] Built target fake_robot
[0.100s] Invoked command in '/home/dev-pc/dev_ws/build/diffdrive_arduino' returned '0': CMAKE_PREFIX_PATH=/home/dev-pc/dev_ws/install/serial:/home/dev-pc/dev_ws/install/sllidar_ros2:/home/dev-pc/dev_ws/install/diffdrive_arduino:/home/dev-pc/dev_ws/install/robot_pkg:/opt/ros/humble /usr/bin/cmake --build /home/dev-pc/dev_ws/build/diffdrive_arduino -- -j8 -l8
[0.144s] Invoking command in '/home/dev-pc/dev_ws/build/diffdrive_arduino': CMAKE_PREFIX_PATH=/home/dev-pc/dev_ws/install/serial:/home/dev-pc/dev_ws/install/sllidar_ros2:/home/dev-pc/dev_ws/install/diffdrive_arduino:/home/dev-pc/dev_ws/install/robot_pkg:/opt/ros/humble /usr/bin/cmake --install /home/dev-pc/dev_ws/build/diffdrive_arduino
[0.152s] -- Install configuration: ""
[0.152s] -- Execute custom install script
[0.152s] -- Up-to-date symlink: /home/dev-pc/dev_ws/install/diffdrive_arduino/share/diffdrive_arduino//robot_hardware.xml
[0.152s] -- Up-to-date symlink: /home/dev-pc/dev_ws/install/diffdrive_arduino/share/diffdrive_arduino//fake_robot_hardware.xml
[0.153s] -- Up-to-date symlink: /home/dev-pc/dev_ws/install/diffdrive_arduino/lib/libdiffdrive_arduino.so
[0.153s] -- Up-to-date symlink: /home/dev-pc/dev_ws/install/diffdrive_arduino/lib/libfake_robot.so
[0.153s] -- Up-to-date symlink: /home/dev-pc/dev_ws/install/diffdrive_arduino/share/diffdrive_arduino/controllers/robot_controller_example.yaml
[0.153s] -- Up-to-date symlink: /home/dev-pc/dev_ws/install/diffdrive_arduino/share/diffdrive_arduino/__pycache__/test_robot.launch.cpython-310.pyc
[0.153s] -- Up-to-date symlink: /home/dev-pc/dev_ws/install/diffdrive_arduino/share/diffdrive_arduino/fake_robot.launch.py
[0.153s] -- Up-to-date symlink: /home/dev-pc/dev_ws/install/diffdrive_arduino/share/diffdrive_arduino/test_robot.launch.py
[0.154s] -- Up-to-date symlink: /home/dev-pc/dev_ws/install/diffdrive_arduino/share/diffdrive_arduino/environment/library_path.sh
[0.154s] -- Up-to-date symlink: /home/dev-pc/dev_ws/install/diffdrive_arduino/share/diffdrive_arduino/environment/library_path.dsv
[0.154s] -- Up-to-date symlink: /home/dev-pc/dev_ws/install/diffdrive_arduino/share/ament_index/resource_index/package_run_dependencies/diffdrive_arduino
[0.154s] -- Up-to-date symlink: /home/dev-pc/dev_ws/install/diffdrive_arduino/share/ament_index/resource_index/parent_prefix_path/diffdrive_arduino
[0.154s] -- Up-to-date symlink: /home/dev-pc/dev_ws/install/diffdrive_arduino/share/diffdrive_arduino/environment/ament_prefix_path.sh
[0.155s] -- Up-to-date symlink: /home/dev-pc/dev_ws/install/diffdrive_arduino/share/diffdrive_arduino/environment/ament_prefix_path.dsv
[0.155s] -- Up-to-date symlink: /home/dev-pc/dev_ws/install/diffdrive_arduino/share/diffdrive_arduino/environment/path.sh
[0.155s] -- Up-to-date symlink: /home/dev-pc/dev_ws/install/diffdrive_arduino/share/diffdrive_arduino/environment/path.dsv
[0.155s] -- Up-to-date symlink: /home/dev-pc/dev_ws/install/diffdrive_arduino/share/diffdrive_arduino/local_setup.bash
[0.155s] -- Up-to-date symlink: /home/dev-pc/dev_ws/install/diffdrive_arduino/share/diffdrive_arduino/local_setup.sh
[0.156s] -- Up-to-date symlink: /home/dev-pc/dev_ws/install/diffdrive_arduino/share/diffdrive_arduino/local_setup.zsh
[0.156s] -- Up-to-date symlink: /home/dev-pc/dev_ws/install/diffdrive_arduino/share/diffdrive_arduino/local_setup.dsv
[0.156s] -- Symlinking: /home/dev-pc/dev_ws/install/diffdrive_arduino/share/diffdrive_arduino/package.dsv
[0.168s] -- Up-to-date symlink: /home/dev-pc/dev_ws/install/diffdrive_arduino/share/ament_index/resource_index/packages/diffdrive_arduino
[0.168s] -- Up-to-date symlink: /home/dev-pc/dev_ws/install/diffdrive_arduino/share/ament_index/resource_index/hardware_interface__pluginlib__plugin/diffdrive_arduino
[0.168s] -- Up-to-date symlink: /home/dev-pc/dev_ws/install/diffdrive_arduino/share/diffdrive_arduino/cmake/ament_cmake_export_libraries-extras.cmake
[0.168s] -- Up-to-date symlink: /home/dev-pc/dev_ws/install/diffdrive_arduino/share/diffdrive_arduino/cmake/ament_cmake_export_dependencies-extras.cmake
[0.169s] -- Up-to-date symlink: /home/dev-pc/dev_ws/install/diffdrive_arduino/share/diffdrive_arduino/cmake/diffdrive_arduinoConfig.cmake
[0.169s] -- Up-to-date symlink: /home/dev-pc/dev_ws/install/diffdrive_arduino/share/diffdrive_arduino/cmake/diffdrive_arduinoConfig-version.cmake
[0.169s] -- Up-to-date symlink: /home/dev-pc/dev_ws/install/diffdrive_arduino/share/diffdrive_arduino/package.xml
[0.171s] Invoked command in '/home/dev-pc/dev_ws/build/diffdrive_arduino' returned '0': CMAKE_PREFIX_PATH=/home/dev-pc/dev_ws/install/serial:/home/dev-pc/dev_ws/install/sllidar_ros2:/home/dev-pc/dev_ws/install/diffdrive_arduino:/home/dev-pc/dev_ws/install/robot_pkg:/opt/ros/humble /usr/bin/cmake --install /home/dev-pc/dev_ws/build/diffdrive_arduino
