[0.009s] Invoking command in '/home/dev-pc/dev_ws/build/serial': CMAKE_PREFIX_PATH=/opt/ros/humble /usr/bin/cmake /home/dev-pc/dev_ws/src/serial -DAMENT_CMAKE_SYMLINK_INSTALL=1 -DCMAKE_INSTALL_PREFIX=/home/dev-pc/dev_ws/install/serial
[0.071s] -- The C compiler identification is GNU 11.4.0
[0.129s] -- The CXX compiler identification is GNU 11.4.0
[0.136s] -- Detecting C compiler ABI info
[0.185s] -- Detecting C compiler ABI info - done
[0.190s] -- Check for working C compiler: /usr/bin/cc - skipped
[0.191s] -- Detecting C compile features
[0.191s] -- Detecting C compile features - done
[0.193s] -- Detecting CXX compiler ABI info
[0.250s] -- Detecting CXX compiler ABI info - done
[0.255s] -- Check for working CXX compiler: /usr/bin/c++ - skipped
[0.255s] -- Detecting CXX compile features
[0.256s] -- Detecting CXX compile features - done
[0.259s] -- Found ament_cmake: 1.3.9 (/opt/ros/humble/share/ament_cmake/cmake)
[0.549s] -- Found Python3: /usr/bin/python3 (found version "3.10.12") found components: Interpreter 
[0.607s] -- Override CMake install command with custom implementation using symlinks instead of copying resources
[0.630s] -- Found ament_cmake_gtest: 1.3.9 (/opt/ros/humble/share/ament_cmake_gtest/cmake)
[0.638s] -- Found Boost: /usr/lib/x86_64-linux-gnu/cmake/Boost-1.74.0/BoostConfig.cmake (found version "1.74.0")  
[0.640s] -- Found gtest sources under '/opt/ros/humble/src/gtest_vendor': C++ tests using 'Google Test' will be built
[0.642s] -- Looking for pthread.h
[0.699s] -- Looking for pthread.h - found
[0.699s] -- Performing Test CMAKE_HAVE_LIBC_PTHREAD
[0.748s] -- Performing Test CMAKE_HAVE_LIBC_PTHREAD - Success
[0.748s] -- Found Threads: TRUE  
[0.801s] -- Configuring done
[0.812s] -- Generating done
[0.813s] -- Build files have been written to: /home/dev-pc/dev_ws/build/serial
[0.817s] Invoked command in '/home/dev-pc/dev_ws/build/serial' returned '0': CMAKE_PREFIX_PATH=/opt/ros/humble /usr/bin/cmake /home/dev-pc/dev_ws/src/serial -DAMENT_CMAKE_SYMLINK_INSTALL=1 -DCMAKE_INSTALL_PREFIX=/home/dev-pc/dev_ws/install/serial
[0.818s] Invoking command in '/home/dev-pc/dev_ws/build/serial': CMAKE_PREFIX_PATH=/opt/ros/humble /usr/bin/cmake --build /home/dev-pc/dev_ws/build/serial -- -j8 -l8
[0.853s] [  7%] [32mBuilding CXX object CMakeFiles/serial.dir/src/impl/unix.cc.o[0m
[0.853s] [ 28%] [32mBuilding CXX object gtest/CMakeFiles/gtest.dir/src/gtest-all.cc.o[0m
[0.854s] [ 28%] [32mBuilding CXX object CMakeFiles/serial.dir/src/serial.cc.o[0m
[0.854s] [ 28%] [32mBuilding CXX object gtest/CMakeFiles/gtest_main.dir/src/gtest_main.cc.o[0m
[0.854s] [ 35%] [32mBuilding CXX object CMakeFiles/serial.dir/src/impl/list_ports/list_ports_linux.cc.o[0m
[1.392s] [ 42%] [32m[1mLinking CXX static library libserial.a[0m
[1.450s] [ 42%] Built target serial
[1.472s] [ 50%] [32mBuilding CXX object CMakeFiles/serial_example.dir/examples/serial_example.cc.o[0m
[1.882s] [ 57%] [32m[1mLinking CXX executable serial_example[0m
[2.055s] [ 57%] Built target serial_example
[2.077s] [ 64%] [32m[1mLinking CXX static library libgtest_main.a[0m
[2.231s] [ 64%] Built target gtest_main
[4.247s] [ 71%] [32m[1mLinking CXX static library libgtest.a[0m
[4.287s] [ 71%] Built target gtest
[4.302s] [ 85%] [32mBuilding CXX object tests/CMakeFiles/serial-test-timer.dir/unit/unix_timer_tests.cc.o[0m
[4.302s] [ 85%] [32mBuilding CXX object tests/CMakeFiles/serial-test.dir/unix_serial_tests.cc.o[0m
[4.899s] In file included from [01m[K/usr/include/boost/bind.hpp:30[m[K,
[4.899s]                  from [01m[K/home/dev-pc/dev_ws/src/serial/tests/unix_serial_tests.cc:23[m[K:
[4.899s] [01m[K/usr/include/boost/bind.hpp:36:1:[m[K [01;36m[Knote: [m[K‘[01m[K#pragma message: The practice of declaring the Bind placeholders (_1, _2, ...) in the global namespace is deprecated. Please use <boost/bind/bind.hpp> + using namespace boost::placeholders, or define BOOST_BIND_GLOBAL_PLACEHOLDERS to retain the current behavior.[m[K’
[4.899s]    36 | [01;36m[KBOOST_PRAGMA_MESSAGE[m[K(
[4.899s]       | [01;36m[K^~~~~~~~~~~~~~~~~~~~[m[K
[4.967s] [ 92%] [32m[1mLinking CXX executable serial-test-timer[0m
[5.064s] [100%] [32m[1mLinking CXX executable serial-test[0m
[5.071s] [100%] Built target serial-test-timer
[5.170s] [100%] Built target serial-test
[5.179s] Invoked command in '/home/dev-pc/dev_ws/build/serial' returned '0': CMAKE_PREFIX_PATH=/opt/ros/humble /usr/bin/cmake --build /home/dev-pc/dev_ws/build/serial -- -j8 -l8
[5.203s] Invoking command in '/home/dev-pc/dev_ws/build/serial': CMAKE_PREFIX_PATH=/opt/ros/humble /usr/bin/cmake --install /home/dev-pc/dev_ws/build/serial
[5.208s] -- Install configuration: ""
[5.208s] -- Execute custom install script
[5.208s] -- Symlinking: /home/dev-pc/dev_ws/install/serial/lib/libserial.a
[5.215s] -- Symlinking: /home/dev-pc/dev_ws/install/serial/include/serial/serial.h
[5.222s] -- Symlinking: /home/dev-pc/dev_ws/install/serial/include/serial/v8stdint.h
[5.228s] -- Symlinking: /home/dev-pc/dev_ws/install/serial/share/serial/environment/library_path.sh
[5.236s] -- Symlinking: /home/dev-pc/dev_ws/install/serial/share/serial/environment/library_path.dsv
[5.243s] -- Symlinking: /home/dev-pc/dev_ws/install/serial/share/ament_index/resource_index/package_run_dependencies/serial
[5.249s] -- Symlinking: /home/dev-pc/dev_ws/install/serial/share/ament_index/resource_index/parent_prefix_path/serial
[5.256s] -- Symlinking: /home/dev-pc/dev_ws/install/serial/share/serial/environment/ament_prefix_path.sh
[5.263s] -- Symlinking: /home/dev-pc/dev_ws/install/serial/share/serial/environment/ament_prefix_path.dsv
[5.270s] -- Symlinking: /home/dev-pc/dev_ws/install/serial/share/serial/environment/path.sh
[5.277s] -- Symlinking: /home/dev-pc/dev_ws/install/serial/share/serial/environment/path.dsv
[5.283s] -- Symlinking: /home/dev-pc/dev_ws/install/serial/share/serial/local_setup.bash
[5.290s] -- Symlinking: /home/dev-pc/dev_ws/install/serial/share/serial/local_setup.sh
[5.297s] -- Symlinking: /home/dev-pc/dev_ws/install/serial/share/serial/local_setup.zsh
[5.304s] -- Symlinking: /home/dev-pc/dev_ws/install/serial/share/serial/local_setup.dsv
[5.311s] -- Symlinking: /home/dev-pc/dev_ws/install/serial/share/serial/package.dsv
[5.318s] -- Symlinking: /home/dev-pc/dev_ws/install/serial/share/ament_index/resource_index/packages/serial
[5.324s] -- Symlinking: /home/dev-pc/dev_ws/install/serial/share/serial/cmake/ament_cmake_export_include_directories-extras.cmake
[5.331s] -- Symlinking: /home/dev-pc/dev_ws/install/serial/share/serial/cmake/ament_cmake_export_libraries-extras.cmake
[5.338s] -- Symlinking: /home/dev-pc/dev_ws/install/serial/share/serial/cmake/serialConfig.cmake
[5.345s] -- Symlinking: /home/dev-pc/dev_ws/install/serial/share/serial/cmake/serialConfig-version.cmake
[5.352s] -- Symlinking: /home/dev-pc/dev_ws/install/serial/share/serial/package.xml
[5.361s] Invoked command in '/home/dev-pc/dev_ws/build/serial' returned '0': CMAKE_PREFIX_PATH=/opt/ros/humble /usr/bin/cmake --install /home/dev-pc/dev_ws/build/serial
