[0.031s] Invoking command in '/home/ttrxx/TTRXX_WS/build/robot_pkg': CMAKE_PREFIX_PATH=${CMAKE_PREFIX_PATH}:/opt/ros/humble /usr/bin/cmake --build /home/ttrxx/TTRXX_WS/build/robot_pkg -- -j4 -l4
[0.173s] -- Found ament_cmake: 1.3.9 (/opt/ros/humble/share/ament_cmake/cmake)
[0.456s] -- Override CMake install command with custom implementation using symlinks instead of copying resources
[0.497s] -- Found rclcpp: 16.0.9 (/opt/ros/humble/share/rclcpp/cmake)
[0.595s] -- Found rosidl_generator_c: 3.1.5 (/opt/ros/humble/share/rosidl_generator_c/cmake)
[0.603s] -- Found rosidl_adapter: 3.1.5 (/opt/ros/humble/share/rosidl_adapter/cmake)
[0.626s] -- Found rosidl_generator_cpp: 3.1.5 (/opt/ros/humble/share/rosidl_generator_cpp/cmake)
[0.657s] -- Using all available rosidl_typesupport_c: rosidl_typesupport_fastrtps_c;rosidl_typesupport_introspection_c
[0.683s] -- Using all available rosidl_typesupport_cpp: rosidl_typesupport_fastrtps_cpp;rosidl_typesupport_introspection_cpp
[0.829s] -- Found rmw_implementation_cmake: 6.1.2 (/opt/ros/humble/share/rmw_implementation_cmake/cmake)
[0.837s] -- Found rmw_fastrtps_cpp: 6.2.6 (/opt/ros/humble/share/rmw_fastrtps_cpp/cmake)
[1.083s] -- Using RMW implementation 'rmw_fastrtps_cpp' as default
[1.373s] -- Found urdf: 2.6.0 (/opt/ros/humble/share/urdf/cmake)
[1.417s] -- Found xacro: 2.0.8 (/opt/ros/humble/share/xacro/cmake)
[1.418s] -- Found ament_lint_auto: 0.12.11 (/opt/ros/humble/share/ament_lint_auto/cmake)
[1.551s] -- Added test 'flake8' to check Python code syntax and style conventions
[1.553s] -- Added test 'lint_cmake' to check CMake code style
[1.554s] -- Added test 'pep257' to check Python code against some of the docstring style conventions in PEP 257
[1.559s] -- Added test 'xmllint' to check XML markup files
[1.563s] -- Configuring done
[1.575s] -- Generating done
[1.576s] -- Build files have been written to: /home/ttrxx/TTRXX_WS/build/robot_pkg
[1.617s] Invoked command in '/home/ttrxx/TTRXX_WS/build/robot_pkg' returned '0': CMAKE_PREFIX_PATH=${CMAKE_PREFIX_PATH}:/opt/ros/humble /usr/bin/cmake --build /home/ttrxx/TTRXX_WS/build/robot_pkg -- -j4 -l4
[1.680s] Invoking command in '/home/ttrxx/TTRXX_WS/build/robot_pkg': CMAKE_PREFIX_PATH=${CMAKE_PREFIX_PATH}:/opt/ros/humble /usr/bin/cmake --install /home/ttrxx/TTRXX_WS/build/robot_pkg
[1.693s] -- Install configuration: ""
[1.695s] -- Execute custom install script
[1.697s] -- Up-to-date symlink: /home/ttrxx/TTRXX_WS/install/robot_pkg/share/robot_pkg/launch/robot.launch.py
[1.699s] -- Up-to-date symlink: /home/ttrxx/TTRXX_WS/install/robot_pkg/share/robot_pkg/meshes/L_wheel_link.STL
[1.700s] -- Up-to-date symlink: /home/ttrxx/TTRXX_WS/install/robot_pkg/share/robot_pkg/meshes/M_base_link.STL
[1.700s] -- Up-to-date symlink: /home/ttrxx/TTRXX_WS/install/robot_pkg/share/robot_pkg/meshes/R_wheel_link.STL
[1.701s] -- Up-to-date symlink: /home/ttrxx/TTRXX_WS/install/robot_pkg/share/robot_pkg/meshes/Support_A_link.STL
[1.703s] -- Up-to-date symlink: /home/ttrxx/TTRXX_WS/install/robot_pkg/share/robot_pkg/meshes/Support_B_link.STL
[1.703s] -- Up-to-date symlink: /home/ttrxx/TTRXX_WS/install/robot_pkg/share/robot_pkg/meshes/T_base_link.STL
[1.704s] -- Up-to-date symlink: /home/ttrxx/TTRXX_WS/install/robot_pkg/share/robot_pkg/meshes/U_base_wheel_1_link.STL
[1.705s] -- Up-to-date symlink: /home/ttrxx/TTRXX_WS/install/robot_pkg/share/robot_pkg/meshes/U_base_wheel_2_link.STL
[1.706s] -- Up-to-date symlink: /home/ttrxx/TTRXX_WS/install/robot_pkg/share/robot_pkg/meshes/U_wheel_1_link.STL
[1.708s] -- Up-to-date symlink: /home/ttrxx/TTRXX_WS/install/robot_pkg/share/robot_pkg/meshes/U_wheel_2_link.STL
[1.708s] -- Up-to-date symlink: /home/ttrxx/TTRXX_WS/install/robot_pkg/share/robot_pkg/meshes/base_link.STL
[1.710s] -- Up-to-date symlink: /home/ttrxx/TTRXX_WS/install/robot_pkg/share/robot_pkg/rviz/my_enviroment.rviz
[1.710s] -- Symlinking: /home/ttrxx/TTRXX_WS/install/robot_pkg/share/robot_pkg/urdf/TTRXX_01.urdf
[1.736s] -- Up-to-date symlink: /home/ttrxx/TTRXX_WS/install/robot_pkg/share/ament_index/resource_index/package_run_dependencies/robot_pkg
[1.738s] -- Up-to-date symlink: /home/ttrxx/TTRXX_WS/install/robot_pkg/share/ament_index/resource_index/parent_prefix_path/robot_pkg
[1.741s] -- Up-to-date symlink: /home/ttrxx/TTRXX_WS/install/robot_pkg/share/robot_pkg/environment/ament_prefix_path.sh
[1.743s] -- Up-to-date symlink: /home/ttrxx/TTRXX_WS/install/robot_pkg/share/robot_pkg/environment/ament_prefix_path.dsv
[1.745s] -- Up-to-date symlink: /home/ttrxx/TTRXX_WS/install/robot_pkg/share/robot_pkg/environment/path.sh
[1.748s] -- Up-to-date symlink: /home/ttrxx/TTRXX_WS/install/robot_pkg/share/robot_pkg/environment/path.dsv
[1.749s] -- Up-to-date symlink: /home/ttrxx/TTRXX_WS/install/robot_pkg/share/robot_pkg/local_setup.bash
[1.750s] -- Up-to-date symlink: /home/ttrxx/TTRXX_WS/install/robot_pkg/share/robot_pkg/local_setup.sh
[1.753s] -- Up-to-date symlink: /home/ttrxx/TTRXX_WS/install/robot_pkg/share/robot_pkg/local_setup.zsh
[1.753s] -- Up-to-date symlink: /home/ttrxx/TTRXX_WS/install/robot_pkg/share/robot_pkg/local_setup.dsv
[1.755s] -- Symlinking: /home/ttrxx/TTRXX_WS/install/robot_pkg/share/robot_pkg/package.dsv
[1.780s] -- Up-to-date symlink: /home/ttrxx/TTRXX_WS/install/robot_pkg/share/ament_index/resource_index/packages/robot_pkg
[1.781s] -- Up-to-date symlink: /home/ttrxx/TTRXX_WS/install/robot_pkg/share/robot_pkg/cmake/robot_pkgConfig.cmake
[1.782s] -- Up-to-date symlink: /home/ttrxx/TTRXX_WS/install/robot_pkg/share/robot_pkg/cmake/robot_pkgConfig-version.cmake
[1.783s] -- Up-to-date symlink: /home/ttrxx/TTRXX_WS/install/robot_pkg/share/robot_pkg/package.xml
[1.789s] Invoked command in '/home/ttrxx/TTRXX_WS/build/robot_pkg' returned '0': CMAKE_PREFIX_PATH=${CMAKE_PREFIX_PATH}:/opt/ros/humble /usr/bin/cmake --install /home/ttrxx/TTRXX_WS/build/robot_pkg
