[0.492s] Invoking command in '/home/ttrxx/TTRXX_WS/build/robot_pkg': PYTHONPATH=/home/ttrxx/TTRXX_WS/build/robot_pkg/prefix_override:/home/ttrxx/TTRXX_WS/install/robot_pkg/lib/python3.10/site-packages:${PYTHONPATH} /usr/bin/python3 -W ignore:setup.py install is deprecated setup.py develop --editable --build-directory /home/ttrxx/TTRXX_WS/build/robot_pkg/build --no-deps symlink_data
[0.680s] running develop
[0.683s] /usr/lib/python3/dist-packages/setuptools/command/easy_install.py:158: EasyInstallDeprecationWarning: easy_install command is deprecated. Use build and pip and other standards-based tools.
[0.683s]   warnings.warn(
[0.795s] running egg_info
[0.796s] writing robot_pkg.egg-info/PKG-INFO
[0.796s] writing dependency_links to robot_pkg.egg-info/dependency_links.txt
[0.796s] writing entry points to robot_pkg.egg-info/entry_points.txt
[0.796s] writing requirements to robot_pkg.egg-info/requires.txt
[0.796s] writing top-level names to robot_pkg.egg-info/top_level.txt
[0.798s] reading manifest file 'robot_pkg.egg-info/SOURCES.txt'
[0.799s] writing manifest file 'robot_pkg.egg-info/SOURCES.txt'
[0.800s] running build_ext
[0.800s] Creating /home/ttrxx/TTRXX_WS/install/robot_pkg/lib/python3.10/site-packages/robot-pkg.egg-link (link to .)
[0.801s] 
[0.801s] Installed /home/ttrxx/TTRXX_WS/build/robot_pkg
[0.802s] running symlink_data
[0.802s] symbolically linking /home/ttrxx/TTRXX_WS/build/robot_pkg/urdf/gazebo_setup.xacro -> /home/ttrxx/TTRXX_WS/install/robot_pkg/share/robot_pkg/urdf
[0.802s] symbolically linking /home/ttrxx/TTRXX_WS/build/robot_pkg/launch/gazebo.launch.py -> /home/ttrxx/TTRXX_WS/install/robot_pkg/share/robot_pkg/launch
[0.826s] Invoked command in '/home/ttrxx/TTRXX_WS/build/robot_pkg' returned '0': PYTHONPATH=/home/ttrxx/TTRXX_WS/build/robot_pkg/prefix_override:/home/ttrxx/TTRXX_WS/install/robot_pkg/lib/python3.10/site-packages:${PYTHONPATH} /usr/bin/python3 -W ignore:setup.py install is deprecated setup.py develop --editable --build-directory /home/ttrxx/TTRXX_WS/build/robot_pkg/build --no-deps symlink_data
