[0.445s] DEBUG:colcon:Command line arguments: ['/usr/bin/colcon', 'build', '--symlink-install']
[0.445s] DEBUG:colcon:Parsed command line arguments: Namespace(log_base=None, log_level=None, verb_name='build', build_base='build', install_base='install', merge_install=False, symlink_install=True, test_result_base=None, continue_on_error=False, executor='parallel', parallel_workers=4, event_handlers=None, ignore_user_meta=False, metas=['./colcon.meta'], base_paths=['.'], packages_ignore=None, packages_ignore_regex=None, paths=None, packages_up_to=None, packages_up_to_regex=None, packages_above=None, packages_above_and_dependencies=None, packages_above_depth=None, packages_select_by_dep=None, packages_skip_by_dep=None, packages_skip_up_to=None, packages_select_build_failed=False, packages_skip_build_finished=False, packages_select_test_failures=False, packages_skip_test_passed=False, packages_select=None, packages_skip=None, packages_select_regex=None, packages_skip_regex=None, packages_start=None, packages_end=None, allow_overriding=[], cmake_args=None, cmake_target=None, cmake_target_skip_unavailable=False, cmake_clean_cache=False, cmake_clean_first=False, cmake_force_configure=False, ament_cmake_args=None, catkin_cmake_args=None, catkin_skip_building_tests=False, verb_parser=<colcon_defaults.argument_parser.defaults.DefaultArgumentsDecorator object at 0xffff89d6f820>, verb_extension=<colcon_core.verb.build.BuildVerb object at 0xffff89eb7c40>, main=<bound method BuildVerb.main of <colcon_core.verb.build.BuildVerb object at 0xffff89eb7c40>>)
[1.185s] Level 1:colcon.colcon_core.package_discovery:discover_packages(colcon_meta) check parameters
[1.186s] Level 1:colcon.colcon_core.package_discovery:discover_packages(recursive) check parameters
[1.186s] Level 1:colcon.colcon_core.package_discovery:discover_packages(ignore) check parameters
[1.186s] Level 1:colcon.colcon_core.package_discovery:discover_packages(path) check parameters
[1.186s] Level 1:colcon.colcon_core.package_discovery:discover_packages(colcon_meta) discover
[1.187s] Level 1:colcon.colcon_core.package_discovery:discover_packages(recursive) discover
[1.187s] INFO:colcon.colcon_core.package_discovery:Crawling recursively for packages in '/home/rodrigo/dev_ws'
[1.187s] Level 1:colcon.colcon_core.package_identification:_identify(.) by extensions ['ignore', 'ignore_ament_install']
[1.188s] Level 1:colcon.colcon_core.package_identification:_identify(.) by extension 'ignore'
[1.188s] Level 1:colcon.colcon_core.package_identification:_identify(.) by extension 'ignore_ament_install'
[1.188s] Level 1:colcon.colcon_core.package_identification:_identify(.) by extensions ['colcon_pkg']
[1.188s] Level 1:colcon.colcon_core.package_identification:_identify(.) by extension 'colcon_pkg'
[1.188s] Level 1:colcon.colcon_core.package_identification:_identify(.) by extensions ['colcon_meta']
[1.189s] Level 1:colcon.colcon_core.package_identification:_identify(.) by extension 'colcon_meta'
[1.189s] Level 1:colcon.colcon_core.package_identification:_identify(.) by extensions ['ros']
[1.189s] Level 1:colcon.colcon_core.package_identification:_identify(.) by extension 'ros'
[1.234s] Level 1:colcon.colcon_core.package_identification:_identify(.) by extensions ['cmake', 'python']
[1.234s] Level 1:colcon.colcon_core.package_identification:_identify(.) by extension 'cmake'
[1.235s] Level 1:colcon.colcon_core.package_identification:_identify(.) by extension 'python'
[1.235s] Level 1:colcon.colcon_core.package_identification:_identify(.) by extensions ['python_setup_py']
[1.235s] Level 1:colcon.colcon_core.package_identification:_identify(.) by extension 'python_setup_py'
[1.235s] Level 1:colcon.colcon_core.package_identification:_identify(build) by extensions ['ignore', 'ignore_ament_install']
[1.236s] Level 1:colcon.colcon_core.package_identification:_identify(build) by extension 'ignore'
[1.236s] Level 1:colcon.colcon_core.package_identification:_identify(build) ignored
[1.237s] Level 1:colcon.colcon_core.package_identification:_identify(install) by extensions ['ignore', 'ignore_ament_install']
[1.237s] Level 1:colcon.colcon_core.package_identification:_identify(install) by extension 'ignore'
[1.238s] Level 1:colcon.colcon_core.package_identification:_identify(install) ignored
[1.238s] Level 1:colcon.colcon_core.package_identification:_identify(log) by extensions ['ignore', 'ignore_ament_install']
[1.238s] Level 1:colcon.colcon_core.package_identification:_identify(log) by extension 'ignore'
[1.239s] Level 1:colcon.colcon_core.package_identification:_identify(log) ignored
[1.239s] Level 1:colcon.colcon_core.package_identification:_identify(src) by extensions ['ignore', 'ignore_ament_install']
[1.239s] Level 1:colcon.colcon_core.package_identification:_identify(src) by extension 'ignore'
[1.239s] Level 1:colcon.colcon_core.package_identification:_identify(src) by extension 'ignore_ament_install'
[1.240s] Level 1:colcon.colcon_core.package_identification:_identify(src) by extensions ['colcon_pkg']
[1.240s] Level 1:colcon.colcon_core.package_identification:_identify(src) by extension 'colcon_pkg'
[1.240s] Level 1:colcon.colcon_core.package_identification:_identify(src) by extensions ['colcon_meta']
[1.240s] Level 1:colcon.colcon_core.package_identification:_identify(src) by extension 'colcon_meta'
[1.240s] Level 1:colcon.colcon_core.package_identification:_identify(src) by extensions ['ros']
[1.240s] Level 1:colcon.colcon_core.package_identification:_identify(src) by extension 'ros'
[1.241s] Level 1:colcon.colcon_core.package_identification:_identify(src) by extensions ['cmake', 'python']
[1.241s] Level 1:colcon.colcon_core.package_identification:_identify(src) by extension 'cmake'
[1.241s] Level 1:colcon.colcon_core.package_identification:_identify(src) by extension 'python'
[1.241s] Level 1:colcon.colcon_core.package_identification:_identify(src) by extensions ['python_setup_py']
[1.241s] Level 1:colcon.colcon_core.package_identification:_identify(src) by extension 'python_setup_py'
[1.242s] Level 1:colcon.colcon_core.package_identification:_identify(src/robot_pkg) by extensions ['ignore', 'ignore_ament_install']
[1.242s] Level 1:colcon.colcon_core.package_identification:_identify(src/robot_pkg) by extension 'ignore'
[1.242s] Level 1:colcon.colcon_core.package_identification:_identify(src/robot_pkg) by extension 'ignore_ament_install'
[1.243s] Level 1:colcon.colcon_core.package_identification:_identify(src/robot_pkg) by extensions ['colcon_pkg']
[1.243s] Level 1:colcon.colcon_core.package_identification:_identify(src/robot_pkg) by extension 'colcon_pkg'
[1.243s] Level 1:colcon.colcon_core.package_identification:_identify(src/robot_pkg) by extensions ['colcon_meta']
[1.243s] Level 1:colcon.colcon_core.package_identification:_identify(src/robot_pkg) by extension 'colcon_meta'
[1.243s] Level 1:colcon.colcon_core.package_identification:_identify(src/robot_pkg) by extensions ['ros']
[1.243s] Level 1:colcon.colcon_core.package_identification:_identify(src/robot_pkg) by extension 'ros'
[1.251s] DEBUG:colcon.colcon_core.package_identification:Package 'src/robot_pkg' with type 'ros.ament_cmake' and name 'robot_pkg'
[1.252s] Level 1:colcon.colcon_core.package_identification:_identify(src/sllidar_ros2) by extensions ['ignore', 'ignore_ament_install']
[1.253s] Level 1:colcon.colcon_core.package_identification:_identify(src/sllidar_ros2) by extension 'ignore'
[1.253s] Level 1:colcon.colcon_core.package_identification:_identify(src/sllidar_ros2) by extension 'ignore_ament_install'
[1.253s] Level 1:colcon.colcon_core.package_identification:_identify(src/sllidar_ros2) by extensions ['colcon_pkg']
[1.253s] Level 1:colcon.colcon_core.package_identification:_identify(src/sllidar_ros2) by extension 'colcon_pkg'
[1.253s] Level 1:colcon.colcon_core.package_identification:_identify(src/sllidar_ros2) by extensions ['colcon_meta']
[1.254s] Level 1:colcon.colcon_core.package_identification:_identify(src/sllidar_ros2) by extension 'colcon_meta'
[1.254s] Level 1:colcon.colcon_core.package_identification:_identify(src/sllidar_ros2) by extensions ['ros']
[1.254s] Level 1:colcon.colcon_core.package_identification:_identify(src/sllidar_ros2) by extension 'ros'
[1.257s] DEBUG:colcon.colcon_core.package_identification:Package 'src/sllidar_ros2' with type 'ros.ament_cmake' and name 'sllidar_ros2'
[1.257s] Level 1:colcon.colcon_core.package_discovery:discover_packages(recursive) using defaults
[1.257s] Level 1:colcon.colcon_core.package_discovery:discover_packages(ignore) discover
[1.257s] Level 1:colcon.colcon_core.package_discovery:discover_packages(ignore) using defaults
[1.257s] Level 1:colcon.colcon_core.package_discovery:discover_packages(path) discover
[1.258s] Level 1:colcon.colcon_core.package_discovery:discover_packages(path) using defaults
[1.338s] Level 1:colcon.colcon_core.package_discovery:discover_packages(prefix_path) check parameters
[1.338s] Level 1:colcon.colcon_core.package_discovery:discover_packages(prefix_path) discover
[1.348s] DEBUG:colcon.colcon_installed_package_information.package_discovery:Found 2 installed packages in /home/rodrigo/dev_ws/install
[1.350s] DEBUG:colcon.colcon_installed_package_information.package_discovery:Found 2 installed packages in /home/rodrigo/serial_motor_demo/install
[1.359s] DEBUG:colcon.colcon_installed_package_information.package_discovery:Found 273 installed packages in /opt/ros/humble
[1.365s] Level 1:colcon.colcon_core.package_discovery:discover_packages(prefix_path) using defaults
[1.570s] Level 5:colcon.colcon_core.verb:set package 'robot_pkg' build argument 'cmake_args' from command line to 'None'
[1.570s] Level 5:colcon.colcon_core.verb:set package 'robot_pkg' build argument 'cmake_target' from command line to 'None'
[1.570s] Level 5:colcon.colcon_core.verb:set package 'robot_pkg' build argument 'cmake_target_skip_unavailable' from command line to 'False'
[1.570s] Level 5:colcon.colcon_core.verb:set package 'robot_pkg' build argument 'cmake_clean_cache' from command line to 'False'
[1.570s] Level 5:colcon.colcon_core.verb:set package 'robot_pkg' build argument 'cmake_clean_first' from command line to 'False'
[1.570s] Level 5:colcon.colcon_core.verb:set package 'robot_pkg' build argument 'cmake_force_configure' from command line to 'False'
[1.570s] Level 5:colcon.colcon_core.verb:set package 'robot_pkg' build argument 'ament_cmake_args' from command line to 'None'
[1.571s] Level 5:colcon.colcon_core.verb:set package 'robot_pkg' build argument 'catkin_cmake_args' from command line to 'None'
[1.571s] Level 5:colcon.colcon_core.verb:set package 'robot_pkg' build argument 'catkin_skip_building_tests' from command line to 'False'
[1.571s] DEBUG:colcon.colcon_core.verb:Building package 'robot_pkg' with the following arguments: {'ament_cmake_args': None, 'build_base': '/home/rodrigo/dev_ws/build/robot_pkg', 'catkin_cmake_args': None, 'catkin_skip_building_tests': False, 'cmake_args': None, 'cmake_clean_cache': False, 'cmake_clean_first': False, 'cmake_force_configure': False, 'cmake_target': None, 'cmake_target_skip_unavailable': False, 'install_base': '/home/rodrigo/dev_ws/install/robot_pkg', 'merge_install': False, 'path': '/home/rodrigo/dev_ws/src/robot_pkg', 'symlink_install': True, 'test_result_base': None}
[1.572s] Level 5:colcon.colcon_core.verb:set package 'sllidar_ros2' build argument 'cmake_args' from command line to 'None'
[1.572s] Level 5:colcon.colcon_core.verb:set package 'sllidar_ros2' build argument 'cmake_target' from command line to 'None'
[1.573s] Level 5:colcon.colcon_core.verb:set package 'sllidar_ros2' build argument 'cmake_target_skip_unavailable' from command line to 'False'
[1.573s] Level 5:colcon.colcon_core.verb:set package 'sllidar_ros2' build argument 'cmake_clean_cache' from command line to 'False'
[1.573s] Level 5:colcon.colcon_core.verb:set package 'sllidar_ros2' build argument 'cmake_clean_first' from command line to 'False'
[1.573s] Level 5:colcon.colcon_core.verb:set package 'sllidar_ros2' build argument 'cmake_force_configure' from command line to 'False'
[1.573s] Level 5:colcon.colcon_core.verb:set package 'sllidar_ros2' build argument 'ament_cmake_args' from command line to 'None'
[1.573s] Level 5:colcon.colcon_core.verb:set package 'sllidar_ros2' build argument 'catkin_cmake_args' from command line to 'None'
[1.573s] Level 5:colcon.colcon_core.verb:set package 'sllidar_ros2' build argument 'catkin_skip_building_tests' from command line to 'False'
[1.573s] DEBUG:colcon.colcon_core.verb:Building package 'sllidar_ros2' with the following arguments: {'ament_cmake_args': None, 'build_base': '/home/rodrigo/dev_ws/build/sllidar_ros2', 'catkin_cmake_args': None, 'catkin_skip_building_tests': False, 'cmake_args': None, 'cmake_clean_cache': False, 'cmake_clean_first': False, 'cmake_force_configure': False, 'cmake_target': None, 'cmake_target_skip_unavailable': False, 'install_base': '/home/rodrigo/dev_ws/install/sllidar_ros2', 'merge_install': False, 'path': '/home/rodrigo/dev_ws/src/sllidar_ros2', 'symlink_install': True, 'test_result_base': None}
[1.574s] INFO:colcon.colcon_core.executor:Executing jobs using 'parallel' executor
[1.577s] DEBUG:colcon.colcon_parallel_executor.executor.parallel:run_until_complete
[1.578s] INFO:colcon.colcon_ros.task.ament_cmake.build:Building ROS package in '/home/rodrigo/dev_ws/src/robot_pkg' with build type 'ament_cmake'
[1.579s] INFO:colcon.colcon_cmake.task.cmake.build:Building CMake package in '/home/rodrigo/dev_ws/src/robot_pkg'
[1.588s] INFO:colcon.colcon_core.plugin_system:Skipping extension 'colcon_core.shell.bat': Not used on non-Windows systems
[1.589s] INFO:colcon.colcon_core.shell:Skip shell extension 'powershell' for command environment: Not usable outside of PowerShell
[1.589s] DEBUG:colcon.colcon_core.shell:Skip shell extension 'dsv' for command environment
[1.610s] INFO:colcon.colcon_ros.task.ament_cmake.build:Building ROS package in '/home/rodrigo/dev_ws/src/sllidar_ros2' with build type 'ament_cmake'
[1.611s] INFO:colcon.colcon_cmake.task.cmake.build:Building CMake package in '/home/rodrigo/dev_ws/src/sllidar_ros2'
[1.612s] INFO:colcon.colcon_core.shell:Skip shell extension 'powershell' for command environment: Not usable outside of PowerShell
[1.613s] DEBUG:colcon.colcon_core.shell:Skip shell extension 'dsv' for command environment
[1.650s] DEBUG:colcon.colcon_core.event_handler.log_command:Invoking command in '/home/rodrigo/dev_ws/build/robot_pkg': CMAKE_PREFIX_PATH=${CMAKE_PREFIX_PATH}:/home/rodrigo/serial_motor_demo/install/serial_motor_demo:/opt/ros/humble /usr/bin/cmake --build /home/rodrigo/dev_ws/build/robot_pkg -- -j4 -l4
[1.687s] DEBUG:colcon.colcon_core.event_handler.log_command:Invoking command in '/home/rodrigo/dev_ws/build/sllidar_ros2': CMAKE_PREFIX_PATH=${CMAKE_PREFIX_PATH}:/home/rodrigo/serial_motor_demo/install/serial_motor_demo:/opt/ros/humble /usr/bin/cmake --build /home/rodrigo/dev_ws/build/sllidar_ros2 -- -j4 -l4
[1.825s] DEBUG:colcon.colcon_core.event_handler.log_command:Invoked command in '/home/rodrigo/dev_ws/build/robot_pkg' returned '0': CMAKE_PREFIX_PATH=${CMAKE_PREFIX_PATH}:/home/rodrigo/serial_motor_demo/install/serial_motor_demo:/opt/ros/humble /usr/bin/cmake --build /home/rodrigo/dev_ws/build/robot_pkg -- -j4 -l4
[1.975s] DEBUG:colcon.colcon_core.event_handler.log_command:Invoking command in '/home/rodrigo/dev_ws/build/robot_pkg': CMAKE_PREFIX_PATH=${CMAKE_PREFIX_PATH}:/home/rodrigo/serial_motor_demo/install/serial_motor_demo:/opt/ros/humble /usr/bin/cmake --install /home/rodrigo/dev_ws/build/robot_pkg
[2.016s] DEBUG:colcon.colcon_core.event_handler.log_command:Invoked command in '/home/rodrigo/dev_ws/build/sllidar_ros2' returned '0': CMAKE_PREFIX_PATH=${CMAKE_PREFIX_PATH}:/home/rodrigo/serial_motor_demo/install/serial_motor_demo:/opt/ros/humble /usr/bin/cmake --build /home/rodrigo/dev_ws/build/sllidar_ros2 -- -j4 -l4
[2.089s] Level 1:colcon.colcon_core.environment:create_environment_scripts_only(robot_pkg)
[2.091s] DEBUG:colcon.colcon_core.event_handler.log_command:Invoked command in '/home/rodrigo/dev_ws/build/robot_pkg' returned '0': CMAKE_PREFIX_PATH=${CMAKE_PREFIX_PATH}:/home/rodrigo/serial_motor_demo/install/serial_motor_demo:/opt/ros/humble /usr/bin/cmake --install /home/rodrigo/dev_ws/build/robot_pkg
[2.106s] Level 1:colcon.colcon_core.environment:checking '/home/rodrigo/dev_ws/install/robot_pkg' for CMake module files
[2.110s] Level 1:colcon.colcon_core.environment:checking '/home/rodrigo/dev_ws/install/robot_pkg' for CMake config files
[2.112s] Level 1:colcon.colcon_core.shell:create_environment_hook('robot_pkg', 'cmake_prefix_path')
[2.113s] INFO:colcon.colcon_core.shell:Creating environment hook '/home/rodrigo/dev_ws/install/robot_pkg/share/robot_pkg/hook/cmake_prefix_path.ps1'
[2.117s] INFO:colcon.colcon_core.shell:Creating environment descriptor '/home/rodrigo/dev_ws/install/robot_pkg/share/robot_pkg/hook/cmake_prefix_path.dsv'
[2.121s] INFO:colcon.colcon_core.shell:Creating environment hook '/home/rodrigo/dev_ws/install/robot_pkg/share/robot_pkg/hook/cmake_prefix_path.sh'
[2.126s] Level 1:colcon.colcon_core.environment:checking '/home/rodrigo/dev_ws/install/robot_pkg/bin'
[2.126s] Level 1:colcon.colcon_core.environment:checking '/home/rodrigo/dev_ws/install/robot_pkg/lib/pkgconfig/robot_pkg.pc'
[2.127s] Level 1:colcon.colcon_core.environment:checking '/home/rodrigo/dev_ws/install/robot_pkg/lib/python3.10/site-packages'
[2.128s] Level 1:colcon.colcon_core.environment:checking '/home/rodrigo/dev_ws/install/robot_pkg/bin'
[2.130s] INFO:colcon.colcon_core.shell:Creating package script '/home/rodrigo/dev_ws/install/robot_pkg/share/robot_pkg/package.ps1'
[2.134s] INFO:colcon.colcon_core.shell:Creating package descriptor '/home/rodrigo/dev_ws/install/robot_pkg/share/robot_pkg/package.dsv'
[2.138s] INFO:colcon.colcon_core.shell:Creating package script '/home/rodrigo/dev_ws/install/robot_pkg/share/robot_pkg/package.sh'
[2.142s] INFO:colcon.colcon_core.shell:Creating package script '/home/rodrigo/dev_ws/install/robot_pkg/share/robot_pkg/package.bash'
[2.145s] INFO:colcon.colcon_core.shell:Creating package script '/home/rodrigo/dev_ws/install/robot_pkg/share/robot_pkg/package.zsh'
[2.148s] Level 1:colcon.colcon_core.environment:create_file_with_runtime_dependencies(/home/rodrigo/dev_ws/install/robot_pkg/share/colcon-core/packages/robot_pkg)
[2.250s] Level 1:colcon.colcon_core.environment:create_environment_scripts_only(robot_pkg)
[2.251s] Level 1:colcon.colcon_core.environment:checking '/home/rodrigo/dev_ws/install/robot_pkg' for CMake module files
[2.254s] Level 1:colcon.colcon_core.environment:checking '/home/rodrigo/dev_ws/install/robot_pkg' for CMake config files
[2.256s] Level 1:colcon.colcon_core.shell:create_environment_hook('robot_pkg', 'cmake_prefix_path')
[2.257s] INFO:colcon.colcon_core.shell:Creating environment hook '/home/rodrigo/dev_ws/install/robot_pkg/share/robot_pkg/hook/cmake_prefix_path.ps1'
[2.259s] INFO:colcon.colcon_core.shell:Creating environment descriptor '/home/rodrigo/dev_ws/install/robot_pkg/share/robot_pkg/hook/cmake_prefix_path.dsv'
[2.261s] INFO:colcon.colcon_core.shell:Creating environment hook '/home/rodrigo/dev_ws/install/robot_pkg/share/robot_pkg/hook/cmake_prefix_path.sh'
[2.264s] Level 1:colcon.colcon_core.environment:checking '/home/rodrigo/dev_ws/install/robot_pkg/bin'
[2.265s] Level 1:colcon.colcon_core.environment:checking '/home/rodrigo/dev_ws/install/robot_pkg/lib/pkgconfig/robot_pkg.pc'
[2.266s] Level 1:colcon.colcon_core.environment:checking '/home/rodrigo/dev_ws/install/robot_pkg/lib/python3.10/site-packages'
[2.267s] Level 1:colcon.colcon_core.environment:checking '/home/rodrigo/dev_ws/install/robot_pkg/bin'
[2.268s] INFO:colcon.colcon_core.shell:Creating package script '/home/rodrigo/dev_ws/install/robot_pkg/share/robot_pkg/package.ps1'
[2.271s] INFO:colcon.colcon_core.shell:Creating package descriptor '/home/rodrigo/dev_ws/install/robot_pkg/share/robot_pkg/package.dsv'
[2.273s] INFO:colcon.colcon_core.shell:Creating package script '/home/rodrigo/dev_ws/install/robot_pkg/share/robot_pkg/package.sh'
[2.276s] INFO:colcon.colcon_core.shell:Creating package script '/home/rodrigo/dev_ws/install/robot_pkg/share/robot_pkg/package.bash'
[2.278s] INFO:colcon.colcon_core.shell:Creating package script '/home/rodrigo/dev_ws/install/robot_pkg/share/robot_pkg/package.zsh'
[2.280s] Level 1:colcon.colcon_core.environment:create_file_with_runtime_dependencies(/home/rodrigo/dev_ws/install/robot_pkg/share/colcon-core/packages/robot_pkg)
[2.393s] DEBUG:colcon.colcon_core.event_handler.log_command:Invoking command in '/home/rodrigo/dev_ws/build/sllidar_ros2': CMAKE_PREFIX_PATH=${CMAKE_PREFIX_PATH}:/home/rodrigo/serial_motor_demo/install/serial_motor_demo:/opt/ros/humble /usr/bin/cmake --install /home/rodrigo/dev_ws/build/sllidar_ros2
[2.502s] Level 1:colcon.colcon_core.environment:create_environment_scripts_only(sllidar_ros2)
[2.503s] Level 1:colcon.colcon_core.environment:checking '/home/rodrigo/dev_ws/install/sllidar_ros2' for CMake module files
[2.505s] DEBUG:colcon.colcon_core.event_handler.log_command:Invoked command in '/home/rodrigo/dev_ws/build/sllidar_ros2' returned '0': CMAKE_PREFIX_PATH=${CMAKE_PREFIX_PATH}:/home/rodrigo/serial_motor_demo/install/serial_motor_demo:/opt/ros/humble /usr/bin/cmake --install /home/rodrigo/dev_ws/build/sllidar_ros2
[2.507s] Level 1:colcon.colcon_core.environment:checking '/home/rodrigo/dev_ws/install/sllidar_ros2' for CMake config files
[2.509s] Level 1:colcon.colcon_core.shell:create_environment_hook('sllidar_ros2', 'cmake_prefix_path')
[2.510s] INFO:colcon.colcon_core.shell:Creating environment hook '/home/rodrigo/dev_ws/install/sllidar_ros2/share/sllidar_ros2/hook/cmake_prefix_path.ps1'
[2.512s] INFO:colcon.colcon_core.shell:Creating environment descriptor '/home/rodrigo/dev_ws/install/sllidar_ros2/share/sllidar_ros2/hook/cmake_prefix_path.dsv'
[2.514s] INFO:colcon.colcon_core.shell:Creating environment hook '/home/rodrigo/dev_ws/install/sllidar_ros2/share/sllidar_ros2/hook/cmake_prefix_path.sh'
[2.517s] Level 1:colcon.colcon_core.environment:checking '/home/rodrigo/dev_ws/install/sllidar_ros2/lib'
[2.518s] Level 1:colcon.colcon_core.environment:checking '/home/rodrigo/dev_ws/install/sllidar_ros2/bin'
[2.518s] Level 1:colcon.colcon_core.environment:checking '/home/rodrigo/dev_ws/install/sllidar_ros2/lib/pkgconfig/sllidar_ros2.pc'
[2.519s] Level 1:colcon.colcon_core.environment:checking '/home/rodrigo/dev_ws/install/sllidar_ros2/lib/python3.10/site-packages'
[2.520s] Level 1:colcon.colcon_core.environment:checking '/home/rodrigo/dev_ws/install/sllidar_ros2/bin'
[2.521s] INFO:colcon.colcon_core.shell:Creating package script '/home/rodrigo/dev_ws/install/sllidar_ros2/share/sllidar_ros2/package.ps1'
[2.523s] INFO:colcon.colcon_core.shell:Creating package descriptor '/home/rodrigo/dev_ws/install/sllidar_ros2/share/sllidar_ros2/package.dsv'
[2.525s] INFO:colcon.colcon_core.shell:Creating package script '/home/rodrigo/dev_ws/install/sllidar_ros2/share/sllidar_ros2/package.sh'
[2.527s] INFO:colcon.colcon_core.shell:Creating package script '/home/rodrigo/dev_ws/install/sllidar_ros2/share/sllidar_ros2/package.bash'
[2.529s] INFO:colcon.colcon_core.shell:Creating package script '/home/rodrigo/dev_ws/install/sllidar_ros2/share/sllidar_ros2/package.zsh'
[2.531s] Level 1:colcon.colcon_core.environment:create_file_with_runtime_dependencies(/home/rodrigo/dev_ws/install/sllidar_ros2/share/colcon-core/packages/sllidar_ros2)
[2.902s] Level 1:colcon.colcon_core.environment:create_environment_scripts_only(sllidar_ros2)
[2.903s] Level 1:colcon.colcon_core.environment:checking '/home/rodrigo/dev_ws/install/sllidar_ros2' for CMake module files
[2.907s] Level 1:colcon.colcon_core.environment:checking '/home/rodrigo/dev_ws/install/sllidar_ros2' for CMake config files
[2.908s] Level 1:colcon.colcon_core.shell:create_environment_hook('sllidar_ros2', 'cmake_prefix_path')
[2.910s] INFO:colcon.colcon_core.shell:Creating environment hook '/home/rodrigo/dev_ws/install/sllidar_ros2/share/sllidar_ros2/hook/cmake_prefix_path.ps1'
[2.912s] INFO:colcon.colcon_core.shell:Creating environment descriptor '/home/rodrigo/dev_ws/install/sllidar_ros2/share/sllidar_ros2/hook/cmake_prefix_path.dsv'
[2.914s] INFO:colcon.colcon_core.shell:Creating environment hook '/home/rodrigo/dev_ws/install/sllidar_ros2/share/sllidar_ros2/hook/cmake_prefix_path.sh'
[2.917s] Level 1:colcon.colcon_core.environment:checking '/home/rodrigo/dev_ws/install/sllidar_ros2/lib'
[2.917s] Level 1:colcon.colcon_core.environment:checking '/home/rodrigo/dev_ws/install/sllidar_ros2/bin'
[2.917s] Level 1:colcon.colcon_core.environment:checking '/home/rodrigo/dev_ws/install/sllidar_ros2/lib/pkgconfig/sllidar_ros2.pc'
[2.918s] Level 1:colcon.colcon_core.environment:checking '/home/rodrigo/dev_ws/install/sllidar_ros2/lib/python3.10/site-packages'
[2.919s] Level 1:colcon.colcon_core.environment:checking '/home/rodrigo/dev_ws/install/sllidar_ros2/bin'
[2.920s] INFO:colcon.colcon_core.shell:Creating package script '/home/rodrigo/dev_ws/install/sllidar_ros2/share/sllidar_ros2/package.ps1'
[2.923s] INFO:colcon.colcon_core.shell:Creating package descriptor '/home/rodrigo/dev_ws/install/sllidar_ros2/share/sllidar_ros2/package.dsv'
[2.925s] INFO:colcon.colcon_core.shell:Creating package script '/home/rodrigo/dev_ws/install/sllidar_ros2/share/sllidar_ros2/package.sh'
[2.927s] INFO:colcon.colcon_core.shell:Creating package script '/home/rodrigo/dev_ws/install/sllidar_ros2/share/sllidar_ros2/package.bash'
[2.929s] INFO:colcon.colcon_core.shell:Creating package script '/home/rodrigo/dev_ws/install/sllidar_ros2/share/sllidar_ros2/package.zsh'
[2.931s] Level 1:colcon.colcon_core.environment:create_file_with_runtime_dependencies(/home/rodrigo/dev_ws/install/sllidar_ros2/share/colcon-core/packages/sllidar_ros2)
[2.933s] DEBUG:colcon.colcon_parallel_executor.executor.parallel:closing loop
[2.933s] DEBUG:colcon.colcon_parallel_executor.executor.parallel:loop closed
[2.934s] DEBUG:colcon.colcon_parallel_executor.executor.parallel:run_until_complete finished with '0'
[2.935s] DEBUG:colcon.colcon_core.event_reactor:joining thread
[2.955s] INFO:colcon.colcon_core.plugin_system:Skipping extension 'colcon_notification.desktop_notification.terminal_notifier': Not used on non-Darwin systems
[2.955s] INFO:colcon.colcon_core.plugin_system:Skipping extension 'colcon_notification.desktop_notification.win32': Not used on non-Windows systems
[2.956s] INFO:colcon.colcon_notification.desktop_notification:Sending desktop notification using 'notify2'
[2.961s] DEBUG:colcon.colcon_notification.desktop_notification.notify2:Failed to initialize notify2: org.freedesktop.DBus.Error.ServiceUnknown: The name org.freedesktop.Notifications was not provided by any .service files
[2.961s] DEBUG:colcon.colcon_core.event_reactor:joined thread
[2.962s] INFO:colcon.colcon_core.shell:Creating prefix script '/home/rodrigo/dev_ws/install/local_setup.ps1'
[2.966s] INFO:colcon.colcon_core.shell:Creating prefix util module '/home/rodrigo/dev_ws/install/_local_setup_util_ps1.py'
[2.972s] INFO:colcon.colcon_core.shell:Creating prefix chain script '/home/rodrigo/dev_ws/install/setup.ps1'
[2.978s] INFO:colcon.colcon_core.shell:Creating prefix script '/home/rodrigo/dev_ws/install/local_setup.sh'
[2.981s] INFO:colcon.colcon_core.shell:Creating prefix util module '/home/rodrigo/dev_ws/install/_local_setup_util_sh.py'
[2.984s] INFO:colcon.colcon_core.shell:Creating prefix chain script '/home/rodrigo/dev_ws/install/setup.sh'
[2.989s] INFO:colcon.colcon_core.shell:Creating prefix script '/home/rodrigo/dev_ws/install/local_setup.bash'
[2.991s] INFO:colcon.colcon_core.shell:Creating prefix chain script '/home/rodrigo/dev_ws/install/setup.bash'
[2.997s] INFO:colcon.colcon_core.shell:Creating prefix script '/home/rodrigo/dev_ws/install/local_setup.zsh'
[2.999s] INFO:colcon.colcon_core.shell:Creating prefix chain script '/home/rodrigo/dev_ws/install/setup.zsh'
