[0.008s] Invoking command in '/home/dev-pc/dev_ws/build/robot_pkg': CMAKE_PREFIX_PATH=${CMAKE_PREFIX_PATH}:/opt/ros/humble /usr/bin/cmake /home/dev-pc/dev_ws/src/robot_pkg -DAMENT_CMAKE_SYMLINK_INSTALL=1 -DCMAKE_INSTALL_PREFIX=/home/dev-pc/dev_ws/install/robot_pkg
[0.046s] -- The C compiler identification is GNU 11.4.0
[0.085s] -- The CXX compiler identification is GNU 11.4.0
[0.090s] -- Detecting C compiler ABI info
[0.139s] -- Detecting C compiler ABI info - done
[0.144s] -- Check for working C compiler: /usr/bin/cc - skipped
[0.144s] -- Detecting C compile features
[0.144s] -- Detecting C compile features - done
[0.146s] -- Detecting CXX compiler ABI info
[0.203s] -- Detecting CXX compiler ABI info - done
[0.208s] -- Check for working CXX compiler: /usr/bin/c++ - skipped
[0.208s] -- Detecting CXX compile features
[0.209s] -- Detecting CXX compile features - done
[0.210s] -- Found ament_cmake: 1.3.9 (/opt/ros/humble/share/ament_cmake/cmake)
[0.500s] -- Found Python3: /usr/bin/python3 (found version "3.10.12") found components: Interpreter 
[0.550s] -- Override CMake install command with custom implementation using symlinks instead of copying resources
[0.567s] -- Found ament_lint_auto: 0.12.11 (/opt/ros/humble/share/ament_lint_auto/cmake)
[0.626s] -- Added test 'flake8' to check Python code syntax and style conventions
[0.627s] -- Added test 'lint_cmake' to check CMake code style
[0.627s] -- Added test 'pep257' to check Python code against some of the docstring style conventions in PEP 257
[0.628s] -- Added test 'xmllint' to check XML markup files
[0.629s] -- Configuring done
[0.631s] -- Generating done
[0.631s] -- Build files have been written to: /home/dev-pc/dev_ws/build/robot_pkg
[0.635s] Invoked command in '/home/dev-pc/dev_ws/build/robot_pkg' returned '0': CMAKE_PREFIX_PATH=${CMAKE_PREFIX_PATH}:/opt/ros/humble /usr/bin/cmake /home/dev-pc/dev_ws/src/robot_pkg -DAMENT_CMAKE_SYMLINK_INSTALL=1 -DCMAKE_INSTALL_PREFIX=/home/dev-pc/dev_ws/install/robot_pkg
[0.636s] Invoking command in '/home/dev-pc/dev_ws/build/robot_pkg': CMAKE_PREFIX_PATH=${CMAKE_PREFIX_PATH}:/opt/ros/humble /usr/bin/cmake --build /home/dev-pc/dev_ws/build/robot_pkg -- -j8 -l8
[0.663s] Invoked command in '/home/dev-pc/dev_ws/build/robot_pkg' returned '0': CMAKE_PREFIX_PATH=${CMAKE_PREFIX_PATH}:/opt/ros/humble /usr/bin/cmake --build /home/dev-pc/dev_ws/build/robot_pkg -- -j8 -l8
[0.685s] Invoking command in '/home/dev-pc/dev_ws/build/robot_pkg': CMAKE_PREFIX_PATH=${CMAKE_PREFIX_PATH}:/opt/ros/humble /usr/bin/cmake --install /home/dev-pc/dev_ws/build/robot_pkg
[0.689s] -- Install configuration: ""
[0.690s] -- Execute custom install script
[0.690s] -- Symlinking: /home/dev-pc/dev_ws/install/robot_pkg/share/robot_pkg/launch/camera.launch.py
[0.697s] -- Symlinking: /home/dev-pc/dev_ws/install/robot_pkg/share/robot_pkg/launch/control.launch.py
[0.704s] -- Symlinking: /home/dev-pc/dev_ws/install/robot_pkg/share/robot_pkg/launch/display.launch.py
[0.710s] -- Symlinking: /home/dev-pc/dev_ws/install/robot_pkg/share/robot_pkg/launch/gazebo.launch.py
[0.716s] -- Symlinking: /home/dev-pc/dev_ws/install/robot_pkg/share/robot_pkg/launch/lidar.launch.py
[0.722s] -- Symlinking: /home/dev-pc/dev_ws/install/robot_pkg/share/robot_pkg/launch/rsp.launch.py
[0.729s] -- Symlinking: /home/dev-pc/dev_ws/install/robot_pkg/share/robot_pkg/urdf/TTR01.urdf.xacro
[0.735s] -- Symlinking: /home/dev-pc/dev_ws/install/robot_pkg/share/robot_pkg/urdf/camera.xacro
[0.741s] -- Symlinking: /home/dev-pc/dev_ws/install/robot_pkg/share/robot_pkg/urdf/gazebo_control.xacro
[0.748s] -- Symlinking: /home/dev-pc/dev_ws/install/robot_pkg/share/robot_pkg/urdf/gazebo_setup.xacro
[0.754s] -- Symlinking: /home/dev-pc/dev_ws/install/robot_pkg/share/robot_pkg/urdf/lidar.xacro
[0.760s] -- Symlinking: /home/dev-pc/dev_ws/install/robot_pkg/share/robot_pkg/urdf/robot.xacro
[0.767s] -- Symlinking: /home/dev-pc/dev_ws/install/robot_pkg/share/robot_pkg/urdf/robot_parameters.xacro
[0.773s] -- Symlinking: /home/dev-pc/dev_ws/install/robot_pkg/share/robot_pkg/urdf/ros2_control.xacro
[0.780s] -- Symlinking: /home/dev-pc/dev_ws/install/robot_pkg/share/robot_pkg/config/controllers.yaml
[0.786s] -- Symlinking: /home/dev-pc/dev_ws/install/robot_pkg/share/robot_pkg/config/gazebo_params.yaml
[0.793s] -- Symlinking: /home/dev-pc/dev_ws/install/robot_pkg/share/robot_pkg/rviz2/default_robot.rviz
[0.800s] -- Symlinking: /home/dev-pc/dev_ws/install/robot_pkg/share/ament_index/resource_index/package_run_dependencies/robot_pkg
[0.810s] -- Symlinking: /home/dev-pc/dev_ws/install/robot_pkg/share/ament_index/resource_index/parent_prefix_path/robot_pkg
[0.819s] -- Symlinking: /home/dev-pc/dev_ws/install/robot_pkg/share/robot_pkg/environment/ament_prefix_path.sh
[0.828s] -- Symlinking: /home/dev-pc/dev_ws/install/robot_pkg/share/robot_pkg/environment/ament_prefix_path.dsv
[0.837s] -- Symlinking: /home/dev-pc/dev_ws/install/robot_pkg/share/robot_pkg/environment/path.sh
[0.847s] -- Symlinking: /home/dev-pc/dev_ws/install/robot_pkg/share/robot_pkg/environment/path.dsv
[0.867s] -- Symlinking: /home/dev-pc/dev_ws/install/robot_pkg/share/robot_pkg/local_setup.bash
[0.875s] -- Symlinking: /home/dev-pc/dev_ws/install/robot_pkg/share/robot_pkg/local_setup.sh
[0.885s] -- Symlinking: /home/dev-pc/dev_ws/install/robot_pkg/share/robot_pkg/local_setup.zsh
[0.895s] -- Symlinking: /home/dev-pc/dev_ws/install/robot_pkg/share/robot_pkg/local_setup.dsv
[0.906s] -- Symlinking: /home/dev-pc/dev_ws/install/robot_pkg/share/robot_pkg/package.dsv
[0.915s] -- Symlinking: /home/dev-pc/dev_ws/install/robot_pkg/share/ament_index/resource_index/packages/robot_pkg
[0.929s] -- Symlinking: /home/dev-pc/dev_ws/install/robot_pkg/share/robot_pkg/cmake/robot_pkgConfig.cmake
[0.939s] -- Symlinking: /home/dev-pc/dev_ws/install/robot_pkg/share/robot_pkg/cmake/robot_pkgConfig-version.cmake
[0.949s] -- Symlinking: /home/dev-pc/dev_ws/install/robot_pkg/share/robot_pkg/package.xml
[0.974s] Invoked command in '/home/dev-pc/dev_ws/build/robot_pkg' returned '0': CMAKE_PREFIX_PATH=${CMAKE_PREFIX_PATH}:/opt/ros/humble /usr/bin/cmake --install /home/dev-pc/dev_ws/build/robot_pkg
