[0.329s] DEBUG:colcon:Command line arguments: ['/usr/bin/colcon', 'build']
[0.329s] DEBUG:colcon:Parsed command line arguments: Namespace(log_base=None, log_level=None, verb_name='build', build_base='build', install_base='install', merge_install=False, symlink_install=False, test_result_base=None, continue_on_error=False, executor='parallel', parallel_workers=4, event_handlers=None, ignore_user_meta=False, metas=['./colcon.meta'], base_paths=['.'], packages_ignore=None, packages_ignore_regex=None, paths=None, packages_up_to=None, packages_up_to_regex=None, packages_above=None, packages_above_and_dependencies=None, packages_above_depth=None, packages_select_by_dep=None, packages_skip_by_dep=None, packages_skip_up_to=None, packages_select_build_failed=False, packages_skip_build_finished=False, packages_select_test_failures=False, packages_skip_test_passed=False, packages_select=None, packages_skip=None, packages_select_regex=None, packages_skip_regex=None, packages_start=None, packages_end=None, allow_overriding=[], cmake_args=None, cmake_target=None, cmake_target_skip_unavailable=False, cmake_clean_cache=False, cmake_clean_first=False, cmake_force_configure=False, ament_cmake_args=None, catkin_cmake_args=None, catkin_skip_building_tests=False, verb_parser=<colcon_defaults.argument_parser.defaults.DefaultArgumentsDecorator object at 0x7df4ef2bf970>, verb_extension=<colcon_core.verb.build.BuildVerb object at 0x7df4ef20c490>, main=<bound method BuildVerb.main of <colcon_core.verb.build.BuildVerb object at 0x7df4ef20c490>>)
[0.775s] Level 1:colcon.colcon_core.package_discovery:discover_packages(colcon_meta) check parameters
[0.775s] Level 1:colcon.colcon_core.package_discovery:discover_packages(recursive) check parameters
[0.776s] Level 1:colcon.colcon_core.package_discovery:discover_packages(ignore) check parameters
[0.776s] Level 1:colcon.colcon_core.package_discovery:discover_packages(path) check parameters
[0.776s] Level 1:colcon.colcon_core.package_discovery:discover_packages(colcon_meta) discover
[0.777s] Level 1:colcon.colcon_core.package_discovery:discover_packages(recursive) discover
[0.777s] INFO:colcon.colcon_core.package_discovery:Crawling recursively for packages in '/home/ttrxx/TTRXX_WS'
[0.778s] Level 1:colcon.colcon_core.package_identification:_identify(.) by extensions ['ignore', 'ignore_ament_install']
[0.778s] Level 1:colcon.colcon_core.package_identification:_identify(.) by extension 'ignore'
[0.779s] Level 1:colcon.colcon_core.package_identification:_identify(.) by extension 'ignore_ament_install'
[0.779s] Level 1:colcon.colcon_core.package_identification:_identify(.) by extensions ['colcon_pkg']
[0.780s] Level 1:colcon.colcon_core.package_identification:_identify(.) by extension 'colcon_pkg'
[0.780s] Level 1:colcon.colcon_core.package_identification:_identify(.) by extensions ['colcon_meta']
[0.780s] Level 1:colcon.colcon_core.package_identification:_identify(.) by extension 'colcon_meta'
[0.781s] Level 1:colcon.colcon_core.package_identification:_identify(.) by extensions ['ros']
[0.781s] Level 1:colcon.colcon_core.package_identification:_identify(.) by extension 'ros'
[0.812s] Level 1:colcon.colcon_core.package_identification:_identify(.) by extensions ['cmake', 'python']
[0.813s] Level 1:colcon.colcon_core.package_identification:_identify(.) by extension 'cmake'
[0.813s] Level 1:colcon.colcon_core.package_identification:_identify(.) by extension 'python'
[0.814s] Level 1:colcon.colcon_core.package_identification:_identify(.) by extensions ['python_setup_py']
[0.814s] Level 1:colcon.colcon_core.package_identification:_identify(.) by extension 'python_setup_py'
[0.815s] Level 1:colcon.colcon_core.package_identification:_identify(build) by extensions ['ignore', 'ignore_ament_install']
[0.815s] Level 1:colcon.colcon_core.package_identification:_identify(build) by extension 'ignore'
[0.816s] Level 1:colcon.colcon_core.package_identification:_identify(build) ignored
[0.816s] Level 1:colcon.colcon_core.package_identification:_identify(install) by extensions ['ignore', 'ignore_ament_install']
[0.817s] Level 1:colcon.colcon_core.package_identification:_identify(install) by extension 'ignore'
[0.817s] Level 1:colcon.colcon_core.package_identification:_identify(install) ignored
[0.818s] Level 1:colcon.colcon_core.package_identification:_identify(log) by extensions ['ignore', 'ignore_ament_install']
[0.818s] Level 1:colcon.colcon_core.package_identification:_identify(log) by extension 'ignore'
[0.819s] Level 1:colcon.colcon_core.package_identification:_identify(log) ignored
[0.819s] Level 1:colcon.colcon_core.package_identification:_identify(src) by extensions ['ignore', 'ignore_ament_install']
[0.820s] Level 1:colcon.colcon_core.package_identification:_identify(src) by extension 'ignore'
[0.820s] Level 1:colcon.colcon_core.package_identification:_identify(src) by extension 'ignore_ament_install'
[0.821s] Level 1:colcon.colcon_core.package_identification:_identify(src) by extensions ['colcon_pkg']
[0.821s] Level 1:colcon.colcon_core.package_identification:_identify(src) by extension 'colcon_pkg'
[0.822s] Level 1:colcon.colcon_core.package_identification:_identify(src) by extensions ['colcon_meta']
[0.822s] Level 1:colcon.colcon_core.package_identification:_identify(src) by extension 'colcon_meta'
[0.823s] Level 1:colcon.colcon_core.package_identification:_identify(src) by extensions ['ros']
[0.823s] Level 1:colcon.colcon_core.package_identification:_identify(src) by extension 'ros'
[0.823s] Level 1:colcon.colcon_core.package_identification:_identify(src) by extensions ['cmake', 'python']
[0.824s] Level 1:colcon.colcon_core.package_identification:_identify(src) by extension 'cmake'
[0.824s] Level 1:colcon.colcon_core.package_identification:_identify(src) by extension 'python'
[0.824s] Level 1:colcon.colcon_core.package_identification:_identify(src) by extensions ['python_setup_py']
[0.825s] Level 1:colcon.colcon_core.package_identification:_identify(src) by extension 'python_setup_py'
[0.825s] Level 1:colcon.colcon_core.package_identification:_identify(src/robot_pkg) by extensions ['ignore', 'ignore_ament_install']
[0.826s] Level 1:colcon.colcon_core.package_identification:_identify(src/robot_pkg) by extension 'ignore'
[0.826s] Level 1:colcon.colcon_core.package_identification:_identify(src/robot_pkg) by extension 'ignore_ament_install'
[0.826s] Level 1:colcon.colcon_core.package_identification:_identify(src/robot_pkg) by extensions ['colcon_pkg']
[0.827s] Level 1:colcon.colcon_core.package_identification:_identify(src/robot_pkg) by extension 'colcon_pkg'
[0.827s] Level 1:colcon.colcon_core.package_identification:_identify(src/robot_pkg) by extensions ['colcon_meta']
[0.827s] Level 1:colcon.colcon_core.package_identification:_identify(src/robot_pkg) by extension 'colcon_meta'
[0.828s] Level 1:colcon.colcon_core.package_identification:_identify(src/robot_pkg) by extensions ['ros']
[0.828s] Level 1:colcon.colcon_core.package_identification:_identify(src/robot_pkg) by extension 'ros'
[0.835s] DEBUG:colcon.colcon_core.package_identification:Package 'src/robot_pkg' with type 'ros.ament_python' and name 'robot_pkg'
[0.835s] Level 1:colcon.colcon_core.package_discovery:discover_packages(recursive) using defaults
[0.836s] Level 1:colcon.colcon_core.package_discovery:discover_packages(ignore) discover
[0.836s] Level 1:colcon.colcon_core.package_discovery:discover_packages(ignore) using defaults
[0.836s] Level 1:colcon.colcon_core.package_discovery:discover_packages(path) discover
[0.837s] Level 1:colcon.colcon_core.package_discovery:discover_packages(path) using defaults
[0.897s] Level 1:colcon.colcon_core.package_discovery:discover_packages(prefix_path) check parameters
[0.898s] Level 1:colcon.colcon_core.package_discovery:discover_packages(prefix_path) discover
[0.906s] DEBUG:colcon.colcon_installed_package_information.package_discovery:Found 273 installed packages in /opt/ros/humble
[0.910s] Level 1:colcon.colcon_core.package_discovery:discover_packages(prefix_path) using defaults
[1.060s] Level 5:colcon.colcon_core.verb:set package 'robot_pkg' build argument 'cmake_args' from command line to 'None'
[1.060s] Level 5:colcon.colcon_core.verb:set package 'robot_pkg' build argument 'cmake_target' from command line to 'None'
[1.061s] Level 5:colcon.colcon_core.verb:set package 'robot_pkg' build argument 'cmake_target_skip_unavailable' from command line to 'False'
[1.062s] Level 5:colcon.colcon_core.verb:set package 'robot_pkg' build argument 'cmake_clean_cache' from command line to 'False'
[1.062s] Level 5:colcon.colcon_core.verb:set package 'robot_pkg' build argument 'cmake_clean_first' from command line to 'False'
[1.063s] Level 5:colcon.colcon_core.verb:set package 'robot_pkg' build argument 'cmake_force_configure' from command line to 'False'
[1.063s] Level 5:colcon.colcon_core.verb:set package 'robot_pkg' build argument 'ament_cmake_args' from command line to 'None'
[1.063s] Level 5:colcon.colcon_core.verb:set package 'robot_pkg' build argument 'catkin_cmake_args' from command line to 'None'
[1.064s] Level 5:colcon.colcon_core.verb:set package 'robot_pkg' build argument 'catkin_skip_building_tests' from command line to 'False'
[1.064s] DEBUG:colcon.colcon_core.verb:Building package 'robot_pkg' with the following arguments: {'ament_cmake_args': None, 'build_base': '/home/ttrxx/TTRXX_WS/build/robot_pkg', 'catkin_cmake_args': None, 'catkin_skip_building_tests': False, 'cmake_args': None, 'cmake_clean_cache': False, 'cmake_clean_first': False, 'cmake_force_configure': False, 'cmake_target': None, 'cmake_target_skip_unavailable': False, 'install_base': '/home/ttrxx/TTRXX_WS/install/robot_pkg', 'merge_install': False, 'path': '/home/ttrxx/TTRXX_WS/src/robot_pkg', 'symlink_install': False, 'test_result_base': None}
[1.065s] INFO:colcon.colcon_core.executor:Executing jobs using 'parallel' executor
[1.067s] DEBUG:colcon.colcon_parallel_executor.executor.parallel:run_until_complete
[1.068s] INFO:colcon.colcon_ros.task.ament_python.build:Building ROS package in '/home/ttrxx/TTRXX_WS/src/robot_pkg' with build type 'ament_python'
[1.070s] Level 1:colcon.colcon_core.shell:create_environment_hook('robot_pkg', 'ament_prefix_path')
[1.081s] INFO:colcon.colcon_core.plugin_system:Skipping extension 'colcon_core.shell.bat': Not used on non-Windows systems
[1.082s] INFO:colcon.colcon_core.shell:Creating environment hook '/home/ttrxx/TTRXX_WS/install/robot_pkg/share/robot_pkg/hook/ament_prefix_path.ps1'
[1.086s] INFO:colcon.colcon_core.shell:Creating environment descriptor '/home/ttrxx/TTRXX_WS/install/robot_pkg/share/robot_pkg/hook/ament_prefix_path.dsv'
[1.089s] INFO:colcon.colcon_core.shell:Creating environment hook '/home/ttrxx/TTRXX_WS/install/robot_pkg/share/robot_pkg/hook/ament_prefix_path.sh'
[1.094s] INFO:colcon.colcon_core.shell:Skip shell extension 'powershell' for command environment: Not usable outside of PowerShell
[1.094s] DEBUG:colcon.colcon_core.shell:Skip shell extension 'dsv' for command environment
[1.715s] INFO:colcon.colcon_core.task.python.build:Building Python package in '/home/ttrxx/TTRXX_WS/src/robot_pkg'
[1.716s] INFO:colcon.colcon_core.shell:Skip shell extension 'powershell' for command environment: Not usable outside of PowerShell
[1.716s] DEBUG:colcon.colcon_core.shell:Skip shell extension 'dsv' for command environment
[2.537s] DEBUG:colcon.colcon_core.event_handler.log_command:Invoking command in '/home/ttrxx/TTRXX_WS/src/robot_pkg': PYTHONPATH=/home/ttrxx/TTRXX_WS/build/robot_pkg/prefix_override:/home/ttrxx/TTRXX_WS/install/robot_pkg/lib/python3.10/site-packages:${PYTHONPATH} /usr/bin/python3 -W ignore:setup.py install is deprecated setup.py egg_info --egg-base ../../build/robot_pkg build --build-base /home/ttrxx/TTRXX_WS/build/robot_pkg/build install --record /home/ttrxx/TTRXX_WS/build/robot_pkg/install.log --single-version-externally-managed install_data
[3.222s] DEBUG:colcon.colcon_core.event_handler.log_command:Invoked command in '/home/ttrxx/TTRXX_WS/src/robot_pkg' returned '0': PYTHONPATH=/home/ttrxx/TTRXX_WS/build/robot_pkg/prefix_override:/home/ttrxx/TTRXX_WS/install/robot_pkg/lib/python3.10/site-packages:${PYTHONPATH} /usr/bin/python3 -W ignore:setup.py install is deprecated setup.py egg_info --egg-base ../../build/robot_pkg build --build-base /home/ttrxx/TTRXX_WS/build/robot_pkg/build install --record /home/ttrxx/TTRXX_WS/build/robot_pkg/install.log --single-version-externally-managed install_data
[3.233s] Level 1:colcon.colcon_core.environment:checking '/home/ttrxx/TTRXX_WS/install/robot_pkg' for CMake module files
[3.234s] Level 1:colcon.colcon_core.environment:checking '/home/ttrxx/TTRXX_WS/install/robot_pkg' for CMake config files
[3.236s] Level 1:colcon.colcon_core.environment:checking '/home/ttrxx/TTRXX_WS/install/robot_pkg/lib'
[3.237s] Level 1:colcon.colcon_core.environment:checking '/home/ttrxx/TTRXX_WS/install/robot_pkg/bin'
[3.237s] Level 1:colcon.colcon_core.environment:checking '/home/ttrxx/TTRXX_WS/install/robot_pkg/lib/pkgconfig/robot_pkg.pc'
[3.238s] Level 1:colcon.colcon_core.environment:checking '/home/ttrxx/TTRXX_WS/install/robot_pkg/lib/python3.10/site-packages'
[3.238s] Level 1:colcon.colcon_core.shell:create_environment_hook('robot_pkg', 'pythonpath')
[3.239s] INFO:colcon.colcon_core.shell:Creating environment hook '/home/ttrxx/TTRXX_WS/install/robot_pkg/share/robot_pkg/hook/pythonpath.ps1'
[3.240s] INFO:colcon.colcon_core.shell:Creating environment descriptor '/home/ttrxx/TTRXX_WS/install/robot_pkg/share/robot_pkg/hook/pythonpath.dsv'
[3.241s] INFO:colcon.colcon_core.shell:Creating environment hook '/home/ttrxx/TTRXX_WS/install/robot_pkg/share/robot_pkg/hook/pythonpath.sh'
[3.243s] Level 1:colcon.colcon_core.environment:checking '/home/ttrxx/TTRXX_WS/install/robot_pkg/bin'
[3.244s] Level 1:colcon.colcon_core.environment:create_environment_scripts_only(robot_pkg)
[3.244s] INFO:colcon.colcon_core.shell:Creating package script '/home/ttrxx/TTRXX_WS/install/robot_pkg/share/robot_pkg/package.ps1'
[3.247s] INFO:colcon.colcon_core.shell:Creating package descriptor '/home/ttrxx/TTRXX_WS/install/robot_pkg/share/robot_pkg/package.dsv'
[3.249s] INFO:colcon.colcon_core.shell:Creating package script '/home/ttrxx/TTRXX_WS/install/robot_pkg/share/robot_pkg/package.sh'
[3.252s] INFO:colcon.colcon_core.shell:Creating package script '/home/ttrxx/TTRXX_WS/install/robot_pkg/share/robot_pkg/package.bash'
[3.254s] INFO:colcon.colcon_core.shell:Creating package script '/home/ttrxx/TTRXX_WS/install/robot_pkg/share/robot_pkg/package.zsh'
[3.257s] Level 1:colcon.colcon_core.environment:create_file_with_runtime_dependencies(/home/ttrxx/TTRXX_WS/install/robot_pkg/share/colcon-core/packages/robot_pkg)
[3.257s] DEBUG:colcon.colcon_parallel_executor.executor.parallel:closing loop
[3.258s] DEBUG:colcon.colcon_parallel_executor.executor.parallel:loop closed
[3.259s] DEBUG:colcon.colcon_parallel_executor.executor.parallel:run_until_complete finished with '0'
[3.260s] DEBUG:colcon.colcon_core.event_reactor:joining thread
[3.282s] INFO:colcon.colcon_core.plugin_system:Skipping extension 'colcon_notification.desktop_notification.terminal_notifier': Not used on non-Darwin systems
[3.283s] INFO:colcon.colcon_core.plugin_system:Skipping extension 'colcon_notification.desktop_notification.win32': Not used on non-Windows systems
[3.283s] INFO:colcon.colcon_notification.desktop_notification:Sending desktop notification using 'notify2'
[3.321s] DEBUG:colcon.colcon_core.event_reactor:joined thread
[3.322s] INFO:colcon.colcon_core.shell:Creating prefix script '/home/ttrxx/TTRXX_WS/install/local_setup.ps1'
[3.327s] INFO:colcon.colcon_core.shell:Creating prefix util module '/home/ttrxx/TTRXX_WS/install/_local_setup_util_ps1.py'
[3.333s] INFO:colcon.colcon_core.shell:Creating prefix chain script '/home/ttrxx/TTRXX_WS/install/setup.ps1'
[3.338s] INFO:colcon.colcon_core.shell:Creating prefix script '/home/ttrxx/TTRXX_WS/install/local_setup.sh'
[3.341s] INFO:colcon.colcon_core.shell:Creating prefix util module '/home/ttrxx/TTRXX_WS/install/_local_setup_util_sh.py'
[3.344s] INFO:colcon.colcon_core.shell:Creating prefix chain script '/home/ttrxx/TTRXX_WS/install/setup.sh'
[3.350s] INFO:colcon.colcon_core.shell:Creating prefix script '/home/ttrxx/TTRXX_WS/install/local_setup.bash'
[3.353s] INFO:colcon.colcon_core.shell:Creating prefix chain script '/home/ttrxx/TTRXX_WS/install/setup.bash'
[3.358s] INFO:colcon.colcon_core.shell:Creating prefix script '/home/ttrxx/TTRXX_WS/install/local_setup.zsh'
[3.361s] INFO:colcon.colcon_core.shell:Creating prefix chain script '/home/ttrxx/TTRXX_WS/install/setup.zsh'
