[0.885s] Invoking command in '/home/ttrxx/TTRXX_WS/src/robot_pkg': PYTHONPATH=/home/ttrxx/TTRXX_WS/build/robot_pkg/prefix_override:/home/ttrxx/TTRXX_WS/install/robot_pkg/lib/python3.10/site-packages:${PYTHONPATH} /usr/bin/python3 -W ignore:setup.py install is deprecated setup.py egg_info --egg-base ../../build/robot_pkg build --build-base /home/ttrxx/TTRXX_WS/build/robot_pkg/build install --record /home/ttrxx/TTRXX_WS/build/robot_pkg/install.log --single-version-externally-managed install_data
[1.313s] running egg_info
[1.315s] writing ../../build/robot_pkg/robot_pkg.egg-info/PKG-INFO
[1.316s] writing dependency_links to ../../build/robot_pkg/robot_pkg.egg-info/dependency_links.txt
[1.317s] writing entry points to ../../build/robot_pkg/robot_pkg.egg-info/entry_points.txt
[1.317s] writing requirements to ../../build/robot_pkg/robot_pkg.egg-info/requires.txt
[1.318s] writing top-level names to ../../build/robot_pkg/robot_pkg.egg-info/top_level.txt
[1.323s] reading manifest file '../../build/robot_pkg/robot_pkg.egg-info/SOURCES.txt'
[1.324s] adding license file 'LICENSE'
[1.325s] writing manifest file '../../build/robot_pkg/robot_pkg.egg-info/SOURCES.txt'
[1.326s] running build
[1.326s] running build_py
[1.327s] running install
[1.328s] running install_lib
[1.330s] creating /home/ttrxx/TTRXX_WS/install/robot_pkg/lib/python3.10/site-packages/robot_pkg
[1.330s] copying /home/ttrxx/TTRXX_WS/build/robot_pkg/build/lib/robot_pkg/__init__.py -> /home/ttrxx/TTRXX_WS/install/robot_pkg/lib/python3.10/site-packages/robot_pkg
[1.333s] byte-compiling /home/ttrxx/TTRXX_WS/install/robot_pkg/lib/python3.10/site-packages/robot_pkg/__init__.py to __init__.cpython-310.pyc
[1.334s] running install_data
[1.334s] creating /home/ttrxx/TTRXX_WS/install/robot_pkg/share/ament_index
[1.334s] creating /home/ttrxx/TTRXX_WS/install/robot_pkg/share/ament_index/resource_index
[1.334s] creating /home/ttrxx/TTRXX_WS/install/robot_pkg/share/ament_index/resource_index/packages
[1.335s] copying resource/robot_pkg -> /home/ttrxx/TTRXX_WS/install/robot_pkg/share/ament_index/resource_index/packages
[1.335s] copying package.xml -> /home/ttrxx/TTRXX_WS/install/robot_pkg/share/robot_pkg
[1.335s] running install_egg_info
[1.338s] Copying ../../build/robot_pkg/robot_pkg.egg-info to /home/ttrxx/TTRXX_WS/install/robot_pkg/lib/python3.10/site-packages/robot_pkg-0.0.0-py3.10.egg-info
[1.341s] running install_scripts
[1.382s] writing list of installed files to '/home/ttrxx/TTRXX_WS/build/robot_pkg/install.log'
[1.427s] Invoked command in '/home/ttrxx/TTRXX_WS/src/robot_pkg' returned '0': PYTHONPATH=/home/ttrxx/TTRXX_WS/build/robot_pkg/prefix_override:/home/ttrxx/TTRXX_WS/install/robot_pkg/lib/python3.10/site-packages:${PYTHONPATH} /usr/bin/python3 -W ignore:setup.py install is deprecated setup.py egg_info --egg-base ../../build/robot_pkg build --build-base /home/ttrxx/TTRXX_WS/build/robot_pkg/build install --record /home/ttrxx/TTRXX_WS/build/robot_pkg/install.log --single-version-externally-managed install_data
