[0.632s] Invoking command in '/home/dev/dev_ws/src/robot_pkg': PYTHONPATH=/home/dev/dev_ws/build/robot_pkg/prefix_override:/home/dev/dev_ws/install/robot_pkg/lib/python3.10/site-packages:${PYTHONPATH} /usr/bin/python3 -W ignore:setup.py install is deprecated setup.py egg_info --egg-base ../../build/robot_pkg build --build-base /home/dev/dev_ws/build/robot_pkg/build install --record /home/dev/dev_ws/build/robot_pkg/install.log --single-version-externally-managed install_data
[0.867s] running egg_info
[0.868s] writing ../../build/robot_pkg/robot_pkg.egg-info/PKG-INFO
[0.868s] writing dependency_links to ../../build/robot_pkg/robot_pkg.egg-info/dependency_links.txt
[0.869s] writing entry points to ../../build/robot_pkg/robot_pkg.egg-info/entry_points.txt
[0.870s] writing requirements to ../../build/robot_pkg/robot_pkg.egg-info/requires.txt
[0.870s] writing top-level names to ../../build/robot_pkg/robot_pkg.egg-info/top_level.txt
[0.872s] reading manifest file '../../build/robot_pkg/robot_pkg.egg-info/SOURCES.txt'
[0.873s] adding license file 'LICENSE'
[0.874s] writing manifest file '../../build/robot_pkg/robot_pkg.egg-info/SOURCES.txt'
[0.874s] running build
[0.874s] running build_py
[0.875s] running install
[0.876s] running install_lib
[0.877s] running install_data
[0.877s] copying urdf/parameters.xacro -> /home/dev/dev_ws/install/robot_pkg/share/robot_pkg/urdf
[0.878s] copying urdf/gazebo_setup.xacro -> /home/dev/dev_ws/install/robot_pkg/share/robot_pkg/urdf
[0.879s] copying urdf/TTR01.urdf.xacro -> /home/dev/dev_ws/install/robot_pkg/share/robot_pkg/urdf
[0.880s] running install_egg_info
[0.882s] removing '/home/dev/dev_ws/install/robot_pkg/lib/python3.10/site-packages/robot_pkg-0.0.0-py3.10.egg-info' (and everything under it)
[0.883s] Copying ../../build/robot_pkg/robot_pkg.egg-info to /home/dev/dev_ws/install/robot_pkg/lib/python3.10/site-packages/robot_pkg-0.0.0-py3.10.egg-info
[0.888s] running install_scripts
[0.905s] writing list of installed files to '/home/dev/dev_ws/build/robot_pkg/install.log'
[0.927s] Invoked command in '/home/dev/dev_ws/src/robot_pkg' returned '0': PYTHONPATH=/home/dev/dev_ws/build/robot_pkg/prefix_override:/home/dev/dev_ws/install/robot_pkg/lib/python3.10/site-packages:${PYTHONPATH} /usr/bin/python3 -W ignore:setup.py install is deprecated setup.py egg_info --egg-base ../../build/robot_pkg build --build-base /home/dev/dev_ws/build/robot_pkg/build install --record /home/dev/dev_ws/build/robot_pkg/install.log --single-version-externally-managed install_data
