[0.006s] Invoking command in '/home/dev-pc/dev_ws/build/diffdrive_arduino': CMAKE_PREFIX_PATH=/home/dev-pc/dev_ws/install/serial:/home/dev-pc/dev_ws/install/sllidar_ros2:/home/dev-pc/dev_ws/install/diffdrive_arduino:/home/dev-pc/dev_ws/install/robot_pkg:/opt/ros/humble /usr/bin/cmake /home/dev-pc/dev_ws/src/diffdrive_arduino -DAMENT_CMAKE_SYMLINK_INSTALL=1 -DCMAKE_INSTALL_PREFIX=/home/dev-pc/dev_ws/install/diffdrive_arduino
[0.047s] -- The C compiler identification is GNU 11.4.0
[0.089s] -- The CXX compiler identification is GNU 11.4.0
[0.094s] -- Detecting C compiler ABI info
[0.144s] -- Detecting C compiler ABI info - done
[0.150s] -- Check for working C compiler: /usr/bin/cc - skipped
[0.150s] -- Detecting C compile features
[0.150s] -- Detecting C compile features - done
[0.153s] -- Detecting CXX compiler ABI info
[0.210s] -- Detecting CXX compiler ABI info - done
[0.215s] -- Check for working CXX compiler: /usr/bin/c++ - skipped
[0.215s] -- Detecting CXX compile features
[0.216s] -- Detecting CXX compile features - done
[0.217s] -- Found ament_cmake: 1.3.9 (/opt/ros/humble/share/ament_cmake/cmake)
[0.497s] -- Found Python3: /usr/bin/python3 (found version "3.10.12") found components: Interpreter 
[0.542s] -- Override CMake install command with custom implementation using symlinks instead of copying resources
[0.559s] -- Found serial: 1.2.1 (/home/dev-pc/dev_ws/install/serial/share/serial/cmake)
[0.561s] -- Found hardware_interface: 2.41.0 (/opt/ros/humble/share/hardware_interface/cmake)
[0.588s] -- Found rosidl_generator_c: 3.1.5 (/opt/ros/humble/share/rosidl_generator_c/cmake)
[0.592s] -- Found rosidl_adapter: 3.1.5 (/opt/ros/humble/share/rosidl_adapter/cmake)
[0.598s] -- Found rosidl_generator_cpp: 3.1.5 (/opt/ros/humble/share/rosidl_generator_cpp/cmake)
[0.607s] -- Using all available rosidl_typesupport_c: rosidl_typesupport_fastrtps_c;rosidl_typesupport_introspection_c
[0.620s] -- Using all available rosidl_typesupport_cpp: rosidl_typesupport_fastrtps_cpp;rosidl_typesupport_introspection_cpp
[1.090s] -- Found rmw_implementation_cmake: 6.1.2 (/opt/ros/humble/share/rmw_implementation_cmake/cmake)
[1.092s] -- Found rmw_fastrtps_cpp: 6.2.6 (/opt/ros/humble/share/rmw_fastrtps_cpp/cmake)
[1.116s] -- Found TinyXML2 via Config file: TinyXML2_DIR-NOTFOUND
[1.154s] -- Found OpenSSL: /usr/lib/x86_64-linux-gnu/libcrypto.so (found version "3.0.2")  
[1.156s] -- Found TinyXML2 via Config file: TinyXML2_DIR-NOTFOUND
[1.166s] -- Found FastRTPS: /opt/ros/humble/include  
[1.172s] -- Found TinyXML2 via Config file: TinyXML2_DIR-NOTFOUND
[1.178s] -- Found TinyXML2 via Config file: TinyXML2_DIR-NOTFOUND
[1.185s] -- Using RMW implementation 'rmw_fastrtps_cpp' as default
[1.191s] -- Looking for pthread.h
[1.239s] -- Looking for pthread.h - found
[1.239s] -- Performing Test CMAKE_HAVE_LIBC_PTHREAD
[1.289s] -- Performing Test CMAKE_HAVE_LIBC_PTHREAD - Success
[1.289s] -- Found Threads: TRUE  
[1.396s] -- Found controller_manager: 2.41.0 (/opt/ros/humble/share/controller_manager/cmake)
[2.322s] -- Configuring done
[2.348s] -- Generating done
[2.350s] -- Build files have been written to: /home/dev-pc/dev_ws/build/diffdrive_arduino
[2.358s] Invoked command in '/home/dev-pc/dev_ws/build/diffdrive_arduino' returned '0': CMAKE_PREFIX_PATH=/home/dev-pc/dev_ws/install/serial:/home/dev-pc/dev_ws/install/sllidar_ros2:/home/dev-pc/dev_ws/install/diffdrive_arduino:/home/dev-pc/dev_ws/install/robot_pkg:/opt/ros/humble /usr/bin/cmake /home/dev-pc/dev_ws/src/diffdrive_arduino -DAMENT_CMAKE_SYMLINK_INSTALL=1 -DCMAKE_INSTALL_PREFIX=/home/dev-pc/dev_ws/install/diffdrive_arduino
[2.359s] Invoking command in '/home/dev-pc/dev_ws/build/diffdrive_arduino': CMAKE_PREFIX_PATH=/home/dev-pc/dev_ws/install/serial:/home/dev-pc/dev_ws/install/sllidar_ros2:/home/dev-pc/dev_ws/install/diffdrive_arduino:/home/dev-pc/dev_ws/install/robot_pkg:/opt/ros/humble /usr/bin/cmake --build /home/dev-pc/dev_ws/build/diffdrive_arduino -- -j8 -l8
[2.395s] [ 14%] [32mBuilding CXX object CMakeFiles/diffdrive_arduino.dir/src/diffdrive_arduino.cpp.o[0m
[2.396s] [ 57%] [32mBuilding CXX object CMakeFiles/fake_robot.dir/src/wheel.cpp.o[0m
[2.396s] [ 57%] [32mBuilding CXX object CMakeFiles/fake_robot.dir/src/fake_robot.cpp.o[0m
[2.396s] [ 57%] [32mBuilding CXX object CMakeFiles/diffdrive_arduino.dir/src/wheel.cpp.o[0m
[2.396s] [ 71%] [32mBuilding CXX object CMakeFiles/diffdrive_arduino.dir/src/arduino_comms.cpp.o[0m
[4.997s] [ 85%] [32m[1mLinking CXX shared library libfake_robot.so[0m
[5.106s] [ 85%] Built target fake_robot
[5.170s] [100%] [32m[1mLinking CXX shared library libdiffdrive_arduino.so[0m
[5.297s] [100%] Built target diffdrive_arduino
[5.308s] Invoked command in '/home/dev-pc/dev_ws/build/diffdrive_arduino' returned '0': CMAKE_PREFIX_PATH=/home/dev-pc/dev_ws/install/serial:/home/dev-pc/dev_ws/install/sllidar_ros2:/home/dev-pc/dev_ws/install/diffdrive_arduino:/home/dev-pc/dev_ws/install/robot_pkg:/opt/ros/humble /usr/bin/cmake --build /home/dev-pc/dev_ws/build/diffdrive_arduino -- -j8 -l8
[5.341s] Invoking command in '/home/dev-pc/dev_ws/build/diffdrive_arduino': CMAKE_PREFIX_PATH=/home/dev-pc/dev_ws/install/serial:/home/dev-pc/dev_ws/install/sllidar_ros2:/home/dev-pc/dev_ws/install/diffdrive_arduino:/home/dev-pc/dev_ws/install/robot_pkg:/opt/ros/humble /usr/bin/cmake --install /home/dev-pc/dev_ws/build/diffdrive_arduino
[5.348s] -- Install configuration: ""
[5.349s] -- Execute custom install script
[5.349s] -- Symlinking: /home/dev-pc/dev_ws/install/diffdrive_arduino/share/diffdrive_arduino//robot_hardware.xml
[5.355s] -- Symlinking: /home/dev-pc/dev_ws/install/diffdrive_arduino/share/diffdrive_arduino//fake_robot_hardware.xml
[5.362s] -- Symlinking: /home/dev-pc/dev_ws/install/diffdrive_arduino/lib/libdiffdrive_arduino.so
[5.369s] -- Symlinking: /home/dev-pc/dev_ws/install/diffdrive_arduino/lib/libfake_robot.so
[5.374s] -- Symlinking: /home/dev-pc/dev_ws/install/diffdrive_arduino/share/diffdrive_arduino/controllers/robot_controller_example.yaml
[5.381s] -- Symlinking: /home/dev-pc/dev_ws/install/diffdrive_arduino/share/diffdrive_arduino/__pycache__/test_robot.launch.cpython-310.pyc
[5.386s] -- Symlinking: /home/dev-pc/dev_ws/install/diffdrive_arduino/share/diffdrive_arduino/fake_robot.launch.py
[5.392s] -- Symlinking: /home/dev-pc/dev_ws/install/diffdrive_arduino/share/diffdrive_arduino/test_robot.launch.py
[5.399s] -- Symlinking: /home/dev-pc/dev_ws/install/diffdrive_arduino/share/diffdrive_arduino/environment/library_path.sh
[5.405s] -- Symlinking: /home/dev-pc/dev_ws/install/diffdrive_arduino/share/diffdrive_arduino/environment/library_path.dsv
[5.411s] -- Symlinking: /home/dev-pc/dev_ws/install/diffdrive_arduino/share/ament_index/resource_index/package_run_dependencies/diffdrive_arduino
[5.417s] -- Symlinking: /home/dev-pc/dev_ws/install/diffdrive_arduino/share/ament_index/resource_index/parent_prefix_path/diffdrive_arduino
[5.422s] -- Symlinking: /home/dev-pc/dev_ws/install/diffdrive_arduino/share/diffdrive_arduino/environment/ament_prefix_path.sh
[5.429s] -- Symlinking: /home/dev-pc/dev_ws/install/diffdrive_arduino/share/diffdrive_arduino/environment/ament_prefix_path.dsv
[5.434s] -- Symlinking: /home/dev-pc/dev_ws/install/diffdrive_arduino/share/diffdrive_arduino/environment/path.sh
[5.440s] -- Symlinking: /home/dev-pc/dev_ws/install/diffdrive_arduino/share/diffdrive_arduino/environment/path.dsv
[5.446s] -- Symlinking: /home/dev-pc/dev_ws/install/diffdrive_arduino/share/diffdrive_arduino/local_setup.bash
[5.452s] -- Symlinking: /home/dev-pc/dev_ws/install/diffdrive_arduino/share/diffdrive_arduino/local_setup.sh
[5.458s] -- Symlinking: /home/dev-pc/dev_ws/install/diffdrive_arduino/share/diffdrive_arduino/local_setup.zsh
[5.464s] -- Symlinking: /home/dev-pc/dev_ws/install/diffdrive_arduino/share/diffdrive_arduino/local_setup.dsv
[5.470s] -- Symlinking: /home/dev-pc/dev_ws/install/diffdrive_arduino/share/diffdrive_arduino/package.dsv
[5.476s] -- Symlinking: /home/dev-pc/dev_ws/install/diffdrive_arduino/share/ament_index/resource_index/packages/diffdrive_arduino
[5.482s] -- Symlinking: /home/dev-pc/dev_ws/install/diffdrive_arduino/share/ament_index/resource_index/hardware_interface__pluginlib__plugin/diffdrive_arduino
[5.488s] -- Symlinking: /home/dev-pc/dev_ws/install/diffdrive_arduino/share/diffdrive_arduino/cmake/ament_cmake_export_libraries-extras.cmake
[5.494s] -- Symlinking: /home/dev-pc/dev_ws/install/diffdrive_arduino/share/diffdrive_arduino/cmake/ament_cmake_export_dependencies-extras.cmake
[5.500s] -- Symlinking: /home/dev-pc/dev_ws/install/diffdrive_arduino/share/diffdrive_arduino/cmake/diffdrive_arduinoConfig.cmake
[5.506s] -- Symlinking: /home/dev-pc/dev_ws/install/diffdrive_arduino/share/diffdrive_arduino/cmake/diffdrive_arduinoConfig-version.cmake
[5.512s] -- Symlinking: /home/dev-pc/dev_ws/install/diffdrive_arduino/share/diffdrive_arduino/package.xml
[5.521s] Invoked command in '/home/dev-pc/dev_ws/build/diffdrive_arduino' returned '0': CMAKE_PREFIX_PATH=/home/dev-pc/dev_ws/install/serial:/home/dev-pc/dev_ws/install/sllidar_ros2:/home/dev-pc/dev_ws/install/diffdrive_arduino:/home/dev-pc/dev_ws/install/robot_pkg:/opt/ros/humble /usr/bin/cmake --install /home/dev-pc/dev_ws/build/diffdrive_arduino
