/home/dev-pc/tesis/dev_ws/install/robot_pkg/lib/python3.10/site-packages/robot_pkg/__init__.py
/home/dev-pc/tesis/dev_ws/install/robot_pkg/lib/python3.10/site-packages/robot_pkg/__pycache__/__init__.cpython-310.pyc
/home/dev-pc/tesis/dev_ws/install/robot_pkg/share/ament_index/resource_index/packages/robot_pkg
/home/dev-pc/tesis/dev_ws/install/robot_pkg/share/robot_pkg/package.xml
/home/dev-pc/tesis/dev_ws/install/robot_pkg/share/robot_pkg/urdf/TTR01.urdf.xacro
/home/dev-pc/tesis/dev_ws/install/robot_pkg/share/robot_pkg/urdf/gazebo_setup.xacro
/home/dev-pc/tesis/dev_ws/install/robot_pkg/share/robot_pkg/launch/gazebo.launch.py
/home/dev-pc/tesis/dev_ws/install/robot_pkg/share/robot_pkg/launch/display.launch.py
/home/dev-pc/tesis/dev_ws/install/robot_pkg/share/robot_pkg/meshes/Support_A_link.STL
/home/dev-pc/tesis/dev_ws/install/robot_pkg/share/robot_pkg/meshes/M_base_link.STL
/home/dev-pc/tesis/dev_ws/install/robot_pkg/share/robot_pkg/meshes/U_base_wheel_1_link.STL
/home/dev-pc/tesis/dev_ws/install/robot_pkg/share/robot_pkg/meshes/Support_B_link.STL
/home/dev-pc/tesis/dev_ws/install/robot_pkg/share/robot_pkg/meshes/L_wheel_link.STL
/home/dev-pc/tesis/dev_ws/install/robot_pkg/share/robot_pkg/meshes/T_base_link.STL
/home/dev-pc/tesis/dev_ws/install/robot_pkg/share/robot_pkg/meshes/U_wheel_2_link.STL
/home/dev-pc/tesis/dev_ws/install/robot_pkg/share/robot_pkg/meshes/U_wheel_1_link.STL
/home/dev-pc/tesis/dev_ws/install/robot_pkg/share/robot_pkg/meshes/U_base_wheel_2_link.STL
/home/dev-pc/tesis/dev_ws/install/robot_pkg/share/robot_pkg/meshes/R_wheel_link.STL
/home/dev-pc/tesis/dev_ws/install/robot_pkg/share/robot_pkg/meshes/base_link.STL
/home/dev-pc/tesis/dev_ws/install/robot_pkg/lib/python3.10/site-packages/robot_pkg-0.0.0-py3.10.egg-info/dependency_links.txt
/home/dev-pc/tesis/dev_ws/install/robot_pkg/lib/python3.10/site-packages/robot_pkg-0.0.0-py3.10.egg-info/top_level.txt
/home/dev-pc/tesis/dev_ws/install/robot_pkg/lib/python3.10/site-packages/robot_pkg-0.0.0-py3.10.egg-info/requires.txt
/home/dev-pc/tesis/dev_ws/install/robot_pkg/lib/python3.10/site-packages/robot_pkg-0.0.0-py3.10.egg-info/PKG-INFO
/home/dev-pc/tesis/dev_ws/install/robot_pkg/lib/python3.10/site-packages/robot_pkg-0.0.0-py3.10.egg-info/zip-safe
/home/dev-pc/tesis/dev_ws/install/robot_pkg/lib/python3.10/site-packages/robot_pkg-0.0.0-py3.10.egg-info/SOURCES.txt
/home/dev-pc/tesis/dev_ws/install/robot_pkg/lib/python3.10/site-packages/robot_pkg-0.0.0-py3.10.egg-info/entry_points.txt
