[0.028s] Invoking command in '/home/dev-pc/dev_ws/build/diffdrive_arduino': CMAKE_PREFIX_PATH=/home/dev-pc/dev_ws/install/serial:/home/dev-pc/dev_ws/install/sllidar_ros2:/home/dev-pc/dev_ws/install/diffdrive_arduino:/home/dev-pc/dev_ws/install/robot_pkg:/opt/ros/humble /usr/bin/cmake --build /home/dev-pc/dev_ws/build/diffdrive_arduino -- -j8 -l8
[0.159s] [ 42%] Built target fake_robot
[0.164s] [100%] Built target diffdrive_arduino
[0.185s] Invoked command in '/home/dev-pc/dev_ws/build/diffdrive_arduino' returned '0': CMAKE_PREFIX_PATH=/home/dev-pc/dev_ws/install/serial:/home/dev-pc/dev_ws/install/sllidar_ros2:/home/dev-pc/dev_ws/install/diffdrive_arduino:/home/dev-pc/dev_ws/install/robot_pkg:/opt/ros/humble /usr/bin/cmake --build /home/dev-pc/dev_ws/build/diffdrive_arduino -- -j8 -l8
[0.246s] Invoking command in '/home/dev-pc/dev_ws/build/diffdrive_arduino': CMAKE_PREFIX_PATH=/home/dev-pc/dev_ws/install/serial:/home/dev-pc/dev_ws/install/sllidar_ros2:/home/dev-pc/dev_ws/install/diffdrive_arduino:/home/dev-pc/dev_ws/install/robot_pkg:/opt/ros/humble /usr/bin/cmake --install /home/dev-pc/dev_ws/build/diffdrive_arduino
[0.258s] -- Install configuration: ""
[0.259s] -- Execute custom install script
[0.259s] -- Up-to-date symlink: /home/dev-pc/dev_ws/install/diffdrive_arduino/share/diffdrive_arduino//robot_hardware.xml
[0.260s] -- Up-to-date symlink: /home/dev-pc/dev_ws/install/diffdrive_arduino/share/diffdrive_arduino//fake_robot_hardware.xml
[0.260s] -- Up-to-date symlink: /home/dev-pc/dev_ws/install/diffdrive_arduino/lib/libdiffdrive_arduino.so
[0.260s] -- Up-to-date symlink: /home/dev-pc/dev_ws/install/diffdrive_arduino/lib/libfake_robot.so
[0.261s] -- Up-to-date symlink: /home/dev-pc/dev_ws/install/diffdrive_arduino/share/diffdrive_arduino/controllers/robot_controller_example.yaml
[0.261s] -- Up-to-date symlink: /home/dev-pc/dev_ws/install/diffdrive_arduino/share/diffdrive_arduino/__pycache__/test_robot.launch.cpython-310.pyc
[0.261s] -- Up-to-date symlink: /home/dev-pc/dev_ws/install/diffdrive_arduino/share/diffdrive_arduino/fake_robot.launch.py
[0.261s] -- Up-to-date symlink: /home/dev-pc/dev_ws/install/diffdrive_arduino/share/diffdrive_arduino/test_robot.launch.py
[0.262s] -- Up-to-date symlink: /home/dev-pc/dev_ws/install/diffdrive_arduino/share/diffdrive_arduino/environment/library_path.sh
[0.262s] -- Up-to-date symlink: /home/dev-pc/dev_ws/install/diffdrive_arduino/share/diffdrive_arduino/environment/library_path.dsv
[0.262s] -- Up-to-date symlink: /home/dev-pc/dev_ws/install/diffdrive_arduino/share/ament_index/resource_index/package_run_dependencies/diffdrive_arduino
[0.262s] -- Up-to-date symlink: /home/dev-pc/dev_ws/install/diffdrive_arduino/share/ament_index/resource_index/parent_prefix_path/diffdrive_arduino
[0.262s] -- Up-to-date symlink: /home/dev-pc/dev_ws/install/diffdrive_arduino/share/diffdrive_arduino/environment/ament_prefix_path.sh
[0.263s] -- Up-to-date symlink: /home/dev-pc/dev_ws/install/diffdrive_arduino/share/diffdrive_arduino/environment/ament_prefix_path.dsv
[0.263s] -- Up-to-date symlink: /home/dev-pc/dev_ws/install/diffdrive_arduino/share/diffdrive_arduino/environment/path.sh
[0.264s] -- Up-to-date symlink: /home/dev-pc/dev_ws/install/diffdrive_arduino/share/diffdrive_arduino/environment/path.dsv
[0.264s] -- Up-to-date symlink: /home/dev-pc/dev_ws/install/diffdrive_arduino/share/diffdrive_arduino/local_setup.bash
[0.264s] -- Up-to-date symlink: /home/dev-pc/dev_ws/install/diffdrive_arduino/share/diffdrive_arduino/local_setup.sh
[0.264s] -- Up-to-date symlink: /home/dev-pc/dev_ws/install/diffdrive_arduino/share/diffdrive_arduino/local_setup.zsh
[0.264s] -- Up-to-date symlink: /home/dev-pc/dev_ws/install/diffdrive_arduino/share/diffdrive_arduino/local_setup.dsv
[0.265s] -- Symlinking: /home/dev-pc/dev_ws/install/diffdrive_arduino/share/diffdrive_arduino/package.dsv
[0.280s] -- Up-to-date symlink: /home/dev-pc/dev_ws/install/diffdrive_arduino/share/ament_index/resource_index/packages/diffdrive_arduino
[0.281s] -- Up-to-date symlink: /home/dev-pc/dev_ws/install/diffdrive_arduino/share/ament_index/resource_index/hardware_interface__pluginlib__plugin/diffdrive_arduino
[0.281s] -- Up-to-date symlink: /home/dev-pc/dev_ws/install/diffdrive_arduino/share/diffdrive_arduino/cmake/ament_cmake_export_libraries-extras.cmake
[0.281s] -- Up-to-date symlink: /home/dev-pc/dev_ws/install/diffdrive_arduino/share/diffdrive_arduino/cmake/ament_cmake_export_dependencies-extras.cmake
[0.281s] -- Up-to-date symlink: /home/dev-pc/dev_ws/install/diffdrive_arduino/share/diffdrive_arduino/cmake/diffdrive_arduinoConfig.cmake
[0.281s] -- Up-to-date symlink: /home/dev-pc/dev_ws/install/diffdrive_arduino/share/diffdrive_arduino/cmake/diffdrive_arduinoConfig-version.cmake
[0.281s] -- Up-to-date symlink: /home/dev-pc/dev_ws/install/diffdrive_arduino/share/diffdrive_arduino/package.xml
[0.286s] Invoked command in '/home/dev-pc/dev_ws/build/diffdrive_arduino' returned '0': CMAKE_PREFIX_PATH=/home/dev-pc/dev_ws/install/serial:/home/dev-pc/dev_ws/install/sllidar_ros2:/home/dev-pc/dev_ws/install/diffdrive_arduino:/home/dev-pc/dev_ws/install/robot_pkg:/opt/ros/humble /usr/bin/cmake --install /home/dev-pc/dev_ws/build/diffdrive_arduino
