[0.757s] Invoking command in '/home/dev/dev_ws/src/robot_pkg': PYTHONPATH=/home/dev/dev_ws/build/robot_pkg/prefix_override:/home/dev/dev_ws/install/robot_pkg/lib/python3.10/site-packages:${PYTHONPATH} /usr/bin/python3 -W ignore:setup.py install is deprecated setup.py egg_info --egg-base ../../build/robot_pkg build --build-base /home/dev/dev_ws/build/robot_pkg/build install --record /home/dev/dev_ws/build/robot_pkg/install.log --single-version-externally-managed install_data
[1.003s] running egg_info
[1.003s] writing ../../build/robot_pkg/robot_pkg.egg-info/PKG-INFO
[1.004s] writing dependency_links to ../../build/robot_pkg/robot_pkg.egg-info/dependency_links.txt
[1.005s] writing entry points to ../../build/robot_pkg/robot_pkg.egg-info/entry_points.txt
[1.009s] writing requirements to ../../build/robot_pkg/robot_pkg.egg-info/requires.txt
[1.009s] writing top-level names to ../../build/robot_pkg/robot_pkg.egg-info/top_level.txt
[1.010s] reading manifest file '../../build/robot_pkg/robot_pkg.egg-info/SOURCES.txt'
[1.010s] adding license file 'LICENSE'
[1.012s] writing manifest file '../../build/robot_pkg/robot_pkg.egg-info/SOURCES.txt'
[1.013s] running build
[1.013s] running build_py
[1.013s] running install
[1.014s] running install_lib
[1.018s] running install_data
[1.018s] copying urdf/TTR01.urdf.xacro -> /home/dev/dev_ws/install/robot_pkg/share/robot_pkg/urdf
[1.019s] running install_egg_info
[1.023s] removing '/home/dev/dev_ws/install/robot_pkg/lib/python3.10/site-packages/robot_pkg-0.0.0-py3.10.egg-info' (and everything under it)
[1.036s] Copying ../../build/robot_pkg/robot_pkg.egg-info to /home/dev/dev_ws/install/robot_pkg/lib/python3.10/site-packages/robot_pkg-0.0.0-py3.10.egg-info
[1.037s] running install_scripts
[1.088s] writing list of installed files to '/home/dev/dev_ws/build/robot_pkg/install.log'
[1.151s] Invoked command in '/home/dev/dev_ws/src/robot_pkg' returned '0': PYTHONPATH=/home/dev/dev_ws/build/robot_pkg/prefix_override:/home/dev/dev_ws/install/robot_pkg/lib/python3.10/site-packages:${PYTHONPATH} /usr/bin/python3 -W ignore:setup.py install is deprecated setup.py egg_info --egg-base ../../build/robot_pkg build --build-base /home/dev/dev_ws/build/robot_pkg/build install --record /home/dev/dev_ws/build/robot_pkg/install.log --single-version-externally-managed install_data
