[0.010s] Invoking command in '/home/dev-pc/dev_ws/build/serial': CMAKE_PREFIX_PATH=${CMAKE_PREFIX_PATH}:/opt/ros/humble /usr/bin/cmake /home/dev-pc/dev_ws/src/serial -DAMENT_CMAKE_SYMLINK_INSTALL=1 -DCMAKE_INSTALL_PREFIX=/home/dev-pc/dev_ws/install/serial
[0.049s] -- The C compiler identification is GNU 11.4.0
[0.089s] -- The CXX compiler identification is GNU 11.4.0
[0.094s] -- Detecting C compiler ABI info
[0.143s] -- Detecting C compiler ABI info - done
[0.147s] -- Check for working C compiler: /usr/bin/cc - skipped
[0.148s] -- Detecting C compile features
[0.148s] -- Detecting C compile features - done
[0.150s] -- Detecting CXX compiler ABI info
[0.207s] -- Detecting CXX compiler ABI info - done
[0.214s] -- Check for working CXX compiler: /usr/bin/c++ - skipped
[0.215s] -- Detecting CXX compile features
[0.215s] -- Detecting CXX compile features - done
[0.217s] -- Found ament_cmake: 1.3.9 (/opt/ros/humble/share/ament_cmake/cmake)
[0.512s] -- Found Python3: /usr/bin/python3 (found version "3.10.12") found components: Interpreter 
[0.561s] -- Override CMake install command with custom implementation using symlinks instead of copying resources
[0.581s] -- Found ament_cmake_gtest: 1.3.9 (/opt/ros/humble/share/ament_cmake_gtest/cmake)
[0.587s] -- Found Boost: /usr/lib/x86_64-linux-gnu/cmake/Boost-1.74.0/BoostConfig.cmake (found version "1.74.0")  
[0.589s] -- Found gtest sources under '/opt/ros/humble/src/gtest_vendor': C++ tests using 'Google Test' will be built
[0.591s] -- Looking for pthread.h
[0.649s] -- Looking for pthread.h - found
[0.649s] -- Performing Test CMAKE_HAVE_LIBC_PTHREAD
[0.702s] -- Performing Test CMAKE_HAVE_LIBC_PTHREAD - Success
[0.703s] -- Found Threads: TRUE  
[0.756s] -- Configuring done
[0.764s] -- Generating done
[0.765s] -- Build files have been written to: /home/dev-pc/dev_ws/build/serial
[0.769s] Invoked command in '/home/dev-pc/dev_ws/build/serial' returned '0': CMAKE_PREFIX_PATH=${CMAKE_PREFIX_PATH}:/opt/ros/humble /usr/bin/cmake /home/dev-pc/dev_ws/src/serial -DAMENT_CMAKE_SYMLINK_INSTALL=1 -DCMAKE_INSTALL_PREFIX=/home/dev-pc/dev_ws/install/serial
[0.770s] Invoking command in '/home/dev-pc/dev_ws/build/serial': CMAKE_PREFIX_PATH=${CMAKE_PREFIX_PATH}:/opt/ros/humble /usr/bin/cmake --build /home/dev-pc/dev_ws/build/serial -- -j8 -l8
[0.805s] [  7%] [32mBuilding CXX object gtest/CMakeFiles/gtest.dir/src/gtest-all.cc.o[0m
[0.805s] [ 21%] [32mBuilding CXX object CMakeFiles/serial.dir/src/impl/list_ports/list_ports_linux.cc.o[0m
[0.805s] [ 21%] [32mBuilding CXX object CMakeFiles/serial.dir/src/serial.cc.o[0m
[0.805s] [ 28%] [32mBuilding CXX object CMakeFiles/serial.dir/src/impl/unix.cc.o[0m
[0.809s] [ 35%] [32mBuilding CXX object gtest/CMakeFiles/gtest_main.dir/src/gtest_main.cc.o[0m
[1.270s] [ 42%] [32m[1mLinking CXX static library libserial.a[0m
[1.294s] [ 42%] Built target serial
[1.309s] [ 50%] [32mBuilding CXX object CMakeFiles/serial_example.dir/examples/serial_example.cc.o[0m
[1.682s] [ 57%] [32m[1mLinking CXX executable serial_example[0m
[1.721s] [ 64%] [32m[1mLinking CXX static library libgtest_main.a[0m
[1.883s] [ 64%] Built target gtest_main
[1.959s] [ 64%] Built target serial_example
[4.327s] [ 71%] [32m[1mLinking CXX static library libgtest.a[0m
[4.370s] [ 71%] Built target gtest
[4.385s] [ 85%] [32mBuilding CXX object tests/CMakeFiles/serial-test.dir/unix_serial_tests.cc.o[0m
[4.385s] [ 85%] [32mBuilding CXX object tests/CMakeFiles/serial-test-timer.dir/unit/unix_timer_tests.cc.o[0m
[4.981s] In file included from [01m[K/usr/include/boost/bind.hpp:30[m[K,
[4.981s]                  from [01m[K/home/dev-pc/dev_ws/src/serial/tests/unix_serial_tests.cc:23[m[K:
[4.981s] [01m[K/usr/include/boost/bind.hpp:36:1:[m[K [01;36m[Knote: [m[K‘[01m[K#pragma message: The practice of declaring the Bind placeholders (_1, _2, ...) in the global namespace is deprecated. Please use <boost/bind/bind.hpp> + using namespace boost::placeholders, or define BOOST_BIND_GLOBAL_PLACEHOLDERS to retain the current behavior.[m[K’
[4.981s]    36 | [01;36m[KBOOST_PRAGMA_MESSAGE[m[K(
[4.981s]       | [01;36m[K^~~~~~~~~~~~~~~~~~~~[m[K
[5.057s] [ 92%] [32m[1mLinking CXX executable serial-test-timer[0m
[5.148s] [100%] [32m[1mLinking CXX executable serial-test[0m
[5.162s] [100%] Built target serial-test-timer
[5.254s] [100%] Built target serial-test
[5.262s] Invoked command in '/home/dev-pc/dev_ws/build/serial' returned '0': CMAKE_PREFIX_PATH=${CMAKE_PREFIX_PATH}:/opt/ros/humble /usr/bin/cmake --build /home/dev-pc/dev_ws/build/serial -- -j8 -l8
[5.289s] Invoking command in '/home/dev-pc/dev_ws/build/serial': CMAKE_PREFIX_PATH=${CMAKE_PREFIX_PATH}:/opt/ros/humble /usr/bin/cmake --install /home/dev-pc/dev_ws/build/serial
[5.295s] -- Install configuration: ""
[5.295s] -- Execute custom install script
[5.295s] -- Symlinking: /home/dev-pc/dev_ws/install/serial/lib/libserial.a
[5.302s] -- Symlinking: /home/dev-pc/dev_ws/install/serial/include/serial/serial.h
[5.309s] -- Symlinking: /home/dev-pc/dev_ws/install/serial/include/serial/v8stdint.h
[5.316s] -- Symlinking: /home/dev-pc/dev_ws/install/serial/share/serial/environment/library_path.sh
[5.322s] -- Symlinking: /home/dev-pc/dev_ws/install/serial/share/serial/environment/library_path.dsv
[5.329s] -- Symlinking: /home/dev-pc/dev_ws/install/serial/share/ament_index/resource_index/package_run_dependencies/serial
[5.336s] -- Symlinking: /home/dev-pc/dev_ws/install/serial/share/ament_index/resource_index/parent_prefix_path/serial
[5.343s] -- Symlinking: /home/dev-pc/dev_ws/install/serial/share/serial/environment/ament_prefix_path.sh
[5.350s] -- Symlinking: /home/dev-pc/dev_ws/install/serial/share/serial/environment/ament_prefix_path.dsv
[5.357s] -- Symlinking: /home/dev-pc/dev_ws/install/serial/share/serial/environment/path.sh
[5.363s] -- Symlinking: /home/dev-pc/dev_ws/install/serial/share/serial/environment/path.dsv
[5.370s] -- Symlinking: /home/dev-pc/dev_ws/install/serial/share/serial/local_setup.bash
[5.376s] -- Symlinking: /home/dev-pc/dev_ws/install/serial/share/serial/local_setup.sh
[5.383s] -- Symlinking: /home/dev-pc/dev_ws/install/serial/share/serial/local_setup.zsh
[5.389s] -- Symlinking: /home/dev-pc/dev_ws/install/serial/share/serial/local_setup.dsv
[5.396s] -- Symlinking: /home/dev-pc/dev_ws/install/serial/share/serial/package.dsv
[5.402s] -- Symlinking: /home/dev-pc/dev_ws/install/serial/share/ament_index/resource_index/packages/serial
[5.409s] -- Symlinking: /home/dev-pc/dev_ws/install/serial/share/serial/cmake/ament_cmake_export_include_directories-extras.cmake
[5.416s] -- Symlinking: /home/dev-pc/dev_ws/install/serial/share/serial/cmake/ament_cmake_export_libraries-extras.cmake
[5.422s] -- Symlinking: /home/dev-pc/dev_ws/install/serial/share/serial/cmake/serialConfig.cmake
[5.429s] -- Symlinking: /home/dev-pc/dev_ws/install/serial/share/serial/cmake/serialConfig-version.cmake
[5.436s] -- Symlinking: /home/dev-pc/dev_ws/install/serial/share/serial/package.xml
[5.444s] Invoked command in '/home/dev-pc/dev_ws/build/serial' returned '0': CMAKE_PREFIX_PATH=${CMAKE_PREFIX_PATH}:/opt/ros/humble /usr/bin/cmake --install /home/dev-pc/dev_ws/build/serial
