[3.216s] Invoking command in '/home/dev/dev_ws/src/robot_pkg': PYTHONPATH=/home/dev/dev_ws/build/robot_pkg/prefix_override:/home/dev/dev_ws/install/robot_pkg/lib/python3.10/site-packages:${PYTHONPATH} /usr/bin/python3 -W ignore:setup.py install is deprecated setup.py egg_info --egg-base ../../build/robot_pkg build --build-base /home/dev/dev_ws/build/robot_pkg/build install --record /home/dev/dev_ws/build/robot_pkg/install.log --single-version-externally-managed install_data
[4.416s] running egg_info
[4.418s] writing ../../build/robot_pkg/robot_pkg.egg-info/PKG-INFO
[4.421s] writing dependency_links to ../../build/robot_pkg/robot_pkg.egg-info/dependency_links.txt
[4.423s] writing entry points to ../../build/robot_pkg/robot_pkg.egg-info/entry_points.txt
[4.425s] writing requirements to ../../build/robot_pkg/robot_pkg.egg-info/requires.txt
[4.426s] writing top-level names to ../../build/robot_pkg/robot_pkg.egg-info/top_level.txt
[4.434s] reading manifest file '../../build/robot_pkg/robot_pkg.egg-info/SOURCES.txt'
[4.437s] adding license file 'LICENSE'
[4.442s] writing manifest file '../../build/robot_pkg/robot_pkg.egg-info/SOURCES.txt'
[4.447s] running build
[4.459s] running build_py
[4.461s] running install
[4.464s] running install_lib
[4.469s] running install_data
[4.472s] copying urdf/TTR01.urdf.xacro -> /home/dev/dev_ws/install/robot_pkg/share/robot_pkg/urdf
[4.472s] running install_egg_info
[4.501s] removing '/home/dev/dev_ws/install/robot_pkg/lib/python3.10/site-packages/robot_pkg-0.0.0-py3.10.egg-info' (and everything under it)
[4.520s] Copying ../../build/robot_pkg/robot_pkg.egg-info to /home/dev/dev_ws/install/robot_pkg/lib/python3.10/site-packages/robot_pkg-0.0.0-py3.10.egg-info
[4.533s] running install_scripts
[4.629s] writing list of installed files to '/home/dev/dev_ws/build/robot_pkg/install.log'
[4.775s] Invoked command in '/home/dev/dev_ws/src/robot_pkg' returned '0': PYTHONPATH=/home/dev/dev_ws/build/robot_pkg/prefix_override:/home/dev/dev_ws/install/robot_pkg/lib/python3.10/site-packages:${PYTHONPATH} /usr/bin/python3 -W ignore:setup.py install is deprecated setup.py egg_info --egg-base ../../build/robot_pkg build --build-base /home/dev/dev_ws/build/robot_pkg/build install --record /home/dev/dev_ws/build/robot_pkg/install.log --single-version-externally-managed install_data
