[0.013s] Invoking command in '/home/dev-pc/dev_ws/build/serial': CMAKE_PREFIX_PATH=${CMAKE_PREFIX_PATH}:/opt/ros/humble /usr/bin/cmake --build /home/dev-pc/dev_ws/build/serial -- -j8 -l8
[0.051s] [ 28%] Built target serial
[0.053s] [ 42%] Built target gtest
[0.056s] [ 57%] Built target gtest_main
[0.070s] [ 71%] Built target serial_example
[0.077s] [ 85%] Built target serial-test-timer
[0.078s] [100%] Built target serial-test
[0.087s] Invoked command in '/home/dev-pc/dev_ws/build/serial' returned '0': CMAKE_PREFIX_PATH=${CMAKE_PREFIX_PATH}:/opt/ros/humble /usr/bin/cmake --build /home/dev-pc/dev_ws/build/serial -- -j8 -l8
[0.113s] Invoking command in '/home/dev-pc/dev_ws/build/serial': CMAKE_PREFIX_PATH=${CMAKE_PREFIX_PATH}:/opt/ros/humble /usr/bin/cmake --install /home/dev-pc/dev_ws/build/serial
[0.119s] -- Install configuration: ""
[0.119s] -- Execute custom install script
[0.119s] -- Up-to-date symlink: /home/dev-pc/dev_ws/install/serial/lib/libserial.a
[0.119s] -- Up-to-date symlink: /home/dev-pc/dev_ws/install/serial/include/serial/serial.h
[0.119s] -- Up-to-date symlink: /home/dev-pc/dev_ws/install/serial/include/serial/v8stdint.h
[0.120s] -- Up-to-date symlink: /home/dev-pc/dev_ws/install/serial/share/serial/environment/library_path.sh
[0.120s] -- Up-to-date symlink: /home/dev-pc/dev_ws/install/serial/share/serial/environment/library_path.dsv
[0.120s] -- Up-to-date symlink: /home/dev-pc/dev_ws/install/serial/share/ament_index/resource_index/package_run_dependencies/serial
[0.120s] -- Up-to-date symlink: /home/dev-pc/dev_ws/install/serial/share/ament_index/resource_index/parent_prefix_path/serial
[0.120s] -- Up-to-date symlink: /home/dev-pc/dev_ws/install/serial/share/serial/environment/ament_prefix_path.sh
[0.120s] -- Up-to-date symlink: /home/dev-pc/dev_ws/install/serial/share/serial/environment/ament_prefix_path.dsv
[0.120s] -- Up-to-date symlink: /home/dev-pc/dev_ws/install/serial/share/serial/environment/path.sh
[0.120s] -- Up-to-date symlink: /home/dev-pc/dev_ws/install/serial/share/serial/environment/path.dsv
[0.120s] -- Up-to-date symlink: /home/dev-pc/dev_ws/install/serial/share/serial/local_setup.bash
[0.120s] -- Up-to-date symlink: /home/dev-pc/dev_ws/install/serial/share/serial/local_setup.sh
[0.121s] -- Up-to-date symlink: /home/dev-pc/dev_ws/install/serial/share/serial/local_setup.zsh
[0.121s] -- Up-to-date symlink: /home/dev-pc/dev_ws/install/serial/share/serial/local_setup.dsv
[0.121s] -- Symlinking: /home/dev-pc/dev_ws/install/serial/share/serial/package.dsv
[0.129s] -- Up-to-date symlink: /home/dev-pc/dev_ws/install/serial/share/ament_index/resource_index/packages/serial
[0.129s] -- Up-to-date symlink: /home/dev-pc/dev_ws/install/serial/share/serial/cmake/ament_cmake_export_include_directories-extras.cmake
[0.129s] -- Up-to-date symlink: /home/dev-pc/dev_ws/install/serial/share/serial/cmake/ament_cmake_export_libraries-extras.cmake
[0.129s] -- Up-to-date symlink: /home/dev-pc/dev_ws/install/serial/share/serial/cmake/serialConfig.cmake
[0.129s] -- Up-to-date symlink: /home/dev-pc/dev_ws/install/serial/share/serial/cmake/serialConfig-version.cmake
[0.129s] -- Up-to-date symlink: /home/dev-pc/dev_ws/install/serial/share/serial/package.xml
[0.130s] Invoked command in '/home/dev-pc/dev_ws/build/serial' returned '0': CMAKE_PREFIX_PATH=${CMAKE_PREFIX_PATH}:/opt/ros/humble /usr/bin/cmake --install /home/dev-pc/dev_ws/build/serial
