[0.010s] Invoking command in '/home/dev-pc/dev_ws/build/robot_pkg': CMAKE_PREFIX_PATH=/opt/ros/humble /usr/bin/cmake /home/dev-pc/dev_ws/src/robot_pkg -DAMENT_CMAKE_SYMLINK_INSTALL=1 -DCMAKE_INSTALL_PREFIX=/home/dev-pc/dev_ws/install/robot_pkg
[0.076s] -- The C compiler identification is GNU 11.4.0
[0.134s] -- The CXX compiler identification is GNU 11.4.0
[0.141s] -- Detecting C compiler ABI info
[0.190s] -- Detecting C compiler ABI info - done
[0.196s] -- Check for working C compiler: /usr/bin/cc - skipped
[0.196s] -- Detecting C compile features
[0.196s] -- Detecting C compile features - done
[0.198s] -- Detecting CXX compiler ABI info
[0.255s] -- Detecting CXX compiler ABI info - done
[0.260s] -- Check for working CXX compiler: /usr/bin/c++ - skipped
[0.261s] -- Detecting CXX compile features
[0.261s] -- Detecting CXX compile features - done
[0.264s] -- Found ament_cmake: 1.3.9 (/opt/ros/humble/share/ament_cmake/cmake)
[0.554s] -- Found Python3: /usr/bin/python3 (found version "3.10.12") found components: Interpreter 
[0.612s] -- Override CMake install command with custom implementation using symlinks instead of copying resources
[0.634s] -- Found ament_lint_auto: 0.12.11 (/opt/ros/humble/share/ament_lint_auto/cmake)
[0.694s] -- Added test 'flake8' to check Python code syntax and style conventions
[0.694s] -- Added test 'lint_cmake' to check CMake code style
[0.695s] -- Added test 'pep257' to check Python code against some of the docstring style conventions in PEP 257
[0.696s] -- Added test 'xmllint' to check XML markup files
[0.697s] -- Configuring done
[0.699s] -- Generating done
[0.699s] -- Build files have been written to: /home/dev-pc/dev_ws/build/robot_pkg
[0.702s] Invoked command in '/home/dev-pc/dev_ws/build/robot_pkg' returned '0': CMAKE_PREFIX_PATH=/opt/ros/humble /usr/bin/cmake /home/dev-pc/dev_ws/src/robot_pkg -DAMENT_CMAKE_SYMLINK_INSTALL=1 -DCMAKE_INSTALL_PREFIX=/home/dev-pc/dev_ws/install/robot_pkg
[0.704s] Invoking command in '/home/dev-pc/dev_ws/build/robot_pkg': CMAKE_PREFIX_PATH=/opt/ros/humble /usr/bin/cmake --build /home/dev-pc/dev_ws/build/robot_pkg -- -j8 -l8
[0.730s] Invoked command in '/home/dev-pc/dev_ws/build/robot_pkg' returned '0': CMAKE_PREFIX_PATH=/opt/ros/humble /usr/bin/cmake --build /home/dev-pc/dev_ws/build/robot_pkg -- -j8 -l8
[0.751s] Invoking command in '/home/dev-pc/dev_ws/build/robot_pkg': CMAKE_PREFIX_PATH=/opt/ros/humble /usr/bin/cmake --install /home/dev-pc/dev_ws/build/robot_pkg
[0.756s] -- Install configuration: ""
[0.757s] -- Execute custom install script
[0.757s] -- Symlinking: /home/dev-pc/dev_ws/install/robot_pkg/share/robot_pkg/launch/camera.launch.py
[0.763s] -- Symlinking: /home/dev-pc/dev_ws/install/robot_pkg/share/robot_pkg/launch/control.launch.py
[0.770s] -- Symlinking: /home/dev-pc/dev_ws/install/robot_pkg/share/robot_pkg/launch/display.launch.py
[0.776s] -- Symlinking: /home/dev-pc/dev_ws/install/robot_pkg/share/robot_pkg/launch/gazebo.launch.py
[0.782s] -- Symlinking: /home/dev-pc/dev_ws/install/robot_pkg/share/robot_pkg/launch/lidar.launch.py
[0.788s] -- Symlinking: /home/dev-pc/dev_ws/install/robot_pkg/share/robot_pkg/launch/rsp.launch.py
[0.794s] -- Symlinking: /home/dev-pc/dev_ws/install/robot_pkg/share/robot_pkg/urdf/TTR01.urdf.xacro
[0.801s] -- Symlinking: /home/dev-pc/dev_ws/install/robot_pkg/share/robot_pkg/urdf/camera.xacro
[0.807s] -- Symlinking: /home/dev-pc/dev_ws/install/robot_pkg/share/robot_pkg/urdf/gazebo_control.xacro
[0.813s] -- Symlinking: /home/dev-pc/dev_ws/install/robot_pkg/share/robot_pkg/urdf/gazebo_setup.xacro
[0.819s] -- Symlinking: /home/dev-pc/dev_ws/install/robot_pkg/share/robot_pkg/urdf/lidar.xacro
[0.826s] -- Symlinking: /home/dev-pc/dev_ws/install/robot_pkg/share/robot_pkg/urdf/robot.xacro
[0.833s] -- Symlinking: /home/dev-pc/dev_ws/install/robot_pkg/share/robot_pkg/urdf/robot_parameters.xacro
[0.839s] -- Symlinking: /home/dev-pc/dev_ws/install/robot_pkg/share/robot_pkg/urdf/ros2_control.xacro
[0.846s] -- Symlinking: /home/dev-pc/dev_ws/install/robot_pkg/share/robot_pkg/config/controllers.yaml
[0.853s] -- Symlinking: /home/dev-pc/dev_ws/install/robot_pkg/share/robot_pkg/config/gazebo_params.yaml
[0.860s] -- Symlinking: /home/dev-pc/dev_ws/install/robot_pkg/share/robot_pkg/rviz2/default_robot.rviz
[0.869s] -- Symlinking: /home/dev-pc/dev_ws/install/robot_pkg/share/ament_index/resource_index/package_run_dependencies/robot_pkg
[0.878s] -- Symlinking: /home/dev-pc/dev_ws/install/robot_pkg/share/ament_index/resource_index/parent_prefix_path/robot_pkg
[0.886s] -- Symlinking: /home/dev-pc/dev_ws/install/robot_pkg/share/robot_pkg/environment/ament_prefix_path.sh
[0.896s] -- Symlinking: /home/dev-pc/dev_ws/install/robot_pkg/share/robot_pkg/environment/ament_prefix_path.dsv
[0.905s] -- Symlinking: /home/dev-pc/dev_ws/install/robot_pkg/share/robot_pkg/environment/path.sh
[0.914s] -- Symlinking: /home/dev-pc/dev_ws/install/robot_pkg/share/robot_pkg/environment/path.dsv
[0.922s] -- Symlinking: /home/dev-pc/dev_ws/install/robot_pkg/share/robot_pkg/local_setup.bash
[0.932s] -- Symlinking: /home/dev-pc/dev_ws/install/robot_pkg/share/robot_pkg/local_setup.sh
[0.941s] -- Symlinking: /home/dev-pc/dev_ws/install/robot_pkg/share/robot_pkg/local_setup.zsh
[0.950s] -- Symlinking: /home/dev-pc/dev_ws/install/robot_pkg/share/robot_pkg/local_setup.dsv
[0.958s] -- Symlinking: /home/dev-pc/dev_ws/install/robot_pkg/share/robot_pkg/package.dsv
[0.965s] -- Symlinking: /home/dev-pc/dev_ws/install/robot_pkg/share/ament_index/resource_index/packages/robot_pkg
[0.972s] -- Symlinking: /home/dev-pc/dev_ws/install/robot_pkg/share/robot_pkg/cmake/robot_pkgConfig.cmake
[0.981s] -- Symlinking: /home/dev-pc/dev_ws/install/robot_pkg/share/robot_pkg/cmake/robot_pkgConfig-version.cmake
[0.991s] -- Symlinking: /home/dev-pc/dev_ws/install/robot_pkg/share/robot_pkg/package.xml
[1.004s] Invoked command in '/home/dev-pc/dev_ws/build/robot_pkg' returned '0': CMAKE_PREFIX_PATH=/opt/ros/humble /usr/bin/cmake --install /home/dev-pc/dev_ws/build/robot_pkg
