[0.097s] Invoking command in '/home/rodrigo/dev_ws/build/serial': CMAKE_PREFIX_PATH=${CMAKE_PREFIX_PATH}:/opt/ros/humble /usr/bin/cmake --build /home/rodrigo/dev_ws/build/serial -- -j4 -l4
[0.509s] [ 28%] Built target serial
[0.520s] [ 42%] Built target gtest_main
[0.565s] [ 57%] Built target gtest
[0.737s] [ 71%] Built target serial-test
[0.751s] [ 85%] Built target serial_example
[0.773s] [100%] Built target serial-test-timer
[0.853s] Invoked command in '/home/rodrigo/dev_ws/build/serial' returned '0': CMAKE_PREFIX_PATH=${CMAKE_PREFIX_PATH}:/opt/ros/humble /usr/bin/cmake --build /home/rodrigo/dev_ws/build/serial -- -j4 -l4
[1.138s] Invoking command in '/home/rodrigo/dev_ws/build/serial': CMAKE_PREFIX_PATH=${CMAKE_PREFIX_PATH}:/opt/ros/humble /usr/bin/cmake --install /home/rodrigo/dev_ws/build/serial
[1.167s] -- Install configuration: ""
[1.171s] -- Execute custom install script
[1.172s] -- Up-to-date symlink: /home/rodrigo/dev_ws/install/serial/lib/libserial.a
[1.174s] -- Up-to-date symlink: /home/rodrigo/dev_ws/install/serial/include/serial/serial.h
[1.181s] -- Up-to-date symlink: /home/rodrigo/dev_ws/install/serial/include/serial/v8stdint.h
[1.183s] -- Up-to-date symlink: /home/rodrigo/dev_ws/install/serial/share/serial/environment/library_path.sh
[1.185s] -- Up-to-date symlink: /home/rodrigo/dev_ws/install/serial/share/serial/environment/library_path.dsv
[1.186s] -- Up-to-date symlink: /home/rodrigo/dev_ws/install/serial/share/ament_index/resource_index/package_run_dependencies/serial
[1.186s] -- Up-to-date symlink: /home/rodrigo/dev_ws/install/serial/share/ament_index/resource_index/parent_prefix_path/serial
[1.189s] -- Up-to-date symlink: /home/rodrigo/dev_ws/install/serial/share/serial/environment/ament_prefix_path.sh
[1.190s] -- Up-to-date symlink: /home/rodrigo/dev_ws/install/serial/share/serial/environment/ament_prefix_path.dsv
[1.191s] -- Up-to-date symlink: /home/rodrigo/dev_ws/install/serial/share/serial/environment/path.sh
[1.192s] -- Up-to-date symlink: /home/rodrigo/dev_ws/install/serial/share/serial/environment/path.dsv
[1.192s] -- Up-to-date symlink: /home/rodrigo/dev_ws/install/serial/share/serial/local_setup.bash
[1.199s] -- Up-to-date symlink: /home/rodrigo/dev_ws/install/serial/share/serial/local_setup.sh
[1.199s] -- Up-to-date symlink: /home/rodrigo/dev_ws/install/serial/share/serial/local_setup.zsh
[1.200s] -- Up-to-date symlink: /home/rodrigo/dev_ws/install/serial/share/serial/local_setup.dsv
[1.200s] -- Symlinking: /home/rodrigo/dev_ws/install/serial/share/serial/package.dsv
[1.233s] -- Up-to-date symlink: /home/rodrigo/dev_ws/install/serial/share/ament_index/resource_index/packages/serial
[1.235s] -- Up-to-date symlink: /home/rodrigo/dev_ws/install/serial/share/serial/cmake/ament_cmake_export_include_directories-extras.cmake
[1.238s] -- Up-to-date symlink: /home/rodrigo/dev_ws/install/serial/share/serial/cmake/ament_cmake_export_libraries-extras.cmake
[1.238s] -- Up-to-date symlink: /home/rodrigo/dev_ws/install/serial/share/serial/cmake/serialConfig.cmake
[1.239s] -- Up-to-date symlink: /home/rodrigo/dev_ws/install/serial/share/serial/cmake/serialConfig-version.cmake
[1.239s] -- Up-to-date symlink: /home/rodrigo/dev_ws/install/serial/share/serial/package.xml
[1.286s] Invoked command in '/home/rodrigo/dev_ws/build/serial' returned '0': CMAKE_PREFIX_PATH=${CMAKE_PREFIX_PATH}:/opt/ros/humble /usr/bin/cmake --install /home/rodrigo/dev_ws/build/serial
