[0.121s] Invoking command in '/home/rodrigo/dev_ws/build/serial': CMAKE_PREFIX_PATH=${CMAKE_PREFIX_PATH}:/opt/ros/humble /usr/bin/cmake --build /home/rodrigo/dev_ws/build/serial -- -j4 -l4
[0.441s] [ 14%] Built target gtest
[0.491s] [ 28%] Built target gtest_main
[0.524s] [ 57%] Built target serial
[0.721s] [ 71%] Built target serial_example
[0.800s] [ 85%] Built target serial-test
[0.805s] [100%] Built target serial-test-timer
[0.883s] Invoked command in '/home/rodrigo/dev_ws/build/serial' returned '0': CMAKE_PREFIX_PATH=${CMAKE_PREFIX_PATH}:/opt/ros/humble /usr/bin/cmake --build /home/rodrigo/dev_ws/build/serial -- -j4 -l4
[1.215s] Invoking command in '/home/rodrigo/dev_ws/build/serial': CMAKE_PREFIX_PATH=${CMAKE_PREFIX_PATH}:/opt/ros/humble /usr/bin/cmake --install /home/rodrigo/dev_ws/build/serial
[1.251s] -- Install configuration: ""
[1.251s] -- Execute custom install script
[1.252s] -- Up-to-date symlink: /home/rodrigo/dev_ws/install/serial/lib/libserial.a
[1.252s] -- Up-to-date symlink: /home/rodrigo/dev_ws/install/serial/include/serial/serial.h
[1.254s] -- Up-to-date symlink: /home/rodrigo/dev_ws/install/serial/include/serial/v8stdint.h
[1.254s] -- Up-to-date symlink: /home/rodrigo/dev_ws/install/serial/share/serial/environment/library_path.sh
[1.255s] -- Up-to-date symlink: /home/rodrigo/dev_ws/install/serial/share/serial/environment/library_path.dsv
[1.256s] -- Up-to-date symlink: /home/rodrigo/dev_ws/install/serial/share/ament_index/resource_index/package_run_dependencies/serial
[1.257s] -- Up-to-date symlink: /home/rodrigo/dev_ws/install/serial/share/ament_index/resource_index/parent_prefix_path/serial
[1.258s] -- Up-to-date symlink: /home/rodrigo/dev_ws/install/serial/share/serial/environment/ament_prefix_path.sh
[1.267s] -- Up-to-date symlink: /home/rodrigo/dev_ws/install/serial/share/serial/environment/ament_prefix_path.dsv
[1.267s] -- Up-to-date symlink: /home/rodrigo/dev_ws/install/serial/share/serial/environment/path.sh
[1.268s] -- Up-to-date symlink: /home/rodrigo/dev_ws/install/serial/share/serial/environment/path.dsv
[1.268s] -- Up-to-date symlink: /home/rodrigo/dev_ws/install/serial/share/serial/local_setup.bash
[1.269s] -- Up-to-date symlink: /home/rodrigo/dev_ws/install/serial/share/serial/local_setup.sh
[1.270s] -- Up-to-date symlink: /home/rodrigo/dev_ws/install/serial/share/serial/local_setup.zsh
[1.305s] -- Up-to-date symlink: /home/rodrigo/dev_ws/install/serial/share/serial/local_setup.dsv
[1.306s] -- Symlinking: /home/rodrigo/dev_ws/install/serial/share/serial/package.dsv
[1.319s] -- Up-to-date symlink: /home/rodrigo/dev_ws/install/serial/share/ament_index/resource_index/packages/serial
[1.319s] -- Up-to-date symlink: /home/rodrigo/dev_ws/install/serial/share/serial/cmake/ament_cmake_export_include_directories-extras.cmake
[1.320s] -- Up-to-date symlink: /home/rodrigo/dev_ws/install/serial/share/serial/cmake/ament_cmake_export_libraries-extras.cmake
[1.321s] -- Up-to-date symlink: /home/rodrigo/dev_ws/install/serial/share/serial/cmake/serialConfig.cmake
[1.321s] -- Up-to-date symlink: /home/rodrigo/dev_ws/install/serial/share/serial/cmake/serialConfig-version.cmake
[1.321s] -- Up-to-date symlink: /home/rodrigo/dev_ws/install/serial/share/serial/package.xml
[1.366s] Invoked command in '/home/rodrigo/dev_ws/build/serial' returned '0': CMAKE_PREFIX_PATH=${CMAKE_PREFIX_PATH}:/opt/ros/humble /usr/bin/cmake --install /home/rodrigo/dev_ws/build/serial
