[0.068s] Invoking command in '/home/rodrigo/dev_ws/build/robot_pkg': CMAKE_PREFIX_PATH=${CMAKE_PREFIX_PATH}:/home/rodrigo/serial_motor_demo/install/serial_motor_demo:/opt/ros/humble /usr/bin/cmake --build /home/rodrigo/dev_ws/build/robot_pkg -- -j4 -l4
[0.233s] Invoked command in '/home/rodrigo/dev_ws/build/robot_pkg' returned '0': CMAKE_PREFIX_PATH=${CMAKE_PREFIX_PATH}:/home/rodrigo/serial_motor_demo/install/serial_motor_demo:/opt/ros/humble /usr/bin/cmake --build /home/rodrigo/dev_ws/build/robot_pkg -- -j4 -l4
[0.387s] Invoking command in '/home/rodrigo/dev_ws/build/robot_pkg': CMAKE_PREFIX_PATH=${CMAKE_PREFIX_PATH}:/home/rodrigo/serial_motor_demo/install/serial_motor_demo:/opt/ros/humble /usr/bin/cmake --install /home/rodrigo/dev_ws/build/robot_pkg
[0.414s] -- Install configuration: ""
[0.417s] -- Execute custom install script
[0.420s] -- Up-to-date symlink: /home/rodrigo/dev_ws/install/robot_pkg/share/robot_pkg/launch/display.launch.py
[0.422s] -- Up-to-date symlink: /home/rodrigo/dev_ws/install/robot_pkg/share/robot_pkg/launch/gazebo.launch.py
[0.425s] -- Up-to-date symlink: /home/rodrigo/dev_ws/install/robot_pkg/share/robot_pkg/launch/lidar.launch.py
[0.427s] -- Up-to-date symlink: /home/rodrigo/dev_ws/install/robot_pkg/share/robot_pkg/urdf/TTR01.urdf.xacro
[0.432s] -- Up-to-date symlink: /home/rodrigo/dev_ws/install/robot_pkg/share/robot_pkg/urdf/camera.xacro
[0.437s] -- Up-to-date symlink: /home/rodrigo/dev_ws/install/robot_pkg/share/robot_pkg/urdf/gazebo_setup.xacro
[0.438s] -- Up-to-date symlink: /home/rodrigo/dev_ws/install/robot_pkg/share/robot_pkg/urdf/lidar.xacro
[0.438s] -- Up-to-date symlink: /home/rodrigo/dev_ws/install/robot_pkg/share/robot_pkg/urdf/robot.xacro
[0.439s] -- Up-to-date symlink: /home/rodrigo/dev_ws/install/robot_pkg/share/robot_pkg/urdf/robot_parameters.xacro
[0.440s] -- Up-to-date symlink: /home/rodrigo/dev_ws/install/robot_pkg/share/robot_pkg/config/default_robot.rviz
[0.441s] -- Up-to-date symlink: /home/rodrigo/dev_ws/install/robot_pkg/share/ament_index/resource_index/package_run_dependencies/robot_pkg
[0.442s] -- Up-to-date symlink: /home/rodrigo/dev_ws/install/robot_pkg/share/ament_index/resource_index/parent_prefix_path/robot_pkg
[0.443s] -- Up-to-date symlink: /home/rodrigo/dev_ws/install/robot_pkg/share/robot_pkg/environment/ament_prefix_path.sh
[0.445s] -- Up-to-date symlink: /home/rodrigo/dev_ws/install/robot_pkg/share/robot_pkg/environment/ament_prefix_path.dsv
[0.446s] -- Up-to-date symlink: /home/rodrigo/dev_ws/install/robot_pkg/share/robot_pkg/environment/path.sh
[0.447s] -- Up-to-date symlink: /home/rodrigo/dev_ws/install/robot_pkg/share/robot_pkg/environment/path.dsv
[0.447s] -- Up-to-date symlink: /home/rodrigo/dev_ws/install/robot_pkg/share/robot_pkg/local_setup.bash
[0.448s] -- Up-to-date symlink: /home/rodrigo/dev_ws/install/robot_pkg/share/robot_pkg/local_setup.sh
[0.449s] -- Up-to-date symlink: /home/rodrigo/dev_ws/install/robot_pkg/share/robot_pkg/local_setup.zsh
[0.449s] -- Up-to-date symlink: /home/rodrigo/dev_ws/install/robot_pkg/share/robot_pkg/local_setup.dsv
[0.450s] -- Symlinking: /home/rodrigo/dev_ws/install/robot_pkg/share/robot_pkg/package.dsv
[0.500s] -- Up-to-date symlink: /home/rodrigo/dev_ws/install/robot_pkg/share/ament_index/resource_index/packages/robot_pkg
[0.503s] -- Up-to-date symlink: /home/rodrigo/dev_ws/install/robot_pkg/share/robot_pkg/cmake/robot_pkgConfig.cmake
[0.504s] -- Up-to-date symlink: /home/rodrigo/dev_ws/install/robot_pkg/share/robot_pkg/cmake/robot_pkgConfig-version.cmake
[0.505s] -- Up-to-date symlink: /home/rodrigo/dev_ws/install/robot_pkg/share/robot_pkg/package.xml
[0.511s] Invoked command in '/home/rodrigo/dev_ws/build/robot_pkg' returned '0': CMAKE_PREFIX_PATH=${CMAKE_PREFIX_PATH}:/home/rodrigo/serial_motor_demo/install/serial_motor_demo:/opt/ros/humble /usr/bin/cmake --install /home/rodrigo/dev_ws/build/robot_pkg
