[3.542s] Invoking command in '/home/ttrxx/TTRXX_WS/src/robot_pkg': PYTHONPATH=/home/ttrxx/TTRXX_WS/build/robot_pkg/prefix_override:/home/ttrxx/TTRXX_WS/install/robot_pkg/lib/python3.10/site-packages:${PYTHONPATH} /usr/bin/python3 -W ignore:setup.py install is deprecated setup.py egg_info --egg-base ../../build/robot_pkg build --build-base /home/ttrxx/TTRXX_WS/build/robot_pkg/build install --record /home/ttrxx/TTRXX_WS/build/robot_pkg/install.log --single-version-externally-managed install_data
[4.855s] running egg_info
[4.858s] writing ../../build/robot_pkg/robot_pkg.egg-info/PKG-INFO
[4.864s] writing dependency_links to ../../build/robot_pkg/robot_pkg.egg-info/dependency_links.txt
[4.865s] writing entry points to ../../build/robot_pkg/robot_pkg.egg-info/entry_points.txt
[4.865s] writing requirements to ../../build/robot_pkg/robot_pkg.egg-info/requires.txt
[4.866s] writing top-level names to ../../build/robot_pkg/robot_pkg.egg-info/top_level.txt
[4.874s] reading manifest file '../../build/robot_pkg/robot_pkg.egg-info/SOURCES.txt'
[4.878s] adding license file 'LICENSE'
[4.882s] writing manifest file '../../build/robot_pkg/robot_pkg.egg-info/SOURCES.txt'
[4.883s] running build
[4.883s] running build_py
[4.885s] running install
[4.887s] running install_lib
[4.895s] running install_data
[4.897s] creating /home/ttrxx/TTRXX_WS/install/robot_pkg/share/robot_pkg/urdf
[4.898s] copying urdf/TTR01.urdf -> /home/ttrxx/TTRXX_WS/install/robot_pkg/share/robot_pkg/urdf
[4.899s] creating /home/ttrxx/TTRXX_WS/install/robot_pkg/share/robot_pkg/launch
[4.899s] copying launch/display.launch.py -> /home/ttrxx/TTRXX_WS/install/robot_pkg/share/robot_pkg/launch
[4.902s] creating /home/ttrxx/TTRXX_WS/install/robot_pkg/share/robot_pkg/meshes
[4.903s] copying meshes/U_wheel_2_link.STL -> /home/ttrxx/TTRXX_WS/install/robot_pkg/share/robot_pkg/meshes
[4.904s] copying meshes/U_wheel_1_link.STL -> /home/ttrxx/TTRXX_WS/install/robot_pkg/share/robot_pkg/meshes
[4.904s] copying meshes/U_base_wheel_2_link.STL -> /home/ttrxx/TTRXX_WS/install/robot_pkg/share/robot_pkg/meshes
[4.909s] copying meshes/Support_B_link.STL -> /home/ttrxx/TTRXX_WS/install/robot_pkg/share/robot_pkg/meshes
[4.955s] copying meshes/Support_A_link.STL -> /home/ttrxx/TTRXX_WS/install/robot_pkg/share/robot_pkg/meshes
[4.971s] copying meshes/base_link.STL -> /home/ttrxx/TTRXX_WS/install/robot_pkg/share/robot_pkg/meshes
[4.983s] copying meshes/L_wheel_link.STL -> /home/ttrxx/TTRXX_WS/install/robot_pkg/share/robot_pkg/meshes
[5.013s] copying meshes/M_base_link.STL -> /home/ttrxx/TTRXX_WS/install/robot_pkg/share/robot_pkg/meshes
[5.017s] copying meshes/T_base_link.STL -> /home/ttrxx/TTRXX_WS/install/robot_pkg/share/robot_pkg/meshes
[5.021s] copying meshes/U_base_wheel_1_link.STL -> /home/ttrxx/TTRXX_WS/install/robot_pkg/share/robot_pkg/meshes
[5.024s] copying meshes/R_wheel_link.STL -> /home/ttrxx/TTRXX_WS/install/robot_pkg/share/robot_pkg/meshes
[5.059s] running install_egg_info
[5.067s] removing '/home/ttrxx/TTRXX_WS/install/robot_pkg/lib/python3.10/site-packages/robot_pkg-0.0.0-py3.10.egg-info' (and everything under it)
[5.069s] Copying ../../build/robot_pkg/robot_pkg.egg-info to /home/ttrxx/TTRXX_WS/install/robot_pkg/lib/python3.10/site-packages/robot_pkg-0.0.0-py3.10.egg-info
[5.074s] running install_scripts
[5.207s] writing list of installed files to '/home/ttrxx/TTRXX_WS/build/robot_pkg/install.log'
[5.438s] Invoked command in '/home/ttrxx/TTRXX_WS/src/robot_pkg' returned '0': PYTHONPATH=/home/ttrxx/TTRXX_WS/build/robot_pkg/prefix_override:/home/ttrxx/TTRXX_WS/install/robot_pkg/lib/python3.10/site-packages:${PYTHONPATH} /usr/bin/python3 -W ignore:setup.py install is deprecated setup.py egg_info --egg-base ../../build/robot_pkg build --build-base /home/ttrxx/TTRXX_WS/build/robot_pkg/build install --record /home/ttrxx/TTRXX_WS/build/robot_pkg/install.log --single-version-externally-managed install_data
