[0.098s] Invoking command in '/home/rodrigo/dev_ws/build/sllidar_ros2': CMAKE_PREFIX_PATH=${CMAKE_PREFIX_PATH}:/opt/ros/humble /usr/bin/cmake --build /home/rodrigo/dev_ws/build/sllidar_ros2 -- -j4 -l4
[0.376s] [35m[1mConsolidate compiler generated dependencies of target sllidar_client[0m
[0.410s] [35m[1mConsolidate compiler generated dependencies of target sllidar_node[0m
[0.615s] [ 10%] Built target sllidar_client
[0.715s] [100%] Built target sllidar_node
[0.874s] Invoked command in '/home/rodrigo/dev_ws/build/sllidar_ros2' returned '0': CMAKE_PREFIX_PATH=${CMAKE_PREFIX_PATH}:/opt/ros/humble /usr/bin/cmake --build /home/rodrigo/dev_ws/build/sllidar_ros2 -- -j4 -l4
[1.307s] Invoking command in '/home/rodrigo/dev_ws/build/sllidar_ros2': CMAKE_PREFIX_PATH=${CMAKE_PREFIX_PATH}:/opt/ros/humble /usr/bin/cmake --install /home/rodrigo/dev_ws/build/sllidar_ros2
[1.341s] -- Install configuration: ""
[1.344s] -- Execute custom install script
[1.345s] -- Up-to-date symlink: /home/rodrigo/dev_ws/install/sllidar_ros2/share/sllidar_ros2/launch/sllidar_a1_launch.py
[1.346s] -- Up-to-date symlink: /home/rodrigo/dev_ws/install/sllidar_ros2/share/sllidar_ros2/launch/sllidar_a2m12_launch .py
[1.347s] -- Up-to-date symlink: /home/rodrigo/dev_ws/install/sllidar_ros2/share/sllidar_ros2/launch/sllidar_a2m7_launch.py
[1.348s] -- Up-to-date symlink: /home/rodrigo/dev_ws/install/sllidar_ros2/share/sllidar_ros2/launch/sllidar_a2m8_launch.py
[1.349s] -- Up-to-date symlink: /home/rodrigo/dev_ws/install/sllidar_ros2/share/sllidar_ros2/launch/sllidar_a3_launch.py
[1.350s] -- Up-to-date symlink: /home/rodrigo/dev_ws/install/sllidar_ros2/share/sllidar_ros2/launch/sllidar_c1_launch.py
[1.351s] -- Up-to-date symlink: /home/rodrigo/dev_ws/install/sllidar_ros2/share/sllidar_ros2/launch/sllidar_s1_launch.py
[1.351s] -- Up-to-date symlink: /home/rodrigo/dev_ws/install/sllidar_ros2/share/sllidar_ros2/launch/sllidar_s1_tcp_launch.py
[1.352s] -- Up-to-date symlink: /home/rodrigo/dev_ws/install/sllidar_ros2/share/sllidar_ros2/launch/sllidar_s2_launch.py
[1.353s] -- Up-to-date symlink: /home/rodrigo/dev_ws/install/sllidar_ros2/share/sllidar_ros2/launch/sllidar_s2e_launch.py
[1.354s] -- Up-to-date symlink: /home/rodrigo/dev_ws/install/sllidar_ros2/share/sllidar_ros2/launch/sllidar_s3_launch.py
[1.354s] -- Up-to-date symlink: /home/rodrigo/dev_ws/install/sllidar_ros2/share/sllidar_ros2/launch/sllidar_t1_launch.py
[1.355s] -- Up-to-date symlink: /home/rodrigo/dev_ws/install/sllidar_ros2/share/sllidar_ros2/launch/view_sllidar_a1_launch.py
[1.357s] -- Up-to-date symlink: /home/rodrigo/dev_ws/install/sllidar_ros2/share/sllidar_ros2/launch/view_sllidar_a2m12_launch.py
[1.357s] -- Up-to-date symlink: /home/rodrigo/dev_ws/install/sllidar_ros2/share/sllidar_ros2/launch/view_sllidar_a2m7_launch.py
[1.358s] -- Up-to-date symlink: /home/rodrigo/dev_ws/install/sllidar_ros2/share/sllidar_ros2/launch/view_sllidar_a2m8_launch.py
[1.359s] -- Up-to-date symlink: /home/rodrigo/dev_ws/install/sllidar_ros2/share/sllidar_ros2/launch/view_sllidar_a3_launch.py
[1.360s] -- Up-to-date symlink: /home/rodrigo/dev_ws/install/sllidar_ros2/share/sllidar_ros2/launch/view_sllidar_c1_launch.py
[1.361s] -- Up-to-date symlink: /home/rodrigo/dev_ws/install/sllidar_ros2/share/sllidar_ros2/launch/view_sllidar_s1_launch.py
[1.362s] -- Up-to-date symlink: /home/rodrigo/dev_ws/install/sllidar_ros2/share/sllidar_ros2/launch/view_sllidar_s1_tcp_launch.py
[1.363s] -- Up-to-date symlink: /home/rodrigo/dev_ws/install/sllidar_ros2/share/sllidar_ros2/launch/view_sllidar_s2_launch.py
[1.363s] -- Up-to-date symlink: /home/rodrigo/dev_ws/install/sllidar_ros2/share/sllidar_ros2/launch/view_sllidar_s2e_launch.py
[1.366s] -- Up-to-date symlink: /home/rodrigo/dev_ws/install/sllidar_ros2/share/sllidar_ros2/launch/view_sllidar_s3_launch.py
[1.368s] -- Up-to-date symlink: /home/rodrigo/dev_ws/install/sllidar_ros2/share/sllidar_ros2/launch/view_sllidar_t1_launch.py
[1.371s] -- Up-to-date symlink: /home/rodrigo/dev_ws/install/sllidar_ros2/share/sllidar_ros2/rviz/sllidar_ros2.rviz
[1.373s] -- Up-to-date symlink: /home/rodrigo/dev_ws/install/sllidar_ros2/lib/sllidar_ros2/sllidar_node
[1.374s] -- Up-to-date symlink: /home/rodrigo/dev_ws/install/sllidar_ros2/lib/sllidar_ros2/sllidar_client
[1.384s] -- Up-to-date symlink: /home/rodrigo/dev_ws/install/sllidar_ros2/share/ament_index/resource_index/package_run_dependencies/sllidar_ros2
[1.385s] -- Up-to-date symlink: /home/rodrigo/dev_ws/install/sllidar_ros2/share/ament_index/resource_index/parent_prefix_path/sllidar_ros2
[1.388s] -- Up-to-date symlink: /home/rodrigo/dev_ws/install/sllidar_ros2/share/sllidar_ros2/environment/ament_prefix_path.sh
[1.390s] -- Up-to-date symlink: /home/rodrigo/dev_ws/install/sllidar_ros2/share/sllidar_ros2/environment/ament_prefix_path.dsv
[1.390s] -- Up-to-date symlink: /home/rodrigo/dev_ws/install/sllidar_ros2/share/sllidar_ros2/environment/path.sh
[1.390s] -- Up-to-date symlink: /home/rodrigo/dev_ws/install/sllidar_ros2/share/sllidar_ros2/environment/path.dsv
[1.391s] -- Up-to-date symlink: /home/rodrigo/dev_ws/install/sllidar_ros2/share/sllidar_ros2/local_setup.bash
[1.392s] -- Up-to-date symlink: /home/rodrigo/dev_ws/install/sllidar_ros2/share/sllidar_ros2/local_setup.sh
[1.393s] -- Up-to-date symlink: /home/rodrigo/dev_ws/install/sllidar_ros2/share/sllidar_ros2/local_setup.zsh
[1.393s] -- Up-to-date symlink: /home/rodrigo/dev_ws/install/sllidar_ros2/share/sllidar_ros2/local_setup.dsv
[1.394s] -- Symlinking: /home/rodrigo/dev_ws/install/sllidar_ros2/share/sllidar_ros2/package.dsv
[1.426s] -- Up-to-date symlink: /home/rodrigo/dev_ws/install/sllidar_ros2/share/ament_index/resource_index/packages/sllidar_ros2
[1.428s] -- Up-to-date symlink: /home/rodrigo/dev_ws/install/sllidar_ros2/share/sllidar_ros2/cmake/ament_cmake_export_dependencies-extras.cmake
[1.433s] -- Up-to-date symlink: /home/rodrigo/dev_ws/install/sllidar_ros2/share/sllidar_ros2/cmake/ament_cmake_export_include_directories-extras.cmake
[1.437s] -- Up-to-date symlink: /home/rodrigo/dev_ws/install/sllidar_ros2/share/sllidar_ros2/cmake/sllidar_ros2Config.cmake
[1.440s] -- Up-to-date symlink: /home/rodrigo/dev_ws/install/sllidar_ros2/share/sllidar_ros2/cmake/sllidar_ros2Config-version.cmake
[1.445s] -- Up-to-date symlink: /home/rodrigo/dev_ws/install/sllidar_ros2/share/sllidar_ros2/package.xml
[1.501s] Invoked command in '/home/rodrigo/dev_ws/build/sllidar_ros2' returned '0': CMAKE_PREFIX_PATH=${CMAKE_PREFIX_PATH}:/opt/ros/humble /usr/bin/cmake --install /home/rodrigo/dev_ws/build/sllidar_ros2
