[1.617s] Invoking command in '/home/rodrigo/dev_ws/src/robot_pkg': PYTHONPATH=/home/rodrigo/dev_ws/build/robot_pkg/prefix_override:/home/rodrigo/dev_ws/install/robot_pkg/lib/python3.10/site-packages:${PYTHONPATH} /usr/bin/python3 -W ignore:setup.py install is deprecated setup.py egg_info --egg-base ../../build/robot_pkg build --build-base /home/rodrigo/dev_ws/build/robot_pkg/build install --record /home/rodrigo/dev_ws/build/robot_pkg/install.log --single-version-externally-managed install_data
[2.165s] running egg_info
[2.168s] writing ../../build/robot_pkg/robot_pkg.egg-info/PKG-INFO
[2.171s] writing dependency_links to ../../build/robot_pkg/robot_pkg.egg-info/dependency_links.txt
[2.173s] writing entry points to ../../build/robot_pkg/robot_pkg.egg-info/entry_points.txt
[2.176s] writing requirements to ../../build/robot_pkg/robot_pkg.egg-info/requires.txt
[2.178s] writing top-level names to ../../build/robot_pkg/robot_pkg.egg-info/top_level.txt
[2.184s] reading manifest file '../../build/robot_pkg/robot_pkg.egg-info/SOURCES.txt'
[2.185s] adding license file 'LICENSE'
[2.188s] writing manifest file '../../build/robot_pkg/robot_pkg.egg-info/SOURCES.txt'
[2.189s] running build
[2.189s] running build_py
[2.191s] running install
[2.193s] running install_lib
[2.196s] running install_data
[2.197s] copying urdf/TTR01.urdf.xacro -> /home/rodrigo/dev_ws/install/robot_pkg/share/robot_pkg/urdf
[2.199s] running install_egg_info
[2.203s] removing '/home/rodrigo/dev_ws/install/robot_pkg/lib/python3.10/site-packages/robot_pkg-0.0.0-py3.10.egg-info' (and everything under it)
[2.207s] Copying ../../build/robot_pkg/robot_pkg.egg-info to /home/rodrigo/dev_ws/install/robot_pkg/lib/python3.10/site-packages/robot_pkg-0.0.0-py3.10.egg-info
[2.215s] running install_scripts
[2.258s] writing list of installed files to '/home/rodrigo/dev_ws/build/robot_pkg/install.log'
[2.312s] Invoked command in '/home/rodrigo/dev_ws/src/robot_pkg' returned '0': PYTHONPATH=/home/rodrigo/dev_ws/build/robot_pkg/prefix_override:/home/rodrigo/dev_ws/install/robot_pkg/lib/python3.10/site-packages:${PYTHONPATH} /usr/bin/python3 -W ignore:setup.py install is deprecated setup.py egg_info --egg-base ../../build/robot_pkg build --build-base /home/rodrigo/dev_ws/build/robot_pkg/build install --record /home/rodrigo/dev_ws/build/robot_pkg/install.log --single-version-externally-managed install_data
