[0.500s] Invoking command in '/home/dev/dev_ws/src/robot_pkg': PYTHONPATH=/home/dev/dev_ws/build/robot_pkg/prefix_override:/home/dev/dev_ws/install/robot_pkg/lib/python3.10/site-packages:${PYTHONPATH} /usr/bin/python3 -W ignore:setup.py install is deprecated setup.py egg_info --egg-base ../../build/robot_pkg build --build-base /home/dev/dev_ws/build/robot_pkg/build install --record /home/dev/dev_ws/build/robot_pkg/install.log --single-version-externally-managed install_data
[0.704s] running egg_info
[0.705s] writing ../../build/robot_pkg/robot_pkg.egg-info/PKG-INFO
[0.706s] writing dependency_links to ../../build/robot_pkg/robot_pkg.egg-info/dependency_links.txt
[0.706s] writing entry points to ../../build/robot_pkg/robot_pkg.egg-info/entry_points.txt
[0.706s] writing requirements to ../../build/robot_pkg/robot_pkg.egg-info/requires.txt
[0.706s] writing top-level names to ../../build/robot_pkg/robot_pkg.egg-info/top_level.txt
[0.708s] reading manifest file '../../build/robot_pkg/robot_pkg.egg-info/SOURCES.txt'
[0.708s] adding license file 'LICENSE'
[0.709s] writing manifest file '../../build/robot_pkg/robot_pkg.egg-info/SOURCES.txt'
[0.709s] running build
[0.709s] running build_py
[0.710s] running install
[0.710s] running install_lib
[0.711s] running install_data
[0.712s] copying urdf/TTR01.urdf.xacro -> /home/dev/dev_ws/install/robot_pkg/share/robot_pkg/urdf
[0.712s] running install_egg_info
[0.714s] removing '/home/dev/dev_ws/install/robot_pkg/lib/python3.10/site-packages/robot_pkg-0.0.0-py3.10.egg-info' (and everything under it)
[0.718s] Copying ../../build/robot_pkg/robot_pkg.egg-info to /home/dev/dev_ws/install/robot_pkg/lib/python3.10/site-packages/robot_pkg-0.0.0-py3.10.egg-info
[0.719s] running install_scripts
[0.739s] writing list of installed files to '/home/dev/dev_ws/build/robot_pkg/install.log'
[0.762s] Invoked command in '/home/dev/dev_ws/src/robot_pkg' returned '0': PYTHONPATH=/home/dev/dev_ws/build/robot_pkg/prefix_override:/home/dev/dev_ws/install/robot_pkg/lib/python3.10/site-packages:${PYTHONPATH} /usr/bin/python3 -W ignore:setup.py install is deprecated setup.py egg_info --egg-base ../../build/robot_pkg build --build-base /home/dev/dev_ws/build/robot_pkg/build install --record /home/dev/dev_ws/build/robot_pkg/install.log --single-version-externally-managed install_data
