[0.048s] Invoking command in '/home/rodrigo/dev_ws/build/robot_pkg': CMAKE_PREFIX_PATH=/opt/ros/humble /usr/bin/cmake /home/rodrigo/dev_ws/src/robot_pkg -DAMENT_CMAKE_SYMLINK_INSTALL=1 -DCMAKE_INSTALL_PREFIX=/home/rodrigo/dev_ws/install/robot_pkg
[0.340s] -- The C compiler identification is GNU 11.4.0
[0.596s] -- The CXX compiler identification is GNU 11.4.0
[0.631s] -- Detecting C compiler ABI info
[0.945s] -- Detecting C compiler ABI info - done
[0.972s] -- Check for working C compiler: /usr/bin/cc - skipped
[0.974s] -- Detecting C compile features
[0.975s] -- Detecting C compile features - done
[0.988s] -- Detecting CXX compiler ABI info
[1.328s] -- Detecting CXX compiler ABI info - done
[1.357s] -- Check for working CXX compiler: /usr/bin/c++ - skipped
[1.358s] -- Detecting CXX compile features
[1.360s] -- Detecting CXX compile features - done
[1.390s] -- Found ament_cmake: 1.3.9 (/opt/ros/humble/share/ament_cmake/cmake)
[2.099s] -- Found Python3: /usr/bin/python3 (found version "3.10.12") found components: Interpreter 
[2.384s] -- Override CMake install command with custom implementation using symlinks instead of copying resources
[2.640s] -- Found ament_lint_auto: 0.12.11 (/opt/ros/humble/share/ament_lint_auto/cmake)
[3.055s] -- Added test 'flake8' to check Python code syntax and style conventions
[3.058s] -- Added test 'lint_cmake' to check CMake code style
[3.061s] -- Added test 'pep257' to check Python code against some of the docstring style conventions in PEP 257
[3.070s] -- Added test 'xmllint' to check XML markup files
[3.078s] -- Configuring done
[3.096s] -- Generating done
[3.100s] -- Build files have been written to: /home/rodrigo/dev_ws/build/robot_pkg
[3.117s] Invoked command in '/home/rodrigo/dev_ws/build/robot_pkg' returned '0': CMAKE_PREFIX_PATH=/opt/ros/humble /usr/bin/cmake /home/rodrigo/dev_ws/src/robot_pkg -DAMENT_CMAKE_SYMLINK_INSTALL=1 -DCMAKE_INSTALL_PREFIX=/home/rodrigo/dev_ws/install/robot_pkg
[3.126s] Invoking command in '/home/rodrigo/dev_ws/build/robot_pkg': CMAKE_PREFIX_PATH=/opt/ros/humble /usr/bin/cmake --build /home/rodrigo/dev_ws/build/robot_pkg -- -j4 -l4
[3.273s] Invoked command in '/home/rodrigo/dev_ws/build/robot_pkg' returned '0': CMAKE_PREFIX_PATH=/opt/ros/humble /usr/bin/cmake --build /home/rodrigo/dev_ws/build/robot_pkg -- -j4 -l4
[3.413s] Invoking command in '/home/rodrigo/dev_ws/build/robot_pkg': CMAKE_PREFIX_PATH=/opt/ros/humble /usr/bin/cmake --install /home/rodrigo/dev_ws/build/robot_pkg
[3.440s] -- Install configuration: ""
[3.442s] -- Execute custom install script
[3.444s] -- Symlinking: /home/rodrigo/dev_ws/install/robot_pkg/share/robot_pkg/launch/display.launch.py
[3.476s] -- Symlinking: /home/rodrigo/dev_ws/install/robot_pkg/share/robot_pkg/launch/gazebo.launch.py
[3.506s] -- Symlinking: /home/rodrigo/dev_ws/install/robot_pkg/share/robot_pkg/launch/lidar.launch.py
[3.540s] -- Symlinking: /home/rodrigo/dev_ws/install/robot_pkg/share/robot_pkg/urdf/TTR01.urdf.xacro
[3.572s] -- Symlinking: /home/rodrigo/dev_ws/install/robot_pkg/share/robot_pkg/urdf/camera.xacro
[3.603s] -- Symlinking: /home/rodrigo/dev_ws/install/robot_pkg/share/robot_pkg/urdf/gazebo_setup.xacro
[3.634s] -- Symlinking: /home/rodrigo/dev_ws/install/robot_pkg/share/robot_pkg/urdf/lidar.xacro
[3.674s] -- Symlinking: /home/rodrigo/dev_ws/install/robot_pkg/share/robot_pkg/urdf/robot.xacro
[3.712s] -- Symlinking: /home/rodrigo/dev_ws/install/robot_pkg/share/robot_pkg/urdf/robot_parameters.xacro
[3.744s] -- Symlinking: /home/rodrigo/dev_ws/install/robot_pkg/share/robot_pkg/config/default_robot.rviz
[3.777s] -- Symlinking: /home/rodrigo/dev_ws/install/robot_pkg/share/ament_index/resource_index/package_run_dependencies/robot_pkg
[3.811s] -- Symlinking: /home/rodrigo/dev_ws/install/robot_pkg/share/ament_index/resource_index/parent_prefix_path/robot_pkg
[3.844s] -- Symlinking: /home/rodrigo/dev_ws/install/robot_pkg/share/robot_pkg/environment/ament_prefix_path.sh
[3.876s] -- Symlinking: /home/rodrigo/dev_ws/install/robot_pkg/share/robot_pkg/environment/ament_prefix_path.dsv
[3.910s] -- Symlinking: /home/rodrigo/dev_ws/install/robot_pkg/share/robot_pkg/environment/path.sh
[3.945s] -- Symlinking: /home/rodrigo/dev_ws/install/robot_pkg/share/robot_pkg/environment/path.dsv
[3.976s] -- Symlinking: /home/rodrigo/dev_ws/install/robot_pkg/share/robot_pkg/local_setup.bash
[4.008s] -- Symlinking: /home/rodrigo/dev_ws/install/robot_pkg/share/robot_pkg/local_setup.sh
[4.041s] -- Symlinking: /home/rodrigo/dev_ws/install/robot_pkg/share/robot_pkg/local_setup.zsh
[4.076s] -- Symlinking: /home/rodrigo/dev_ws/install/robot_pkg/share/robot_pkg/local_setup.dsv
[4.110s] -- Symlinking: /home/rodrigo/dev_ws/install/robot_pkg/share/robot_pkg/package.dsv
[4.143s] -- Symlinking: /home/rodrigo/dev_ws/install/robot_pkg/share/ament_index/resource_index/packages/robot_pkg
[4.176s] -- Symlinking: /home/rodrigo/dev_ws/install/robot_pkg/share/robot_pkg/cmake/robot_pkgConfig.cmake
[4.209s] -- Symlinking: /home/rodrigo/dev_ws/install/robot_pkg/share/robot_pkg/cmake/robot_pkgConfig-version.cmake
[4.243s] -- Symlinking: /home/rodrigo/dev_ws/install/robot_pkg/share/robot_pkg/package.xml
[4.281s] Invoked command in '/home/rodrigo/dev_ws/build/robot_pkg' returned '0': CMAKE_PREFIX_PATH=/opt/ros/humble /usr/bin/cmake --install /home/rodrigo/dev_ws/build/robot_pkg
