[0.017s] Invoking command in '/home/dev-pc/dev_ws/build/diffdrive_arduino': CMAKE_PREFIX_PATH=${CMAKE_PREFIX_PATH}:/opt/ros/humble /usr/bin/cmake /home/dev-pc/dev_ws/src/diffdrive_arduino -DAMENT_CMAKE_SYMLINK_INSTALL=1 -DCMAKE_INSTALL_PREFIX=/home/dev-pc/dev_ws/install/diffdrive_arduino
[0.097s] -- The C compiler identification is GNU 11.4.0
[0.179s] -- The CXX compiler identification is GNU 11.4.0
[0.190s] -- Detecting C compiler ABI info
[0.290s] -- Detecting C compiler ABI info - done
[0.300s] -- Check for working C compiler: /usr/bin/cc - skipped
[0.301s] -- Detecting C compile features
[0.302s] -- Detecting C compile features - done
[0.306s] -- Detecting CXX compiler ABI info
[0.385s] -- Detecting CXX compiler ABI info - done
[0.394s] -- Check for working CXX compiler: /usr/bin/c++ - skipped
[0.395s] -- Detecting CXX compile features
[0.395s] -- Detecting CXX compile features - done
[0.399s] -- Found ament_cmake: 1.3.9 (/opt/ros/humble/share/ament_cmake/cmake)
[0.755s] -- Found Python3: /usr/bin/python3 (found version "3.10.12") found components: Interpreter 
[0.812s] -- Override CMake install command with custom implementation using symlinks instead of copying resources
[0.851s] [31mCMake Error at CMakeLists.txt:15 (find_package):
[0.851s]   By not providing "Findserial.cmake" in CMAKE_MODULE_PATH this project has
[0.851s]   asked CMake to find a package configuration file provided by "serial", but
[0.851s]   CMake did not find one.
[0.852s] 
[0.852s]   Could not find a package configuration file provided by "serial" with any
[0.852s]   of the following names:
[0.852s] 
[0.852s]     serialConfig.cmake
[0.852s]     serial-config.cmake
[0.852s] 
[0.852s]   Add the installation prefix of "serial" to CMAKE_PREFIX_PATH or set
[0.852s]   "serial_DIR" to a directory containing one of the above files.  If "serial"
[0.852s]   provides a separate development package or SDK, be sure it has been
[0.852s]   installed.
[0.852s] 
[0.852s] [0m
[0.852s] -- Configuring incomplete, errors occurred!
[0.852s] See also "/home/dev-pc/dev_ws/build/diffdrive_arduino/CMakeFiles/CMakeOutput.log".
[0.855s] Invoked command in '/home/dev-pc/dev_ws/build/diffdrive_arduino' returned '1': CMAKE_PREFIX_PATH=${CMAKE_PREFIX_PATH}:/opt/ros/humble /usr/bin/cmake /home/dev-pc/dev_ws/src/diffdrive_arduino -DAMENT_CMAKE_SYMLINK_INSTALL=1 -DCMAKE_INSTALL_PREFIX=/home/dev-pc/dev_ws/install/diffdrive_arduino
