[0.262s] DEBUG:colcon:Command line arguments: ['/usr/bin/colcon', 'build', '--symlink-install']
[0.263s] DEBUG:colcon:Parsed command line arguments: Namespace(log_base=None, log_level=None, verb_name='build', build_base='build', install_base='install', merge_install=False, symlink_install=True, test_result_base=None, continue_on_error=False, executor='parallel', parallel_workers=4, event_handlers=None, ignore_user_meta=False, metas=['./colcon.meta'], base_paths=['.'], packages_ignore=None, packages_ignore_regex=None, paths=None, packages_up_to=None, packages_up_to_regex=None, packages_above=None, packages_above_and_dependencies=None, packages_above_depth=None, packages_select_by_dep=None, packages_skip_by_dep=None, packages_skip_up_to=None, packages_select_build_failed=False, packages_skip_build_finished=False, packages_select_test_failures=False, packages_skip_test_passed=False, packages_select=None, packages_skip=None, packages_select_regex=None, packages_skip_regex=None, packages_start=None, packages_end=None, allow_overriding=[], cmake_args=None, cmake_target=None, cmake_target_skip_unavailable=False, cmake_clean_cache=False, cmake_clean_first=False, cmake_force_configure=False, ament_cmake_args=None, catkin_cmake_args=None, catkin_skip_building_tests=False, verb_parser=<colcon_defaults.argument_parser.defaults.DefaultArgumentsDecorator object at 0x708b33be3970>, verb_extension=<colcon_core.verb.build.BuildVerb object at 0x708b33d2c490>, main=<bound method BuildVerb.main of <colcon_core.verb.build.BuildVerb object at 0x708b33d2c490>>)
[0.630s] Level 1:colcon.colcon_core.package_discovery:discover_packages(colcon_meta) check parameters
[0.630s] Level 1:colcon.colcon_core.package_discovery:discover_packages(recursive) check parameters
[0.630s] Level 1:colcon.colcon_core.package_discovery:discover_packages(ignore) check parameters
[0.630s] Level 1:colcon.colcon_core.package_discovery:discover_packages(path) check parameters
[0.630s] Level 1:colcon.colcon_core.package_discovery:discover_packages(colcon_meta) discover
[0.631s] Level 1:colcon.colcon_core.package_discovery:discover_packages(recursive) discover
[0.631s] INFO:colcon.colcon_core.package_discovery:Crawling recursively for packages in '/home/ttrxx/TTRXX_WS'
[0.631s] Level 1:colcon.colcon_core.package_identification:_identify(.) by extensions ['ignore', 'ignore_ament_install']
[0.631s] Level 1:colcon.colcon_core.package_identification:_identify(.) by extension 'ignore'
[0.632s] Level 1:colcon.colcon_core.package_identification:_identify(.) by extension 'ignore_ament_install'
[0.632s] Level 1:colcon.colcon_core.package_identification:_identify(.) by extensions ['colcon_pkg']
[0.632s] Level 1:colcon.colcon_core.package_identification:_identify(.) by extension 'colcon_pkg'
[0.632s] Level 1:colcon.colcon_core.package_identification:_identify(.) by extensions ['colcon_meta']
[0.632s] Level 1:colcon.colcon_core.package_identification:_identify(.) by extension 'colcon_meta'
[0.632s] Level 1:colcon.colcon_core.package_identification:_identify(.) by extensions ['ros']
[0.632s] Level 1:colcon.colcon_core.package_identification:_identify(.) by extension 'ros'
[0.660s] Level 1:colcon.colcon_core.package_identification:_identify(.) by extensions ['cmake', 'python']
[0.661s] Level 1:colcon.colcon_core.package_identification:_identify(.) by extension 'cmake'
[0.661s] Level 1:colcon.colcon_core.package_identification:_identify(.) by extension 'python'
[0.661s] Level 1:colcon.colcon_core.package_identification:_identify(.) by extensions ['python_setup_py']
[0.661s] Level 1:colcon.colcon_core.package_identification:_identify(.) by extension 'python_setup_py'
[0.661s] Level 1:colcon.colcon_core.package_identification:_identify(build) by extensions ['ignore', 'ignore_ament_install']
[0.662s] Level 1:colcon.colcon_core.package_identification:_identify(build) by extension 'ignore'
[0.662s] Level 1:colcon.colcon_core.package_identification:_identify(build) ignored
[0.662s] Level 1:colcon.colcon_core.package_identification:_identify(install) by extensions ['ignore', 'ignore_ament_install']
[0.663s] Level 1:colcon.colcon_core.package_identification:_identify(install) by extension 'ignore'
[0.663s] Level 1:colcon.colcon_core.package_identification:_identify(install) ignored
[0.663s] Level 1:colcon.colcon_core.package_identification:_identify(log) by extensions ['ignore', 'ignore_ament_install']
[0.664s] Level 1:colcon.colcon_core.package_identification:_identify(log) by extension 'ignore'
[0.664s] Level 1:colcon.colcon_core.package_identification:_identify(log) ignored
[0.664s] Level 1:colcon.colcon_core.package_identification:_identify(src) by extensions ['ignore', 'ignore_ament_install']
[0.664s] Level 1:colcon.colcon_core.package_identification:_identify(src) by extension 'ignore'
[0.665s] Level 1:colcon.colcon_core.package_identification:_identify(src) by extension 'ignore_ament_install'
[0.665s] Level 1:colcon.colcon_core.package_identification:_identify(src) by extensions ['colcon_pkg']
[0.665s] Level 1:colcon.colcon_core.package_identification:_identify(src) by extension 'colcon_pkg'
[0.665s] Level 1:colcon.colcon_core.package_identification:_identify(src) by extensions ['colcon_meta']
[0.665s] Level 1:colcon.colcon_core.package_identification:_identify(src) by extension 'colcon_meta'
[0.665s] Level 1:colcon.colcon_core.package_identification:_identify(src) by extensions ['ros']
[0.665s] Level 1:colcon.colcon_core.package_identification:_identify(src) by extension 'ros'
[0.666s] Level 1:colcon.colcon_core.package_identification:_identify(src) by extensions ['cmake', 'python']
[0.666s] Level 1:colcon.colcon_core.package_identification:_identify(src) by extension 'cmake'
[0.666s] Level 1:colcon.colcon_core.package_identification:_identify(src) by extension 'python'
[0.666s] Level 1:colcon.colcon_core.package_identification:_identify(src) by extensions ['python_setup_py']
[0.666s] Level 1:colcon.colcon_core.package_identification:_identify(src) by extension 'python_setup_py'
[0.666s] Level 1:colcon.colcon_core.package_identification:_identify(src/robot_pkg) by extensions ['ignore', 'ignore_ament_install']
[0.667s] Level 1:colcon.colcon_core.package_identification:_identify(src/robot_pkg) by extension 'ignore'
[0.667s] Level 1:colcon.colcon_core.package_identification:_identify(src/robot_pkg) by extension 'ignore_ament_install'
[0.667s] Level 1:colcon.colcon_core.package_identification:_identify(src/robot_pkg) by extensions ['colcon_pkg']
[0.667s] Level 1:colcon.colcon_core.package_identification:_identify(src/robot_pkg) by extension 'colcon_pkg'
[0.667s] Level 1:colcon.colcon_core.package_identification:_identify(src/robot_pkg) by extensions ['colcon_meta']
[0.668s] Level 1:colcon.colcon_core.package_identification:_identify(src/robot_pkg) by extension 'colcon_meta'
[0.668s] Level 1:colcon.colcon_core.package_identification:_identify(src/robot_pkg) by extensions ['ros']
[0.668s] Level 1:colcon.colcon_core.package_identification:_identify(src/robot_pkg) by extension 'ros'
[0.673s] DEBUG:colcon.colcon_core.package_identification:Package 'src/robot_pkg' with type 'ros.ament_python' and name 'robot_pkg'
[0.673s] Level 1:colcon.colcon_core.package_discovery:discover_packages(recursive) using defaults
[0.673s] Level 1:colcon.colcon_core.package_discovery:discover_packages(ignore) discover
[0.674s] Level 1:colcon.colcon_core.package_discovery:discover_packages(ignore) using defaults
[0.674s] Level 1:colcon.colcon_core.package_discovery:discover_packages(path) discover
[0.674s] Level 1:colcon.colcon_core.package_discovery:discover_packages(path) using defaults
[0.722s] Level 1:colcon.colcon_core.package_discovery:discover_packages(prefix_path) check parameters
[0.722s] Level 1:colcon.colcon_core.package_discovery:discover_packages(prefix_path) discover
[0.728s] DEBUG:colcon.colcon_installed_package_information.package_discovery:Found 273 installed packages in /opt/ros/humble
[0.731s] Level 1:colcon.colcon_core.package_discovery:discover_packages(prefix_path) using defaults
[0.954s] Level 5:colcon.colcon_core.verb:set package 'robot_pkg' build argument 'cmake_args' from command line to 'None'
[0.954s] Level 5:colcon.colcon_core.verb:set package 'robot_pkg' build argument 'cmake_target' from command line to 'None'
[0.955s] Level 5:colcon.colcon_core.verb:set package 'robot_pkg' build argument 'cmake_target_skip_unavailable' from command line to 'False'
[0.955s] Level 5:colcon.colcon_core.verb:set package 'robot_pkg' build argument 'cmake_clean_cache' from command line to 'False'
[0.955s] Level 5:colcon.colcon_core.verb:set package 'robot_pkg' build argument 'cmake_clean_first' from command line to 'False'
[0.955s] Level 5:colcon.colcon_core.verb:set package 'robot_pkg' build argument 'cmake_force_configure' from command line to 'False'
[0.955s] Level 5:colcon.colcon_core.verb:set package 'robot_pkg' build argument 'ament_cmake_args' from command line to 'None'
[0.955s] Level 5:colcon.colcon_core.verb:set package 'robot_pkg' build argument 'catkin_cmake_args' from command line to 'None'
[0.955s] Level 5:colcon.colcon_core.verb:set package 'robot_pkg' build argument 'catkin_skip_building_tests' from command line to 'False'
[0.955s] DEBUG:colcon.colcon_core.verb:Building package 'robot_pkg' with the following arguments: {'ament_cmake_args': None, 'build_base': '/home/ttrxx/TTRXX_WS/build/robot_pkg', 'catkin_cmake_args': None, 'catkin_skip_building_tests': False, 'cmake_args': None, 'cmake_clean_cache': False, 'cmake_clean_first': False, 'cmake_force_configure': False, 'cmake_target': None, 'cmake_target_skip_unavailable': False, 'install_base': '/home/ttrxx/TTRXX_WS/install/robot_pkg', 'merge_install': False, 'path': '/home/ttrxx/TTRXX_WS/src/robot_pkg', 'symlink_install': True, 'test_result_base': None}
[0.956s] INFO:colcon.colcon_core.executor:Executing jobs using 'parallel' executor
[0.959s] DEBUG:colcon.colcon_parallel_executor.executor.parallel:run_until_complete
[0.960s] INFO:colcon.colcon_ros.task.ament_python.build:Building ROS package in '/home/ttrxx/TTRXX_WS/src/robot_pkg' with build type 'ament_python'
[0.962s] Level 1:colcon.colcon_core.shell:create_environment_hook('robot_pkg', 'ament_prefix_path')
[0.969s] INFO:colcon.colcon_core.plugin_system:Skipping extension 'colcon_core.shell.bat': Not used on non-Windows systems
[0.970s] INFO:colcon.colcon_core.shell:Creating environment hook '/home/ttrxx/TTRXX_WS/install/robot_pkg/share/robot_pkg/hook/ament_prefix_path.ps1'
[0.975s] INFO:colcon.colcon_core.shell:Creating environment descriptor '/home/ttrxx/TTRXX_WS/install/robot_pkg/share/robot_pkg/hook/ament_prefix_path.dsv'
[0.978s] INFO:colcon.colcon_core.shell:Creating environment hook '/home/ttrxx/TTRXX_WS/install/robot_pkg/share/robot_pkg/hook/ament_prefix_path.sh'
[0.982s] INFO:colcon.colcon_core.shell:Skip shell extension 'powershell' for command environment: Not usable outside of PowerShell
[0.983s] DEBUG:colcon.colcon_core.shell:Skip shell extension 'dsv' for command environment
[1.643s] INFO:colcon.colcon_core.task.python.build:Building Python package in '/home/ttrxx/TTRXX_WS/src/robot_pkg'
[1.644s] INFO:colcon.colcon_core.shell:Skip shell extension 'powershell' for command environment: Not usable outside of PowerShell
[1.645s] DEBUG:colcon.colcon_core.shell:Skip shell extension 'dsv' for command environment
[2.438s] DEBUG:colcon.colcon_core.event_handler.log_command:Invoking command in '/home/ttrxx/TTRXX_WS/build/robot_pkg': PYTHONPATH=/home/ttrxx/TTRXX_WS/build/robot_pkg/prefix_override:/home/ttrxx/TTRXX_WS/install/robot_pkg/lib/python3.10/site-packages:${PYTHONPATH} /usr/bin/python3 -W ignore:setup.py install is deprecated setup.py develop --editable --build-directory /home/ttrxx/TTRXX_WS/build/robot_pkg/build --no-deps symlink_data
[3.551s] Level 1:colcon.colcon_core.shell:create_environment_hook('robot_pkg', 'pythonpath_develop')
[3.553s] DEBUG:colcon.colcon_core.event_handler.log_command:Invoked command in '/home/ttrxx/TTRXX_WS/build/robot_pkg' returned '0': PYTHONPATH=/home/ttrxx/TTRXX_WS/build/robot_pkg/prefix_override:/home/ttrxx/TTRXX_WS/install/robot_pkg/lib/python3.10/site-packages:${PYTHONPATH} /usr/bin/python3 -W ignore:setup.py install is deprecated setup.py develop --editable --build-directory /home/ttrxx/TTRXX_WS/build/robot_pkg/build --no-deps symlink_data
[3.553s] INFO:colcon.colcon_core.shell:Creating environment hook '/home/ttrxx/TTRXX_WS/build/robot_pkg/share/robot_pkg/hook/pythonpath_develop.ps1'
[3.555s] INFO:colcon.colcon_core.shell:Creating environment descriptor '/home/ttrxx/TTRXX_WS/build/robot_pkg/share/robot_pkg/hook/pythonpath_develop.dsv'
[3.557s] INFO:colcon.colcon_core.shell:Creating environment hook '/home/ttrxx/TTRXX_WS/build/robot_pkg/share/robot_pkg/hook/pythonpath_develop.sh'
[3.563s] Level 1:colcon.colcon_core.environment:checking '/home/ttrxx/TTRXX_WS/install/robot_pkg' for CMake module files
[3.564s] Level 1:colcon.colcon_core.environment:checking '/home/ttrxx/TTRXX_WS/install/robot_pkg' for CMake config files
[3.566s] Level 1:colcon.colcon_core.environment:checking '/home/ttrxx/TTRXX_WS/install/robot_pkg/lib'
[3.567s] Level 1:colcon.colcon_core.environment:checking '/home/ttrxx/TTRXX_WS/install/robot_pkg/bin'
[3.567s] Level 1:colcon.colcon_core.environment:checking '/home/ttrxx/TTRXX_WS/install/robot_pkg/lib/pkgconfig/robot_pkg.pc'
[3.568s] Level 1:colcon.colcon_core.environment:checking '/home/ttrxx/TTRXX_WS/install/robot_pkg/lib/python3.10/site-packages'
[3.568s] Level 1:colcon.colcon_core.shell:create_environment_hook('robot_pkg', 'pythonpath')
[3.569s] INFO:colcon.colcon_core.shell:Creating environment hook '/home/ttrxx/TTRXX_WS/install/robot_pkg/share/robot_pkg/hook/pythonpath.ps1'
[3.570s] INFO:colcon.colcon_core.shell:Creating environment descriptor '/home/ttrxx/TTRXX_WS/install/robot_pkg/share/robot_pkg/hook/pythonpath.dsv'
[3.571s] INFO:colcon.colcon_core.shell:Creating environment hook '/home/ttrxx/TTRXX_WS/install/robot_pkg/share/robot_pkg/hook/pythonpath.sh'
[3.573s] Level 1:colcon.colcon_core.environment:checking '/home/ttrxx/TTRXX_WS/install/robot_pkg/bin'
[3.574s] Level 1:colcon.colcon_core.environment:create_environment_scripts_only(robot_pkg)
[3.575s] INFO:colcon.colcon_core.shell:Creating package script '/home/ttrxx/TTRXX_WS/install/robot_pkg/share/robot_pkg/package.ps1'
[3.577s] INFO:colcon.colcon_core.shell:Creating package descriptor '/home/ttrxx/TTRXX_WS/install/robot_pkg/share/robot_pkg/package.dsv'
[3.579s] INFO:colcon.colcon_core.shell:Creating package script '/home/ttrxx/TTRXX_WS/install/robot_pkg/share/robot_pkg/package.sh'
[3.582s] INFO:colcon.colcon_core.shell:Creating package script '/home/ttrxx/TTRXX_WS/install/robot_pkg/share/robot_pkg/package.bash'
[3.584s] INFO:colcon.colcon_core.shell:Creating package script '/home/ttrxx/TTRXX_WS/install/robot_pkg/share/robot_pkg/package.zsh'
[3.586s] Level 1:colcon.colcon_core.environment:create_file_with_runtime_dependencies(/home/ttrxx/TTRXX_WS/install/robot_pkg/share/colcon-core/packages/robot_pkg)
[3.587s] DEBUG:colcon.colcon_parallel_executor.executor.parallel:closing loop
[3.588s] DEBUG:colcon.colcon_parallel_executor.executor.parallel:loop closed
[3.589s] DEBUG:colcon.colcon_parallel_executor.executor.parallel:run_until_complete finished with '0'
[3.589s] DEBUG:colcon.colcon_core.event_reactor:joining thread
[3.605s] INFO:colcon.colcon_core.plugin_system:Skipping extension 'colcon_notification.desktop_notification.terminal_notifier': Not used on non-Darwin systems
[3.605s] INFO:colcon.colcon_core.plugin_system:Skipping extension 'colcon_notification.desktop_notification.win32': Not used on non-Windows systems
[3.606s] INFO:colcon.colcon_notification.desktop_notification:Sending desktop notification using 'notify2'
[3.647s] DEBUG:colcon.colcon_core.event_reactor:joined thread
[3.648s] INFO:colcon.colcon_core.shell:Creating prefix script '/home/ttrxx/TTRXX_WS/install/local_setup.ps1'
[3.652s] INFO:colcon.colcon_core.shell:Creating prefix util module '/home/ttrxx/TTRXX_WS/install/_local_setup_util_ps1.py'
[3.657s] INFO:colcon.colcon_core.shell:Creating prefix chain script '/home/ttrxx/TTRXX_WS/install/setup.ps1'
[3.663s] INFO:colcon.colcon_core.shell:Creating prefix script '/home/ttrxx/TTRXX_WS/install/local_setup.sh'
[3.667s] INFO:colcon.colcon_core.shell:Creating prefix util module '/home/ttrxx/TTRXX_WS/install/_local_setup_util_sh.py'
[3.670s] INFO:colcon.colcon_core.shell:Creating prefix chain script '/home/ttrxx/TTRXX_WS/install/setup.sh'
[3.674s] INFO:colcon.colcon_core.shell:Creating prefix script '/home/ttrxx/TTRXX_WS/install/local_setup.bash'
[3.679s] INFO:colcon.colcon_core.shell:Creating prefix chain script '/home/ttrxx/TTRXX_WS/install/setup.bash'
[3.684s] INFO:colcon.colcon_core.shell:Creating prefix script '/home/ttrxx/TTRXX_WS/install/local_setup.zsh'
[3.687s] INFO:colcon.colcon_core.shell:Creating prefix chain script '/home/ttrxx/TTRXX_WS/install/setup.zsh'
