[1.752s] DEBUG:colcon:Command line arguments: ['/usr/bin/colcon', 'list', '-p', '--base-paths', '/home/ttrxx/dev_ws']
[1.752s] DEBUG:colcon:Parsed command line arguments: Namespace(log_base=None, log_level=None, verb_name='list', build_base='build', ignore_user_meta=False, metas=['./colcon.meta'], base_paths=['/home/ttrxx/dev_ws'], packages_ignore=None, packages_ignore_regex=None, paths=None, packages_up_to=None, packages_up_to_regex=None, packages_above=None, packages_above_and_dependencies=None, packages_above_depth=None, packages_select_by_dep=None, packages_skip_by_dep=None, packages_skip_up_to=None, packages_select_build_failed=False, packages_skip_build_finished=False, packages_select_test_failures=False, packages_skip_test_passed=False, packages_select=None, packages_skip=None, packages_select_regex=None, packages_skip_regex=None, packages_start=None, packages_end=None, allow_overriding=[], topological_order=False, names_only=False, paths_only=True, topological_graph=False, topological_graph_dot=False, topological_graph_density=False, topological_graph_legend=False, topological_graph_dot_cluster=False, topological_graph_dot_include_skipped=False, verb_parser=<colcon_defaults.argument_parser.defaults.DefaultArgumentsDecorator object at 0x7478b2a04880>, verb_extension=<colcon_package_information.verb.list.ListVerb object at 0x7478b29bf3a0>, main=<bound method ListVerb.main of <colcon_package_information.verb.list.ListVerb object at 0x7478b29bf3a0>>)
[3.683s] Level 1:colcon.colcon_core.package_discovery:discover_packages(colcon_meta) check parameters
[3.683s] Level 1:colcon.colcon_core.package_discovery:discover_packages(recursive) check parameters
[3.684s] Level 1:colcon.colcon_core.package_discovery:discover_packages(ignore) check parameters
[3.684s] Level 1:colcon.colcon_core.package_discovery:discover_packages(path) check parameters
[3.684s] Level 1:colcon.colcon_core.package_discovery:discover_packages(recursive) discover
[3.684s] INFO:colcon.colcon_core.package_discovery:Crawling recursively for packages in '/home/ttrxx/dev_ws'
[3.685s] Level 1:colcon.colcon_core.package_identification:_identify(/home/ttrxx/dev_ws) by extensions ['ignore', 'ignore_ament_install']
[3.686s] Level 1:colcon.colcon_core.package_identification:_identify(/home/ttrxx/dev_ws) by extension 'ignore'
[3.687s] Level 1:colcon.colcon_core.package_identification:_identify(/home/ttrxx/dev_ws) by extension 'ignore_ament_install'
[3.688s] Level 1:colcon.colcon_core.package_identification:_identify(/home/ttrxx/dev_ws) by extensions ['colcon_pkg']
[3.689s] Level 1:colcon.colcon_core.package_identification:_identify(/home/ttrxx/dev_ws) by extension 'colcon_pkg'
[3.689s] Level 1:colcon.colcon_core.package_identification:_identify(/home/ttrxx/dev_ws) by extensions ['colcon_meta']
[3.690s] Level 1:colcon.colcon_core.package_identification:_identify(/home/ttrxx/dev_ws) by extension 'colcon_meta'
[3.690s] Level 1:colcon.colcon_core.package_identification:_identify(/home/ttrxx/dev_ws) by extensions ['ros']
[3.691s] Level 1:colcon.colcon_core.package_identification:_identify(/home/ttrxx/dev_ws) by extension 'ros'
[3.740s] Level 1:colcon.colcon_core.package_identification:_identify(/home/ttrxx/dev_ws) by extensions ['cmake', 'python']
[3.741s] Level 1:colcon.colcon_core.package_identification:_identify(/home/ttrxx/dev_ws) by extension 'cmake'
[3.741s] Level 1:colcon.colcon_core.package_identification:_identify(/home/ttrxx/dev_ws) by extension 'python'
[3.742s] Level 1:colcon.colcon_core.package_identification:_identify(/home/ttrxx/dev_ws) by extensions ['python_setup_py']
[3.742s] Level 1:colcon.colcon_core.package_identification:_identify(/home/ttrxx/dev_ws) by extension 'python_setup_py'
[3.743s] Level 1:colcon.colcon_core.package_identification:_identify(/home/ttrxx/dev_ws/build) by extensions ['ignore', 'ignore_ament_install']
[3.744s] Level 1:colcon.colcon_core.package_identification:_identify(/home/ttrxx/dev_ws/build) by extension 'ignore'
[3.744s] Level 1:colcon.colcon_core.package_identification:_identify(/home/ttrxx/dev_ws/build) ignored
[3.745s] Level 1:colcon.colcon_core.package_identification:_identify(/home/ttrxx/dev_ws/install) by extensions ['ignore', 'ignore_ament_install']
[3.746s] Level 1:colcon.colcon_core.package_identification:_identify(/home/ttrxx/dev_ws/install) by extension 'ignore'
[3.747s] Level 1:colcon.colcon_core.package_identification:_identify(/home/ttrxx/dev_ws/install) ignored
[3.748s] Level 1:colcon.colcon_core.package_identification:_identify(/home/ttrxx/dev_ws/log) by extensions ['ignore', 'ignore_ament_install']
[3.749s] Level 1:colcon.colcon_core.package_identification:_identify(/home/ttrxx/dev_ws/log) by extension 'ignore'
[3.749s] Level 1:colcon.colcon_core.package_identification:_identify(/home/ttrxx/dev_ws/log) ignored
[3.750s] Level 1:colcon.colcon_core.package_identification:_identify(/home/ttrxx/dev_ws/src) by extensions ['ignore', 'ignore_ament_install']
[3.751s] Level 1:colcon.colcon_core.package_identification:_identify(/home/ttrxx/dev_ws/src) by extension 'ignore'
[3.751s] Level 1:colcon.colcon_core.package_identification:_identify(/home/ttrxx/dev_ws/src) by extension 'ignore_ament_install'
[3.752s] Level 1:colcon.colcon_core.package_identification:_identify(/home/ttrxx/dev_ws/src) by extensions ['colcon_pkg']
[3.752s] Level 1:colcon.colcon_core.package_identification:_identify(/home/ttrxx/dev_ws/src) by extension 'colcon_pkg'
[3.753s] Level 1:colcon.colcon_core.package_identification:_identify(/home/ttrxx/dev_ws/src) by extensions ['colcon_meta']
[3.754s] Level 1:colcon.colcon_core.package_identification:_identify(/home/ttrxx/dev_ws/src) by extension 'colcon_meta'
[3.754s] Level 1:colcon.colcon_core.package_identification:_identify(/home/ttrxx/dev_ws/src) by extensions ['ros']
[3.755s] Level 1:colcon.colcon_core.package_identification:_identify(/home/ttrxx/dev_ws/src) by extension 'ros'
[3.756s] Level 1:colcon.colcon_core.package_identification:_identify(/home/ttrxx/dev_ws/src) by extensions ['cmake', 'python']
[3.756s] Level 1:colcon.colcon_core.package_identification:_identify(/home/ttrxx/dev_ws/src) by extension 'cmake'
[3.757s] Level 1:colcon.colcon_core.package_identification:_identify(/home/ttrxx/dev_ws/src) by extension 'python'
[3.757s] Level 1:colcon.colcon_core.package_identification:_identify(/home/ttrxx/dev_ws/src) by extensions ['python_setup_py']
[3.758s] Level 1:colcon.colcon_core.package_identification:_identify(/home/ttrxx/dev_ws/src) by extension 'python_setup_py'
[3.758s] Level 1:colcon.colcon_core.package_identification:_identify(/home/ttrxx/dev_ws/src/my_package) by extensions ['ignore', 'ignore_ament_install']
[3.759s] Level 1:colcon.colcon_core.package_identification:_identify(/home/ttrxx/dev_ws/src/my_package) by extension 'ignore'
[3.760s] Level 1:colcon.colcon_core.package_identification:_identify(/home/ttrxx/dev_ws/src/my_package) by extension 'ignore_ament_install'
[3.760s] Level 1:colcon.colcon_core.package_identification:_identify(/home/ttrxx/dev_ws/src/my_package) by extensions ['colcon_pkg']
[3.761s] Level 1:colcon.colcon_core.package_identification:_identify(/home/ttrxx/dev_ws/src/my_package) by extension 'colcon_pkg'
[3.761s] Level 1:colcon.colcon_core.package_identification:_identify(/home/ttrxx/dev_ws/src/my_package) by extensions ['colcon_meta']
[3.762s] Level 1:colcon.colcon_core.package_identification:_identify(/home/ttrxx/dev_ws/src/my_package) by extension 'colcon_meta'
[3.762s] Level 1:colcon.colcon_core.package_identification:_identify(/home/ttrxx/dev_ws/src/my_package) by extensions ['ros']
[3.763s] Level 1:colcon.colcon_core.package_identification:_identify(/home/ttrxx/dev_ws/src/my_package) by extension 'ros'
[3.810s] DEBUG:colcon.colcon_core.package_identification:Package '/home/ttrxx/dev_ws/src/my_package' with type 'ros.ament_cmake' and name 'my_package'
[3.812s] Level 1:colcon.colcon_core.package_identification:_identify(/home/ttrxx/dev_ws/src/ttrxx_pkg) by extensions ['ignore', 'ignore_ament_install']
[3.813s] Level 1:colcon.colcon_core.package_identification:_identify(/home/ttrxx/dev_ws/src/ttrxx_pkg) by extension 'ignore'
[3.814s] Level 1:colcon.colcon_core.package_identification:_identify(/home/ttrxx/dev_ws/src/ttrxx_pkg) by extension 'ignore_ament_install'
[3.814s] Level 1:colcon.colcon_core.package_identification:_identify(/home/ttrxx/dev_ws/src/ttrxx_pkg) by extensions ['colcon_pkg']
[3.815s] Level 1:colcon.colcon_core.package_identification:_identify(/home/ttrxx/dev_ws/src/ttrxx_pkg) by extension 'colcon_pkg'
[3.815s] Level 1:colcon.colcon_core.package_identification:_identify(/home/ttrxx/dev_ws/src/ttrxx_pkg) by extensions ['colcon_meta']
[3.816s] Level 1:colcon.colcon_core.package_identification:_identify(/home/ttrxx/dev_ws/src/ttrxx_pkg) by extension 'colcon_meta'
[3.816s] Level 1:colcon.colcon_core.package_identification:_identify(/home/ttrxx/dev_ws/src/ttrxx_pkg) by extensions ['ros']
[3.817s] Level 1:colcon.colcon_core.package_identification:_identify(/home/ttrxx/dev_ws/src/ttrxx_pkg) by extension 'ros'
[3.819s] DEBUG:colcon.colcon_core.package_identification:Package '/home/ttrxx/dev_ws/src/ttrxx_pkg' with type 'ros.ament_cmake' and name 'ttrxx_pkg'
[3.819s] Level 1:colcon.colcon_core.package_discovery:discover_packages(recursive) using defaults
