[0.491s] Invoking command in '/home/dev/dev_ws/src/robot_pkg': PYTHONPATH=/home/dev/dev_ws/build/robot_pkg/prefix_override:/home/dev/dev_ws/install/robot_pkg/lib/python3.10/site-packages:${PYTHONPATH} /usr/bin/python3 -W ignore:setup.py install is deprecated setup.py egg_info --egg-base ../../build/robot_pkg build --build-base /home/dev/dev_ws/build/robot_pkg/build install --record /home/dev/dev_ws/build/robot_pkg/install.log --single-version-externally-managed install_data
[0.658s] running egg_info
[0.659s] writing ../../build/robot_pkg/robot_pkg.egg-info/PKG-INFO
[0.660s] writing dependency_links to ../../build/robot_pkg/robot_pkg.egg-info/dependency_links.txt
[0.660s] writing entry points to ../../build/robot_pkg/robot_pkg.egg-info/entry_points.txt
[0.661s] writing requirements to ../../build/robot_pkg/robot_pkg.egg-info/requires.txt
[0.661s] writing top-level names to ../../build/robot_pkg/robot_pkg.egg-info/top_level.txt
[0.663s] reading manifest file '../../build/robot_pkg/robot_pkg.egg-info/SOURCES.txt'
[0.664s] adding license file 'LICENSE'
[0.665s] writing manifest file '../../build/robot_pkg/robot_pkg.egg-info/SOURCES.txt'
[0.665s] running build
[0.665s] running build_py
[0.666s] running install
[0.666s] running install_lib
[0.667s] running install_data
[0.667s] copying urdf/parameters.xacro -> /home/dev/dev_ws/install/robot_pkg/share/robot_pkg/urdf
[0.668s] copying urdf/TTR01.urdf.xacro -> /home/dev/dev_ws/install/robot_pkg/share/robot_pkg/urdf
[0.669s] running install_egg_info
[0.670s] removing '/home/dev/dev_ws/install/robot_pkg/lib/python3.10/site-packages/robot_pkg-0.0.0-py3.10.egg-info' (and everything under it)
[0.679s] Copying ../../build/robot_pkg/robot_pkg.egg-info to /home/dev/dev_ws/install/robot_pkg/lib/python3.10/site-packages/robot_pkg-0.0.0-py3.10.egg-info
[0.682s] running install_scripts
[0.698s] writing list of installed files to '/home/dev/dev_ws/build/robot_pkg/install.log'
[0.719s] Invoked command in '/home/dev/dev_ws/src/robot_pkg' returned '0': PYTHONPATH=/home/dev/dev_ws/build/robot_pkg/prefix_override:/home/dev/dev_ws/install/robot_pkg/lib/python3.10/site-packages:${PYTHONPATH} /usr/bin/python3 -W ignore:setup.py install is deprecated setup.py egg_info --egg-base ../../build/robot_pkg build --build-base /home/dev/dev_ws/build/robot_pkg/build install --record /home/dev/dev_ws/build/robot_pkg/install.log --single-version-externally-managed install_data
