running egg_info
writing ../../build/robot_pkg/robot_pkg.egg-info/PKG-INFO
writing dependency_links to ../../build/robot_pkg/robot_pkg.egg-info/dependency_links.txt
writing entry points to ../../build/robot_pkg/robot_pkg.egg-info/entry_points.txt
writing requirements to ../../build/robot_pkg/robot_pkg.egg-info/requires.txt
writing top-level names to ../../build/robot_pkg/robot_pkg.egg-info/top_level.txt
reading manifest file '../../build/robot_pkg/robot_pkg.egg-info/SOURCES.txt'
adding license file 'LICENSE'
writing manifest file '../../build/robot_pkg/robot_pkg.egg-info/SOURCES.txt'
running build
running build_py
running install
running install_lib
running install_data
copying urdf/gazebo_setup.xacro -> /home/ttrxx/TTRXX_WS/install/robot_pkg/share/robot_pkg/urdf
copying urdf/TTR01.urdf.xacro -> /home/ttrxx/TTRXX_WS/install/robot_pkg/share/robot_pkg/urdf
copying launch/gazebo.launch.py -> /home/ttrxx/TTRXX_WS/install/robot_pkg/share/robot_pkg/launch
running install_egg_info
removing '/home/ttrxx/TTRXX_WS/install/robot_pkg/lib/python3.10/site-packages/robot_pkg-0.0.0-py3.10.egg-info' (and everything under it)
Copying ../../build/robot_pkg/robot_pkg.egg-info to /home/ttrxx/TTRXX_WS/install/robot_pkg/lib/python3.10/site-packages/robot_pkg-0.0.0-py3.10.egg-info
running install_scripts
writing list of installed files to '/home/ttrxx/TTRXX_WS/build/robot_pkg/install.log'
