[0.114s] Invoking command in '/home/rodrigo/dev_ws/build/serial': CMAKE_PREFIX_PATH=${CMAKE_PREFIX_PATH}:/opt/ros/humble /usr/bin/cmake --build /home/rodrigo/dev_ws/build/serial -- -j4 -l4
[0.345s] [35m[1mConsolidate compiler generated dependencies of target serial[0m
[0.347s] [35m[1mConsolidate compiler generated dependencies of target gtest_main[0m
[0.406s] [35m[1mConsolidate compiler generated dependencies of target gtest[0m
[0.439s] [ 28%] Built target serial
[0.532s] [ 42%] Built target gtest_main
[0.567s] [35m[1mConsolidate compiler generated dependencies of target serial_example[0m
[0.579s] [ 57%] Built target gtest
[0.665s] [ 71%] Built target serial_example
[0.711s] [35m[1mConsolidate compiler generated dependencies of target serial-test[0m
[0.714s] [35m[1mConsolidate compiler generated dependencies of target serial-test-timer[0m
[0.859s] [ 85%] Built target serial-test-timer
[0.882s] [100%] Built target serial-test
[0.936s] Invoked command in '/home/rodrigo/dev_ws/build/serial' returned '0': CMAKE_PREFIX_PATH=${CMAKE_PREFIX_PATH}:/opt/ros/humble /usr/bin/cmake --build /home/rodrigo/dev_ws/build/serial -- -j4 -l4
[1.156s] Invoking command in '/home/rodrigo/dev_ws/build/serial': CMAKE_PREFIX_PATH=${CMAKE_PREFIX_PATH}:/opt/ros/humble /usr/bin/cmake --install /home/rodrigo/dev_ws/build/serial
[1.183s] -- Install configuration: ""
[1.186s] -- Execute custom install script
[1.188s] -- Up-to-date symlink: /home/rodrigo/dev_ws/install/serial/lib/libserial.a
[1.190s] -- Up-to-date symlink: /home/rodrigo/dev_ws/install/serial/include/serial/serial.h
[1.191s] -- Up-to-date symlink: /home/rodrigo/dev_ws/install/serial/include/serial/v8stdint.h
[1.192s] -- Up-to-date symlink: /home/rodrigo/dev_ws/install/serial/share/serial/environment/library_path.sh
[1.192s] -- Up-to-date symlink: /home/rodrigo/dev_ws/install/serial/share/serial/environment/library_path.dsv
[1.193s] -- Up-to-date symlink: /home/rodrigo/dev_ws/install/serial/share/ament_index/resource_index/package_run_dependencies/serial
[1.194s] -- Up-to-date symlink: /home/rodrigo/dev_ws/install/serial/share/ament_index/resource_index/parent_prefix_path/serial
[1.195s] -- Up-to-date symlink: /home/rodrigo/dev_ws/install/serial/share/serial/environment/ament_prefix_path.sh
[1.196s] -- Up-to-date symlink: /home/rodrigo/dev_ws/install/serial/share/serial/environment/ament_prefix_path.dsv
[1.197s] -- Up-to-date symlink: /home/rodrigo/dev_ws/install/serial/share/serial/environment/path.sh
[1.199s] -- Up-to-date symlink: /home/rodrigo/dev_ws/install/serial/share/serial/environment/path.dsv
[1.200s] -- Up-to-date symlink: /home/rodrigo/dev_ws/install/serial/share/serial/local_setup.bash
[1.202s] -- Up-to-date symlink: /home/rodrigo/dev_ws/install/serial/share/serial/local_setup.sh
[1.204s] -- Up-to-date symlink: /home/rodrigo/dev_ws/install/serial/share/serial/local_setup.zsh
[1.205s] -- Up-to-date symlink: /home/rodrigo/dev_ws/install/serial/share/serial/local_setup.dsv
[1.206s] -- Symlinking: /home/rodrigo/dev_ws/install/serial/share/serial/package.dsv
[1.245s] -- Up-to-date symlink: /home/rodrigo/dev_ws/install/serial/share/ament_index/resource_index/packages/serial
[1.249s] -- Up-to-date symlink: /home/rodrigo/dev_ws/install/serial/share/serial/cmake/ament_cmake_export_include_directories-extras.cmake
[1.253s] -- Up-to-date symlink: /home/rodrigo/dev_ws/install/serial/share/serial/cmake/ament_cmake_export_libraries-extras.cmake
[1.257s] -- Up-to-date symlink: /home/rodrigo/dev_ws/install/serial/share/serial/cmake/serialConfig.cmake
[1.261s] -- Up-to-date symlink: /home/rodrigo/dev_ws/install/serial/share/serial/cmake/serialConfig-version.cmake
[1.261s] -- Up-to-date symlink: /home/rodrigo/dev_ws/install/serial/share/serial/package.xml
[1.262s] Invoked command in '/home/rodrigo/dev_ws/build/serial' returned '0': CMAKE_PREFIX_PATH=${CMAKE_PREFIX_PATH}:/opt/ros/humble /usr/bin/cmake --install /home/rodrigo/dev_ws/build/serial
