[0.090s] Invoking command in '/home/rodrigo/dev_ws/build/serial': CMAKE_PREFIX_PATH=${CMAKE_PREFIX_PATH}:/opt/ros/humble /usr/bin/cmake /home/rodrigo/dev_ws/src/serial -DAMENT_CMAKE_SYMLINK_INSTALL=1 -DCMAKE_INSTALL_PREFIX=/home/rodrigo/dev_ws/install/serial
[0.494s] -- The C compiler identification is GNU 11.4.0
[0.893s] -- The CXX compiler identification is GNU 11.4.0
[0.937s] -- Detecting C compiler ABI info
[1.438s] -- Detecting C compiler ABI info - done
[1.466s] -- Check for working C compiler: /usr/bin/cc - skipped
[1.467s] -- Detecting C compile features
[1.469s] -- Detecting C compile features - done
[1.485s] -- Detecting CXX compiler ABI info
[2.101s] -- Detecting CXX compiler ABI info - done
[2.144s] -- Check for working CXX compiler: /usr/bin/c++ - skipped
[2.146s] -- Detecting CXX compile features
[2.149s] -- Detecting CXX compile features - done
[2.182s] -- Found ament_cmake: 1.3.9 (/opt/ros/humble/share/ament_cmake/cmake)
[3.305s] -- Found Python3: /usr/bin/python3 (found version "3.10.12") found components: Interpreter 
[3.742s] -- Override CMake install command with custom implementation using symlinks instead of copying resources
[4.046s] -- Found ament_cmake_gtest: 1.3.9 (/opt/ros/humble/share/ament_cmake_gtest/cmake)
[4.118s] -- Found Boost: /usr/lib/aarch64-linux-gnu/cmake/Boost-1.74.0/BoostConfig.cmake (found version "1.74.0")  
[4.140s] -- Found gtest sources under '/opt/ros/humble/src/gtest_vendor': C++ tests using 'Google Test' will be built
[4.151s] -- Looking for pthread.h
[4.594s] -- Looking for pthread.h - found
[4.595s] -- Performing Test CMAKE_HAVE_LIBC_PTHREAD
[5.177s] -- Performing Test CMAKE_HAVE_LIBC_PTHREAD - Success
[5.177s] -- Found Threads: TRUE  
[5.777s] -- Configuring done
[5.937s] -- Generating done
[5.963s] -- Build files have been written to: /home/rodrigo/dev_ws/build/serial
[5.999s] Invoked command in '/home/rodrigo/dev_ws/build/serial' returned '0': CMAKE_PREFIX_PATH=${CMAKE_PREFIX_PATH}:/opt/ros/humble /usr/bin/cmake /home/rodrigo/dev_ws/src/serial -DAMENT_CMAKE_SYMLINK_INSTALL=1 -DCMAKE_INSTALL_PREFIX=/home/rodrigo/dev_ws/install/serial
[6.002s] Invoking command in '/home/rodrigo/dev_ws/build/serial': CMAKE_PREFIX_PATH=${CMAKE_PREFIX_PATH}:/opt/ros/humble /usr/bin/cmake --build /home/rodrigo/dev_ws/build/serial -- -j4 -l4
[6.435s] [ 14%] [32mBuilding CXX object gtest/CMakeFiles/gtest_main.dir/src/gtest_main.cc.o[0m
[6.452s] [ 21%] [32mBuilding CXX object gtest/CMakeFiles/gtest.dir/src/gtest-all.cc.o[0m
[6.453s] [ 28%] [32mBuilding CXX object CMakeFiles/serial.dir/src/impl/unix.cc.o[0m
[6.453s] [ 28%] [32mBuilding CXX object CMakeFiles/serial.dir/src/serial.cc.o[0m
[10.254s] [ 35%] [32mBuilding CXX object CMakeFiles/serial.dir/src/impl/list_ports/list_ports_linux.cc.o[0m
[16.108s] [ 42%] [32m[1mLinking CXX static library libserial.a[0m
[16.432s] [ 42%] Built target serial
[16.798s] [ 50%] [32mBuilding CXX object CMakeFiles/serial_example.dir/examples/serial_example.cc.o[0m
[17.948s] [ 57%] [32m[1mLinking CXX static library libgtest_main.a[0m
[18.165s] [ 57%] Built target gtest_main
[19.985s] [ 64%] [32m[1mLinking CXX executable serial_example[0m
[20.827s] [ 64%] Built target serial_example
[37.515s] [ 71%] [32m[1mLinking CXX static library libgtest.a[0m
[38.801s] [ 71%] Built target gtest
[38.973s] [ 78%] [32mBuilding CXX object tests/CMakeFiles/serial-test.dir/unix_serial_tests.cc.o[0m
[39.062s] [ 85%] [32mBuilding CXX object tests/CMakeFiles/serial-test-timer.dir/unit/unix_timer_tests.cc.o[0m
[50.754s] [ 92%] [32m[1mLinking CXX executable serial-test-timer[0m
[52.479s] [ 92%] Built target serial-test-timer
[53.784s] In file included from [01m[K/usr/include/boost/bind.hpp:30[m[K,
[53.785s]                  from [01m[K/home/rodrigo/dev_ws/src/serial/tests/unix_serial_tests.cc:23[m[K:
[53.786s] [01m[K/usr/include/boost/bind.hpp:36:1:[m[K [01;36m[Knote: [m[K‘[01m[K#pragma message: The practice of declaring the Bind placeholders (_1, _2, ...) in the global namespace is deprecated. Please use <boost/bind/bind.hpp> + using namespace boost::placeholders, or define BOOST_BIND_GLOBAL_PLACEHOLDERS to retain the current behavior.[m[K’
[53.787s]    36 | [01;36m[KBOOST_PRAGMA_MESSAGE[m[K(
[53.788s]       | [01;36m[K^~~~~~~~~~~~~~~~~~~~[m[K
[55.410s] [100%] [32m[1mLinking CXX executable serial-test[0m
[57.003s] [100%] Built target serial-test
[57.174s] Invoked command in '/home/rodrigo/dev_ws/build/serial' returned '0': CMAKE_PREFIX_PATH=${CMAKE_PREFIX_PATH}:/opt/ros/humble /usr/bin/cmake --build /home/rodrigo/dev_ws/build/serial -- -j4 -l4
[57.479s] Invoking command in '/home/rodrigo/dev_ws/build/serial': CMAKE_PREFIX_PATH=${CMAKE_PREFIX_PATH}:/opt/ros/humble /usr/bin/cmake --install /home/rodrigo/dev_ws/build/serial
[57.557s] -- Install configuration: ""
[57.563s] -- Execute custom install script
[57.571s] -- Symlinking: /home/rodrigo/dev_ws/install/serial/lib/libserial.a
[57.631s] -- Symlinking: /home/rodrigo/dev_ws/install/serial/include/serial/serial.h
[57.687s] -- Symlinking: /home/rodrigo/dev_ws/install/serial/include/serial/v8stdint.h
[57.751s] -- Symlinking: /home/rodrigo/dev_ws/install/serial/share/serial/environment/library_path.sh
[57.822s] -- Symlinking: /home/rodrigo/dev_ws/install/serial/share/serial/environment/library_path.dsv
[57.894s] -- Symlinking: /home/rodrigo/dev_ws/install/serial/share/ament_index/resource_index/package_run_dependencies/serial
[57.950s] -- Symlinking: /home/rodrigo/dev_ws/install/serial/share/ament_index/resource_index/parent_prefix_path/serial
[58.028s] -- Symlinking: /home/rodrigo/dev_ws/install/serial/share/serial/environment/ament_prefix_path.sh
[58.094s] -- Symlinking: /home/rodrigo/dev_ws/install/serial/share/serial/environment/ament_prefix_path.dsv
[58.169s] -- Symlinking: /home/rodrigo/dev_ws/install/serial/share/serial/environment/path.sh
[58.272s] -- Symlinking: /home/rodrigo/dev_ws/install/serial/share/serial/environment/path.dsv
[58.404s] -- Symlinking: /home/rodrigo/dev_ws/install/serial/share/serial/local_setup.bash
[58.466s] -- Symlinking: /home/rodrigo/dev_ws/install/serial/share/serial/local_setup.sh
[58.588s] -- Symlinking: /home/rodrigo/dev_ws/install/serial/share/serial/local_setup.zsh
[58.709s] -- Symlinking: /home/rodrigo/dev_ws/install/serial/share/serial/local_setup.dsv
[58.769s] -- Symlinking: /home/rodrigo/dev_ws/install/serial/share/serial/package.dsv
[58.826s] -- Symlinking: /home/rodrigo/dev_ws/install/serial/share/ament_index/resource_index/packages/serial
[58.943s] -- Symlinking: /home/rodrigo/dev_ws/install/serial/share/serial/cmake/ament_cmake_export_include_directories-extras.cmake
[59.012s] -- Symlinking: /home/rodrigo/dev_ws/install/serial/share/serial/cmake/ament_cmake_export_libraries-extras.cmake
[59.124s] -- Symlinking: /home/rodrigo/dev_ws/install/serial/share/serial/cmake/serialConfig.cmake
[59.179s] -- Symlinking: /home/rodrigo/dev_ws/install/serial/share/serial/cmake/serialConfig-version.cmake
[59.235s] -- Symlinking: /home/rodrigo/dev_ws/install/serial/share/serial/package.xml
[59.318s] Invoked command in '/home/rodrigo/dev_ws/build/serial' returned '0': CMAKE_PREFIX_PATH=${CMAKE_PREFIX_PATH}:/opt/ros/humble /usr/bin/cmake --install /home/rodrigo/dev_ws/build/serial
