[0.006s] Invoking command in '/home/dev-pc/dev_ws/build/diffdrive_arduino': AMENT_PREFIX_PATH=/home/dev-pc/dev_ws/install/serial:${AMENT_PREFIX_PATH} CMAKE_PREFIX_PATH=/home/dev-pc/dev_ws/install/serial:/opt/ros/humble LD_LIBRARY_PATH=/home/dev-pc/dev_ws/install/serial/lib:${LD_LIBRARY_PATH} /usr/bin/cmake --build /home/dev-pc/dev_ws/build/diffdrive_arduino -- -j8 -l8
[0.039s] [35m[1mConsolidate compiler generated dependencies of target fake_robot[0m
[0.040s] [35m[1mConsolidate compiler generated dependencies of target diffdrive_arduino[0m
[0.053s] [ 42%] Built target fake_robot
[0.055s] [100%] Built target diffdrive_arduino
[0.063s] Invoked command in '/home/dev-pc/dev_ws/build/diffdrive_arduino' returned '0': AMENT_PREFIX_PATH=/home/dev-pc/dev_ws/install/serial:${AMENT_PREFIX_PATH} CMAKE_PREFIX_PATH=/home/dev-pc/dev_ws/install/serial:/opt/ros/humble LD_LIBRARY_PATH=/home/dev-pc/dev_ws/install/serial/lib:${LD_LIBRARY_PATH} /usr/bin/cmake --build /home/dev-pc/dev_ws/build/diffdrive_arduino -- -j8 -l8
[0.083s] Invoking command in '/home/dev-pc/dev_ws/build/diffdrive_arduino': AMENT_PREFIX_PATH=/home/dev-pc/dev_ws/install/serial:${AMENT_PREFIX_PATH} CMAKE_PREFIX_PATH=/home/dev-pc/dev_ws/install/serial:/opt/ros/humble LD_LIBRARY_PATH=/home/dev-pc/dev_ws/install/serial/lib:${LD_LIBRARY_PATH} /usr/bin/cmake --install /home/dev-pc/dev_ws/build/diffdrive_arduino
[0.088s] -- Install configuration: ""
[0.089s] -- Execute custom install script
[0.089s] -- Up-to-date symlink: /home/dev-pc/dev_ws/install/diffdrive_arduino/share/diffdrive_arduino//robot_hardware.xml
[0.089s] -- Up-to-date symlink: /home/dev-pc/dev_ws/install/diffdrive_arduino/share/diffdrive_arduino//fake_robot_hardware.xml
[0.089s] -- Up-to-date symlink: /home/dev-pc/dev_ws/install/diffdrive_arduino/lib/libdiffdrive_arduino.so
[0.089s] -- Up-to-date symlink: /home/dev-pc/dev_ws/install/diffdrive_arduino/lib/libfake_robot.so
[0.089s] -- Up-to-date symlink: /home/dev-pc/dev_ws/install/diffdrive_arduino/share/diffdrive_arduino/controllers/robot_controller_example.yaml
[0.090s] -- Up-to-date symlink: /home/dev-pc/dev_ws/install/diffdrive_arduino/share/diffdrive_arduino/__pycache__/test_robot.launch.cpython-310.pyc
[0.090s] -- Up-to-date symlink: /home/dev-pc/dev_ws/install/diffdrive_arduino/share/diffdrive_arduino/fake_robot.launch.py
[0.090s] -- Up-to-date symlink: /home/dev-pc/dev_ws/install/diffdrive_arduino/share/diffdrive_arduino/test_robot.launch.py
[0.090s] -- Up-to-date symlink: /home/dev-pc/dev_ws/install/diffdrive_arduino/share/diffdrive_arduino/environment/library_path.sh
[0.090s] -- Up-to-date symlink: /home/dev-pc/dev_ws/install/diffdrive_arduino/share/diffdrive_arduino/environment/library_path.dsv
[0.090s] -- Up-to-date symlink: /home/dev-pc/dev_ws/install/diffdrive_arduino/share/ament_index/resource_index/package_run_dependencies/diffdrive_arduino
[0.090s] -- Up-to-date symlink: /home/dev-pc/dev_ws/install/diffdrive_arduino/share/ament_index/resource_index/parent_prefix_path/diffdrive_arduino
[0.090s] -- Up-to-date symlink: /home/dev-pc/dev_ws/install/diffdrive_arduino/share/diffdrive_arduino/environment/ament_prefix_path.sh
[0.090s] -- Up-to-date symlink: /home/dev-pc/dev_ws/install/diffdrive_arduino/share/diffdrive_arduino/environment/ament_prefix_path.dsv
[0.090s] -- Up-to-date symlink: /home/dev-pc/dev_ws/install/diffdrive_arduino/share/diffdrive_arduino/environment/path.sh
[0.090s] -- Up-to-date symlink: /home/dev-pc/dev_ws/install/diffdrive_arduino/share/diffdrive_arduino/environment/path.dsv
[0.090s] -- Up-to-date symlink: /home/dev-pc/dev_ws/install/diffdrive_arduino/share/diffdrive_arduino/local_setup.bash
[0.091s] -- Up-to-date symlink: /home/dev-pc/dev_ws/install/diffdrive_arduino/share/diffdrive_arduino/local_setup.sh
[0.091s] -- Up-to-date symlink: /home/dev-pc/dev_ws/install/diffdrive_arduino/share/diffdrive_arduino/local_setup.zsh
[0.091s] -- Up-to-date symlink: /home/dev-pc/dev_ws/install/diffdrive_arduino/share/diffdrive_arduino/local_setup.dsv
[0.091s] -- Symlinking: /home/dev-pc/dev_ws/install/diffdrive_arduino/share/diffdrive_arduino/package.dsv
[0.097s] -- Up-to-date symlink: /home/dev-pc/dev_ws/install/diffdrive_arduino/share/ament_index/resource_index/packages/diffdrive_arduino
[0.097s] -- Up-to-date symlink: /home/dev-pc/dev_ws/install/diffdrive_arduino/share/ament_index/resource_index/hardware_interface__pluginlib__plugin/diffdrive_arduino
[0.097s] -- Up-to-date symlink: /home/dev-pc/dev_ws/install/diffdrive_arduino/share/diffdrive_arduino/cmake/ament_cmake_export_libraries-extras.cmake
[0.097s] -- Up-to-date symlink: /home/dev-pc/dev_ws/install/diffdrive_arduino/share/diffdrive_arduino/cmake/ament_cmake_export_dependencies-extras.cmake
[0.097s] -- Up-to-date symlink: /home/dev-pc/dev_ws/install/diffdrive_arduino/share/diffdrive_arduino/cmake/diffdrive_arduinoConfig.cmake
[0.097s] -- Up-to-date symlink: /home/dev-pc/dev_ws/install/diffdrive_arduino/share/diffdrive_arduino/cmake/diffdrive_arduinoConfig-version.cmake
[0.097s] -- Up-to-date symlink: /home/dev-pc/dev_ws/install/diffdrive_arduino/share/diffdrive_arduino/package.xml
[0.099s] Invoked command in '/home/dev-pc/dev_ws/build/diffdrive_arduino' returned '0': AMENT_PREFIX_PATH=/home/dev-pc/dev_ws/install/serial:${AMENT_PREFIX_PATH} CMAKE_PREFIX_PATH=/home/dev-pc/dev_ws/install/serial:/opt/ros/humble LD_LIBRARY_PATH=/home/dev-pc/dev_ws/install/serial/lib:${LD_LIBRARY_PATH} /usr/bin/cmake --install /home/dev-pc/dev_ws/build/diffdrive_arduino
