[0.083s] DEBUG:colcon:Command line arguments: ['/usr/bin/colcon', 'build', '--symlink-install']
[0.083s] DEBUG:colcon:Parsed command line arguments: Namespace(log_base=None, log_level=None, verb_name='build', build_base='build', install_base='install', merge_install=False, symlink_install=True, test_result_base=None, continue_on_error=False, executor='parallel', parallel_workers=8, event_handlers=None, ignore_user_meta=False, metas=['./colcon.meta'], base_paths=['.'], packages_ignore=None, packages_ignore_regex=None, paths=None, packages_up_to=None, packages_up_to_regex=None, packages_above=None, packages_above_and_dependencies=None, packages_above_depth=None, packages_select_by_dep=None, packages_skip_by_dep=None, packages_skip_up_to=None, packages_select_build_failed=False, packages_skip_build_finished=False, packages_select_test_failures=False, packages_skip_test_passed=False, packages_select=None, packages_skip=None, packages_select_regex=None, packages_skip_regex=None, packages_start=None, packages_end=None, allow_overriding=[], cmake_args=None, cmake_target=None, cmake_target_skip_unavailable=False, cmake_clean_cache=False, cmake_clean_first=False, cmake_force_configure=False, ament_cmake_args=None, catkin_cmake_args=None, catkin_skip_building_tests=False, verb_parser=<colcon_defaults.argument_parser.defaults.DefaultArgumentsDecorator object at 0x7c7ed2d2ce20>, verb_extension=<colcon_core.verb.build.BuildVerb object at 0x7c7ed2d2c760>, main=<bound method BuildVerb.main of <colcon_core.verb.build.BuildVerb object at 0x7c7ed2d2c760>>)
[0.117s] Level 1:colcon.colcon_core.package_discovery:discover_packages(colcon_meta) check parameters
[0.118s] Level 1:colcon.colcon_core.package_discovery:discover_packages(recursive) check parameters
[0.118s] Level 1:colcon.colcon_core.package_discovery:discover_packages(ignore) check parameters
[0.118s] Level 1:colcon.colcon_core.package_discovery:discover_packages(path) check parameters
[0.118s] Level 1:colcon.colcon_core.package_discovery:discover_packages(colcon_meta) discover
[0.118s] Level 1:colcon.colcon_core.package_discovery:discover_packages(recursive) discover
[0.118s] INFO:colcon.colcon_core.package_discovery:Crawling recursively for packages in '/home/dev-pc/dev_ws'
[0.118s] Level 1:colcon.colcon_core.package_identification:_identify(.) by extensions ['ignore', 'ignore_ament_install']
[0.118s] Level 1:colcon.colcon_core.package_identification:_identify(.) by extension 'ignore'
[0.118s] Level 1:colcon.colcon_core.package_identification:_identify(.) by extension 'ignore_ament_install'
[0.118s] Level 1:colcon.colcon_core.package_identification:_identify(.) by extensions ['colcon_pkg']
[0.118s] Level 1:colcon.colcon_core.package_identification:_identify(.) by extension 'colcon_pkg'
[0.118s] Level 1:colcon.colcon_core.package_identification:_identify(.) by extensions ['colcon_meta']
[0.118s] Level 1:colcon.colcon_core.package_identification:_identify(.) by extension 'colcon_meta'
[0.118s] Level 1:colcon.colcon_core.package_identification:_identify(.) by extensions ['ros']
[0.118s] Level 1:colcon.colcon_core.package_identification:_identify(.) by extension 'ros'
[0.131s] Level 1:colcon.colcon_core.package_identification:_identify(.) by extensions ['cmake', 'python']
[0.131s] Level 1:colcon.colcon_core.package_identification:_identify(.) by extension 'cmake'
[0.131s] Level 1:colcon.colcon_core.package_identification:_identify(.) by extension 'python'
[0.131s] Level 1:colcon.colcon_core.package_identification:_identify(.) by extensions ['python_setup_py']
[0.131s] Level 1:colcon.colcon_core.package_identification:_identify(.) by extension 'python_setup_py'
[0.131s] Level 1:colcon.colcon_core.package_identification:_identify(build) by extensions ['ignore', 'ignore_ament_install']
[0.131s] Level 1:colcon.colcon_core.package_identification:_identify(build) by extension 'ignore'
[0.131s] Level 1:colcon.colcon_core.package_identification:_identify(build) ignored
[0.131s] Level 1:colcon.colcon_core.package_identification:_identify(install) by extensions ['ignore', 'ignore_ament_install']
[0.131s] Level 1:colcon.colcon_core.package_identification:_identify(install) by extension 'ignore'
[0.131s] Level 1:colcon.colcon_core.package_identification:_identify(install) ignored
[0.131s] Level 1:colcon.colcon_core.package_identification:_identify(log) by extensions ['ignore', 'ignore_ament_install']
[0.131s] Level 1:colcon.colcon_core.package_identification:_identify(log) by extension 'ignore'
[0.131s] Level 1:colcon.colcon_core.package_identification:_identify(log) ignored
[0.132s] Level 1:colcon.colcon_core.package_identification:_identify(src) by extensions ['ignore', 'ignore_ament_install']
[0.132s] Level 1:colcon.colcon_core.package_identification:_identify(src) by extension 'ignore'
[0.132s] Level 1:colcon.colcon_core.package_identification:_identify(src) by extension 'ignore_ament_install'
[0.132s] Level 1:colcon.colcon_core.package_identification:_identify(src) by extensions ['colcon_pkg']
[0.132s] Level 1:colcon.colcon_core.package_identification:_identify(src) by extension 'colcon_pkg'
[0.132s] Level 1:colcon.colcon_core.package_identification:_identify(src) by extensions ['colcon_meta']
[0.132s] Level 1:colcon.colcon_core.package_identification:_identify(src) by extension 'colcon_meta'
[0.132s] Level 1:colcon.colcon_core.package_identification:_identify(src) by extensions ['ros']
[0.132s] Level 1:colcon.colcon_core.package_identification:_identify(src) by extension 'ros'
[0.132s] Level 1:colcon.colcon_core.package_identification:_identify(src) by extensions ['cmake', 'python']
[0.132s] Level 1:colcon.colcon_core.package_identification:_identify(src) by extension 'cmake'
[0.132s] Level 1:colcon.colcon_core.package_identification:_identify(src) by extension 'python'
[0.132s] Level 1:colcon.colcon_core.package_identification:_identify(src) by extensions ['python_setup_py']
[0.132s] Level 1:colcon.colcon_core.package_identification:_identify(src) by extension 'python_setup_py'
[0.132s] Level 1:colcon.colcon_core.package_identification:_identify(src/diffdrive_arduino) by extensions ['ignore', 'ignore_ament_install']
[0.132s] Level 1:colcon.colcon_core.package_identification:_identify(src/diffdrive_arduino) by extension 'ignore'
[0.132s] Level 1:colcon.colcon_core.package_identification:_identify(src/diffdrive_arduino) by extension 'ignore_ament_install'
[0.132s] Level 1:colcon.colcon_core.package_identification:_identify(src/diffdrive_arduino) by extensions ['colcon_pkg']
[0.132s] Level 1:colcon.colcon_core.package_identification:_identify(src/diffdrive_arduino) by extension 'colcon_pkg'
[0.132s] Level 1:colcon.colcon_core.package_identification:_identify(src/diffdrive_arduino) by extensions ['colcon_meta']
[0.132s] Level 1:colcon.colcon_core.package_identification:_identify(src/diffdrive_arduino) by extension 'colcon_meta'
[0.132s] Level 1:colcon.colcon_core.package_identification:_identify(src/diffdrive_arduino) by extensions ['ros']
[0.132s] Level 1:colcon.colcon_core.package_identification:_identify(src/diffdrive_arduino) by extension 'ros'
[0.135s] DEBUG:colcon.colcon_core.package_identification:Package 'src/diffdrive_arduino' with type 'ros.ament_cmake' and name 'diffdrive_arduino'
[0.135s] Level 1:colcon.colcon_core.package_identification:_identify(src/robot_pkg) by extensions ['ignore', 'ignore_ament_install']
[0.135s] Level 1:colcon.colcon_core.package_identification:_identify(src/robot_pkg) by extension 'ignore'
[0.135s] Level 1:colcon.colcon_core.package_identification:_identify(src/robot_pkg) by extension 'ignore_ament_install'
[0.135s] Level 1:colcon.colcon_core.package_identification:_identify(src/robot_pkg) by extensions ['colcon_pkg']
[0.135s] Level 1:colcon.colcon_core.package_identification:_identify(src/robot_pkg) by extension 'colcon_pkg'
[0.135s] Level 1:colcon.colcon_core.package_identification:_identify(src/robot_pkg) by extensions ['colcon_meta']
[0.135s] Level 1:colcon.colcon_core.package_identification:_identify(src/robot_pkg) by extension 'colcon_meta'
[0.135s] Level 1:colcon.colcon_core.package_identification:_identify(src/robot_pkg) by extensions ['ros']
[0.135s] Level 1:colcon.colcon_core.package_identification:_identify(src/robot_pkg) by extension 'ros'
[0.136s] DEBUG:colcon.colcon_core.package_identification:Package 'src/robot_pkg' with type 'ros.ament_cmake' and name 'robot_pkg'
[0.136s] Level 1:colcon.colcon_core.package_identification:_identify(src/serial) by extensions ['ignore', 'ignore_ament_install']
[0.136s] Level 1:colcon.colcon_core.package_identification:_identify(src/serial) by extension 'ignore'
[0.136s] Level 1:colcon.colcon_core.package_identification:_identify(src/serial) by extension 'ignore_ament_install'
[0.136s] Level 1:colcon.colcon_core.package_identification:_identify(src/serial) by extensions ['colcon_pkg']
[0.136s] Level 1:colcon.colcon_core.package_identification:_identify(src/serial) by extension 'colcon_pkg'
[0.136s] Level 1:colcon.colcon_core.package_identification:_identify(src/serial) by extensions ['colcon_meta']
[0.136s] Level 1:colcon.colcon_core.package_identification:_identify(src/serial) by extension 'colcon_meta'
[0.136s] Level 1:colcon.colcon_core.package_identification:_identify(src/serial) by extensions ['ros']
[0.136s] Level 1:colcon.colcon_core.package_identification:_identify(src/serial) by extension 'ros'
[0.136s] DEBUG:colcon.colcon_core.package_identification:Package 'src/serial' with type 'ros.ament_cmake' and name 'serial'
[0.136s] Level 1:colcon.colcon_core.package_identification:_identify(src/sllidar_ros2) by extensions ['ignore', 'ignore_ament_install']
[0.136s] Level 1:colcon.colcon_core.package_identification:_identify(src/sllidar_ros2) by extension 'ignore'
[0.137s] Level 1:colcon.colcon_core.package_identification:_identify(src/sllidar_ros2) by extension 'ignore_ament_install'
[0.137s] Level 1:colcon.colcon_core.package_identification:_identify(src/sllidar_ros2) by extensions ['colcon_pkg']
[0.137s] Level 1:colcon.colcon_core.package_identification:_identify(src/sllidar_ros2) by extension 'colcon_pkg'
[0.137s] Level 1:colcon.colcon_core.package_identification:_identify(src/sllidar_ros2) by extensions ['colcon_meta']
[0.137s] Level 1:colcon.colcon_core.package_identification:_identify(src/sllidar_ros2) by extension 'colcon_meta'
[0.137s] Level 1:colcon.colcon_core.package_identification:_identify(src/sllidar_ros2) by extensions ['ros']
[0.137s] Level 1:colcon.colcon_core.package_identification:_identify(src/sllidar_ros2) by extension 'ros'
[0.137s] DEBUG:colcon.colcon_core.package_identification:Package 'src/sllidar_ros2' with type 'ros.ament_cmake' and name 'sllidar_ros2'
[0.137s] Level 1:colcon.colcon_core.package_discovery:discover_packages(recursive) using defaults
[0.137s] Level 1:colcon.colcon_core.package_discovery:discover_packages(ignore) discover
[0.137s] Level 1:colcon.colcon_core.package_discovery:discover_packages(ignore) using defaults
[0.137s] Level 1:colcon.colcon_core.package_discovery:discover_packages(path) discover
[0.137s] Level 1:colcon.colcon_core.package_discovery:discover_packages(path) using defaults
[0.154s] Level 1:colcon.colcon_core.package_discovery:discover_packages(prefix_path) check parameters
[0.154s] Level 1:colcon.colcon_core.package_discovery:discover_packages(prefix_path) discover
[0.156s] DEBUG:colcon.colcon_installed_package_information.package_discovery:Found 4 installed packages in /home/dev-pc/dev_ws/install
[0.157s] DEBUG:colcon.colcon_installed_package_information.package_discovery:Found 326 installed packages in /opt/ros/humble
[0.158s] Level 1:colcon.colcon_core.package_discovery:discover_packages(prefix_path) using defaults
[0.191s] Level 5:colcon.colcon_core.verb:set package 'robot_pkg' build argument 'cmake_args' from command line to 'None'
[0.191s] Level 5:colcon.colcon_core.verb:set package 'robot_pkg' build argument 'cmake_target' from command line to 'None'
[0.191s] Level 5:colcon.colcon_core.verb:set package 'robot_pkg' build argument 'cmake_target_skip_unavailable' from command line to 'False'
[0.191s] Level 5:colcon.colcon_core.verb:set package 'robot_pkg' build argument 'cmake_clean_cache' from command line to 'False'
[0.191s] Level 5:colcon.colcon_core.verb:set package 'robot_pkg' build argument 'cmake_clean_first' from command line to 'False'
[0.191s] Level 5:colcon.colcon_core.verb:set package 'robot_pkg' build argument 'cmake_force_configure' from command line to 'False'
[0.191s] Level 5:colcon.colcon_core.verb:set package 'robot_pkg' build argument 'ament_cmake_args' from command line to 'None'
[0.191s] Level 5:colcon.colcon_core.verb:set package 'robot_pkg' build argument 'catkin_cmake_args' from command line to 'None'
[0.191s] Level 5:colcon.colcon_core.verb:set package 'robot_pkg' build argument 'catkin_skip_building_tests' from command line to 'False'
[0.191s] DEBUG:colcon.colcon_core.verb:Building package 'robot_pkg' with the following arguments: {'ament_cmake_args': None, 'build_base': '/home/dev-pc/dev_ws/build/robot_pkg', 'catkin_cmake_args': None, 'catkin_skip_building_tests': False, 'cmake_args': None, 'cmake_clean_cache': False, 'cmake_clean_first': False, 'cmake_force_configure': False, 'cmake_target': None, 'cmake_target_skip_unavailable': False, 'install_base': '/home/dev-pc/dev_ws/install/robot_pkg', 'merge_install': False, 'path': '/home/dev-pc/dev_ws/src/robot_pkg', 'symlink_install': True, 'test_result_base': None}
[0.192s] Level 5:colcon.colcon_core.verb:set package 'serial' build argument 'cmake_args' from command line to 'None'
[0.192s] Level 5:colcon.colcon_core.verb:set package 'serial' build argument 'cmake_target' from command line to 'None'
[0.192s] Level 5:colcon.colcon_core.verb:set package 'serial' build argument 'cmake_target_skip_unavailable' from command line to 'False'
[0.192s] Level 5:colcon.colcon_core.verb:set package 'serial' build argument 'cmake_clean_cache' from command line to 'False'
[0.192s] Level 5:colcon.colcon_core.verb:set package 'serial' build argument 'cmake_clean_first' from command line to 'False'
[0.192s] Level 5:colcon.colcon_core.verb:set package 'serial' build argument 'cmake_force_configure' from command line to 'False'
[0.192s] Level 5:colcon.colcon_core.verb:set package 'serial' build argument 'ament_cmake_args' from command line to 'None'
[0.192s] Level 5:colcon.colcon_core.verb:set package 'serial' build argument 'catkin_cmake_args' from command line to 'None'
[0.192s] Level 5:colcon.colcon_core.verb:set package 'serial' build argument 'catkin_skip_building_tests' from command line to 'False'
[0.192s] DEBUG:colcon.colcon_core.verb:Building package 'serial' with the following arguments: {'ament_cmake_args': None, 'build_base': '/home/dev-pc/dev_ws/build/serial', 'catkin_cmake_args': None, 'catkin_skip_building_tests': False, 'cmake_args': None, 'cmake_clean_cache': False, 'cmake_clean_first': False, 'cmake_force_configure': False, 'cmake_target': None, 'cmake_target_skip_unavailable': False, 'install_base': '/home/dev-pc/dev_ws/install/serial', 'merge_install': False, 'path': '/home/dev-pc/dev_ws/src/serial', 'symlink_install': True, 'test_result_base': None}
[0.192s] Level 5:colcon.colcon_core.verb:set package 'sllidar_ros2' build argument 'cmake_args' from command line to 'None'
[0.192s] Level 5:colcon.colcon_core.verb:set package 'sllidar_ros2' build argument 'cmake_target' from command line to 'None'
[0.192s] Level 5:colcon.colcon_core.verb:set package 'sllidar_ros2' build argument 'cmake_target_skip_unavailable' from command line to 'False'
[0.192s] Level 5:colcon.colcon_core.verb:set package 'sllidar_ros2' build argument 'cmake_clean_cache' from command line to 'False'
[0.192s] Level 5:colcon.colcon_core.verb:set package 'sllidar_ros2' build argument 'cmake_clean_first' from command line to 'False'
[0.192s] Level 5:colcon.colcon_core.verb:set package 'sllidar_ros2' build argument 'cmake_force_configure' from command line to 'False'
[0.192s] Level 5:colcon.colcon_core.verb:set package 'sllidar_ros2' build argument 'ament_cmake_args' from command line to 'None'
[0.192s] Level 5:colcon.colcon_core.verb:set package 'sllidar_ros2' build argument 'catkin_cmake_args' from command line to 'None'
[0.192s] Level 5:colcon.colcon_core.verb:set package 'sllidar_ros2' build argument 'catkin_skip_building_tests' from command line to 'False'
[0.192s] DEBUG:colcon.colcon_core.verb:Building package 'sllidar_ros2' with the following arguments: {'ament_cmake_args': None, 'build_base': '/home/dev-pc/dev_ws/build/sllidar_ros2', 'catkin_cmake_args': None, 'catkin_skip_building_tests': False, 'cmake_args': None, 'cmake_clean_cache': False, 'cmake_clean_first': False, 'cmake_force_configure': False, 'cmake_target': None, 'cmake_target_skip_unavailable': False, 'install_base': '/home/dev-pc/dev_ws/install/sllidar_ros2', 'merge_install': False, 'path': '/home/dev-pc/dev_ws/src/sllidar_ros2', 'symlink_install': True, 'test_result_base': None}
[0.193s] Level 5:colcon.colcon_core.verb:set package 'diffdrive_arduino' build argument 'cmake_args' from command line to 'None'
[0.193s] Level 5:colcon.colcon_core.verb:set package 'diffdrive_arduino' build argument 'cmake_target' from command line to 'None'
[0.193s] Level 5:colcon.colcon_core.verb:set package 'diffdrive_arduino' build argument 'cmake_target_skip_unavailable' from command line to 'False'
[0.193s] Level 5:colcon.colcon_core.verb:set package 'diffdrive_arduino' build argument 'cmake_clean_cache' from command line to 'False'
[0.193s] Level 5:colcon.colcon_core.verb:set package 'diffdrive_arduino' build argument 'cmake_clean_first' from command line to 'False'
[0.193s] Level 5:colcon.colcon_core.verb:set package 'diffdrive_arduino' build argument 'cmake_force_configure' from command line to 'False'
[0.193s] Level 5:colcon.colcon_core.verb:set package 'diffdrive_arduino' build argument 'ament_cmake_args' from command line to 'None'
[0.193s] Level 5:colcon.colcon_core.verb:set package 'diffdrive_arduino' build argument 'catkin_cmake_args' from command line to 'None'
[0.193s] Level 5:colcon.colcon_core.verb:set package 'diffdrive_arduino' build argument 'catkin_skip_building_tests' from command line to 'False'
[0.193s] DEBUG:colcon.colcon_core.verb:Building package 'diffdrive_arduino' with the following arguments: {'ament_cmake_args': None, 'build_base': '/home/dev-pc/dev_ws/build/diffdrive_arduino', 'catkin_cmake_args': None, 'catkin_skip_building_tests': False, 'cmake_args': None, 'cmake_clean_cache': False, 'cmake_clean_first': False, 'cmake_force_configure': False, 'cmake_target': None, 'cmake_target_skip_unavailable': False, 'install_base': '/home/dev-pc/dev_ws/install/diffdrive_arduino', 'merge_install': False, 'path': '/home/dev-pc/dev_ws/src/diffdrive_arduino', 'symlink_install': True, 'test_result_base': None}
[0.193s] INFO:colcon.colcon_core.executor:Executing jobs using 'parallel' executor
[0.194s] DEBUG:colcon.colcon_parallel_executor.executor.parallel:run_until_complete
[0.194s] INFO:colcon.colcon_ros.task.ament_cmake.build:Building ROS package in '/home/dev-pc/dev_ws/src/serial' with build type 'ament_cmake'
[0.194s] INFO:colcon.colcon_cmake.task.cmake.build:Building CMake package in '/home/dev-pc/dev_ws/src/serial'
[0.196s] INFO:colcon.colcon_core.plugin_system:Skipping extension 'colcon_core.shell.bat': Not used on non-Windows systems
[0.196s] INFO:colcon.colcon_core.shell:Skip shell extension 'powershell' for command environment: Not usable outside of PowerShell
[0.196s] DEBUG:colcon.colcon_core.shell:Skip shell extension 'dsv' for command environment
[0.199s] INFO:colcon.colcon_ros.task.ament_cmake.build:Building ROS package in '/home/dev-pc/dev_ws/src/robot_pkg' with build type 'ament_cmake'
[0.199s] INFO:colcon.colcon_cmake.task.cmake.build:Building CMake package in '/home/dev-pc/dev_ws/src/robot_pkg'
[0.199s] INFO:colcon.colcon_core.shell:Skip shell extension 'powershell' for command environment: Not usable outside of PowerShell
[0.199s] DEBUG:colcon.colcon_core.shell:Skip shell extension 'dsv' for command environment
[0.202s] INFO:colcon.colcon_ros.task.ament_cmake.build:Building ROS package in '/home/dev-pc/dev_ws/src/sllidar_ros2' with build type 'ament_cmake'
[0.202s] INFO:colcon.colcon_cmake.task.cmake.build:Building CMake package in '/home/dev-pc/dev_ws/src/sllidar_ros2'
[0.202s] INFO:colcon.colcon_core.shell:Skip shell extension 'powershell' for command environment: Not usable outside of PowerShell
[0.202s] DEBUG:colcon.colcon_core.shell:Skip shell extension 'dsv' for command environment
[0.209s] DEBUG:colcon.colcon_core.event_handler.log_command:Invoking command in '/home/dev-pc/dev_ws/build/serial': CMAKE_PREFIX_PATH=${CMAKE_PREFIX_PATH}:/opt/ros/humble /usr/bin/cmake --build /home/dev-pc/dev_ws/build/serial -- -j8 -l8
[0.212s] DEBUG:colcon.colcon_core.event_handler.log_command:Invoking command in '/home/dev-pc/dev_ws/build/robot_pkg': CMAKE_PREFIX_PATH=${CMAKE_PREFIX_PATH}:/opt/ros/humble /usr/bin/cmake --build /home/dev-pc/dev_ws/build/robot_pkg -- -j8 -l8
[0.215s] DEBUG:colcon.colcon_core.event_handler.log_command:Invoking command in '/home/dev-pc/dev_ws/build/sllidar_ros2': CMAKE_PREFIX_PATH=${CMAKE_PREFIX_PATH}:/opt/ros/humble /usr/bin/cmake --build /home/dev-pc/dev_ws/build/sllidar_ros2 -- -j8 -l8
[0.241s] DEBUG:colcon.colcon_core.event_handler.log_command:Invoked command in '/home/dev-pc/dev_ws/build/robot_pkg' returned '0': CMAKE_PREFIX_PATH=${CMAKE_PREFIX_PATH}:/opt/ros/humble /usr/bin/cmake --build /home/dev-pc/dev_ws/build/robot_pkg -- -j8 -l8
[0.273s] DEBUG:colcon.colcon_core.event_handler.log_command:Invoking command in '/home/dev-pc/dev_ws/build/robot_pkg': CMAKE_PREFIX_PATH=${CMAKE_PREFIX_PATH}:/opt/ros/humble /usr/bin/cmake --install /home/dev-pc/dev_ws/build/robot_pkg
[0.290s] DEBUG:colcon.colcon_core.event_handler.log_command:Invoked command in '/home/dev-pc/dev_ws/build/sllidar_ros2' returned '0': CMAKE_PREFIX_PATH=${CMAKE_PREFIX_PATH}:/opt/ros/humble /usr/bin/cmake --build /home/dev-pc/dev_ws/build/sllidar_ros2 -- -j8 -l8
[0.293s] DEBUG:colcon.colcon_core.event_handler.log_command:Invoked command in '/home/dev-pc/dev_ws/build/serial' returned '0': CMAKE_PREFIX_PATH=${CMAKE_PREFIX_PATH}:/opt/ros/humble /usr/bin/cmake --build /home/dev-pc/dev_ws/build/serial -- -j8 -l8
[0.294s] Level 1:colcon.colcon_core.environment:create_environment_scripts_only(robot_pkg)
[0.294s] DEBUG:colcon.colcon_core.event_handler.log_command:Invoked command in '/home/dev-pc/dev_ws/build/robot_pkg' returned '0': CMAKE_PREFIX_PATH=${CMAKE_PREFIX_PATH}:/opt/ros/humble /usr/bin/cmake --install /home/dev-pc/dev_ws/build/robot_pkg
[0.296s] Level 1:colcon.colcon_core.environment:checking '/home/dev-pc/dev_ws/install/robot_pkg' for CMake module files
[0.297s] Level 1:colcon.colcon_core.environment:checking '/home/dev-pc/dev_ws/install/robot_pkg' for CMake config files
[0.297s] Level 1:colcon.colcon_core.shell:create_environment_hook('robot_pkg', 'cmake_prefix_path')
[0.297s] INFO:colcon.colcon_core.shell:Creating environment hook '/home/dev-pc/dev_ws/install/robot_pkg/share/robot_pkg/hook/cmake_prefix_path.ps1'
[0.298s] INFO:colcon.colcon_core.shell:Creating environment descriptor '/home/dev-pc/dev_ws/install/robot_pkg/share/robot_pkg/hook/cmake_prefix_path.dsv'
[0.298s] INFO:colcon.colcon_core.shell:Creating environment hook '/home/dev-pc/dev_ws/install/robot_pkg/share/robot_pkg/hook/cmake_prefix_path.sh'
[0.299s] Level 1:colcon.colcon_core.environment:checking '/home/dev-pc/dev_ws/install/robot_pkg/bin'
[0.299s] Level 1:colcon.colcon_core.environment:checking '/home/dev-pc/dev_ws/install/robot_pkg/lib/pkgconfig/robot_pkg.pc'
[0.300s] Level 1:colcon.colcon_core.environment:checking '/home/dev-pc/dev_ws/install/robot_pkg/lib/python3.10/site-packages'
[0.300s] Level 1:colcon.colcon_core.environment:checking '/home/dev-pc/dev_ws/install/robot_pkg/bin'
[0.300s] INFO:colcon.colcon_core.shell:Creating package script '/home/dev-pc/dev_ws/install/robot_pkg/share/robot_pkg/package.ps1'
[0.301s] INFO:colcon.colcon_core.shell:Creating package descriptor '/home/dev-pc/dev_ws/install/robot_pkg/share/robot_pkg/package.dsv'
[0.301s] INFO:colcon.colcon_core.shell:Creating package script '/home/dev-pc/dev_ws/install/robot_pkg/share/robot_pkg/package.sh'
[0.302s] INFO:colcon.colcon_core.shell:Creating package script '/home/dev-pc/dev_ws/install/robot_pkg/share/robot_pkg/package.bash'
[0.303s] INFO:colcon.colcon_core.shell:Creating package script '/home/dev-pc/dev_ws/install/robot_pkg/share/robot_pkg/package.zsh'
[0.303s] Level 1:colcon.colcon_core.environment:create_file_with_runtime_dependencies(/home/dev-pc/dev_ws/install/robot_pkg/share/colcon-core/packages/robot_pkg)
[0.323s] Level 1:colcon.colcon_core.environment:create_environment_scripts_only(robot_pkg)
[0.323s] Level 1:colcon.colcon_core.environment:checking '/home/dev-pc/dev_ws/install/robot_pkg' for CMake module files
[0.324s] Level 1:colcon.colcon_core.environment:checking '/home/dev-pc/dev_ws/install/robot_pkg' for CMake config files
[0.324s] Level 1:colcon.colcon_core.shell:create_environment_hook('robot_pkg', 'cmake_prefix_path')
[0.324s] INFO:colcon.colcon_core.shell:Creating environment hook '/home/dev-pc/dev_ws/install/robot_pkg/share/robot_pkg/hook/cmake_prefix_path.ps1'
[0.325s] INFO:colcon.colcon_core.shell:Creating environment descriptor '/home/dev-pc/dev_ws/install/robot_pkg/share/robot_pkg/hook/cmake_prefix_path.dsv'
[0.325s] INFO:colcon.colcon_core.shell:Creating environment hook '/home/dev-pc/dev_ws/install/robot_pkg/share/robot_pkg/hook/cmake_prefix_path.sh'
[0.326s] Level 1:colcon.colcon_core.environment:checking '/home/dev-pc/dev_ws/install/robot_pkg/bin'
[0.326s] Level 1:colcon.colcon_core.environment:checking '/home/dev-pc/dev_ws/install/robot_pkg/lib/pkgconfig/robot_pkg.pc'
[0.326s] Level 1:colcon.colcon_core.environment:checking '/home/dev-pc/dev_ws/install/robot_pkg/lib/python3.10/site-packages'
[0.326s] Level 1:colcon.colcon_core.environment:checking '/home/dev-pc/dev_ws/install/robot_pkg/bin'
[0.326s] INFO:colcon.colcon_core.shell:Creating package script '/home/dev-pc/dev_ws/install/robot_pkg/share/robot_pkg/package.ps1'
[0.327s] INFO:colcon.colcon_core.shell:Creating package descriptor '/home/dev-pc/dev_ws/install/robot_pkg/share/robot_pkg/package.dsv'
[0.327s] INFO:colcon.colcon_core.shell:Creating package script '/home/dev-pc/dev_ws/install/robot_pkg/share/robot_pkg/package.sh'
[0.327s] INFO:colcon.colcon_core.shell:Creating package script '/home/dev-pc/dev_ws/install/robot_pkg/share/robot_pkg/package.bash'
[0.328s] INFO:colcon.colcon_core.shell:Creating package script '/home/dev-pc/dev_ws/install/robot_pkg/share/robot_pkg/package.zsh'
[0.328s] Level 1:colcon.colcon_core.environment:create_file_with_runtime_dependencies(/home/dev-pc/dev_ws/install/robot_pkg/share/colcon-core/packages/robot_pkg)
[0.330s] DEBUG:colcon.colcon_core.event_handler.log_command:Invoking command in '/home/dev-pc/dev_ws/build/serial': CMAKE_PREFIX_PATH=${CMAKE_PREFIX_PATH}:/opt/ros/humble /usr/bin/cmake --install /home/dev-pc/dev_ws/build/serial
[0.348s] Level 1:colcon.colcon_core.environment:create_environment_scripts_only(serial)
[0.349s] Level 1:colcon.colcon_core.environment:checking '/home/dev-pc/dev_ws/install/serial' for CMake module files
[0.349s] DEBUG:colcon.colcon_core.event_handler.log_command:Invoked command in '/home/dev-pc/dev_ws/build/serial' returned '0': CMAKE_PREFIX_PATH=${CMAKE_PREFIX_PATH}:/opt/ros/humble /usr/bin/cmake --install /home/dev-pc/dev_ws/build/serial
[0.349s] Level 1:colcon.colcon_core.environment:checking '/home/dev-pc/dev_ws/install/serial' for CMake config files
[0.350s] Level 1:colcon.colcon_core.shell:create_environment_hook('serial', 'cmake_prefix_path')
[0.350s] INFO:colcon.colcon_core.shell:Creating environment hook '/home/dev-pc/dev_ws/install/serial/share/serial/hook/cmake_prefix_path.ps1'
[0.350s] INFO:colcon.colcon_core.shell:Creating environment descriptor '/home/dev-pc/dev_ws/install/serial/share/serial/hook/cmake_prefix_path.dsv'
[0.350s] INFO:colcon.colcon_core.shell:Creating environment hook '/home/dev-pc/dev_ws/install/serial/share/serial/hook/cmake_prefix_path.sh'
[0.351s] Level 1:colcon.colcon_core.environment:checking '/home/dev-pc/dev_ws/install/serial/lib'
[0.351s] Level 1:colcon.colcon_core.environment:checking '/home/dev-pc/dev_ws/install/serial/bin'
[0.351s] Level 1:colcon.colcon_core.environment:checking '/home/dev-pc/dev_ws/install/serial/lib/pkgconfig/serial.pc'
[0.351s] Level 1:colcon.colcon_core.environment:checking '/home/dev-pc/dev_ws/install/serial/lib/python3.10/site-packages'
[0.351s] Level 1:colcon.colcon_core.environment:checking '/home/dev-pc/dev_ws/install/serial/bin'
[0.352s] INFO:colcon.colcon_core.shell:Creating package script '/home/dev-pc/dev_ws/install/serial/share/serial/package.ps1'
[0.352s] INFO:colcon.colcon_core.shell:Creating package descriptor '/home/dev-pc/dev_ws/install/serial/share/serial/package.dsv'
[0.353s] INFO:colcon.colcon_core.shell:Creating package script '/home/dev-pc/dev_ws/install/serial/share/serial/package.sh'
[0.353s] INFO:colcon.colcon_core.shell:Creating package script '/home/dev-pc/dev_ws/install/serial/share/serial/package.bash'
[0.353s] INFO:colcon.colcon_core.shell:Creating package script '/home/dev-pc/dev_ws/install/serial/share/serial/package.zsh'
[0.354s] Level 1:colcon.colcon_core.environment:create_file_with_runtime_dependencies(/home/dev-pc/dev_ws/install/serial/share/colcon-core/packages/serial)
[0.356s] DEBUG:colcon.colcon_core.event_handler.log_command:Invoking command in '/home/dev-pc/dev_ws/build/sllidar_ros2': CMAKE_PREFIX_PATH=${CMAKE_PREFIX_PATH}:/opt/ros/humble /usr/bin/cmake --install /home/dev-pc/dev_ws/build/sllidar_ros2
[0.376s] Level 1:colcon.colcon_core.environment:create_environment_scripts_only(sllidar_ros2)
[0.376s] Level 1:colcon.colcon_core.environment:checking '/home/dev-pc/dev_ws/install/sllidar_ros2' for CMake module files
[0.377s] DEBUG:colcon.colcon_core.event_handler.log_command:Invoked command in '/home/dev-pc/dev_ws/build/sllidar_ros2' returned '0': CMAKE_PREFIX_PATH=${CMAKE_PREFIX_PATH}:/opt/ros/humble /usr/bin/cmake --install /home/dev-pc/dev_ws/build/sllidar_ros2
[0.377s] Level 1:colcon.colcon_core.environment:checking '/home/dev-pc/dev_ws/install/sllidar_ros2' for CMake config files
[0.377s] Level 1:colcon.colcon_core.shell:create_environment_hook('sllidar_ros2', 'cmake_prefix_path')
[0.378s] INFO:colcon.colcon_core.shell:Creating environment hook '/home/dev-pc/dev_ws/install/sllidar_ros2/share/sllidar_ros2/hook/cmake_prefix_path.ps1'
[0.378s] INFO:colcon.colcon_core.shell:Creating environment descriptor '/home/dev-pc/dev_ws/install/sllidar_ros2/share/sllidar_ros2/hook/cmake_prefix_path.dsv'
[0.378s] INFO:colcon.colcon_core.shell:Creating environment hook '/home/dev-pc/dev_ws/install/sllidar_ros2/share/sllidar_ros2/hook/cmake_prefix_path.sh'
[0.379s] Level 1:colcon.colcon_core.environment:checking '/home/dev-pc/dev_ws/install/sllidar_ros2/lib'
[0.379s] Level 1:colcon.colcon_core.environment:checking '/home/dev-pc/dev_ws/install/sllidar_ros2/bin'
[0.379s] Level 1:colcon.colcon_core.environment:checking '/home/dev-pc/dev_ws/install/sllidar_ros2/lib/pkgconfig/sllidar_ros2.pc'
[0.379s] Level 1:colcon.colcon_core.environment:checking '/home/dev-pc/dev_ws/install/sllidar_ros2/lib/python3.10/site-packages'
[0.379s] Level 1:colcon.colcon_core.environment:checking '/home/dev-pc/dev_ws/install/sllidar_ros2/bin'
[0.379s] INFO:colcon.colcon_core.shell:Creating package script '/home/dev-pc/dev_ws/install/sllidar_ros2/share/sllidar_ros2/package.ps1'
[0.380s] INFO:colcon.colcon_core.shell:Creating package descriptor '/home/dev-pc/dev_ws/install/sllidar_ros2/share/sllidar_ros2/package.dsv'
[0.380s] INFO:colcon.colcon_core.shell:Creating package script '/home/dev-pc/dev_ws/install/sllidar_ros2/share/sllidar_ros2/package.sh'
[0.381s] INFO:colcon.colcon_core.shell:Creating package script '/home/dev-pc/dev_ws/install/sllidar_ros2/share/sllidar_ros2/package.bash'
[0.381s] INFO:colcon.colcon_core.shell:Creating package script '/home/dev-pc/dev_ws/install/sllidar_ros2/share/sllidar_ros2/package.zsh'
[0.381s] Level 1:colcon.colcon_core.environment:create_file_with_runtime_dependencies(/home/dev-pc/dev_ws/install/sllidar_ros2/share/colcon-core/packages/sllidar_ros2)
[0.383s] Level 1:colcon.colcon_core.environment:create_environment_scripts_only(serial)
[0.383s] Level 1:colcon.colcon_core.environment:checking '/home/dev-pc/dev_ws/install/serial' for CMake module files
[0.384s] Level 1:colcon.colcon_core.environment:checking '/home/dev-pc/dev_ws/install/serial' for CMake config files
[0.384s] Level 1:colcon.colcon_core.shell:create_environment_hook('serial', 'cmake_prefix_path')
[0.384s] INFO:colcon.colcon_core.shell:Creating environment hook '/home/dev-pc/dev_ws/install/serial/share/serial/hook/cmake_prefix_path.ps1'
[0.385s] INFO:colcon.colcon_core.shell:Creating environment descriptor '/home/dev-pc/dev_ws/install/serial/share/serial/hook/cmake_prefix_path.dsv'
[0.385s] INFO:colcon.colcon_core.shell:Creating environment hook '/home/dev-pc/dev_ws/install/serial/share/serial/hook/cmake_prefix_path.sh'
[0.385s] Level 1:colcon.colcon_core.environment:checking '/home/dev-pc/dev_ws/install/serial/lib'
[0.385s] Level 1:colcon.colcon_core.environment:checking '/home/dev-pc/dev_ws/install/serial/bin'
[0.385s] Level 1:colcon.colcon_core.environment:checking '/home/dev-pc/dev_ws/install/serial/lib/pkgconfig/serial.pc'
[0.386s] Level 1:colcon.colcon_core.environment:checking '/home/dev-pc/dev_ws/install/serial/lib/python3.10/site-packages'
[0.386s] Level 1:colcon.colcon_core.environment:checking '/home/dev-pc/dev_ws/install/serial/bin'
[0.386s] INFO:colcon.colcon_core.shell:Creating package script '/home/dev-pc/dev_ws/install/serial/share/serial/package.ps1'
[0.386s] INFO:colcon.colcon_core.shell:Creating package descriptor '/home/dev-pc/dev_ws/install/serial/share/serial/package.dsv'
[0.387s] INFO:colcon.colcon_core.shell:Creating package script '/home/dev-pc/dev_ws/install/serial/share/serial/package.sh'
[0.387s] INFO:colcon.colcon_core.shell:Creating package script '/home/dev-pc/dev_ws/install/serial/share/serial/package.bash'
[0.387s] INFO:colcon.colcon_core.shell:Creating package script '/home/dev-pc/dev_ws/install/serial/share/serial/package.zsh'
[0.387s] Level 1:colcon.colcon_core.environment:create_file_with_runtime_dependencies(/home/dev-pc/dev_ws/install/serial/share/colcon-core/packages/serial)
[0.388s] INFO:colcon.colcon_ros.task.ament_cmake.build:Building ROS package in '/home/dev-pc/dev_ws/src/diffdrive_arduino' with build type 'ament_cmake'
[0.388s] INFO:colcon.colcon_cmake.task.cmake.build:Building CMake package in '/home/dev-pc/dev_ws/src/diffdrive_arduino'
[0.388s] INFO:colcon.colcon_core.shell:Skip shell extension 'powershell' for command environment: Not usable outside of PowerShell
[0.388s] DEBUG:colcon.colcon_core.shell:Skip shell extension 'dsv' for command environment
[0.396s] DEBUG:colcon.colcon_core.event_handler.log_command:Invoking command in '/home/dev-pc/dev_ws/build/diffdrive_arduino': CMAKE_PREFIX_PATH=/home/dev-pc/dev_ws/install/serial:/home/dev-pc/dev_ws/install/sllidar_ros2:/home/dev-pc/dev_ws/install/diffdrive_arduino:/home/dev-pc/dev_ws/install/robot_pkg:/opt/ros/humble /usr/bin/cmake --build /home/dev-pc/dev_ws/build/diffdrive_arduino -- -j8 -l8
[0.433s] Level 1:colcon.colcon_core.environment:create_environment_scripts_only(sllidar_ros2)
[0.433s] Level 1:colcon.colcon_core.environment:checking '/home/dev-pc/dev_ws/install/sllidar_ros2' for CMake module files
[0.434s] Level 1:colcon.colcon_core.environment:checking '/home/dev-pc/dev_ws/install/sllidar_ros2' for CMake config files
[0.434s] Level 1:colcon.colcon_core.shell:create_environment_hook('sllidar_ros2', 'cmake_prefix_path')
[0.434s] INFO:colcon.colcon_core.shell:Creating environment hook '/home/dev-pc/dev_ws/install/sllidar_ros2/share/sllidar_ros2/hook/cmake_prefix_path.ps1'
[0.434s] INFO:colcon.colcon_core.shell:Creating environment descriptor '/home/dev-pc/dev_ws/install/sllidar_ros2/share/sllidar_ros2/hook/cmake_prefix_path.dsv'
[0.435s] INFO:colcon.colcon_core.shell:Creating environment hook '/home/dev-pc/dev_ws/install/sllidar_ros2/share/sllidar_ros2/hook/cmake_prefix_path.sh'
[0.435s] Level 1:colcon.colcon_core.environment:checking '/home/dev-pc/dev_ws/install/sllidar_ros2/lib'
[0.435s] Level 1:colcon.colcon_core.environment:checking '/home/dev-pc/dev_ws/install/sllidar_ros2/bin'
[0.435s] Level 1:colcon.colcon_core.environment:checking '/home/dev-pc/dev_ws/install/sllidar_ros2/lib/pkgconfig/sllidar_ros2.pc'
[0.435s] Level 1:colcon.colcon_core.environment:checking '/home/dev-pc/dev_ws/install/sllidar_ros2/lib/python3.10/site-packages'
[0.436s] Level 1:colcon.colcon_core.environment:checking '/home/dev-pc/dev_ws/install/sllidar_ros2/bin'
[0.436s] INFO:colcon.colcon_core.shell:Creating package script '/home/dev-pc/dev_ws/install/sllidar_ros2/share/sllidar_ros2/package.ps1'
[0.436s] INFO:colcon.colcon_core.shell:Creating package descriptor '/home/dev-pc/dev_ws/install/sllidar_ros2/share/sllidar_ros2/package.dsv'
[0.437s] INFO:colcon.colcon_core.shell:Creating package script '/home/dev-pc/dev_ws/install/sllidar_ros2/share/sllidar_ros2/package.sh'
[0.437s] INFO:colcon.colcon_core.shell:Creating package script '/home/dev-pc/dev_ws/install/sllidar_ros2/share/sllidar_ros2/package.bash'
[0.437s] INFO:colcon.colcon_core.shell:Creating package script '/home/dev-pc/dev_ws/install/sllidar_ros2/share/sllidar_ros2/package.zsh'
[0.437s] Level 1:colcon.colcon_core.environment:create_file_with_runtime_dependencies(/home/dev-pc/dev_ws/install/sllidar_ros2/share/colcon-core/packages/sllidar_ros2)
[0.455s] DEBUG:colcon.colcon_core.event_handler.log_command:Invoked command in '/home/dev-pc/dev_ws/build/diffdrive_arduino' returned '0': CMAKE_PREFIX_PATH=/home/dev-pc/dev_ws/install/serial:/home/dev-pc/dev_ws/install/sllidar_ros2:/home/dev-pc/dev_ws/install/diffdrive_arduino:/home/dev-pc/dev_ws/install/robot_pkg:/opt/ros/humble /usr/bin/cmake --build /home/dev-pc/dev_ws/build/diffdrive_arduino -- -j8 -l8
[0.484s] DEBUG:colcon.colcon_core.event_handler.log_command:Invoking command in '/home/dev-pc/dev_ws/build/diffdrive_arduino': CMAKE_PREFIX_PATH=/home/dev-pc/dev_ws/install/serial:/home/dev-pc/dev_ws/install/sllidar_ros2:/home/dev-pc/dev_ws/install/diffdrive_arduino:/home/dev-pc/dev_ws/install/robot_pkg:/opt/ros/humble /usr/bin/cmake --install /home/dev-pc/dev_ws/build/diffdrive_arduino
[0.503s] Level 1:colcon.colcon_core.environment:create_environment_scripts_only(diffdrive_arduino)
[0.504s] Level 1:colcon.colcon_core.environment:checking '/home/dev-pc/dev_ws/install/diffdrive_arduino' for CMake module files
[0.504s] DEBUG:colcon.colcon_core.event_handler.log_command:Invoked command in '/home/dev-pc/dev_ws/build/diffdrive_arduino' returned '0': CMAKE_PREFIX_PATH=/home/dev-pc/dev_ws/install/serial:/home/dev-pc/dev_ws/install/sllidar_ros2:/home/dev-pc/dev_ws/install/diffdrive_arduino:/home/dev-pc/dev_ws/install/robot_pkg:/opt/ros/humble /usr/bin/cmake --install /home/dev-pc/dev_ws/build/diffdrive_arduino
[0.504s] Level 1:colcon.colcon_core.environment:checking '/home/dev-pc/dev_ws/install/diffdrive_arduino' for CMake config files
[0.505s] Level 1:colcon.colcon_core.shell:create_environment_hook('diffdrive_arduino', 'cmake_prefix_path')
[0.505s] INFO:colcon.colcon_core.shell:Creating environment hook '/home/dev-pc/dev_ws/install/diffdrive_arduino/share/diffdrive_arduino/hook/cmake_prefix_path.ps1'
[0.505s] INFO:colcon.colcon_core.shell:Creating environment descriptor '/home/dev-pc/dev_ws/install/diffdrive_arduino/share/diffdrive_arduino/hook/cmake_prefix_path.dsv'
[0.505s] INFO:colcon.colcon_core.shell:Creating environment hook '/home/dev-pc/dev_ws/install/diffdrive_arduino/share/diffdrive_arduino/hook/cmake_prefix_path.sh'
[0.506s] Level 1:colcon.colcon_core.environment:checking '/home/dev-pc/dev_ws/install/diffdrive_arduino/lib'
[0.506s] Level 1:colcon.colcon_core.shell:create_environment_hook('diffdrive_arduino', 'ld_library_path_lib')
[0.506s] INFO:colcon.colcon_core.shell:Creating environment hook '/home/dev-pc/dev_ws/install/diffdrive_arduino/share/diffdrive_arduino/hook/ld_library_path_lib.ps1'
[0.506s] INFO:colcon.colcon_core.shell:Creating environment descriptor '/home/dev-pc/dev_ws/install/diffdrive_arduino/share/diffdrive_arduino/hook/ld_library_path_lib.dsv'
[0.506s] INFO:colcon.colcon_core.shell:Creating environment hook '/home/dev-pc/dev_ws/install/diffdrive_arduino/share/diffdrive_arduino/hook/ld_library_path_lib.sh'
[0.507s] Level 1:colcon.colcon_core.environment:checking '/home/dev-pc/dev_ws/install/diffdrive_arduino/bin'
[0.507s] Level 1:colcon.colcon_core.environment:checking '/home/dev-pc/dev_ws/install/diffdrive_arduino/lib/pkgconfig/diffdrive_arduino.pc'
[0.507s] Level 1:colcon.colcon_core.environment:checking '/home/dev-pc/dev_ws/install/diffdrive_arduino/lib/python3.10/site-packages'
[0.507s] Level 1:colcon.colcon_core.environment:checking '/home/dev-pc/dev_ws/install/diffdrive_arduino/bin'
[0.507s] INFO:colcon.colcon_core.shell:Creating package script '/home/dev-pc/dev_ws/install/diffdrive_arduino/share/diffdrive_arduino/package.ps1'
[0.508s] INFO:colcon.colcon_core.shell:Creating package descriptor '/home/dev-pc/dev_ws/install/diffdrive_arduino/share/diffdrive_arduino/package.dsv'
[0.508s] INFO:colcon.colcon_core.shell:Creating package script '/home/dev-pc/dev_ws/install/diffdrive_arduino/share/diffdrive_arduino/package.sh'
[0.508s] INFO:colcon.colcon_core.shell:Creating package script '/home/dev-pc/dev_ws/install/diffdrive_arduino/share/diffdrive_arduino/package.bash'
[0.509s] INFO:colcon.colcon_core.shell:Creating package script '/home/dev-pc/dev_ws/install/diffdrive_arduino/share/diffdrive_arduino/package.zsh'
[0.509s] Level 1:colcon.colcon_core.environment:create_file_with_runtime_dependencies(/home/dev-pc/dev_ws/install/diffdrive_arduino/share/colcon-core/packages/diffdrive_arduino)
[0.532s] Level 1:colcon.colcon_core.environment:create_environment_scripts_only(diffdrive_arduino)
[0.532s] Level 1:colcon.colcon_core.environment:checking '/home/dev-pc/dev_ws/install/diffdrive_arduino' for CMake module files
[0.533s] Level 1:colcon.colcon_core.environment:checking '/home/dev-pc/dev_ws/install/diffdrive_arduino' for CMake config files
[0.533s] Level 1:colcon.colcon_core.shell:create_environment_hook('diffdrive_arduino', 'cmake_prefix_path')
[0.533s] INFO:colcon.colcon_core.shell:Creating environment hook '/home/dev-pc/dev_ws/install/diffdrive_arduino/share/diffdrive_arduino/hook/cmake_prefix_path.ps1'
[0.533s] INFO:colcon.colcon_core.shell:Creating environment descriptor '/home/dev-pc/dev_ws/install/diffdrive_arduino/share/diffdrive_arduino/hook/cmake_prefix_path.dsv'
[0.533s] INFO:colcon.colcon_core.shell:Creating environment hook '/home/dev-pc/dev_ws/install/diffdrive_arduino/share/diffdrive_arduino/hook/cmake_prefix_path.sh'
[0.534s] Level 1:colcon.colcon_core.environment:checking '/home/dev-pc/dev_ws/install/diffdrive_arduino/lib'
[0.534s] Level 1:colcon.colcon_core.shell:create_environment_hook('diffdrive_arduino', 'ld_library_path_lib')
[0.534s] INFO:colcon.colcon_core.shell:Creating environment hook '/home/dev-pc/dev_ws/install/diffdrive_arduino/share/diffdrive_arduino/hook/ld_library_path_lib.ps1'
[0.534s] INFO:colcon.colcon_core.shell:Creating environment descriptor '/home/dev-pc/dev_ws/install/diffdrive_arduino/share/diffdrive_arduino/hook/ld_library_path_lib.dsv'
[0.534s] INFO:colcon.colcon_core.shell:Creating environment hook '/home/dev-pc/dev_ws/install/diffdrive_arduino/share/diffdrive_arduino/hook/ld_library_path_lib.sh'
[0.535s] Level 1:colcon.colcon_core.environment:checking '/home/dev-pc/dev_ws/install/diffdrive_arduino/bin'
[0.535s] Level 1:colcon.colcon_core.environment:checking '/home/dev-pc/dev_ws/install/diffdrive_arduino/lib/pkgconfig/diffdrive_arduino.pc'
[0.535s] Level 1:colcon.colcon_core.environment:checking '/home/dev-pc/dev_ws/install/diffdrive_arduino/lib/python3.10/site-packages'
[0.535s] Level 1:colcon.colcon_core.environment:checking '/home/dev-pc/dev_ws/install/diffdrive_arduino/bin'
[0.535s] INFO:colcon.colcon_core.shell:Creating package script '/home/dev-pc/dev_ws/install/diffdrive_arduino/share/diffdrive_arduino/package.ps1'
[0.535s] INFO:colcon.colcon_core.shell:Creating package descriptor '/home/dev-pc/dev_ws/install/diffdrive_arduino/share/diffdrive_arduino/package.dsv'
[0.536s] INFO:colcon.colcon_core.shell:Creating package script '/home/dev-pc/dev_ws/install/diffdrive_arduino/share/diffdrive_arduino/package.sh'
[0.536s] INFO:colcon.colcon_core.shell:Creating package script '/home/dev-pc/dev_ws/install/diffdrive_arduino/share/diffdrive_arduino/package.bash'
[0.536s] INFO:colcon.colcon_core.shell:Creating package script '/home/dev-pc/dev_ws/install/diffdrive_arduino/share/diffdrive_arduino/package.zsh'
[0.536s] Level 1:colcon.colcon_core.environment:create_file_with_runtime_dependencies(/home/dev-pc/dev_ws/install/diffdrive_arduino/share/colcon-core/packages/diffdrive_arduino)
[0.537s] DEBUG:colcon.colcon_parallel_executor.executor.parallel:closing loop
[0.537s] DEBUG:colcon.colcon_parallel_executor.executor.parallel:loop closed
[0.537s] DEBUG:colcon.colcon_parallel_executor.executor.parallel:run_until_complete finished with '0'
[0.537s] DEBUG:colcon.colcon_core.event_reactor:joining thread
[0.541s] INFO:colcon.colcon_core.plugin_system:Skipping extension 'colcon_notification.desktop_notification.terminal_notifier': Not used on non-Darwin systems
[0.541s] INFO:colcon.colcon_core.plugin_system:Skipping extension 'colcon_notification.desktop_notification.win32': Not used on non-Windows systems
[0.541s] INFO:colcon.colcon_notification.desktop_notification:Sending desktop notification using 'notify2'
[0.548s] DEBUG:colcon.colcon_core.event_reactor:joined thread
[0.548s] INFO:colcon.colcon_core.shell:Creating prefix script '/home/dev-pc/dev_ws/install/local_setup.ps1'
[0.549s] INFO:colcon.colcon_core.shell:Creating prefix util module '/home/dev-pc/dev_ws/install/_local_setup_util_ps1.py'
[0.550s] INFO:colcon.colcon_core.shell:Creating prefix chain script '/home/dev-pc/dev_ws/install/setup.ps1'
[0.551s] INFO:colcon.colcon_core.shell:Creating prefix script '/home/dev-pc/dev_ws/install/local_setup.sh'
[0.551s] INFO:colcon.colcon_core.shell:Creating prefix util module '/home/dev-pc/dev_ws/install/_local_setup_util_sh.py'
[0.551s] INFO:colcon.colcon_core.shell:Creating prefix chain script '/home/dev-pc/dev_ws/install/setup.sh'
[0.552s] INFO:colcon.colcon_core.shell:Creating prefix script '/home/dev-pc/dev_ws/install/local_setup.bash'
[0.552s] INFO:colcon.colcon_core.shell:Creating prefix chain script '/home/dev-pc/dev_ws/install/setup.bash'
[0.553s] INFO:colcon.colcon_core.shell:Creating prefix script '/home/dev-pc/dev_ws/install/local_setup.zsh'
[0.553s] INFO:colcon.colcon_core.shell:Creating prefix chain script '/home/dev-pc/dev_ws/install/setup.zsh'
