[0.785s] Invoking command in '/home/dev/dev_ws/src/robot_pkg': PYTHONPATH=/home/dev/dev_ws/build/robot_pkg/prefix_override:/home/dev/dev_ws/install/robot_pkg/lib/python3.10/site-packages:${PYTHONPATH} /usr/bin/python3 -W ignore:setup.py install is deprecated setup.py egg_info --egg-base ../../build/robot_pkg build --build-base /home/dev/dev_ws/build/robot_pkg/build install --record /home/dev/dev_ws/build/robot_pkg/install.log --single-version-externally-managed install_data
[1.054s] running egg_info
[1.056s] writing ../../build/robot_pkg/robot_pkg.egg-info/PKG-INFO
[1.057s] writing dependency_links to ../../build/robot_pkg/robot_pkg.egg-info/dependency_links.txt
[1.058s] writing entry points to ../../build/robot_pkg/robot_pkg.egg-info/entry_points.txt
[1.059s] writing requirements to ../../build/robot_pkg/robot_pkg.egg-info/requires.txt
[1.059s] writing top-level names to ../../build/robot_pkg/robot_pkg.egg-info/top_level.txt
[1.062s] reading manifest file '../../build/robot_pkg/robot_pkg.egg-info/SOURCES.txt'
[1.062s] adding license file 'LICENSE'
[1.063s] writing manifest file '../../build/robot_pkg/robot_pkg.egg-info/SOURCES.txt'
[1.064s] running build
[1.064s] running build_py
[1.065s] running install
[1.066s] running install_lib
[1.067s] running install_data
[1.068s] copying urdf/TTR01.urdf.xacro -> /home/dev/dev_ws/install/robot_pkg/share/robot_pkg/urdf
[1.068s] running install_egg_info
[1.071s] removing '/home/dev/dev_ws/install/robot_pkg/lib/python3.10/site-packages/robot_pkg-0.0.0-py3.10.egg-info' (and everything under it)
[1.076s] Copying ../../build/robot_pkg/robot_pkg.egg-info to /home/dev/dev_ws/install/robot_pkg/lib/python3.10/site-packages/robot_pkg-0.0.0-py3.10.egg-info
[1.077s] running install_scripts
[1.099s] writing list of installed files to '/home/dev/dev_ws/build/robot_pkg/install.log'
[1.129s] Invoked command in '/home/dev/dev_ws/src/robot_pkg' returned '0': PYTHONPATH=/home/dev/dev_ws/build/robot_pkg/prefix_override:/home/dev/dev_ws/install/robot_pkg/lib/python3.10/site-packages:${PYTHONPATH} /usr/bin/python3 -W ignore:setup.py install is deprecated setup.py egg_info --egg-base ../../build/robot_pkg build --build-base /home/dev/dev_ws/build/robot_pkg/build install --record /home/dev/dev_ws/build/robot_pkg/install.log --single-version-externally-managed install_data
