[0.044s] Invoking command in '/home/ttrxx/dev_ws/build/ttrxx_pkg': CMAKE_PREFIX_PATH=${CMAKE_PREFIX_PATH}:/opt/ros/humble /usr/bin/cmake --build /home/ttrxx/dev_ws/build/ttrxx_pkg -- -j4 -l4
[0.160s] -- Found ament_cmake: 1.3.8 (/opt/ros/humble/share/ament_cmake/cmake)
[0.489s] -- Override CMake install command with custom implementation using symlinks instead of copying resources
[0.545s] -- Found ament_lint_auto: 0.12.10 (/opt/ros/humble/share/ament_lint_auto/cmake)
[0.774s] -- Added test 'flake8' to check Python code syntax and style conventions
[0.777s] -- Added test 'lint_cmake' to check CMake code style
[0.779s] -- Added test 'pep257' to check Python code against some of the docstring style conventions in PEP 257
[0.788s] -- Added test 'xmllint' to check XML markup files
[0.792s] -- Configuring done
[0.803s] -- Generating done
[0.806s] -- Build files have been written to: /home/ttrxx/dev_ws/build/ttrxx_pkg
[0.863s] Invoked command in '/home/ttrxx/dev_ws/build/ttrxx_pkg' returned '0': CMAKE_PREFIX_PATH=${CMAKE_PREFIX_PATH}:/opt/ros/humble /usr/bin/cmake --build /home/ttrxx/dev_ws/build/ttrxx_pkg -- -j4 -l4
[0.946s] Invoking command in '/home/ttrxx/dev_ws/build/ttrxx_pkg': CMAKE_PREFIX_PATH=${CMAKE_PREFIX_PATH}:/opt/ros/humble /usr/bin/cmake --install /home/ttrxx/dev_ws/build/ttrxx_pkg
[0.963s] -- Install configuration: ""
[0.964s] -- Execute custom install script
[0.964s] -- Up-to-date symlink: /home/ttrxx/dev_ws/install/ttrxx_pkg/share/ttrxx_pkg/launch/listener.launch.py
[0.965s] -- Up-to-date symlink: /home/ttrxx/dev_ws/install/ttrxx_pkg/share/ttrxx_pkg/launch/talker.launch.py
[0.966s] -- Up-to-date symlink: /home/ttrxx/dev_ws/install/ttrxx_pkg/share/ament_index/resource_index/package_run_dependencies/ttrxx_pkg
[0.966s] -- Up-to-date symlink: /home/ttrxx/dev_ws/install/ttrxx_pkg/share/ament_index/resource_index/parent_prefix_path/ttrxx_pkg
[0.967s] -- Up-to-date symlink: /home/ttrxx/dev_ws/install/ttrxx_pkg/share/ttrxx_pkg/environment/ament_prefix_path.sh
[0.967s] -- Up-to-date symlink: /home/ttrxx/dev_ws/install/ttrxx_pkg/share/ttrxx_pkg/environment/ament_prefix_path.dsv
[0.968s] -- Up-to-date symlink: /home/ttrxx/dev_ws/install/ttrxx_pkg/share/ttrxx_pkg/environment/path.sh
[0.968s] -- Up-to-date symlink: /home/ttrxx/dev_ws/install/ttrxx_pkg/share/ttrxx_pkg/environment/path.dsv
[0.968s] -- Up-to-date symlink: /home/ttrxx/dev_ws/install/ttrxx_pkg/share/ttrxx_pkg/local_setup.bash
[0.969s] -- Up-to-date symlink: /home/ttrxx/dev_ws/install/ttrxx_pkg/share/ttrxx_pkg/local_setup.sh
[0.969s] -- Up-to-date symlink: /home/ttrxx/dev_ws/install/ttrxx_pkg/share/ttrxx_pkg/local_setup.zsh
[0.970s] -- Up-to-date symlink: /home/ttrxx/dev_ws/install/ttrxx_pkg/share/ttrxx_pkg/local_setup.dsv
[0.970s] -- Symlinking: /home/ttrxx/dev_ws/install/ttrxx_pkg/share/ttrxx_pkg/package.dsv
[0.991s] -- Up-to-date symlink: /home/ttrxx/dev_ws/install/ttrxx_pkg/share/ament_index/resource_index/packages/ttrxx_pkg
[0.991s] -- Up-to-date symlink: /home/ttrxx/dev_ws/install/ttrxx_pkg/share/ttrxx_pkg/cmake/ttrxx_pkgConfig.cmake
[0.992s] -- Up-to-date symlink: /home/ttrxx/dev_ws/install/ttrxx_pkg/share/ttrxx_pkg/cmake/ttrxx_pkgConfig-version.cmake
[0.992s] -- Up-to-date symlink: /home/ttrxx/dev_ws/install/ttrxx_pkg/share/ttrxx_pkg/package.xml
[0.997s] Invoked command in '/home/ttrxx/dev_ws/build/ttrxx_pkg' returned '0': CMAKE_PREFIX_PATH=${CMAKE_PREFIX_PATH}:/opt/ros/humble /usr/bin/cmake --install /home/ttrxx/dev_ws/build/ttrxx_pkg
