[0.080s] Invoking command in '/home/rodrigo/dev_ws/build/sllidar_ros2': CMAKE_PREFIX_PATH=${CMAKE_PREFIX_PATH}:/home/rodrigo/serial_motor_demo/install/serial_motor_demo:/opt/ros/humble /usr/bin/cmake --build /home/rodrigo/dev_ws/build/sllidar_ros2 -- -j4 -l4
[0.553s] [ 10%] Built target sllidar_client
[0.595s] [100%] Built target sllidar_node
[0.657s] Invoked command in '/home/rodrigo/dev_ws/build/sllidar_ros2' returned '0': CMAKE_PREFIX_PATH=${CMAKE_PREFIX_PATH}:/home/rodrigo/serial_motor_demo/install/serial_motor_demo:/opt/ros/humble /usr/bin/cmake --build /home/rodrigo/dev_ws/build/sllidar_ros2 -- -j4 -l4
[1.106s] Invoking command in '/home/rodrigo/dev_ws/build/sllidar_ros2': CMAKE_PREFIX_PATH=${CMAKE_PREFIX_PATH}:/home/rodrigo/serial_motor_demo/install/serial_motor_demo:/opt/ros/humble /usr/bin/cmake --install /home/rodrigo/dev_ws/build/sllidar_ros2
[1.136s] -- Install configuration: ""
[1.139s] -- Execute custom install script
[1.140s] -- Up-to-date symlink: /home/rodrigo/dev_ws/install/sllidar_ros2/share/sllidar_ros2/launch/sllidar_a1_launch.py
[1.141s] -- Up-to-date symlink: /home/rodrigo/dev_ws/install/sllidar_ros2/share/sllidar_ros2/launch/sllidar_a2m12_launch .py
[1.142s] -- Up-to-date symlink: /home/rodrigo/dev_ws/install/sllidar_ros2/share/sllidar_ros2/launch/sllidar_a2m7_launch.py
[1.146s] -- Up-to-date symlink: /home/rodrigo/dev_ws/install/sllidar_ros2/share/sllidar_ros2/launch/sllidar_a2m8_launch.py
[1.147s] -- Up-to-date symlink: /home/rodrigo/dev_ws/install/sllidar_ros2/share/sllidar_ros2/launch/sllidar_a3_launch.py
[1.148s] -- Up-to-date symlink: /home/rodrigo/dev_ws/install/sllidar_ros2/share/sllidar_ros2/launch/sllidar_c1_launch.py
[1.149s] -- Up-to-date symlink: /home/rodrigo/dev_ws/install/sllidar_ros2/share/sllidar_ros2/launch/sllidar_s1_launch.py
[1.150s] -- Up-to-date symlink: /home/rodrigo/dev_ws/install/sllidar_ros2/share/sllidar_ros2/launch/sllidar_s1_tcp_launch.py
[1.151s] -- Up-to-date symlink: /home/rodrigo/dev_ws/install/sllidar_ros2/share/sllidar_ros2/launch/sllidar_s2_launch.py
[1.151s] -- Up-to-date symlink: /home/rodrigo/dev_ws/install/sllidar_ros2/share/sllidar_ros2/launch/sllidar_s2e_launch.py
[1.152s] -- Up-to-date symlink: /home/rodrigo/dev_ws/install/sllidar_ros2/share/sllidar_ros2/launch/sllidar_s3_launch.py
[1.154s] -- Up-to-date symlink: /home/rodrigo/dev_ws/install/sllidar_ros2/share/sllidar_ros2/launch/sllidar_t1_launch.py
[1.154s] -- Up-to-date symlink: /home/rodrigo/dev_ws/install/sllidar_ros2/share/sllidar_ros2/launch/view_sllidar_a1_launch.py
[1.155s] -- Up-to-date symlink: /home/rodrigo/dev_ws/install/sllidar_ros2/share/sllidar_ros2/launch/view_sllidar_a2m12_launch.py
[1.156s] -- Up-to-date symlink: /home/rodrigo/dev_ws/install/sllidar_ros2/share/sllidar_ros2/launch/view_sllidar_a2m7_launch.py
[1.157s] -- Up-to-date symlink: /home/rodrigo/dev_ws/install/sllidar_ros2/share/sllidar_ros2/launch/view_sllidar_a2m8_launch.py
[1.158s] -- Up-to-date symlink: /home/rodrigo/dev_ws/install/sllidar_ros2/share/sllidar_ros2/launch/view_sllidar_a3_launch.py
[1.158s] -- Up-to-date symlink: /home/rodrigo/dev_ws/install/sllidar_ros2/share/sllidar_ros2/launch/view_sllidar_c1_launch.py
[1.159s] -- Up-to-date symlink: /home/rodrigo/dev_ws/install/sllidar_ros2/share/sllidar_ros2/launch/view_sllidar_s1_launch.py
[1.160s] -- Up-to-date symlink: /home/rodrigo/dev_ws/install/sllidar_ros2/share/sllidar_ros2/launch/view_sllidar_s1_tcp_launch.py
[1.161s] -- Up-to-date symlink: /home/rodrigo/dev_ws/install/sllidar_ros2/share/sllidar_ros2/launch/view_sllidar_s2_launch.py
[1.162s] -- Up-to-date symlink: /home/rodrigo/dev_ws/install/sllidar_ros2/share/sllidar_ros2/launch/view_sllidar_s2e_launch.py
[1.163s] -- Up-to-date symlink: /home/rodrigo/dev_ws/install/sllidar_ros2/share/sllidar_ros2/launch/view_sllidar_s3_launch.py
[1.164s] -- Up-to-date symlink: /home/rodrigo/dev_ws/install/sllidar_ros2/share/sllidar_ros2/launch/view_sllidar_t1_launch.py
[1.166s] -- Up-to-date symlink: /home/rodrigo/dev_ws/install/sllidar_ros2/share/sllidar_ros2/rviz/sllidar_ros2.rviz
[1.167s] -- Up-to-date symlink: /home/rodrigo/dev_ws/install/sllidar_ros2/lib/sllidar_ros2/sllidar_node
[1.168s] -- Up-to-date symlink: /home/rodrigo/dev_ws/install/sllidar_ros2/lib/sllidar_ros2/sllidar_client
[1.170s] -- Up-to-date symlink: /home/rodrigo/dev_ws/install/sllidar_ros2/share/ament_index/resource_index/package_run_dependencies/sllidar_ros2
[1.171s] -- Up-to-date symlink: /home/rodrigo/dev_ws/install/sllidar_ros2/share/ament_index/resource_index/parent_prefix_path/sllidar_ros2
[1.173s] -- Up-to-date symlink: /home/rodrigo/dev_ws/install/sllidar_ros2/share/sllidar_ros2/environment/ament_prefix_path.sh
[1.174s] -- Up-to-date symlink: /home/rodrigo/dev_ws/install/sllidar_ros2/share/sllidar_ros2/environment/ament_prefix_path.dsv
[1.175s] -- Up-to-date symlink: /home/rodrigo/dev_ws/install/sllidar_ros2/share/sllidar_ros2/environment/path.sh
[1.176s] -- Up-to-date symlink: /home/rodrigo/dev_ws/install/sllidar_ros2/share/sllidar_ros2/environment/path.dsv
[1.177s] -- Up-to-date symlink: /home/rodrigo/dev_ws/install/sllidar_ros2/share/sllidar_ros2/local_setup.bash
[1.179s] -- Up-to-date symlink: /home/rodrigo/dev_ws/install/sllidar_ros2/share/sllidar_ros2/local_setup.sh
[1.180s] -- Up-to-date symlink: /home/rodrigo/dev_ws/install/sllidar_ros2/share/sllidar_ros2/local_setup.zsh
[1.181s] -- Up-to-date symlink: /home/rodrigo/dev_ws/install/sllidar_ros2/share/sllidar_ros2/local_setup.dsv
[1.182s] -- Symlinking: /home/rodrigo/dev_ws/install/sllidar_ros2/share/sllidar_ros2/package.dsv
[1.219s] -- Up-to-date symlink: /home/rodrigo/dev_ws/install/sllidar_ros2/share/ament_index/resource_index/packages/sllidar_ros2
[1.220s] -- Up-to-date symlink: /home/rodrigo/dev_ws/install/sllidar_ros2/share/sllidar_ros2/cmake/ament_cmake_export_dependencies-extras.cmake
[1.221s] -- Up-to-date symlink: /home/rodrigo/dev_ws/install/sllidar_ros2/share/sllidar_ros2/cmake/ament_cmake_export_include_directories-extras.cmake
[1.222s] -- Up-to-date symlink: /home/rodrigo/dev_ws/install/sllidar_ros2/share/sllidar_ros2/cmake/sllidar_ros2Config.cmake
[1.223s] -- Up-to-date symlink: /home/rodrigo/dev_ws/install/sllidar_ros2/share/sllidar_ros2/cmake/sllidar_ros2Config-version.cmake
[1.224s] -- Up-to-date symlink: /home/rodrigo/dev_ws/install/sllidar_ros2/share/sllidar_ros2/package.xml
[1.231s] Invoked command in '/home/rodrigo/dev_ws/build/sllidar_ros2' returned '0': CMAKE_PREFIX_PATH=${CMAKE_PREFIX_PATH}:/home/rodrigo/serial_motor_demo/install/serial_motor_demo:/opt/ros/humble /usr/bin/cmake --install /home/rodrigo/dev_ws/build/sllidar_ros2
