[0.005s] Invoking command in '/home/dev-pc/dev_ws/build/robot_pkg': CMAKE_PREFIX_PATH=/opt/ros/humble /usr/bin/cmake /home/dev-pc/dev_ws/src/robot_pkg -DAMENT_CMAKE_SYMLINK_INSTALL=1 -DCMAKE_INSTALL_PREFIX=/home/dev-pc/dev_ws/install/robot_pkg
[0.043s] -- The C compiler identification is GNU 11.4.0
[0.086s] -- The CXX compiler identification is GNU 11.4.0
[0.091s] -- Detecting C compiler ABI info
[0.143s] -- Detecting C compiler ABI info - done
[0.148s] -- Check for working C compiler: /usr/bin/cc - skipped
[0.148s] -- Detecting C compile features
[0.148s] -- Detecting C compile features - done
[0.150s] -- Detecting CXX compiler ABI info
[0.213s] -- Detecting CXX compiler ABI info - done
[0.218s] -- Check for working CXX compiler: /usr/bin/c++ - skipped
[0.218s] -- Detecting CXX compile features
[0.218s] -- Detecting CXX compile features - done
[0.219s] -- Found ament_cmake: 1.3.9 (/opt/ros/humble/share/ament_cmake/cmake)
[0.324s] -- Found Python3: /usr/bin/python3 (found version "3.10.12") found components: Interpreter 
[0.363s] -- Override CMake install command with custom implementation using symlinks instead of copying resources
[0.377s] -- Found ament_lint_auto: 0.12.11 (/opt/ros/humble/share/ament_lint_auto/cmake)
[0.427s] -- Added test 'flake8' to check Python code syntax and style conventions
[0.428s] -- Added test 'lint_cmake' to check CMake code style
[0.428s] -- Added test 'pep257' to check Python code against some of the docstring style conventions in PEP 257
[0.428s] -- Added test 'xmllint' to check XML markup files
[0.429s] -- Configuring done
[0.431s] -- Generating done
[0.431s] -- Build files have been written to: /home/dev-pc/dev_ws/build/robot_pkg
[0.435s] Invoked command in '/home/dev-pc/dev_ws/build/robot_pkg' returned '0': CMAKE_PREFIX_PATH=/opt/ros/humble /usr/bin/cmake /home/dev-pc/dev_ws/src/robot_pkg -DAMENT_CMAKE_SYMLINK_INSTALL=1 -DCMAKE_INSTALL_PREFIX=/home/dev-pc/dev_ws/install/robot_pkg
[0.436s] Invoking command in '/home/dev-pc/dev_ws/build/robot_pkg': CMAKE_PREFIX_PATH=/opt/ros/humble /usr/bin/cmake --build /home/dev-pc/dev_ws/build/robot_pkg -- -j8 -l8
[0.467s] Invoked command in '/home/dev-pc/dev_ws/build/robot_pkg' returned '0': CMAKE_PREFIX_PATH=/opt/ros/humble /usr/bin/cmake --build /home/dev-pc/dev_ws/build/robot_pkg -- -j8 -l8
[0.492s] Invoking command in '/home/dev-pc/dev_ws/build/robot_pkg': CMAKE_PREFIX_PATH=/opt/ros/humble /usr/bin/cmake --install /home/dev-pc/dev_ws/build/robot_pkg
[0.497s] -- Install configuration: ""
[0.497s] -- Execute custom install script
[0.498s] -- Symlinking: /home/dev-pc/dev_ws/install/robot_pkg/share/robot_pkg/launch/display.launch.py
[0.505s] -- Symlinking: /home/dev-pc/dev_ws/install/robot_pkg/share/robot_pkg/launch/gazebo.launch.py
[0.510s] -- Symlinking: /home/dev-pc/dev_ws/install/robot_pkg/share/robot_pkg/urdf/TTR01.urdf.xacro
[0.516s] -- Symlinking: /home/dev-pc/dev_ws/install/robot_pkg/share/robot_pkg/urdf/gazebo_setup.xacro
[0.521s] -- Symlinking: /home/dev-pc/dev_ws/install/robot_pkg/share/robot_pkg/urdf/robot.xacro
[0.527s] -- Symlinking: /home/dev-pc/dev_ws/install/robot_pkg/share/robot_pkg/urdf/robot_parameters.xacro
[0.533s] -- Symlinking: /home/dev-pc/dev_ws/install/robot_pkg/share/robot_pkg/config/default_robot.rviz
[0.539s] -- Symlinking: /home/dev-pc/dev_ws/install/robot_pkg/share/ament_index/resource_index/package_run_dependencies/robot_pkg
[0.544s] -- Symlinking: /home/dev-pc/dev_ws/install/robot_pkg/share/ament_index/resource_index/parent_prefix_path/robot_pkg
[0.550s] -- Symlinking: /home/dev-pc/dev_ws/install/robot_pkg/share/robot_pkg/environment/ament_prefix_path.sh
[0.555s] -- Symlinking: /home/dev-pc/dev_ws/install/robot_pkg/share/robot_pkg/environment/ament_prefix_path.dsv
[0.561s] -- Symlinking: /home/dev-pc/dev_ws/install/robot_pkg/share/robot_pkg/environment/path.sh
[0.567s] -- Symlinking: /home/dev-pc/dev_ws/install/robot_pkg/share/robot_pkg/environment/path.dsv
[0.573s] -- Symlinking: /home/dev-pc/dev_ws/install/robot_pkg/share/robot_pkg/local_setup.bash
[0.578s] -- Symlinking: /home/dev-pc/dev_ws/install/robot_pkg/share/robot_pkg/local_setup.sh
[0.584s] -- Symlinking: /home/dev-pc/dev_ws/install/robot_pkg/share/robot_pkg/local_setup.zsh
[0.589s] -- Symlinking: /home/dev-pc/dev_ws/install/robot_pkg/share/robot_pkg/local_setup.dsv
[0.595s] -- Symlinking: /home/dev-pc/dev_ws/install/robot_pkg/share/robot_pkg/package.dsv
[0.600s] -- Symlinking: /home/dev-pc/dev_ws/install/robot_pkg/share/ament_index/resource_index/packages/robot_pkg
[0.605s] -- Symlinking: /home/dev-pc/dev_ws/install/robot_pkg/share/robot_pkg/cmake/robot_pkgConfig.cmake
[0.611s] -- Symlinking: /home/dev-pc/dev_ws/install/robot_pkg/share/robot_pkg/cmake/robot_pkgConfig-version.cmake
[0.616s] -- Symlinking: /home/dev-pc/dev_ws/install/robot_pkg/share/robot_pkg/package.xml
[0.623s] Invoked command in '/home/dev-pc/dev_ws/build/robot_pkg' returned '0': CMAKE_PREFIX_PATH=/opt/ros/humble /usr/bin/cmake --install /home/dev-pc/dev_ws/build/robot_pkg
