[0.089s] DEBUG:colcon:Command line arguments: ['/usr/bin/colcon', 'build', '--symlink-install']
[0.089s] DEBUG:colcon:Parsed command line arguments: Namespace(log_base=None, log_level=None, verb_name='build', build_base='build', install_base='install', merge_install=False, symlink_install=True, test_result_base=None, continue_on_error=False, executor='parallel', parallel_workers=8, event_handlers=None, ignore_user_meta=False, metas=['./colcon.meta'], base_paths=['.'], packages_ignore=None, packages_ignore_regex=None, paths=None, packages_up_to=None, packages_up_to_regex=None, packages_above=None, packages_above_and_dependencies=None, packages_above_depth=None, packages_select_by_dep=None, packages_skip_by_dep=None, packages_skip_up_to=None, packages_select_build_failed=False, packages_skip_build_finished=False, packages_select_test_failures=False, packages_skip_test_passed=False, packages_select=None, packages_skip=None, packages_select_regex=None, packages_skip_regex=None, packages_start=None, packages_end=None, allow_overriding=[], cmake_args=None, cmake_target=None, cmake_target_skip_unavailable=False, cmake_clean_cache=False, cmake_clean_first=False, cmake_force_configure=False, ament_cmake_args=None, catkin_cmake_args=None, catkin_skip_building_tests=False, verb_parser=<colcon_defaults.argument_parser.defaults.DefaultArgumentsDecorator object at 0x72f700a18d60>, verb_extension=<colcon_core.verb.build.BuildVerb object at 0x72f700a186a0>, main=<bound method BuildVerb.main of <colcon_core.verb.build.BuildVerb object at 0x72f700a186a0>>)
[0.122s] Level 1:colcon.colcon_core.package_discovery:discover_packages(colcon_meta) check parameters
[0.122s] Level 1:colcon.colcon_core.package_discovery:discover_packages(recursive) check parameters
[0.122s] Level 1:colcon.colcon_core.package_discovery:discover_packages(ignore) check parameters
[0.122s] Level 1:colcon.colcon_core.package_discovery:discover_packages(path) check parameters
[0.122s] Level 1:colcon.colcon_core.package_discovery:discover_packages(colcon_meta) discover
[0.122s] Level 1:colcon.colcon_core.package_discovery:discover_packages(recursive) discover
[0.122s] INFO:colcon.colcon_core.package_discovery:Crawling recursively for packages in '/home/dev-pc/dev_ws'
[0.123s] Level 1:colcon.colcon_core.package_identification:_identify(.) by extensions ['ignore', 'ignore_ament_install']
[0.123s] Level 1:colcon.colcon_core.package_identification:_identify(.) by extension 'ignore'
[0.123s] Level 1:colcon.colcon_core.package_identification:_identify(.) by extension 'ignore_ament_install'
[0.123s] Level 1:colcon.colcon_core.package_identification:_identify(.) by extensions ['colcon_pkg']
[0.123s] Level 1:colcon.colcon_core.package_identification:_identify(.) by extension 'colcon_pkg'
[0.123s] Level 1:colcon.colcon_core.package_identification:_identify(.) by extensions ['colcon_meta']
[0.123s] Level 1:colcon.colcon_core.package_identification:_identify(.) by extension 'colcon_meta'
[0.123s] Level 1:colcon.colcon_core.package_identification:_identify(.) by extensions ['ros']
[0.123s] Level 1:colcon.colcon_core.package_identification:_identify(.) by extension 'ros'
[0.135s] Level 1:colcon.colcon_core.package_identification:_identify(.) by extensions ['cmake', 'python']
[0.135s] Level 1:colcon.colcon_core.package_identification:_identify(.) by extension 'cmake'
[0.135s] Level 1:colcon.colcon_core.package_identification:_identify(.) by extension 'python'
[0.135s] Level 1:colcon.colcon_core.package_identification:_identify(.) by extensions ['python_setup_py']
[0.135s] Level 1:colcon.colcon_core.package_identification:_identify(.) by extension 'python_setup_py'
[0.135s] Level 1:colcon.colcon_core.package_identification:_identify(build) by extensions ['ignore', 'ignore_ament_install']
[0.135s] Level 1:colcon.colcon_core.package_identification:_identify(build) by extension 'ignore'
[0.135s] Level 1:colcon.colcon_core.package_identification:_identify(build) ignored
[0.135s] Level 1:colcon.colcon_core.package_identification:_identify(install) by extensions ['ignore', 'ignore_ament_install']
[0.135s] Level 1:colcon.colcon_core.package_identification:_identify(install) by extension 'ignore'
[0.135s] Level 1:colcon.colcon_core.package_identification:_identify(install) ignored
[0.135s] Level 1:colcon.colcon_core.package_identification:_identify(log) by extensions ['ignore', 'ignore_ament_install']
[0.135s] Level 1:colcon.colcon_core.package_identification:_identify(log) by extension 'ignore'
[0.135s] Level 1:colcon.colcon_core.package_identification:_identify(log) ignored
[0.135s] Level 1:colcon.colcon_core.package_identification:_identify(src) by extensions ['ignore', 'ignore_ament_install']
[0.135s] Level 1:colcon.colcon_core.package_identification:_identify(src) by extension 'ignore'
[0.135s] Level 1:colcon.colcon_core.package_identification:_identify(src) by extension 'ignore_ament_install'
[0.135s] Level 1:colcon.colcon_core.package_identification:_identify(src) by extensions ['colcon_pkg']
[0.135s] Level 1:colcon.colcon_core.package_identification:_identify(src) by extension 'colcon_pkg'
[0.135s] Level 1:colcon.colcon_core.package_identification:_identify(src) by extensions ['colcon_meta']
[0.135s] Level 1:colcon.colcon_core.package_identification:_identify(src) by extension 'colcon_meta'
[0.136s] Level 1:colcon.colcon_core.package_identification:_identify(src) by extensions ['ros']
[0.136s] Level 1:colcon.colcon_core.package_identification:_identify(src) by extension 'ros'
[0.136s] Level 1:colcon.colcon_core.package_identification:_identify(src) by extensions ['cmake', 'python']
[0.136s] Level 1:colcon.colcon_core.package_identification:_identify(src) by extension 'cmake'
[0.136s] Level 1:colcon.colcon_core.package_identification:_identify(src) by extension 'python'
[0.136s] Level 1:colcon.colcon_core.package_identification:_identify(src) by extensions ['python_setup_py']
[0.136s] Level 1:colcon.colcon_core.package_identification:_identify(src) by extension 'python_setup_py'
[0.136s] Level 1:colcon.colcon_core.package_identification:_identify(src/robot_pkg) by extensions ['ignore', 'ignore_ament_install']
[0.136s] Level 1:colcon.colcon_core.package_identification:_identify(src/robot_pkg) by extension 'ignore'
[0.136s] Level 1:colcon.colcon_core.package_identification:_identify(src/robot_pkg) by extension 'ignore_ament_install'
[0.136s] Level 1:colcon.colcon_core.package_identification:_identify(src/robot_pkg) by extensions ['colcon_pkg']
[0.136s] Level 1:colcon.colcon_core.package_identification:_identify(src/robot_pkg) by extension 'colcon_pkg'
[0.136s] Level 1:colcon.colcon_core.package_identification:_identify(src/robot_pkg) by extensions ['colcon_meta']
[0.136s] Level 1:colcon.colcon_core.package_identification:_identify(src/robot_pkg) by extension 'colcon_meta'
[0.136s] Level 1:colcon.colcon_core.package_identification:_identify(src/robot_pkg) by extensions ['ros']
[0.136s] Level 1:colcon.colcon_core.package_identification:_identify(src/robot_pkg) by extension 'ros'
[0.138s] DEBUG:colcon.colcon_core.package_identification:Package 'src/robot_pkg' with type 'ros.ament_cmake' and name 'robot_pkg'
[0.138s] Level 1:colcon.colcon_core.package_identification:_identify(src/sllidar_ros2) by extensions ['ignore', 'ignore_ament_install']
[0.138s] Level 1:colcon.colcon_core.package_identification:_identify(src/sllidar_ros2) by extension 'ignore'
[0.138s] Level 1:colcon.colcon_core.package_identification:_identify(src/sllidar_ros2) by extension 'ignore_ament_install'
[0.138s] Level 1:colcon.colcon_core.package_identification:_identify(src/sllidar_ros2) by extensions ['colcon_pkg']
[0.138s] Level 1:colcon.colcon_core.package_identification:_identify(src/sllidar_ros2) by extension 'colcon_pkg'
[0.138s] Level 1:colcon.colcon_core.package_identification:_identify(src/sllidar_ros2) by extensions ['colcon_meta']
[0.138s] Level 1:colcon.colcon_core.package_identification:_identify(src/sllidar_ros2) by extension 'colcon_meta'
[0.138s] Level 1:colcon.colcon_core.package_identification:_identify(src/sllidar_ros2) by extensions ['ros']
[0.138s] Level 1:colcon.colcon_core.package_identification:_identify(src/sllidar_ros2) by extension 'ros'
[0.139s] DEBUG:colcon.colcon_core.package_identification:Package 'src/sllidar_ros2' with type 'ros.ament_cmake' and name 'sllidar_ros2'
[0.139s] Level 1:colcon.colcon_core.package_discovery:discover_packages(recursive) using defaults
[0.139s] Level 1:colcon.colcon_core.package_discovery:discover_packages(ignore) discover
[0.139s] Level 1:colcon.colcon_core.package_discovery:discover_packages(ignore) using defaults
[0.139s] Level 1:colcon.colcon_core.package_discovery:discover_packages(path) discover
[0.139s] Level 1:colcon.colcon_core.package_discovery:discover_packages(path) using defaults
[0.154s] Level 1:colcon.colcon_core.package_discovery:discover_packages(prefix_path) check parameters
[0.154s] Level 1:colcon.colcon_core.package_discovery:discover_packages(prefix_path) discover
[0.155s] DEBUG:colcon.colcon_installed_package_information.package_discovery:Found 2 installed packages in /home/dev-pc/dev_ws/install
[0.156s] DEBUG:colcon.colcon_installed_package_information.package_discovery:Found 325 installed packages in /opt/ros/humble
[0.157s] Level 1:colcon.colcon_core.package_discovery:discover_packages(prefix_path) using defaults
[0.186s] Level 5:colcon.colcon_core.verb:set package 'robot_pkg' build argument 'cmake_args' from command line to 'None'
[0.186s] Level 5:colcon.colcon_core.verb:set package 'robot_pkg' build argument 'cmake_target' from command line to 'None'
[0.186s] Level 5:colcon.colcon_core.verb:set package 'robot_pkg' build argument 'cmake_target_skip_unavailable' from command line to 'False'
[0.186s] Level 5:colcon.colcon_core.verb:set package 'robot_pkg' build argument 'cmake_clean_cache' from command line to 'False'
[0.186s] Level 5:colcon.colcon_core.verb:set package 'robot_pkg' build argument 'cmake_clean_first' from command line to 'False'
[0.186s] Level 5:colcon.colcon_core.verb:set package 'robot_pkg' build argument 'cmake_force_configure' from command line to 'False'
[0.186s] Level 5:colcon.colcon_core.verb:set package 'robot_pkg' build argument 'ament_cmake_args' from command line to 'None'
[0.186s] Level 5:colcon.colcon_core.verb:set package 'robot_pkg' build argument 'catkin_cmake_args' from command line to 'None'
[0.186s] Level 5:colcon.colcon_core.verb:set package 'robot_pkg' build argument 'catkin_skip_building_tests' from command line to 'False'
[0.186s] DEBUG:colcon.colcon_core.verb:Building package 'robot_pkg' with the following arguments: {'ament_cmake_args': None, 'build_base': '/home/dev-pc/dev_ws/build/robot_pkg', 'catkin_cmake_args': None, 'catkin_skip_building_tests': False, 'cmake_args': None, 'cmake_clean_cache': False, 'cmake_clean_first': False, 'cmake_force_configure': False, 'cmake_target': None, 'cmake_target_skip_unavailable': False, 'install_base': '/home/dev-pc/dev_ws/install/robot_pkg', 'merge_install': False, 'path': '/home/dev-pc/dev_ws/src/robot_pkg', 'symlink_install': True, 'test_result_base': None}
[0.186s] Level 5:colcon.colcon_core.verb:set package 'sllidar_ros2' build argument 'cmake_args' from command line to 'None'
[0.186s] Level 5:colcon.colcon_core.verb:set package 'sllidar_ros2' build argument 'cmake_target' from command line to 'None'
[0.186s] Level 5:colcon.colcon_core.verb:set package 'sllidar_ros2' build argument 'cmake_target_skip_unavailable' from command line to 'False'
[0.187s] Level 5:colcon.colcon_core.verb:set package 'sllidar_ros2' build argument 'cmake_clean_cache' from command line to 'False'
[0.187s] Level 5:colcon.colcon_core.verb:set package 'sllidar_ros2' build argument 'cmake_clean_first' from command line to 'False'
[0.187s] Level 5:colcon.colcon_core.verb:set package 'sllidar_ros2' build argument 'cmake_force_configure' from command line to 'False'
[0.187s] Level 5:colcon.colcon_core.verb:set package 'sllidar_ros2' build argument 'ament_cmake_args' from command line to 'None'
[0.187s] Level 5:colcon.colcon_core.verb:set package 'sllidar_ros2' build argument 'catkin_cmake_args' from command line to 'None'
[0.187s] Level 5:colcon.colcon_core.verb:set package 'sllidar_ros2' build argument 'catkin_skip_building_tests' from command line to 'False'
[0.187s] DEBUG:colcon.colcon_core.verb:Building package 'sllidar_ros2' with the following arguments: {'ament_cmake_args': None, 'build_base': '/home/dev-pc/dev_ws/build/sllidar_ros2', 'catkin_cmake_args': None, 'catkin_skip_building_tests': False, 'cmake_args': None, 'cmake_clean_cache': False, 'cmake_clean_first': False, 'cmake_force_configure': False, 'cmake_target': None, 'cmake_target_skip_unavailable': False, 'install_base': '/home/dev-pc/dev_ws/install/sllidar_ros2', 'merge_install': False, 'path': '/home/dev-pc/dev_ws/src/sllidar_ros2', 'symlink_install': True, 'test_result_base': None}
[0.187s] INFO:colcon.colcon_core.executor:Executing jobs using 'parallel' executor
[0.188s] DEBUG:colcon.colcon_parallel_executor.executor.parallel:run_until_complete
[0.188s] INFO:colcon.colcon_ros.task.ament_cmake.build:Building ROS package in '/home/dev-pc/dev_ws/src/robot_pkg' with build type 'ament_cmake'
[0.188s] INFO:colcon.colcon_cmake.task.cmake.build:Building CMake package in '/home/dev-pc/dev_ws/src/robot_pkg'
[0.190s] INFO:colcon.colcon_core.plugin_system:Skipping extension 'colcon_core.shell.bat': Not used on non-Windows systems
[0.191s] INFO:colcon.colcon_core.shell:Skip shell extension 'powershell' for command environment: Not usable outside of PowerShell
[0.191s] DEBUG:colcon.colcon_core.shell:Skip shell extension 'dsv' for command environment
[0.193s] INFO:colcon.colcon_ros.task.ament_cmake.build:Building ROS package in '/home/dev-pc/dev_ws/src/sllidar_ros2' with build type 'ament_cmake'
[0.193s] INFO:colcon.colcon_cmake.task.cmake.build:Building CMake package in '/home/dev-pc/dev_ws/src/sllidar_ros2'
[0.194s] INFO:colcon.colcon_core.shell:Skip shell extension 'powershell' for command environment: Not usable outside of PowerShell
[0.194s] DEBUG:colcon.colcon_core.shell:Skip shell extension 'dsv' for command environment
[0.200s] DEBUG:colcon.colcon_core.event_handler.log_command:Invoking command in '/home/dev-pc/dev_ws/build/robot_pkg': CMAKE_PREFIX_PATH=${CMAKE_PREFIX_PATH}:/opt/ros/humble /usr/bin/cmake --build /home/dev-pc/dev_ws/build/robot_pkg -- -j8 -l8
[0.206s] DEBUG:colcon.colcon_core.event_handler.log_command:Invoking command in '/home/dev-pc/dev_ws/build/sllidar_ros2': CMAKE_PREFIX_PATH=${CMAKE_PREFIX_PATH}:/opt/ros/humble /usr/bin/cmake --build /home/dev-pc/dev_ws/build/sllidar_ros2 -- -j8 -l8
[0.267s] DEBUG:colcon.colcon_core.event_handler.log_command:Invoked command in '/home/dev-pc/dev_ws/build/sllidar_ros2' returned '0': CMAKE_PREFIX_PATH=${CMAKE_PREFIX_PATH}:/opt/ros/humble /usr/bin/cmake --build /home/dev-pc/dev_ws/build/sllidar_ros2 -- -j8 -l8
[0.320s] DEBUG:colcon.colcon_core.event_handler.log_command:Invoking command in '/home/dev-pc/dev_ws/build/sllidar_ros2': CMAKE_PREFIX_PATH=${CMAKE_PREFIX_PATH}:/opt/ros/humble /usr/bin/cmake --install /home/dev-pc/dev_ws/build/sllidar_ros2
[0.338s] Level 1:colcon.colcon_core.environment:create_environment_scripts_only(sllidar_ros2)
[0.339s] DEBUG:colcon.colcon_core.event_handler.log_command:Invoked command in '/home/dev-pc/dev_ws/build/sllidar_ros2' returned '0': CMAKE_PREFIX_PATH=${CMAKE_PREFIX_PATH}:/opt/ros/humble /usr/bin/cmake --install /home/dev-pc/dev_ws/build/sllidar_ros2
[0.341s] Level 1:colcon.colcon_core.environment:checking '/home/dev-pc/dev_ws/install/sllidar_ros2' for CMake module files
[0.341s] Level 1:colcon.colcon_core.environment:checking '/home/dev-pc/dev_ws/install/sllidar_ros2' for CMake config files
[0.342s] Level 1:colcon.colcon_core.shell:create_environment_hook('sllidar_ros2', 'cmake_prefix_path')
[0.342s] INFO:colcon.colcon_core.shell:Creating environment hook '/home/dev-pc/dev_ws/install/sllidar_ros2/share/sllidar_ros2/hook/cmake_prefix_path.ps1'
[0.342s] INFO:colcon.colcon_core.shell:Creating environment descriptor '/home/dev-pc/dev_ws/install/sllidar_ros2/share/sllidar_ros2/hook/cmake_prefix_path.dsv'
[0.343s] INFO:colcon.colcon_core.shell:Creating environment hook '/home/dev-pc/dev_ws/install/sllidar_ros2/share/sllidar_ros2/hook/cmake_prefix_path.sh'
[0.344s] Level 1:colcon.colcon_core.environment:checking '/home/dev-pc/dev_ws/install/sllidar_ros2/lib'
[0.344s] Level 1:colcon.colcon_core.environment:checking '/home/dev-pc/dev_ws/install/sllidar_ros2/bin'
[0.344s] Level 1:colcon.colcon_core.environment:checking '/home/dev-pc/dev_ws/install/sllidar_ros2/lib/pkgconfig/sllidar_ros2.pc'
[0.344s] Level 1:colcon.colcon_core.environment:checking '/home/dev-pc/dev_ws/install/sllidar_ros2/lib/python3.10/site-packages'
[0.344s] Level 1:colcon.colcon_core.environment:checking '/home/dev-pc/dev_ws/install/sllidar_ros2/bin'
[0.344s] INFO:colcon.colcon_core.shell:Creating package script '/home/dev-pc/dev_ws/install/sllidar_ros2/share/sllidar_ros2/package.ps1'
[0.345s] INFO:colcon.colcon_core.shell:Creating package descriptor '/home/dev-pc/dev_ws/install/sllidar_ros2/share/sllidar_ros2/package.dsv'
[0.345s] INFO:colcon.colcon_core.shell:Creating package script '/home/dev-pc/dev_ws/install/sllidar_ros2/share/sllidar_ros2/package.sh'
[0.346s] INFO:colcon.colcon_core.shell:Creating package script '/home/dev-pc/dev_ws/install/sllidar_ros2/share/sllidar_ros2/package.bash'
[0.347s] INFO:colcon.colcon_core.shell:Creating package script '/home/dev-pc/dev_ws/install/sllidar_ros2/share/sllidar_ros2/package.zsh'
[0.347s] Level 1:colcon.colcon_core.environment:create_file_with_runtime_dependencies(/home/dev-pc/dev_ws/install/sllidar_ros2/share/colcon-core/packages/sllidar_ros2)
[0.393s] Level 1:colcon.colcon_core.environment:create_environment_scripts_only(sllidar_ros2)
[0.393s] Level 1:colcon.colcon_core.environment:checking '/home/dev-pc/dev_ws/install/sllidar_ros2' for CMake module files
[0.394s] Level 1:colcon.colcon_core.environment:checking '/home/dev-pc/dev_ws/install/sllidar_ros2' for CMake config files
[0.394s] Level 1:colcon.colcon_core.shell:create_environment_hook('sllidar_ros2', 'cmake_prefix_path')
[0.394s] INFO:colcon.colcon_core.shell:Creating environment hook '/home/dev-pc/dev_ws/install/sllidar_ros2/share/sllidar_ros2/hook/cmake_prefix_path.ps1'
[0.394s] INFO:colcon.colcon_core.shell:Creating environment descriptor '/home/dev-pc/dev_ws/install/sllidar_ros2/share/sllidar_ros2/hook/cmake_prefix_path.dsv'
[0.395s] INFO:colcon.colcon_core.shell:Creating environment hook '/home/dev-pc/dev_ws/install/sllidar_ros2/share/sllidar_ros2/hook/cmake_prefix_path.sh'
[0.395s] Level 1:colcon.colcon_core.environment:checking '/home/dev-pc/dev_ws/install/sllidar_ros2/lib'
[0.395s] Level 1:colcon.colcon_core.environment:checking '/home/dev-pc/dev_ws/install/sllidar_ros2/bin'
[0.395s] Level 1:colcon.colcon_core.environment:checking '/home/dev-pc/dev_ws/install/sllidar_ros2/lib/pkgconfig/sllidar_ros2.pc'
[0.395s] Level 1:colcon.colcon_core.environment:checking '/home/dev-pc/dev_ws/install/sllidar_ros2/lib/python3.10/site-packages'
[0.396s] Level 1:colcon.colcon_core.environment:checking '/home/dev-pc/dev_ws/install/sllidar_ros2/bin'
[0.396s] INFO:colcon.colcon_core.shell:Creating package script '/home/dev-pc/dev_ws/install/sllidar_ros2/share/sllidar_ros2/package.ps1'
[0.396s] INFO:colcon.colcon_core.shell:Creating package descriptor '/home/dev-pc/dev_ws/install/sllidar_ros2/share/sllidar_ros2/package.dsv'
[0.396s] INFO:colcon.colcon_core.shell:Creating package script '/home/dev-pc/dev_ws/install/sllidar_ros2/share/sllidar_ros2/package.sh'
[0.397s] INFO:colcon.colcon_core.shell:Creating package script '/home/dev-pc/dev_ws/install/sllidar_ros2/share/sllidar_ros2/package.bash'
[0.397s] INFO:colcon.colcon_core.shell:Creating package script '/home/dev-pc/dev_ws/install/sllidar_ros2/share/sllidar_ros2/package.zsh'
[0.397s] Level 1:colcon.colcon_core.environment:create_file_with_runtime_dependencies(/home/dev-pc/dev_ws/install/sllidar_ros2/share/colcon-core/packages/sllidar_ros2)
[0.425s] DEBUG:colcon.colcon_core.event_handler.log_command:Invoked command in '/home/dev-pc/dev_ws/build/robot_pkg' returned '0': CMAKE_PREFIX_PATH=${CMAKE_PREFIX_PATH}:/opt/ros/humble /usr/bin/cmake --build /home/dev-pc/dev_ws/build/robot_pkg -- -j8 -l8
[0.440s] DEBUG:colcon.colcon_core.event_handler.log_command:Invoking command in '/home/dev-pc/dev_ws/build/robot_pkg': CMAKE_PREFIX_PATH=${CMAKE_PREFIX_PATH}:/opt/ros/humble /usr/bin/cmake --install /home/dev-pc/dev_ws/build/robot_pkg
[0.456s] Level 1:colcon.colcon_core.environment:create_environment_scripts_only(robot_pkg)
[0.456s] Level 1:colcon.colcon_core.environment:checking '/home/dev-pc/dev_ws/install/robot_pkg' for CMake module files
[0.457s] DEBUG:colcon.colcon_core.event_handler.log_command:Invoked command in '/home/dev-pc/dev_ws/build/robot_pkg' returned '0': CMAKE_PREFIX_PATH=${CMAKE_PREFIX_PATH}:/opt/ros/humble /usr/bin/cmake --install /home/dev-pc/dev_ws/build/robot_pkg
[0.457s] Level 1:colcon.colcon_core.environment:checking '/home/dev-pc/dev_ws/install/robot_pkg' for CMake config files
[0.457s] Level 1:colcon.colcon_core.shell:create_environment_hook('robot_pkg', 'cmake_prefix_path')
[0.457s] INFO:colcon.colcon_core.shell:Creating environment hook '/home/dev-pc/dev_ws/install/robot_pkg/share/robot_pkg/hook/cmake_prefix_path.ps1'
[0.458s] INFO:colcon.colcon_core.shell:Creating environment descriptor '/home/dev-pc/dev_ws/install/robot_pkg/share/robot_pkg/hook/cmake_prefix_path.dsv'
[0.458s] INFO:colcon.colcon_core.shell:Creating environment hook '/home/dev-pc/dev_ws/install/robot_pkg/share/robot_pkg/hook/cmake_prefix_path.sh'
[0.458s] Level 1:colcon.colcon_core.environment:checking '/home/dev-pc/dev_ws/install/robot_pkg/bin'
[0.458s] Level 1:colcon.colcon_core.environment:checking '/home/dev-pc/dev_ws/install/robot_pkg/lib/pkgconfig/robot_pkg.pc'
[0.458s] Level 1:colcon.colcon_core.environment:checking '/home/dev-pc/dev_ws/install/robot_pkg/lib/python3.10/site-packages'
[0.459s] Level 1:colcon.colcon_core.environment:checking '/home/dev-pc/dev_ws/install/robot_pkg/bin'
[0.459s] INFO:colcon.colcon_core.shell:Creating package script '/home/dev-pc/dev_ws/install/robot_pkg/share/robot_pkg/package.ps1'
[0.459s] INFO:colcon.colcon_core.shell:Creating package descriptor '/home/dev-pc/dev_ws/install/robot_pkg/share/robot_pkg/package.dsv'
[0.459s] INFO:colcon.colcon_core.shell:Creating package script '/home/dev-pc/dev_ws/install/robot_pkg/share/robot_pkg/package.sh'
[0.460s] INFO:colcon.colcon_core.shell:Creating package script '/home/dev-pc/dev_ws/install/robot_pkg/share/robot_pkg/package.bash'
[0.460s] INFO:colcon.colcon_core.shell:Creating package script '/home/dev-pc/dev_ws/install/robot_pkg/share/robot_pkg/package.zsh'
[0.460s] Level 1:colcon.colcon_core.environment:create_file_with_runtime_dependencies(/home/dev-pc/dev_ws/install/robot_pkg/share/colcon-core/packages/robot_pkg)
[0.475s] Level 1:colcon.colcon_core.environment:create_environment_scripts_only(robot_pkg)
[0.475s] Level 1:colcon.colcon_core.environment:checking '/home/dev-pc/dev_ws/install/robot_pkg' for CMake module files
[0.475s] Level 1:colcon.colcon_core.environment:checking '/home/dev-pc/dev_ws/install/robot_pkg' for CMake config files
[0.476s] Level 1:colcon.colcon_core.shell:create_environment_hook('robot_pkg', 'cmake_prefix_path')
[0.476s] INFO:colcon.colcon_core.shell:Creating environment hook '/home/dev-pc/dev_ws/install/robot_pkg/share/robot_pkg/hook/cmake_prefix_path.ps1'
[0.476s] INFO:colcon.colcon_core.shell:Creating environment descriptor '/home/dev-pc/dev_ws/install/robot_pkg/share/robot_pkg/hook/cmake_prefix_path.dsv'
[0.476s] INFO:colcon.colcon_core.shell:Creating environment hook '/home/dev-pc/dev_ws/install/robot_pkg/share/robot_pkg/hook/cmake_prefix_path.sh'
[0.477s] Level 1:colcon.colcon_core.environment:checking '/home/dev-pc/dev_ws/install/robot_pkg/bin'
[0.477s] Level 1:colcon.colcon_core.environment:checking '/home/dev-pc/dev_ws/install/robot_pkg/lib/pkgconfig/robot_pkg.pc'
[0.477s] Level 1:colcon.colcon_core.environment:checking '/home/dev-pc/dev_ws/install/robot_pkg/lib/python3.10/site-packages'
[0.477s] Level 1:colcon.colcon_core.environment:checking '/home/dev-pc/dev_ws/install/robot_pkg/bin'
[0.478s] INFO:colcon.colcon_core.shell:Creating package script '/home/dev-pc/dev_ws/install/robot_pkg/share/robot_pkg/package.ps1'
[0.478s] INFO:colcon.colcon_core.shell:Creating package descriptor '/home/dev-pc/dev_ws/install/robot_pkg/share/robot_pkg/package.dsv'
[0.478s] INFO:colcon.colcon_core.shell:Creating package script '/home/dev-pc/dev_ws/install/robot_pkg/share/robot_pkg/package.sh'
[0.479s] INFO:colcon.colcon_core.shell:Creating package script '/home/dev-pc/dev_ws/install/robot_pkg/share/robot_pkg/package.bash'
[0.479s] INFO:colcon.colcon_core.shell:Creating package script '/home/dev-pc/dev_ws/install/robot_pkg/share/robot_pkg/package.zsh'
[0.479s] Level 1:colcon.colcon_core.environment:create_file_with_runtime_dependencies(/home/dev-pc/dev_ws/install/robot_pkg/share/colcon-core/packages/robot_pkg)
[0.480s] DEBUG:colcon.colcon_parallel_executor.executor.parallel:closing loop
[0.480s] DEBUG:colcon.colcon_parallel_executor.executor.parallel:loop closed
[0.480s] DEBUG:colcon.colcon_parallel_executor.executor.parallel:run_until_complete finished with '0'
[0.480s] DEBUG:colcon.colcon_core.event_reactor:joining thread
[0.484s] INFO:colcon.colcon_core.plugin_system:Skipping extension 'colcon_notification.desktop_notification.terminal_notifier': Not used on non-Darwin systems
[0.484s] INFO:colcon.colcon_core.plugin_system:Skipping extension 'colcon_notification.desktop_notification.win32': Not used on non-Windows systems
[0.484s] INFO:colcon.colcon_notification.desktop_notification:Sending desktop notification using 'notify2'
[0.494s] DEBUG:colcon.colcon_core.event_reactor:joined thread
[0.494s] INFO:colcon.colcon_core.shell:Creating prefix script '/home/dev-pc/dev_ws/install/local_setup.ps1'
[0.495s] INFO:colcon.colcon_core.shell:Creating prefix util module '/home/dev-pc/dev_ws/install/_local_setup_util_ps1.py'
[0.496s] INFO:colcon.colcon_core.shell:Creating prefix chain script '/home/dev-pc/dev_ws/install/setup.ps1'
[0.497s] INFO:colcon.colcon_core.shell:Creating prefix script '/home/dev-pc/dev_ws/install/local_setup.sh'
[0.498s] INFO:colcon.colcon_core.shell:Creating prefix util module '/home/dev-pc/dev_ws/install/_local_setup_util_sh.py'
[0.498s] INFO:colcon.colcon_core.shell:Creating prefix chain script '/home/dev-pc/dev_ws/install/setup.sh'
[0.499s] INFO:colcon.colcon_core.shell:Creating prefix script '/home/dev-pc/dev_ws/install/local_setup.bash'
[0.499s] INFO:colcon.colcon_core.shell:Creating prefix chain script '/home/dev-pc/dev_ws/install/setup.bash'
[0.500s] INFO:colcon.colcon_core.shell:Creating prefix script '/home/dev-pc/dev_ws/install/local_setup.zsh'
[0.501s] INFO:colcon.colcon_core.shell:Creating prefix chain script '/home/dev-pc/dev_ws/install/setup.zsh'
