running develop
running egg_info
creating robot_pkg.egg-info
writing robot_pkg.egg-info/PKG-INFO
writing dependency_links to robot_pkg.egg-info/dependency_links.txt
writing entry points to robot_pkg.egg-info/entry_points.txt
writing requirements to robot_pkg.egg-info/requires.txt
writing top-level names to robot_pkg.egg-info/top_level.txt
writing manifest file 'robot_pkg.egg-info/SOURCES.txt'
reading manifest file 'robot_pkg.egg-info/SOURCES.txt'
writing manifest file 'robot_pkg.egg-info/SOURCES.txt'
running build_ext
Creating /home/dev-pc/tesis/dev_ws/install/robot_pkg/lib/python3.10/site-packages/robot-pkg.egg-link (link to .)

Installed /home/dev-pc/tesis/dev_ws/build/robot_pkg
running symlink_data
creating /home/dev-pc/tesis/dev_ws/install/robot_pkg/share/ament_index
creating /home/dev-pc/tesis/dev_ws/install/robot_pkg/share/ament_index/resource_index
creating /home/dev-pc/tesis/dev_ws/install/robot_pkg/share/ament_index/resource_index/packages
symbolically linking /home/dev-pc/tesis/dev_ws/build/robot_pkg/resource/robot_pkg -> /home/dev-pc/tesis/dev_ws/install/robot_pkg/share/ament_index/resource_index/packages
symbolically linking /home/dev-pc/tesis/dev_ws/build/robot_pkg/package.xml -> /home/dev-pc/tesis/dev_ws/install/robot_pkg/share/robot_pkg
creating /home/dev-pc/tesis/dev_ws/install/robot_pkg/share/robot_pkg/urdf
symbolically linking /home/dev-pc/tesis/dev_ws/build/robot_pkg/urdf/TTR01.urdf.xacro -> /home/dev-pc/tesis/dev_ws/install/robot_pkg/share/robot_pkg/urdf
symbolically linking /home/dev-pc/tesis/dev_ws/build/robot_pkg/urdf/gazebo_setup.xacro -> /home/dev-pc/tesis/dev_ws/install/robot_pkg/share/robot_pkg/urdf
creating /home/dev-pc/tesis/dev_ws/install/robot_pkg/share/robot_pkg/launch
symbolically linking /home/dev-pc/tesis/dev_ws/build/robot_pkg/launch/gazebo.launch.py -> /home/dev-pc/tesis/dev_ws/install/robot_pkg/share/robot_pkg/launch
symbolically linking /home/dev-pc/tesis/dev_ws/build/robot_pkg/launch/display.launch.py -> /home/dev-pc/tesis/dev_ws/install/robot_pkg/share/robot_pkg/launch
creating /home/dev-pc/tesis/dev_ws/install/robot_pkg/share/robot_pkg/meshes
symbolically linking /home/dev-pc/tesis/dev_ws/build/robot_pkg/meshes/Support_A_link.STL -> /home/dev-pc/tesis/dev_ws/install/robot_pkg/share/robot_pkg/meshes
symbolically linking /home/dev-pc/tesis/dev_ws/build/robot_pkg/meshes/M_base_link.STL -> /home/dev-pc/tesis/dev_ws/install/robot_pkg/share/robot_pkg/meshes
symbolically linking /home/dev-pc/tesis/dev_ws/build/robot_pkg/meshes/U_base_wheel_1_link.STL -> /home/dev-pc/tesis/dev_ws/install/robot_pkg/share/robot_pkg/meshes
symbolically linking /home/dev-pc/tesis/dev_ws/build/robot_pkg/meshes/Support_B_link.STL -> /home/dev-pc/tesis/dev_ws/install/robot_pkg/share/robot_pkg/meshes
symbolically linking /home/dev-pc/tesis/dev_ws/build/robot_pkg/meshes/L_wheel_link.STL -> /home/dev-pc/tesis/dev_ws/install/robot_pkg/share/robot_pkg/meshes
symbolically linking /home/dev-pc/tesis/dev_ws/build/robot_pkg/meshes/T_base_link.STL -> /home/dev-pc/tesis/dev_ws/install/robot_pkg/share/robot_pkg/meshes
symbolically linking /home/dev-pc/tesis/dev_ws/build/robot_pkg/meshes/U_wheel_2_link.STL -> /home/dev-pc/tesis/dev_ws/install/robot_pkg/share/robot_pkg/meshes
symbolically linking /home/dev-pc/tesis/dev_ws/build/robot_pkg/meshes/U_wheel_1_link.STL -> /home/dev-pc/tesis/dev_ws/install/robot_pkg/share/robot_pkg/meshes
symbolically linking /home/dev-pc/tesis/dev_ws/build/robot_pkg/meshes/U_base_wheel_2_link.STL -> /home/dev-pc/tesis/dev_ws/install/robot_pkg/share/robot_pkg/meshes
symbolically linking /home/dev-pc/tesis/dev_ws/build/robot_pkg/meshes/R_wheel_link.STL -> /home/dev-pc/tesis/dev_ws/install/robot_pkg/share/robot_pkg/meshes
symbolically linking /home/dev-pc/tesis/dev_ws/build/robot_pkg/meshes/base_link.STL -> /home/dev-pc/tesis/dev_ws/install/robot_pkg/share/robot_pkg/meshes
