[0.401s] Invoking command in '/home/dev-pc/tesis/dev_ws/build/robot_pkg': PYTHONPATH=/home/dev-pc/tesis/dev_ws/build/robot_pkg/prefix_override:/home/dev-pc/tesis/dev_ws/install/robot_pkg/lib/python3.10/site-packages:${PYTHONPATH} /usr/bin/python3 -W ignore:setup.py install is deprecated setup.py develop --editable --build-directory /home/dev-pc/tesis/dev_ws/build/robot_pkg/build --no-deps symlink_data
[0.570s] running develop
[0.570s] /usr/lib/python3/dist-packages/setuptools/command/easy_install.py:158: EasyInstallDeprecationWarning: easy_install command is deprecated. Use build and pip and other standards-based tools.
[0.570s]   warnings.warn(
[0.664s] running egg_info
[0.664s] creating robot_pkg.egg-info
[0.664s] writing robot_pkg.egg-info/PKG-INFO
[0.664s] writing dependency_links to robot_pkg.egg-info/dependency_links.txt
[0.664s] writing entry points to robot_pkg.egg-info/entry_points.txt
[0.664s] writing requirements to robot_pkg.egg-info/requires.txt
[0.665s] writing top-level names to robot_pkg.egg-info/top_level.txt
[0.665s] writing manifest file 'robot_pkg.egg-info/SOURCES.txt'
[0.667s] reading manifest file 'robot_pkg.egg-info/SOURCES.txt'
[0.667s] writing manifest file 'robot_pkg.egg-info/SOURCES.txt'
[0.668s] running build_ext
[0.668s] Creating /home/dev-pc/tesis/dev_ws/install/robot_pkg/lib/python3.10/site-packages/robot-pkg.egg-link (link to .)
[0.669s] 
[0.669s] Installed /home/dev-pc/tesis/dev_ws/build/robot_pkg
[0.669s] running symlink_data
[0.669s] creating /home/dev-pc/tesis/dev_ws/install/robot_pkg/share/ament_index
[0.669s] creating /home/dev-pc/tesis/dev_ws/install/robot_pkg/share/ament_index/resource_index
[0.669s] creating /home/dev-pc/tesis/dev_ws/install/robot_pkg/share/ament_index/resource_index/packages
[0.669s] symbolically linking /home/dev-pc/tesis/dev_ws/build/robot_pkg/resource/robot_pkg -> /home/dev-pc/tesis/dev_ws/install/robot_pkg/share/ament_index/resource_index/packages
[0.669s] symbolically linking /home/dev-pc/tesis/dev_ws/build/robot_pkg/package.xml -> /home/dev-pc/tesis/dev_ws/install/robot_pkg/share/robot_pkg
[0.669s] creating /home/dev-pc/tesis/dev_ws/install/robot_pkg/share/robot_pkg/urdf
[0.669s] symbolically linking /home/dev-pc/tesis/dev_ws/build/robot_pkg/urdf/TTR01.urdf.xacro -> /home/dev-pc/tesis/dev_ws/install/robot_pkg/share/robot_pkg/urdf
[0.669s] symbolically linking /home/dev-pc/tesis/dev_ws/build/robot_pkg/urdf/gazebo_setup.xacro -> /home/dev-pc/tesis/dev_ws/install/robot_pkg/share/robot_pkg/urdf
[0.669s] creating /home/dev-pc/tesis/dev_ws/install/robot_pkg/share/robot_pkg/launch
[0.669s] symbolically linking /home/dev-pc/tesis/dev_ws/build/robot_pkg/launch/gazebo.launch.py -> /home/dev-pc/tesis/dev_ws/install/robot_pkg/share/robot_pkg/launch
[0.669s] symbolically linking /home/dev-pc/tesis/dev_ws/build/robot_pkg/launch/display.launch.py -> /home/dev-pc/tesis/dev_ws/install/robot_pkg/share/robot_pkg/launch
[0.669s] creating /home/dev-pc/tesis/dev_ws/install/robot_pkg/share/robot_pkg/meshes
[0.669s] symbolically linking /home/dev-pc/tesis/dev_ws/build/robot_pkg/meshes/Support_A_link.STL -> /home/dev-pc/tesis/dev_ws/install/robot_pkg/share/robot_pkg/meshes
[0.669s] symbolically linking /home/dev-pc/tesis/dev_ws/build/robot_pkg/meshes/M_base_link.STL -> /home/dev-pc/tesis/dev_ws/install/robot_pkg/share/robot_pkg/meshes
[0.670s] symbolically linking /home/dev-pc/tesis/dev_ws/build/robot_pkg/meshes/U_base_wheel_1_link.STL -> /home/dev-pc/tesis/dev_ws/install/robot_pkg/share/robot_pkg/meshes
[0.670s] symbolically linking /home/dev-pc/tesis/dev_ws/build/robot_pkg/meshes/Support_B_link.STL -> /home/dev-pc/tesis/dev_ws/install/robot_pkg/share/robot_pkg/meshes
[0.670s] symbolically linking /home/dev-pc/tesis/dev_ws/build/robot_pkg/meshes/L_wheel_link.STL -> /home/dev-pc/tesis/dev_ws/install/robot_pkg/share/robot_pkg/meshes
[0.670s] symbolically linking /home/dev-pc/tesis/dev_ws/build/robot_pkg/meshes/T_base_link.STL -> /home/dev-pc/tesis/dev_ws/install/robot_pkg/share/robot_pkg/meshes
[0.670s] symbolically linking /home/dev-pc/tesis/dev_ws/build/robot_pkg/meshes/U_wheel_2_link.STL -> /home/dev-pc/tesis/dev_ws/install/robot_pkg/share/robot_pkg/meshes
[0.670s] symbolically linking /home/dev-pc/tesis/dev_ws/build/robot_pkg/meshes/U_wheel_1_link.STL -> /home/dev-pc/tesis/dev_ws/install/robot_pkg/share/robot_pkg/meshes
[0.670s] symbolically linking /home/dev-pc/tesis/dev_ws/build/robot_pkg/meshes/U_base_wheel_2_link.STL -> /home/dev-pc/tesis/dev_ws/install/robot_pkg/share/robot_pkg/meshes
[0.670s] symbolically linking /home/dev-pc/tesis/dev_ws/build/robot_pkg/meshes/R_wheel_link.STL -> /home/dev-pc/tesis/dev_ws/install/robot_pkg/share/robot_pkg/meshes
[0.670s] symbolically linking /home/dev-pc/tesis/dev_ws/build/robot_pkg/meshes/base_link.STL -> /home/dev-pc/tesis/dev_ws/install/robot_pkg/share/robot_pkg/meshes
[0.692s] Invoked command in '/home/dev-pc/tesis/dev_ws/build/robot_pkg' returned '0': PYTHONPATH=/home/dev-pc/tesis/dev_ws/build/robot_pkg/prefix_override:/home/dev-pc/tesis/dev_ws/install/robot_pkg/lib/python3.10/site-packages:${PYTHONPATH} /usr/bin/python3 -W ignore:setup.py install is deprecated setup.py develop --editable --build-directory /home/dev-pc/tesis/dev_ws/build/robot_pkg/build --no-deps symlink_data
