[0.731s] DEBUG:colcon:Command line arguments: ['/usr/bin/colcon', 'build', '--symlink-install']
[0.731s] DEBUG:colcon:Parsed command line arguments: Namespace(log_base=None, log_level=None, verb_name='build', build_base='build', install_base='install', merge_install=False, symlink_install=True, test_result_base=None, continue_on_error=False, executor='parallel', parallel_workers=4, event_handlers=None, ignore_user_meta=False, metas=['./colcon.meta'], base_paths=['.'], packages_ignore=None, packages_ignore_regex=None, paths=None, packages_up_to=None, packages_up_to_regex=None, packages_above=None, packages_above_and_dependencies=None, packages_above_depth=None, packages_select_by_dep=None, packages_skip_by_dep=None, packages_skip_up_to=None, packages_select_build_failed=False, packages_skip_build_finished=False, packages_select_test_failures=False, packages_skip_test_passed=False, packages_select=None, packages_skip=None, packages_select_regex=None, packages_skip_regex=None, packages_start=None, packages_end=None, allow_overriding=[], cmake_args=None, cmake_target=None, cmake_target_skip_unavailable=False, cmake_clean_cache=False, cmake_clean_first=False, cmake_force_configure=False, ament_cmake_args=None, catkin_cmake_args=None, catkin_skip_building_tests=False, verb_parser=<colcon_defaults.argument_parser.defaults.DefaultArgumentsDecorator object at 0x78f8221f3970>, verb_extension=<colcon_core.verb.build.BuildVerb object at 0x78f822140490>, main=<bound method BuildVerb.main of <colcon_core.verb.build.BuildVerb object at 0x78f822140490>>)
[1.586s] Level 1:colcon.colcon_core.package_discovery:discover_packages(colcon_meta) check parameters
[1.586s] Level 1:colcon.colcon_core.package_discovery:discover_packages(recursive) check parameters
[1.587s] Level 1:colcon.colcon_core.package_discovery:discover_packages(ignore) check parameters
[1.587s] Level 1:colcon.colcon_core.package_discovery:discover_packages(path) check parameters
[1.587s] Level 1:colcon.colcon_core.package_discovery:discover_packages(colcon_meta) discover
[1.587s] Level 1:colcon.colcon_core.package_discovery:discover_packages(recursive) discover
[1.587s] INFO:colcon.colcon_core.package_discovery:Crawling recursively for packages in '/home/ttrxx/ttrxx_ws'
[1.587s] Level 1:colcon.colcon_core.package_identification:_identify(.) by extensions ['ignore', 'ignore_ament_install']
[1.588s] Level 1:colcon.colcon_core.package_identification:_identify(.) by extension 'ignore'
[1.588s] Level 1:colcon.colcon_core.package_identification:_identify(.) by extension 'ignore_ament_install'
[1.588s] Level 1:colcon.colcon_core.package_identification:_identify(.) by extensions ['colcon_pkg']
[1.588s] Level 1:colcon.colcon_core.package_identification:_identify(.) by extension 'colcon_pkg'
[1.589s] Level 1:colcon.colcon_core.package_identification:_identify(.) by extensions ['colcon_meta']
[1.589s] Level 1:colcon.colcon_core.package_identification:_identify(.) by extension 'colcon_meta'
[1.589s] Level 1:colcon.colcon_core.package_identification:_identify(.) by extensions ['ros']
[1.589s] Level 1:colcon.colcon_core.package_identification:_identify(.) by extension 'ros'
[1.663s] Level 1:colcon.colcon_core.package_identification:_identify(.) by extensions ['cmake', 'python']
[1.663s] Level 1:colcon.colcon_core.package_identification:_identify(.) by extension 'cmake'
[1.663s] Level 1:colcon.colcon_core.package_identification:_identify(.) by extension 'python'
[1.663s] Level 1:colcon.colcon_core.package_identification:_identify(.) by extensions ['python_setup_py']
[1.664s] Level 1:colcon.colcon_core.package_identification:_identify(.) by extension 'python_setup_py'
[1.665s] Level 1:colcon.colcon_core.package_identification:_identify(build) by extensions ['ignore', 'ignore_ament_install']
[1.665s] Level 1:colcon.colcon_core.package_identification:_identify(build) by extension 'ignore'
[1.665s] Level 1:colcon.colcon_core.package_identification:_identify(build) ignored
[1.666s] Level 1:colcon.colcon_core.package_identification:_identify(install) by extensions ['ignore', 'ignore_ament_install']
[1.667s] Level 1:colcon.colcon_core.package_identification:_identify(install) by extension 'ignore'
[1.667s] Level 1:colcon.colcon_core.package_identification:_identify(install) ignored
[1.668s] Level 1:colcon.colcon_core.package_identification:_identify(log) by extensions ['ignore', 'ignore_ament_install']
[1.668s] Level 1:colcon.colcon_core.package_identification:_identify(log) by extension 'ignore'
[1.668s] Level 1:colcon.colcon_core.package_identification:_identify(log) ignored
[1.669s] Level 1:colcon.colcon_core.package_identification:_identify(src) by extensions ['ignore', 'ignore_ament_install']
[1.670s] Level 1:colcon.colcon_core.package_identification:_identify(src) by extension 'ignore'
[1.670s] Level 1:colcon.colcon_core.package_identification:_identify(src) by extension 'ignore_ament_install'
[1.670s] Level 1:colcon.colcon_core.package_identification:_identify(src) by extensions ['colcon_pkg']
[1.670s] Level 1:colcon.colcon_core.package_identification:_identify(src) by extension 'colcon_pkg'
[1.670s] Level 1:colcon.colcon_core.package_identification:_identify(src) by extensions ['colcon_meta']
[1.671s] Level 1:colcon.colcon_core.package_identification:_identify(src) by extension 'colcon_meta'
[1.671s] Level 1:colcon.colcon_core.package_identification:_identify(src) by extensions ['ros']
[1.671s] Level 1:colcon.colcon_core.package_identification:_identify(src) by extension 'ros'
[1.671s] Level 1:colcon.colcon_core.package_identification:_identify(src) by extensions ['cmake', 'python']
[1.671s] Level 1:colcon.colcon_core.package_identification:_identify(src) by extension 'cmake'
[1.671s] Level 1:colcon.colcon_core.package_identification:_identify(src) by extension 'python'
[1.672s] Level 1:colcon.colcon_core.package_identification:_identify(src) by extensions ['python_setup_py']
[1.672s] Level 1:colcon.colcon_core.package_identification:_identify(src) by extension 'python_setup_py'
[1.673s] Level 1:colcon.colcon_core.package_identification:_identify(src/test_pkg) by extensions ['ignore', 'ignore_ament_install']
[1.673s] Level 1:colcon.colcon_core.package_identification:_identify(src/test_pkg) by extension 'ignore'
[1.673s] Level 1:colcon.colcon_core.package_identification:_identify(src/test_pkg) by extension 'ignore_ament_install'
[1.673s] Level 1:colcon.colcon_core.package_identification:_identify(src/test_pkg) by extensions ['colcon_pkg']
[1.673s] Level 1:colcon.colcon_core.package_identification:_identify(src/test_pkg) by extension 'colcon_pkg'
[1.673s] Level 1:colcon.colcon_core.package_identification:_identify(src/test_pkg) by extensions ['colcon_meta']
[1.674s] Level 1:colcon.colcon_core.package_identification:_identify(src/test_pkg) by extension 'colcon_meta'
[1.674s] Level 1:colcon.colcon_core.package_identification:_identify(src/test_pkg) by extensions ['ros']
[1.674s] Level 1:colcon.colcon_core.package_identification:_identify(src/test_pkg) by extension 'ros'
[1.686s] DEBUG:colcon.colcon_core.package_identification:Package 'src/test_pkg' with type 'ros.ament_cmake' and name 'ttrxx_pkg'
[1.686s] Level 1:colcon.colcon_core.package_discovery:discover_packages(recursive) using defaults
[1.686s] Level 1:colcon.colcon_core.package_discovery:discover_packages(ignore) discover
[1.686s] Level 1:colcon.colcon_core.package_discovery:discover_packages(ignore) using defaults
[1.686s] Level 1:colcon.colcon_core.package_discovery:discover_packages(path) discover
[1.686s] Level 1:colcon.colcon_core.package_discovery:discover_packages(path) using defaults
[1.766s] Level 1:colcon.colcon_core.package_discovery:discover_packages(prefix_path) check parameters
[1.766s] Level 1:colcon.colcon_core.package_discovery:discover_packages(prefix_path) discover
[1.779s] DEBUG:colcon.colcon_installed_package_information.package_discovery:Found 273 installed packages in /opt/ros/humble
[1.782s] Level 1:colcon.colcon_core.package_discovery:discover_packages(prefix_path) using defaults
[2.000s] Level 5:colcon.colcon_core.verb:set package 'ttrxx_pkg' build argument 'cmake_args' from command line to 'None'
[2.001s] Level 5:colcon.colcon_core.verb:set package 'ttrxx_pkg' build argument 'cmake_target' from command line to 'None'
[2.001s] Level 5:colcon.colcon_core.verb:set package 'ttrxx_pkg' build argument 'cmake_target_skip_unavailable' from command line to 'False'
[2.001s] Level 5:colcon.colcon_core.verb:set package 'ttrxx_pkg' build argument 'cmake_clean_cache' from command line to 'False'
[2.001s] Level 5:colcon.colcon_core.verb:set package 'ttrxx_pkg' build argument 'cmake_clean_first' from command line to 'False'
[2.001s] Level 5:colcon.colcon_core.verb:set package 'ttrxx_pkg' build argument 'cmake_force_configure' from command line to 'False'
[2.001s] Level 5:colcon.colcon_core.verb:set package 'ttrxx_pkg' build argument 'ament_cmake_args' from command line to 'None'
[2.001s] Level 5:colcon.colcon_core.verb:set package 'ttrxx_pkg' build argument 'catkin_cmake_args' from command line to 'None'
[2.001s] Level 5:colcon.colcon_core.verb:set package 'ttrxx_pkg' build argument 'catkin_skip_building_tests' from command line to 'False'
[2.001s] DEBUG:colcon.colcon_core.verb:Building package 'ttrxx_pkg' with the following arguments: {'ament_cmake_args': None, 'build_base': '/home/ttrxx/ttrxx_ws/build/ttrxx_pkg', 'catkin_cmake_args': None, 'catkin_skip_building_tests': False, 'cmake_args': None, 'cmake_clean_cache': False, 'cmake_clean_first': False, 'cmake_force_configure': False, 'cmake_target': None, 'cmake_target_skip_unavailable': False, 'install_base': '/home/ttrxx/ttrxx_ws/install/ttrxx_pkg', 'merge_install': False, 'path': '/home/ttrxx/ttrxx_ws/src/test_pkg', 'symlink_install': True, 'test_result_base': None}
[2.002s] INFO:colcon.colcon_core.executor:Executing jobs using 'parallel' executor
[2.006s] DEBUG:colcon.colcon_parallel_executor.executor.parallel:run_until_complete
[2.007s] INFO:colcon.colcon_ros.task.ament_cmake.build:Building ROS package in '/home/ttrxx/ttrxx_ws/src/test_pkg' with build type 'ament_cmake'
[2.007s] INFO:colcon.colcon_cmake.task.cmake.build:Building CMake package in '/home/ttrxx/ttrxx_ws/src/test_pkg'
[2.024s] INFO:colcon.colcon_core.plugin_system:Skipping extension 'colcon_core.shell.bat': Not used on non-Windows systems
[2.024s] INFO:colcon.colcon_core.shell:Skip shell extension 'powershell' for command environment: Not usable outside of PowerShell
[2.024s] DEBUG:colcon.colcon_core.shell:Skip shell extension 'dsv' for command environment
[2.062s] DEBUG:colcon.colcon_core.event_handler.log_command:Invoking command in '/home/ttrxx/ttrxx_ws/build/ttrxx_pkg': CMAKE_PREFIX_PATH=/opt/ros/humble /usr/bin/cmake --build /home/ttrxx/ttrxx_ws/build/ttrxx_pkg -- -j4 -l4
[2.276s] DEBUG:colcon.colcon_core.event_handler.log_command:Invoked command in '/home/ttrxx/ttrxx_ws/build/ttrxx_pkg' returned '2': CMAKE_PREFIX_PATH=/opt/ros/humble /usr/bin/cmake --build /home/ttrxx/ttrxx_ws/build/ttrxx_pkg -- -j4 -l4
[2.363s] Level 1:colcon.colcon_core.environment:create_environment_scripts_only(ttrxx_pkg)
[2.383s] Level 1:colcon.colcon_core.environment:checking '/home/ttrxx/ttrxx_ws/install/ttrxx_pkg' for CMake module files
[2.389s] Level 1:colcon.colcon_core.environment:checking '/home/ttrxx/ttrxx_ws/install/ttrxx_pkg' for CMake config files
[2.391s] Level 1:colcon.colcon_core.shell:create_environment_hook('ttrxx_pkg', 'cmake_prefix_path')
[2.391s] INFO:colcon.colcon_core.shell:Creating environment hook '/home/ttrxx/ttrxx_ws/install/ttrxx_pkg/share/ttrxx_pkg/hook/cmake_prefix_path.ps1'
[2.394s] INFO:colcon.colcon_core.shell:Creating environment descriptor '/home/ttrxx/ttrxx_ws/install/ttrxx_pkg/share/ttrxx_pkg/hook/cmake_prefix_path.dsv'
[2.395s] INFO:colcon.colcon_core.shell:Creating environment hook '/home/ttrxx/ttrxx_ws/install/ttrxx_pkg/share/ttrxx_pkg/hook/cmake_prefix_path.sh'
[2.398s] Level 1:colcon.colcon_core.environment:checking '/home/ttrxx/ttrxx_ws/install/ttrxx_pkg/bin'
[2.398s] Level 1:colcon.colcon_core.environment:checking '/home/ttrxx/ttrxx_ws/install/ttrxx_pkg/lib/pkgconfig/ttrxx_pkg.pc'
[2.398s] Level 1:colcon.colcon_core.environment:checking '/home/ttrxx/ttrxx_ws/install/ttrxx_pkg/lib/python3.10/site-packages'
[2.399s] Level 1:colcon.colcon_core.environment:checking '/home/ttrxx/ttrxx_ws/install/ttrxx_pkg/bin'
[2.400s] INFO:colcon.colcon_core.shell:Creating package script '/home/ttrxx/ttrxx_ws/install/ttrxx_pkg/share/ttrxx_pkg/package.ps1'
[2.403s] INFO:colcon.colcon_core.shell:Creating package descriptor '/home/ttrxx/ttrxx_ws/install/ttrxx_pkg/share/ttrxx_pkg/package.dsv'
[2.405s] INFO:colcon.colcon_core.shell:Creating package script '/home/ttrxx/ttrxx_ws/install/ttrxx_pkg/share/ttrxx_pkg/package.sh'
[2.410s] INFO:colcon.colcon_core.shell:Creating package script '/home/ttrxx/ttrxx_ws/install/ttrxx_pkg/share/ttrxx_pkg/package.bash'
[2.414s] INFO:colcon.colcon_core.shell:Creating package script '/home/ttrxx/ttrxx_ws/install/ttrxx_pkg/share/ttrxx_pkg/package.zsh'
[2.417s] Level 1:colcon.colcon_core.environment:create_file_with_runtime_dependencies(/home/ttrxx/ttrxx_ws/install/ttrxx_pkg/share/colcon-core/packages/ttrxx_pkg)
[2.432s] DEBUG:colcon.colcon_parallel_executor.executor.parallel:closing loop
[2.432s] DEBUG:colcon.colcon_parallel_executor.executor.parallel:loop closed
[2.432s] DEBUG:colcon.colcon_parallel_executor.executor.parallel:run_until_complete finished with '2'
[2.432s] DEBUG:colcon.colcon_core.event_reactor:joining thread
[2.467s] INFO:colcon.colcon_core.plugin_system:Skipping extension 'colcon_notification.desktop_notification.terminal_notifier': Not used on non-Darwin systems
[2.468s] INFO:colcon.colcon_core.plugin_system:Skipping extension 'colcon_notification.desktop_notification.win32': Not used on non-Windows systems
[2.468s] INFO:colcon.colcon_notification.desktop_notification:Sending desktop notification using 'notify2'
[2.798s] DEBUG:colcon.colcon_core.event_reactor:joined thread
[2.799s] INFO:colcon.colcon_core.shell:Creating prefix script '/home/ttrxx/ttrxx_ws/install/local_setup.ps1'
[2.803s] INFO:colcon.colcon_core.shell:Creating prefix util module '/home/ttrxx/ttrxx_ws/install/_local_setup_util_ps1.py'
[2.808s] INFO:colcon.colcon_core.shell:Creating prefix chain script '/home/ttrxx/ttrxx_ws/install/setup.ps1'
[2.812s] INFO:colcon.colcon_core.shell:Creating prefix script '/home/ttrxx/ttrxx_ws/install/local_setup.sh'
[2.815s] INFO:colcon.colcon_core.shell:Creating prefix util module '/home/ttrxx/ttrxx_ws/install/_local_setup_util_sh.py'
[2.816s] INFO:colcon.colcon_core.shell:Creating prefix chain script '/home/ttrxx/ttrxx_ws/install/setup.sh'
[2.820s] INFO:colcon.colcon_core.shell:Creating prefix script '/home/ttrxx/ttrxx_ws/install/local_setup.bash'
[2.821s] INFO:colcon.colcon_core.shell:Creating prefix chain script '/home/ttrxx/ttrxx_ws/install/setup.bash'
[2.825s] INFO:colcon.colcon_core.shell:Creating prefix script '/home/ttrxx/ttrxx_ws/install/local_setup.zsh'
[2.828s] INFO:colcon.colcon_core.shell:Creating prefix chain script '/home/ttrxx/ttrxx_ws/install/setup.zsh'
