[0.098s] Invoking command in '/home/rodrigo/dev_ws/build/serial': CMAKE_PREFIX_PATH=${CMAKE_PREFIX_PATH}:/opt/ros/humble /usr/bin/cmake --build /home/rodrigo/dev_ws/build/serial -- -j4 -l4
[0.355s] [ 14%] Built target gtest
[0.366s] [ 42%] Built target serial
[0.382s] [ 57%] Built target gtest_main
[0.534s] [ 71%] Built target serial_example
[0.553s] [ 92%] Built target serial-test
[0.555s] [100%] Built target serial-test-timer
[0.622s] Invoked command in '/home/rodrigo/dev_ws/build/serial' returned '0': CMAKE_PREFIX_PATH=${CMAKE_PREFIX_PATH}:/opt/ros/humble /usr/bin/cmake --build /home/rodrigo/dev_ws/build/serial -- -j4 -l4
[0.855s] Invoking command in '/home/rodrigo/dev_ws/build/serial': CMAKE_PREFIX_PATH=${CMAKE_PREFIX_PATH}:/opt/ros/humble /usr/bin/cmake --install /home/rodrigo/dev_ws/build/serial
[0.886s] -- Install configuration: ""
[0.889s] -- Execute custom install script
[0.894s] -- Up-to-date symlink: /home/rodrigo/dev_ws/install/serial/lib/libserial.a
[0.900s] -- Up-to-date symlink: /home/rodrigo/dev_ws/install/serial/include/serial/serial.h
[0.908s] -- Up-to-date symlink: /home/rodrigo/dev_ws/install/serial/include/serial/v8stdint.h
[0.916s] -- Up-to-date symlink: /home/rodrigo/dev_ws/install/serial/share/serial/environment/library_path.sh
[0.916s] -- Up-to-date symlink: /home/rodrigo/dev_ws/install/serial/share/serial/environment/library_path.dsv
[0.917s] -- Up-to-date symlink: /home/rodrigo/dev_ws/install/serial/share/ament_index/resource_index/package_run_dependencies/serial
[0.917s] -- Up-to-date symlink: /home/rodrigo/dev_ws/install/serial/share/ament_index/resource_index/parent_prefix_path/serial
[0.918s] -- Up-to-date symlink: /home/rodrigo/dev_ws/install/serial/share/serial/environment/ament_prefix_path.sh
[0.918s] -- Up-to-date symlink: /home/rodrigo/dev_ws/install/serial/share/serial/environment/ament_prefix_path.dsv
[0.919s] -- Up-to-date symlink: /home/rodrigo/dev_ws/install/serial/share/serial/environment/path.sh
[0.919s] -- Up-to-date symlink: /home/rodrigo/dev_ws/install/serial/share/serial/environment/path.dsv
[0.920s] -- Up-to-date symlink: /home/rodrigo/dev_ws/install/serial/share/serial/local_setup.bash
[0.920s] -- Up-to-date symlink: /home/rodrigo/dev_ws/install/serial/share/serial/local_setup.sh
[0.921s] -- Up-to-date symlink: /home/rodrigo/dev_ws/install/serial/share/serial/local_setup.zsh
[0.922s] -- Up-to-date symlink: /home/rodrigo/dev_ws/install/serial/share/serial/local_setup.dsv
[0.922s] -- Symlinking: /home/rodrigo/dev_ws/install/serial/share/serial/package.dsv
[0.953s] -- Up-to-date symlink: /home/rodrigo/dev_ws/install/serial/share/ament_index/resource_index/packages/serial
[0.959s] -- Up-to-date symlink: /home/rodrigo/dev_ws/install/serial/share/serial/cmake/ament_cmake_export_include_directories-extras.cmake
[0.960s] -- Up-to-date symlink: /home/rodrigo/dev_ws/install/serial/share/serial/cmake/ament_cmake_export_libraries-extras.cmake
[0.961s] -- Up-to-date symlink: /home/rodrigo/dev_ws/install/serial/share/serial/cmake/serialConfig.cmake
[0.961s] -- Up-to-date symlink: /home/rodrigo/dev_ws/install/serial/share/serial/cmake/serialConfig-version.cmake
[0.962s] -- Up-to-date symlink: /home/rodrigo/dev_ws/install/serial/share/serial/package.xml
[0.971s] Invoked command in '/home/rodrigo/dev_ws/build/serial' returned '0': CMAKE_PREFIX_PATH=${CMAKE_PREFIX_PATH}:/opt/ros/humble /usr/bin/cmake --install /home/rodrigo/dev_ws/build/serial
