[0.039s] Invoking command in '/home/ttrxx/dev_ws/build/ttrxx_pkg': CMAKE_PREFIX_PATH=/opt/ros/humble /usr/bin/cmake /home/ttrxx/dev_ws/src/ttrxx_pkg -DAMENT_CMAKE_SYMLINK_INSTALL=1 -DCMAKE_INSTALL_PREFIX=/home/ttrxx/dev_ws/install/ttrxx_pkg
[0.420s] -- The C compiler identification is GNU 11.4.0
[0.655s] -- The CXX compiler identification is GNU 11.4.0
[0.692s] -- Detecting C compiler ABI info
[0.945s] -- Detecting C compiler ABI info - done
[0.965s] -- Check for working C compiler: /usr/bin/cc - skipped
[0.975s] -- Detecting C compile features
[0.977s] -- Detecting C compile features - done
[0.988s] -- Detecting CXX compiler ABI info
[1.209s] -- Detecting CXX compiler ABI info - done
[1.228s] -- Check for working CXX compiler: /usr/bin/c++ - skipped
[1.229s] -- Detecting CXX compile features
[1.231s] -- Detecting CXX compile features - done
[1.262s] -- Found ament_cmake: 1.3.8 (/opt/ros/humble/share/ament_cmake/cmake)
[1.681s] -- Found Python3: /usr/bin/python3 (found version "3.10.12") found components: Interpreter 
[1.863s] -- Override CMake install command with custom implementation using symlinks instead of copying resources
[1.976s] -- Found ament_lint_auto: 0.12.10 (/opt/ros/humble/share/ament_lint_auto/cmake)
[2.248s] -- Added test 'flake8' to check Python code syntax and style conventions
[2.250s] -- Added test 'lint_cmake' to check CMake code style
[2.252s] -- Added test 'pep257' to check Python code against some of the docstring style conventions in PEP 257
[2.257s] -- Added test 'xmllint' to check XML markup files
[2.267s] -- Configuring done
[2.274s] -- Generating done
[2.277s] -- Build files have been written to: /home/ttrxx/dev_ws/build/ttrxx_pkg
[2.291s] Invoked command in '/home/ttrxx/dev_ws/build/ttrxx_pkg' returned '0': CMAKE_PREFIX_PATH=/opt/ros/humble /usr/bin/cmake /home/ttrxx/dev_ws/src/ttrxx_pkg -DAMENT_CMAKE_SYMLINK_INSTALL=1 -DCMAKE_INSTALL_PREFIX=/home/ttrxx/dev_ws/install/ttrxx_pkg
[2.296s] Invoking command in '/home/ttrxx/dev_ws/build/ttrxx_pkg': CMAKE_PREFIX_PATH=/opt/ros/humble /usr/bin/cmake --build /home/ttrxx/dev_ws/build/ttrxx_pkg -- -j4 -l4
[2.392s] Invoked command in '/home/ttrxx/dev_ws/build/ttrxx_pkg' returned '0': CMAKE_PREFIX_PATH=/opt/ros/humble /usr/bin/cmake --build /home/ttrxx/dev_ws/build/ttrxx_pkg -- -j4 -l4
[2.481s] Invoking command in '/home/ttrxx/dev_ws/build/ttrxx_pkg': CMAKE_PREFIX_PATH=/opt/ros/humble /usr/bin/cmake --install /home/ttrxx/dev_ws/build/ttrxx_pkg
[2.499s] -- Install configuration: ""
[2.502s] -- Execute custom install script
[2.503s] -- Symlinking: /home/ttrxx/dev_ws/install/ttrxx_pkg/share/ttrxx_pkg/launch/listener.launch.py
[2.524s] -- Symlinking: /home/ttrxx/dev_ws/install/ttrxx_pkg/share/ttrxx_pkg/launch/talker.launch.py
[2.546s] -- Symlinking: /home/ttrxx/dev_ws/install/ttrxx_pkg/share/ament_index/resource_index/package_run_dependencies/ttrxx_pkg
[2.573s] -- Symlinking: /home/ttrxx/dev_ws/install/ttrxx_pkg/share/ament_index/resource_index/parent_prefix_path/ttrxx_pkg
[2.597s] -- Symlinking: /home/ttrxx/dev_ws/install/ttrxx_pkg/share/ttrxx_pkg/environment/ament_prefix_path.sh
[2.619s] -- Symlinking: /home/ttrxx/dev_ws/install/ttrxx_pkg/share/ttrxx_pkg/environment/ament_prefix_path.dsv
[2.640s] -- Symlinking: /home/ttrxx/dev_ws/install/ttrxx_pkg/share/ttrxx_pkg/environment/path.sh
[2.667s] -- Symlinking: /home/ttrxx/dev_ws/install/ttrxx_pkg/share/ttrxx_pkg/environment/path.dsv
[2.688s] -- Symlinking: /home/ttrxx/dev_ws/install/ttrxx_pkg/share/ttrxx_pkg/local_setup.bash
[2.711s] -- Symlinking: /home/ttrxx/dev_ws/install/ttrxx_pkg/share/ttrxx_pkg/local_setup.sh
[2.730s] -- Symlinking: /home/ttrxx/dev_ws/install/ttrxx_pkg/share/ttrxx_pkg/local_setup.zsh
[2.751s] -- Symlinking: /home/ttrxx/dev_ws/install/ttrxx_pkg/share/ttrxx_pkg/local_setup.dsv
[2.775s] -- Symlinking: /home/ttrxx/dev_ws/install/ttrxx_pkg/share/ttrxx_pkg/package.dsv
[2.797s] -- Symlinking: /home/ttrxx/dev_ws/install/ttrxx_pkg/share/ament_index/resource_index/packages/ttrxx_pkg
[2.819s] -- Symlinking: /home/ttrxx/dev_ws/install/ttrxx_pkg/share/ttrxx_pkg/cmake/ttrxx_pkgConfig.cmake
[2.839s] -- Symlinking: /home/ttrxx/dev_ws/install/ttrxx_pkg/share/ttrxx_pkg/cmake/ttrxx_pkgConfig-version.cmake
[2.862s] -- Symlinking: /home/ttrxx/dev_ws/install/ttrxx_pkg/share/ttrxx_pkg/package.xml
[2.887s] Invoked command in '/home/ttrxx/dev_ws/build/ttrxx_pkg' returned '0': CMAKE_PREFIX_PATH=/opt/ros/humble /usr/bin/cmake --install /home/ttrxx/dev_ws/build/ttrxx_pkg
