[0.375s] Invoking command in '/home/dev-pc/tesis/dev_ws/src/robot_pkg': PYTHONPATH=/home/dev-pc/tesis/dev_ws/build/robot_pkg/prefix_override:/home/dev-pc/tesis/dev_ws/install/robot_pkg/lib/python3.10/site-packages:${PYTHONPATH} /usr/bin/python3 -W ignore:setup.py install is deprecated setup.py egg_info --egg-base ../../build/robot_pkg build --build-base /home/dev-pc/tesis/dev_ws/build/robot_pkg/build install --record /home/dev-pc/tesis/dev_ws/build/robot_pkg/install.log --single-version-externally-managed install_data
[0.533s] running egg_info
[0.533s] writing ../../build/robot_pkg/robot_pkg.egg-info/PKG-INFO
[0.533s] writing dependency_links to ../../build/robot_pkg/robot_pkg.egg-info/dependency_links.txt
[0.534s] writing entry points to ../../build/robot_pkg/robot_pkg.egg-info/entry_points.txt
[0.534s] writing requirements to ../../build/robot_pkg/robot_pkg.egg-info/requires.txt
[0.534s] writing top-level names to ../../build/robot_pkg/robot_pkg.egg-info/top_level.txt
[0.535s] reading manifest file '../../build/robot_pkg/robot_pkg.egg-info/SOURCES.txt'
[0.535s] adding license file 'LICENSE'
[0.536s] writing manifest file '../../build/robot_pkg/robot_pkg.egg-info/SOURCES.txt'
[0.536s] running build
[0.536s] running build_py
[0.536s] running install
[0.537s] running install_lib
[0.538s] running install_data
[0.538s] copying urdf/TTR01.urdf.xacro -> /home/dev-pc/tesis/dev_ws/install/robot_pkg/share/robot_pkg/urdf
[0.538s] running install_egg_info
[0.540s] removing '/home/dev-pc/tesis/dev_ws/install/robot_pkg/lib/python3.10/site-packages/robot_pkg-0.0.0-py3.10.egg-info' (and everything under it)
[0.540s] Copying ../../build/robot_pkg/robot_pkg.egg-info to /home/dev-pc/tesis/dev_ws/install/robot_pkg/lib/python3.10/site-packages/robot_pkg-0.0.0-py3.10.egg-info
[0.540s] running install_scripts
[0.555s] writing list of installed files to '/home/dev-pc/tesis/dev_ws/build/robot_pkg/install.log'
[0.573s] Invoked command in '/home/dev-pc/tesis/dev_ws/src/robot_pkg' returned '0': PYTHONPATH=/home/dev-pc/tesis/dev_ws/build/robot_pkg/prefix_override:/home/dev-pc/tesis/dev_ws/install/robot_pkg/lib/python3.10/site-packages:${PYTHONPATH} /usr/bin/python3 -W ignore:setup.py install is deprecated setup.py egg_info --egg-base ../../build/robot_pkg build --build-base /home/dev-pc/tesis/dev_ws/build/robot_pkg/build install --record /home/dev-pc/tesis/dev_ws/build/robot_pkg/install.log --single-version-externally-managed install_data
