[1.587s] Invoking command in '/home/dev/dev_ws/src/robot_pkg': PYTHONPATH=/home/dev/dev_ws/build/robot_pkg/prefix_override:/home/dev/dev_ws/install/robot_pkg/lib/python3.10/site-packages:${PYTHONPATH} /usr/bin/python3 -W ignore:setup.py install is deprecated setup.py egg_info --egg-base ../../build/robot_pkg build --build-base /home/dev/dev_ws/build/robot_pkg/build install --record /home/dev/dev_ws/build/robot_pkg/install.log --single-version-externally-managed install_data
[2.188s] running egg_info
[2.192s] writing ../../build/robot_pkg/robot_pkg.egg-info/PKG-INFO
[2.193s] writing dependency_links to ../../build/robot_pkg/robot_pkg.egg-info/dependency_links.txt
[2.195s] writing entry points to ../../build/robot_pkg/robot_pkg.egg-info/entry_points.txt
[2.197s] writing requirements to ../../build/robot_pkg/robot_pkg.egg-info/requires.txt
[2.198s] writing top-level names to ../../build/robot_pkg/robot_pkg.egg-info/top_level.txt
[2.204s] reading manifest file '../../build/robot_pkg/robot_pkg.egg-info/SOURCES.txt'
[2.206s] adding license file 'LICENSE'
[2.208s] writing manifest file '../../build/robot_pkg/robot_pkg.egg-info/SOURCES.txt'
[2.210s] running build
[2.210s] running build_py
[2.212s] running install
[2.214s] running install_lib
[2.217s] running install_data
[2.219s] copying urdf/gazebo_setup.xacro -> /home/dev/dev_ws/install/robot_pkg/share/robot_pkg/urdf
[2.222s] copying urdf/TTR01.urdf.xacro -> /home/dev/dev_ws/install/robot_pkg/share/robot_pkg/urdf
[2.224s] running install_egg_info
[2.229s] removing '/home/dev/dev_ws/install/robot_pkg/lib/python3.10/site-packages/robot_pkg-0.0.0-py3.10.egg-info' (and everything under it)
[2.236s] Copying ../../build/robot_pkg/robot_pkg.egg-info to /home/dev/dev_ws/install/robot_pkg/lib/python3.10/site-packages/robot_pkg-0.0.0-py3.10.egg-info
[2.240s] running install_scripts
[2.298s] writing list of installed files to '/home/dev/dev_ws/build/robot_pkg/install.log'
[2.356s] Invoked command in '/home/dev/dev_ws/src/robot_pkg' returned '0': PYTHONPATH=/home/dev/dev_ws/build/robot_pkg/prefix_override:/home/dev/dev_ws/install/robot_pkg/lib/python3.10/site-packages:${PYTHONPATH} /usr/bin/python3 -W ignore:setup.py install is deprecated setup.py egg_info --egg-base ../../build/robot_pkg build --build-base /home/dev/dev_ws/build/robot_pkg/build install --record /home/dev/dev_ws/build/robot_pkg/install.log --single-version-externally-managed install_data
