[0.460s] Invoking command in '/home/ttrxx/TTRXX_WS/build/robot_pkg': PYTHONPATH=/home/ttrxx/TTRXX_WS/build/robot_pkg/prefix_override:/home/ttrxx/TTRXX_WS/install/robot_pkg/lib/python3.10/site-packages:${PYTHONPATH} /usr/bin/python3 -W ignore:setup.py install is deprecated setup.py develop --editable --build-directory /home/ttrxx/TTRXX_WS/build/robot_pkg/build --no-deps symlink_data --force
[0.670s] running develop
[0.670s] /usr/lib/python3/dist-packages/setuptools/command/easy_install.py:158: EasyInstallDeprecationWarning: easy_install command is deprecated. Use build and pip and other standards-based tools.
[0.670s]   warnings.warn(
[0.773s] running egg_info
[0.773s] writing robot_pkg.egg-info/PKG-INFO
[0.774s] writing dependency_links to robot_pkg.egg-info/dependency_links.txt
[0.774s] writing entry points to robot_pkg.egg-info/entry_points.txt
[0.774s] writing requirements to robot_pkg.egg-info/requires.txt
[0.775s] writing top-level names to robot_pkg.egg-info/top_level.txt
[0.776s] reading manifest file 'robot_pkg.egg-info/SOURCES.txt'
[0.777s] writing manifest file 'robot_pkg.egg-info/SOURCES.txt'
[0.778s] running build_ext
[0.778s] Creating /home/ttrxx/TTRXX_WS/install/robot_pkg/lib/python3.10/site-packages/robot-pkg.egg-link (link to .)
[0.780s] 
[0.780s] Installed /home/ttrxx/TTRXX_WS/build/robot_pkg
[0.780s] running symlink_data
[0.780s] symbolically linking /home/ttrxx/TTRXX_WS/build/robot_pkg/resource/robot_pkg -> /home/ttrxx/TTRXX_WS/install/robot_pkg/share/ament_index/resource_index/packages
[0.780s] symbolically linking /home/ttrxx/TTRXX_WS/build/robot_pkg/package.xml -> /home/ttrxx/TTRXX_WS/install/robot_pkg/share/robot_pkg
[0.780s] symbolically linking /home/ttrxx/TTRXX_WS/build/robot_pkg/urdf/gazebo_setup.xacro -> /home/ttrxx/TTRXX_WS/install/robot_pkg/share/robot_pkg/urdf
[0.780s] symbolically linking /home/ttrxx/TTRXX_WS/build/robot_pkg/urdf/TTR01.urdf.xacro -> /home/ttrxx/TTRXX_WS/install/robot_pkg/share/robot_pkg/urdf
[0.780s] symbolically linking /home/ttrxx/TTRXX_WS/build/robot_pkg/launch/display.launch.py -> /home/ttrxx/TTRXX_WS/install/robot_pkg/share/robot_pkg/launch
[0.780s] symbolically linking /home/ttrxx/TTRXX_WS/build/robot_pkg/launch/gazebo.launch.py -> /home/ttrxx/TTRXX_WS/install/robot_pkg/share/robot_pkg/launch
[0.780s] symbolically linking /home/ttrxx/TTRXX_WS/build/robot_pkg/meshes/U_wheel_2_link.STL -> /home/ttrxx/TTRXX_WS/install/robot_pkg/share/robot_pkg/meshes
[0.780s] symbolically linking /home/ttrxx/TTRXX_WS/build/robot_pkg/meshes/U_wheel_1_link.STL -> /home/ttrxx/TTRXX_WS/install/robot_pkg/share/robot_pkg/meshes
[0.780s] symbolically linking /home/ttrxx/TTRXX_WS/build/robot_pkg/meshes/U_base_wheel_2_link.STL -> /home/ttrxx/TTRXX_WS/install/robot_pkg/share/robot_pkg/meshes
[0.783s] symbolically linking /home/ttrxx/TTRXX_WS/build/robot_pkg/meshes/Support_B_link.STL -> /home/ttrxx/TTRXX_WS/install/robot_pkg/share/robot_pkg/meshes
[0.783s] symbolically linking /home/ttrxx/TTRXX_WS/build/robot_pkg/meshes/Support_A_link.STL -> /home/ttrxx/TTRXX_WS/install/robot_pkg/share/robot_pkg/meshes
[0.783s] symbolically linking /home/ttrxx/TTRXX_WS/build/robot_pkg/meshes/base_link.STL -> /home/ttrxx/TTRXX_WS/install/robot_pkg/share/robot_pkg/meshes
[0.783s] symbolically linking /home/ttrxx/TTRXX_WS/build/robot_pkg/meshes/L_wheel_link.STL -> /home/ttrxx/TTRXX_WS/install/robot_pkg/share/robot_pkg/meshes
[0.783s] symbolically linking /home/ttrxx/TTRXX_WS/build/robot_pkg/meshes/M_base_link.STL -> /home/ttrxx/TTRXX_WS/install/robot_pkg/share/robot_pkg/meshes
[0.784s] symbolically linking /home/ttrxx/TTRXX_WS/build/robot_pkg/meshes/T_base_link.STL -> /home/ttrxx/TTRXX_WS/install/robot_pkg/share/robot_pkg/meshes
[0.784s] symbolically linking /home/ttrxx/TTRXX_WS/build/robot_pkg/meshes/U_base_wheel_1_link.STL -> /home/ttrxx/TTRXX_WS/install/robot_pkg/share/robot_pkg/meshes
[0.784s] symbolically linking /home/ttrxx/TTRXX_WS/build/robot_pkg/meshes/R_wheel_link.STL -> /home/ttrxx/TTRXX_WS/install/robot_pkg/share/robot_pkg/meshes
[0.810s] Invoked command in '/home/ttrxx/TTRXX_WS/build/robot_pkg' returned '0': PYTHONPATH=/home/ttrxx/TTRXX_WS/build/robot_pkg/prefix_override:/home/ttrxx/TTRXX_WS/install/robot_pkg/lib/python3.10/site-packages:${PYTHONPATH} /usr/bin/python3 -W ignore:setup.py install is deprecated setup.py develop --editable --build-directory /home/ttrxx/TTRXX_WS/build/robot_pkg/build --no-deps symlink_data --force
