[0.973s] DEBUG:colcon:Command line arguments: ['/usr/bin/colcon', 'build', '--symlink-install']
[0.974s] DEBUG:colcon:Parsed command line arguments: Namespace(log_base=None, log_level=None, verb_name='build', build_base='build', install_base='install', merge_install=False, symlink_install=True, test_result_base=None, continue_on_error=False, executor='parallel', parallel_workers=4, event_handlers=None, ignore_user_meta=False, metas=['./colcon.meta'], base_paths=['.'], packages_ignore=None, packages_ignore_regex=None, paths=None, packages_up_to=None, packages_up_to_regex=None, packages_above=None, packages_above_and_dependencies=None, packages_above_depth=None, packages_select_by_dep=None, packages_skip_by_dep=None, packages_skip_up_to=None, packages_select_build_failed=False, packages_skip_build_finished=False, packages_select_test_failures=False, packages_skip_test_passed=False, packages_select=None, packages_skip=None, packages_select_regex=None, packages_skip_regex=None, packages_start=None, packages_end=None, allow_overriding=[], cmake_args=None, cmake_target=None, cmake_target_skip_unavailable=False, cmake_clean_cache=False, cmake_clean_first=False, cmake_force_configure=False, meson_args=[], ament_cmake_args=None, catkin_cmake_args=None, catkin_skip_building_tests=False, verb_parser=<colcon_defaults.argument_parser.defaults.DefaultArgumentsDecorator object at 0xffffb7ec09d0>, verb_extension=<colcon_core.verb.build.BuildVerb object at 0xffffb7ff9600>, main=<bound method BuildVerb.main of <colcon_core.verb.build.BuildVerb object at 0xffffb7ff9600>>)
[1.800s] Level 1:colcon.colcon_core.package_discovery:discover_packages(colcon_meta) check parameters
[1.800s] Level 1:colcon.colcon_core.package_discovery:discover_packages(recursive) check parameters
[1.801s] Level 1:colcon.colcon_core.package_discovery:discover_packages(ignore) check parameters
[1.801s] Level 1:colcon.colcon_core.package_discovery:discover_packages(path) check parameters
[1.801s] Level 1:colcon.colcon_core.package_discovery:discover_packages(colcon_meta) discover
[1.802s] Level 1:colcon.colcon_core.package_discovery:discover_packages(recursive) discover
[1.802s] INFO:colcon.colcon_core.package_discovery:Crawling recursively for packages in '/home/rodrigo/dev_ws'
[1.802s] Level 1:colcon.colcon_core.package_identification:_identify(.) by extensions ['ignore', 'ignore_ament_install']
[1.804s] Level 1:colcon.colcon_core.package_identification:_identify(.) by extension 'ignore'
[1.804s] Level 1:colcon.colcon_core.package_identification:_identify(.) by extension 'ignore_ament_install'
[1.804s] Level 1:colcon.colcon_core.package_identification:_identify(.) by extensions ['colcon_pkg']
[1.805s] Level 1:colcon.colcon_core.package_identification:_identify(.) by extension 'colcon_pkg'
[1.805s] Level 1:colcon.colcon_core.package_identification:_identify(.) by extensions ['colcon_meta']
[1.805s] Level 1:colcon.colcon_core.package_identification:_identify(.) by extension 'colcon_meta'
[1.805s] Level 1:colcon.colcon_core.package_identification:_identify(.) by extensions ['ros']
[1.806s] Level 1:colcon.colcon_core.package_identification:_identify(.) by extension 'ros'
[1.850s] Level 1:colcon.colcon_core.package_identification:_identify(.) by extensions ['cmake', 'meson', 'python']
[1.850s] Level 1:colcon.colcon_core.package_identification:_identify(.) by extension 'cmake'
[1.850s] Level 1:colcon.colcon_core.package_identification:_identify(.) by extension 'meson'
[1.851s] Level 1:colcon.colcon_core.package_identification:_identify(.) by extension 'python'
[1.851s] Level 1:colcon.colcon_core.package_identification:_identify(.) by extensions ['python_setup_py']
[1.851s] Level 1:colcon.colcon_core.package_identification:_identify(.) by extension 'python_setup_py'
[1.852s] Level 1:colcon.colcon_core.package_identification:_identify(build) by extensions ['ignore', 'ignore_ament_install']
[1.852s] Level 1:colcon.colcon_core.package_identification:_identify(build) by extension 'ignore'
[1.852s] Level 1:colcon.colcon_core.package_identification:_identify(build) ignored
[1.853s] Level 1:colcon.colcon_core.package_identification:_identify(install) by extensions ['ignore', 'ignore_ament_install']
[1.854s] Level 1:colcon.colcon_core.package_identification:_identify(install) by extension 'ignore'
[1.854s] Level 1:colcon.colcon_core.package_identification:_identify(install) ignored
[1.855s] Level 1:colcon.colcon_core.package_identification:_identify(log) by extensions ['ignore', 'ignore_ament_install']
[1.855s] Level 1:colcon.colcon_core.package_identification:_identify(log) by extension 'ignore'
[1.855s] Level 1:colcon.colcon_core.package_identification:_identify(log) ignored
[1.856s] Level 1:colcon.colcon_core.package_identification:_identify(src) by extensions ['ignore', 'ignore_ament_install']
[1.856s] Level 1:colcon.colcon_core.package_identification:_identify(src) by extension 'ignore'
[1.857s] Level 1:colcon.colcon_core.package_identification:_identify(src) by extension 'ignore_ament_install'
[1.857s] Level 1:colcon.colcon_core.package_identification:_identify(src) by extensions ['colcon_pkg']
[1.857s] Level 1:colcon.colcon_core.package_identification:_identify(src) by extension 'colcon_pkg'
[1.857s] Level 1:colcon.colcon_core.package_identification:_identify(src) by extensions ['colcon_meta']
[1.857s] Level 1:colcon.colcon_core.package_identification:_identify(src) by extension 'colcon_meta'
[1.858s] Level 1:colcon.colcon_core.package_identification:_identify(src) by extensions ['ros']
[1.858s] Level 1:colcon.colcon_core.package_identification:_identify(src) by extension 'ros'
[1.858s] Level 1:colcon.colcon_core.package_identification:_identify(src) by extensions ['cmake', 'meson', 'python']
[1.859s] Level 1:colcon.colcon_core.package_identification:_identify(src) by extension 'cmake'
[1.859s] Level 1:colcon.colcon_core.package_identification:_identify(src) by extension 'meson'
[1.859s] Level 1:colcon.colcon_core.package_identification:_identify(src) by extension 'python'
[1.859s] Level 1:colcon.colcon_core.package_identification:_identify(src) by extensions ['python_setup_py']
[1.859s] Level 1:colcon.colcon_core.package_identification:_identify(src) by extension 'python_setup_py'
[1.860s] Level 1:colcon.colcon_core.package_identification:_identify(src/diffdrive_arduino) by extensions ['ignore', 'ignore_ament_install']
[1.860s] Level 1:colcon.colcon_core.package_identification:_identify(src/diffdrive_arduino) by extension 'ignore'
[1.861s] Level 1:colcon.colcon_core.package_identification:_identify(src/diffdrive_arduino) by extension 'ignore_ament_install'
[1.861s] Level 1:colcon.colcon_core.package_identification:_identify(src/diffdrive_arduino) by extensions ['colcon_pkg']
[1.861s] Level 1:colcon.colcon_core.package_identification:_identify(src/diffdrive_arduino) by extension 'colcon_pkg'
[1.861s] Level 1:colcon.colcon_core.package_identification:_identify(src/diffdrive_arduino) by extensions ['colcon_meta']
[1.861s] Level 1:colcon.colcon_core.package_identification:_identify(src/diffdrive_arduino) by extension 'colcon_meta'
[1.862s] Level 1:colcon.colcon_core.package_identification:_identify(src/diffdrive_arduino) by extensions ['ros']
[1.862s] Level 1:colcon.colcon_core.package_identification:_identify(src/diffdrive_arduino) by extension 'ros'
[1.872s] DEBUG:colcon.colcon_core.package_identification:Package 'src/diffdrive_arduino' with type 'ros.ament_cmake' and name 'diffdrive_arduino'
[1.873s] Level 1:colcon.colcon_core.package_identification:_identify(src/robot_pkg) by extensions ['ignore', 'ignore_ament_install']
[1.874s] Level 1:colcon.colcon_core.package_identification:_identify(src/robot_pkg) by extension 'ignore'
[1.874s] Level 1:colcon.colcon_core.package_identification:_identify(src/robot_pkg) by extension 'ignore_ament_install'
[1.874s] Level 1:colcon.colcon_core.package_identification:_identify(src/robot_pkg) by extensions ['colcon_pkg']
[1.874s] Level 1:colcon.colcon_core.package_identification:_identify(src/robot_pkg) by extension 'colcon_pkg'
[1.874s] Level 1:colcon.colcon_core.package_identification:_identify(src/robot_pkg) by extensions ['colcon_meta']
[1.874s] Level 1:colcon.colcon_core.package_identification:_identify(src/robot_pkg) by extension 'colcon_meta'
[1.875s] Level 1:colcon.colcon_core.package_identification:_identify(src/robot_pkg) by extensions ['ros']
[1.875s] Level 1:colcon.colcon_core.package_identification:_identify(src/robot_pkg) by extension 'ros'
[1.877s] DEBUG:colcon.colcon_core.package_identification:Package 'src/robot_pkg' with type 'ros.ament_cmake' and name 'robot_pkg'
[1.878s] Level 1:colcon.colcon_core.package_identification:_identify(src/serial) by extensions ['ignore', 'ignore_ament_install']
[1.879s] Level 1:colcon.colcon_core.package_identification:_identify(src/serial) by extension 'ignore'
[1.879s] Level 1:colcon.colcon_core.package_identification:_identify(src/serial) by extension 'ignore_ament_install'
[1.880s] Level 1:colcon.colcon_core.package_identification:_identify(src/serial) by extensions ['colcon_pkg']
[1.880s] Level 1:colcon.colcon_core.package_identification:_identify(src/serial) by extension 'colcon_pkg'
[1.880s] Level 1:colcon.colcon_core.package_identification:_identify(src/serial) by extensions ['colcon_meta']
[1.880s] Level 1:colcon.colcon_core.package_identification:_identify(src/serial) by extension 'colcon_meta'
[1.880s] Level 1:colcon.colcon_core.package_identification:_identify(src/serial) by extensions ['ros']
[1.880s] Level 1:colcon.colcon_core.package_identification:_identify(src/serial) by extension 'ros'
[1.883s] DEBUG:colcon.colcon_core.package_identification:Package 'src/serial' with type 'ros.ament_cmake' and name 'serial'
[1.883s] Level 1:colcon.colcon_core.package_identification:_identify(src/sllidar_ros2) by extensions ['ignore', 'ignore_ament_install']
[1.884s] Level 1:colcon.colcon_core.package_identification:_identify(src/sllidar_ros2) by extension 'ignore'
[1.884s] Level 1:colcon.colcon_core.package_identification:_identify(src/sllidar_ros2) by extension 'ignore_ament_install'
[1.884s] Level 1:colcon.colcon_core.package_identification:_identify(src/sllidar_ros2) by extensions ['colcon_pkg']
[1.885s] Level 1:colcon.colcon_core.package_identification:_identify(src/sllidar_ros2) by extension 'colcon_pkg'
[1.885s] Level 1:colcon.colcon_core.package_identification:_identify(src/sllidar_ros2) by extensions ['colcon_meta']
[1.885s] Level 1:colcon.colcon_core.package_identification:_identify(src/sllidar_ros2) by extension 'colcon_meta'
[1.885s] Level 1:colcon.colcon_core.package_identification:_identify(src/sllidar_ros2) by extensions ['ros']
[1.885s] Level 1:colcon.colcon_core.package_identification:_identify(src/sllidar_ros2) by extension 'ros'
[1.888s] DEBUG:colcon.colcon_core.package_identification:Package 'src/sllidar_ros2' with type 'ros.ament_cmake' and name 'sllidar_ros2'
[1.888s] Level 1:colcon.colcon_core.package_discovery:discover_packages(recursive) using defaults
[1.888s] Level 1:colcon.colcon_core.package_discovery:discover_packages(ignore) discover
[1.889s] Level 1:colcon.colcon_core.package_discovery:discover_packages(ignore) using defaults
[1.889s] Level 1:colcon.colcon_core.package_discovery:discover_packages(path) discover
[1.889s] Level 1:colcon.colcon_core.package_discovery:discover_packages(path) using defaults
[1.961s] Level 1:colcon.colcon_core.package_discovery:discover_packages(prefix_path) check parameters
[1.962s] Level 1:colcon.colcon_core.package_discovery:discover_packages(prefix_path) discover
[1.972s] DEBUG:colcon.colcon_installed_package_information.package_discovery:Found 4 installed packages in /home/rodrigo/dev_ws/install
[1.982s] DEBUG:colcon.colcon_installed_package_information.package_discovery:Found 329 installed packages in /opt/ros/humble
[1.990s] Level 1:colcon.colcon_core.package_discovery:discover_packages(prefix_path) using defaults
[2.257s] Level 5:colcon.colcon_core.verb:set package 'robot_pkg' build argument 'cmake_args' from command line to 'None'
[2.257s] Level 5:colcon.colcon_core.verb:set package 'robot_pkg' build argument 'cmake_target' from command line to 'None'
[2.257s] Level 5:colcon.colcon_core.verb:set package 'robot_pkg' build argument 'cmake_target_skip_unavailable' from command line to 'False'
[2.257s] Level 5:colcon.colcon_core.verb:set package 'robot_pkg' build argument 'cmake_clean_cache' from command line to 'False'
[2.258s] Level 5:colcon.colcon_core.verb:set package 'robot_pkg' build argument 'cmake_clean_first' from command line to 'False'
[2.258s] Level 5:colcon.colcon_core.verb:set package 'robot_pkg' build argument 'cmake_force_configure' from command line to 'False'
[2.258s] Level 5:colcon.colcon_core.verb:set package 'robot_pkg' build argument 'meson_args' from command line to '[]'
[2.258s] Level 5:colcon.colcon_core.verb:set package 'robot_pkg' build argument 'ament_cmake_args' from command line to 'None'
[2.258s] Level 5:colcon.colcon_core.verb:set package 'robot_pkg' build argument 'catkin_cmake_args' from command line to 'None'
[2.258s] Level 5:colcon.colcon_core.verb:set package 'robot_pkg' build argument 'catkin_skip_building_tests' from command line to 'False'
[2.258s] DEBUG:colcon.colcon_core.verb:Building package 'robot_pkg' with the following arguments: {'ament_cmake_args': None, 'build_base': '/home/rodrigo/dev_ws/build/robot_pkg', 'catkin_cmake_args': None, 'catkin_skip_building_tests': False, 'cmake_args': None, 'cmake_clean_cache': False, 'cmake_clean_first': False, 'cmake_force_configure': False, 'cmake_target': None, 'cmake_target_skip_unavailable': False, 'install_base': '/home/rodrigo/dev_ws/install/robot_pkg', 'merge_install': False, 'meson_args': [], 'path': '/home/rodrigo/dev_ws/src/robot_pkg', 'symlink_install': True, 'test_result_base': None}
[2.333s] Level 5:colcon.colcon_core.verb:set package 'serial' build argument 'cmake_args' from command line to 'None'
[2.333s] Level 5:colcon.colcon_core.verb:set package 'serial' build argument 'cmake_target' from command line to 'None'
[2.333s] Level 5:colcon.colcon_core.verb:set package 'serial' build argument 'cmake_target_skip_unavailable' from command line to 'False'
[2.333s] Level 5:colcon.colcon_core.verb:set package 'serial' build argument 'cmake_clean_cache' from command line to 'False'
[2.333s] Level 5:colcon.colcon_core.verb:set package 'serial' build argument 'cmake_clean_first' from command line to 'False'
[2.334s] Level 5:colcon.colcon_core.verb:set package 'serial' build argument 'cmake_force_configure' from command line to 'False'
[2.334s] Level 5:colcon.colcon_core.verb:set package 'serial' build argument 'meson_args' from command line to '[]'
[2.334s] Level 5:colcon.colcon_core.verb:set package 'serial' build argument 'ament_cmake_args' from command line to 'None'
[2.334s] Level 5:colcon.colcon_core.verb:set package 'serial' build argument 'catkin_cmake_args' from command line to 'None'
[2.334s] Level 5:colcon.colcon_core.verb:set package 'serial' build argument 'catkin_skip_building_tests' from command line to 'False'
[2.334s] DEBUG:colcon.colcon_core.verb:Building package 'serial' with the following arguments: {'ament_cmake_args': None, 'build_base': '/home/rodrigo/dev_ws/build/serial', 'catkin_cmake_args': None, 'catkin_skip_building_tests': False, 'cmake_args': None, 'cmake_clean_cache': False, 'cmake_clean_first': False, 'cmake_force_configure': False, 'cmake_target': None, 'cmake_target_skip_unavailable': False, 'install_base': '/home/rodrigo/dev_ws/install/serial', 'merge_install': False, 'meson_args': [], 'path': '/home/rodrigo/dev_ws/src/serial', 'symlink_install': True, 'test_result_base': None}
[2.415s] Level 5:colcon.colcon_core.verb:set package 'sllidar_ros2' build argument 'cmake_args' from command line to 'None'
[2.415s] Level 5:colcon.colcon_core.verb:set package 'sllidar_ros2' build argument 'cmake_target' from command line to 'None'
[2.415s] Level 5:colcon.colcon_core.verb:set package 'sllidar_ros2' build argument 'cmake_target_skip_unavailable' from command line to 'False'
[2.415s] Level 5:colcon.colcon_core.verb:set package 'sllidar_ros2' build argument 'cmake_clean_cache' from command line to 'False'
[2.415s] Level 5:colcon.colcon_core.verb:set package 'sllidar_ros2' build argument 'cmake_clean_first' from command line to 'False'
[2.416s] Level 5:colcon.colcon_core.verb:set package 'sllidar_ros2' build argument 'cmake_force_configure' from command line to 'False'
[2.416s] Level 5:colcon.colcon_core.verb:set package 'sllidar_ros2' build argument 'meson_args' from command line to '[]'
[2.416s] Level 5:colcon.colcon_core.verb:set package 'sllidar_ros2' build argument 'ament_cmake_args' from command line to 'None'
[2.416s] Level 5:colcon.colcon_core.verb:set package 'sllidar_ros2' build argument 'catkin_cmake_args' from command line to 'None'
[2.416s] Level 5:colcon.colcon_core.verb:set package 'sllidar_ros2' build argument 'catkin_skip_building_tests' from command line to 'False'
[2.416s] DEBUG:colcon.colcon_core.verb:Building package 'sllidar_ros2' with the following arguments: {'ament_cmake_args': None, 'build_base': '/home/rodrigo/dev_ws/build/sllidar_ros2', 'catkin_cmake_args': None, 'catkin_skip_building_tests': False, 'cmake_args': None, 'cmake_clean_cache': False, 'cmake_clean_first': False, 'cmake_force_configure': False, 'cmake_target': None, 'cmake_target_skip_unavailable': False, 'install_base': '/home/rodrigo/dev_ws/install/sllidar_ros2', 'merge_install': False, 'meson_args': [], 'path': '/home/rodrigo/dev_ws/src/sllidar_ros2', 'symlink_install': True, 'test_result_base': None}
[2.493s] Level 5:colcon.colcon_core.verb:set package 'diffdrive_arduino' build argument 'cmake_args' from command line to 'None'
[2.493s] Level 5:colcon.colcon_core.verb:set package 'diffdrive_arduino' build argument 'cmake_target' from command line to 'None'
[2.493s] Level 5:colcon.colcon_core.verb:set package 'diffdrive_arduino' build argument 'cmake_target_skip_unavailable' from command line to 'False'
[2.494s] Level 5:colcon.colcon_core.verb:set package 'diffdrive_arduino' build argument 'cmake_clean_cache' from command line to 'False'
[2.494s] Level 5:colcon.colcon_core.verb:set package 'diffdrive_arduino' build argument 'cmake_clean_first' from command line to 'False'
[2.494s] Level 5:colcon.colcon_core.verb:set package 'diffdrive_arduino' build argument 'cmake_force_configure' from command line to 'False'
[2.494s] Level 5:colcon.colcon_core.verb:set package 'diffdrive_arduino' build argument 'meson_args' from command line to '[]'
[2.494s] Level 5:colcon.colcon_core.verb:set package 'diffdrive_arduino' build argument 'ament_cmake_args' from command line to 'None'
[2.494s] Level 5:colcon.colcon_core.verb:set package 'diffdrive_arduino' build argument 'catkin_cmake_args' from command line to 'None'
[2.494s] Level 5:colcon.colcon_core.verb:set package 'diffdrive_arduino' build argument 'catkin_skip_building_tests' from command line to 'False'
[2.494s] DEBUG:colcon.colcon_core.verb:Building package 'diffdrive_arduino' with the following arguments: {'ament_cmake_args': None, 'build_base': '/home/rodrigo/dev_ws/build/diffdrive_arduino', 'catkin_cmake_args': None, 'catkin_skip_building_tests': False, 'cmake_args': None, 'cmake_clean_cache': False, 'cmake_clean_first': False, 'cmake_force_configure': False, 'cmake_target': None, 'cmake_target_skip_unavailable': False, 'install_base': '/home/rodrigo/dev_ws/install/diffdrive_arduino', 'merge_install': False, 'meson_args': [], 'path': '/home/rodrigo/dev_ws/src/diffdrive_arduino', 'symlink_install': True, 'test_result_base': None}
[2.495s] INFO:colcon.colcon_core.executor:Executing jobs using 'parallel' executor
[2.498s] DEBUG:colcon.colcon_parallel_executor.executor.parallel:run_until_complete
[2.499s] INFO:colcon.colcon_ros.task.ament_cmake.build:Building ROS package in '/home/rodrigo/dev_ws/src/serial' with build type 'ament_cmake'
[2.500s] INFO:colcon.colcon_cmake.task.cmake.build:Building CMake package in '/home/rodrigo/dev_ws/src/serial'
[2.509s] INFO:colcon.colcon_core.plugin_system:Skipping extension 'colcon_core.shell.bat': Not used on non-Windows systems
[2.510s] INFO:colcon.colcon_core.shell:Skip shell extension 'powershell' for command environment: Not usable outside of PowerShell
[2.510s] DEBUG:colcon.colcon_core.shell:Skip shell extension 'dsv' for command environment
[2.531s] INFO:colcon.colcon_ros.task.ament_cmake.build:Building ROS package in '/home/rodrigo/dev_ws/src/robot_pkg' with build type 'ament_cmake'
[2.531s] INFO:colcon.colcon_cmake.task.cmake.build:Building CMake package in '/home/rodrigo/dev_ws/src/robot_pkg'
[2.533s] INFO:colcon.colcon_core.shell:Skip shell extension 'powershell' for command environment: Not usable outside of PowerShell
[2.534s] DEBUG:colcon.colcon_core.shell:Skip shell extension 'dsv' for command environment
[2.554s] INFO:colcon.colcon_ros.task.ament_cmake.build:Building ROS package in '/home/rodrigo/dev_ws/src/sllidar_ros2' with build type 'ament_cmake'
[2.555s] INFO:colcon.colcon_cmake.task.cmake.build:Building CMake package in '/home/rodrigo/dev_ws/src/sllidar_ros2'
[2.556s] INFO:colcon.colcon_core.shell:Skip shell extension 'powershell' for command environment: Not usable outside of PowerShell
[2.557s] DEBUG:colcon.colcon_core.shell:Skip shell extension 'dsv' for command environment
[2.602s] DEBUG:colcon.colcon_core.event_handler.log_command:Invoking command in '/home/rodrigo/dev_ws/build/serial': CMAKE_PREFIX_PATH=${CMAKE_PREFIX_PATH}:/opt/ros/humble /usr/bin/cmake --build /home/rodrigo/dev_ws/build/serial -- -j4 -l4
[2.626s] DEBUG:colcon.colcon_core.event_handler.log_command:Invoking command in '/home/rodrigo/dev_ws/build/robot_pkg': CMAKE_PREFIX_PATH=${CMAKE_PREFIX_PATH}:/opt/ros/humble /usr/bin/cmake --build /home/rodrigo/dev_ws/build/robot_pkg -- -j4 -l4
[2.655s] DEBUG:colcon.colcon_core.event_handler.log_command:Invoking command in '/home/rodrigo/dev_ws/build/sllidar_ros2': CMAKE_PREFIX_PATH=${CMAKE_PREFIX_PATH}:/opt/ros/humble /usr/bin/cmake --build /home/rodrigo/dev_ws/build/sllidar_ros2 -- -j4 -l4
[2.811s] DEBUG:colcon.colcon_core.event_handler.log_command:Invoked command in '/home/rodrigo/dev_ws/build/robot_pkg' returned '0': CMAKE_PREFIX_PATH=${CMAKE_PREFIX_PATH}:/opt/ros/humble /usr/bin/cmake --build /home/rodrigo/dev_ws/build/robot_pkg -- -j4 -l4
[3.023s] DEBUG:colcon.colcon_core.event_handler.log_command:Invoking command in '/home/rodrigo/dev_ws/build/robot_pkg': CMAKE_PREFIX_PATH=${CMAKE_PREFIX_PATH}:/opt/ros/humble /usr/bin/cmake --install /home/rodrigo/dev_ws/build/robot_pkg
[3.175s] DEBUG:colcon.colcon_core.event_handler.log_command:Invoked command in '/home/rodrigo/dev_ws/build/sllidar_ros2' returned '0': CMAKE_PREFIX_PATH=${CMAKE_PREFIX_PATH}:/opt/ros/humble /usr/bin/cmake --build /home/rodrigo/dev_ws/build/sllidar_ros2 -- -j4 -l4
[3.199s] Level 1:colcon.colcon_core.environment:create_environment_scripts_only(robot_pkg)
[3.203s] DEBUG:colcon.colcon_core.event_handler.log_command:Invoked command in '/home/rodrigo/dev_ws/build/robot_pkg' returned '0': CMAKE_PREFIX_PATH=${CMAKE_PREFIX_PATH}:/opt/ros/humble /usr/bin/cmake --install /home/rodrigo/dev_ws/build/robot_pkg
[3.217s] Level 1:colcon.colcon_core.environment:checking '/home/rodrigo/dev_ws/install/robot_pkg' for CMake module files
[3.221s] Level 1:colcon.colcon_core.environment:checking '/home/rodrigo/dev_ws/install/robot_pkg' for CMake config files
[3.226s] Level 1:colcon.colcon_core.shell:create_environment_hook('robot_pkg', 'cmake_prefix_path')
[3.227s] INFO:colcon.colcon_core.shell:Creating environment hook '/home/rodrigo/dev_ws/install/robot_pkg/share/robot_pkg/hook/cmake_prefix_path.ps1'
[3.231s] INFO:colcon.colcon_core.shell:Creating environment descriptor '/home/rodrigo/dev_ws/install/robot_pkg/share/robot_pkg/hook/cmake_prefix_path.dsv'
[3.235s] INFO:colcon.colcon_core.shell:Creating environment hook '/home/rodrigo/dev_ws/install/robot_pkg/share/robot_pkg/hook/cmake_prefix_path.sh'
[3.240s] Level 1:colcon.colcon_core.environment:checking '/home/rodrigo/dev_ws/install/robot_pkg/bin'
[3.241s] Level 1:colcon.colcon_core.environment:checking '/home/rodrigo/dev_ws/install/robot_pkg/lib/pkgconfig/robot_pkg.pc'
[3.243s] Level 1:colcon.colcon_core.environment:checking '/home/rodrigo/dev_ws/install/robot_pkg/lib/python3.10/site-packages'
[3.246s] Level 1:colcon.colcon_core.environment:checking '/home/rodrigo/dev_ws/install/robot_pkg/bin'
[3.248s] INFO:colcon.colcon_core.shell:Creating package script '/home/rodrigo/dev_ws/install/robot_pkg/share/robot_pkg/package.ps1'
[3.253s] INFO:colcon.colcon_core.shell:Creating package descriptor '/home/rodrigo/dev_ws/install/robot_pkg/share/robot_pkg/package.dsv'
[3.256s] INFO:colcon.colcon_core.shell:Creating package script '/home/rodrigo/dev_ws/install/robot_pkg/share/robot_pkg/package.sh'
[3.260s] INFO:colcon.colcon_core.shell:Creating package script '/home/rodrigo/dev_ws/install/robot_pkg/share/robot_pkg/package.bash'
[3.265s] INFO:colcon.colcon_core.shell:Creating package script '/home/rodrigo/dev_ws/install/robot_pkg/share/robot_pkg/package.zsh'
[3.269s] Level 1:colcon.colcon_core.environment:create_file_with_runtime_dependencies(/home/rodrigo/dev_ws/install/robot_pkg/share/colcon-core/packages/robot_pkg)
[3.322s] DEBUG:colcon.colcon_core.event_handler.log_command:Invoked command in '/home/rodrigo/dev_ws/build/serial' returned '0': CMAKE_PREFIX_PATH=${CMAKE_PREFIX_PATH}:/opt/ros/humble /usr/bin/cmake --build /home/rodrigo/dev_ws/build/serial -- -j4 -l4
[3.387s] Level 1:colcon.colcon_core.environment:create_environment_scripts_only(robot_pkg)
[3.389s] Level 1:colcon.colcon_core.environment:checking '/home/rodrigo/dev_ws/install/robot_pkg' for CMake module files
[3.393s] Level 1:colcon.colcon_core.environment:checking '/home/rodrigo/dev_ws/install/robot_pkg' for CMake config files
[3.397s] Level 1:colcon.colcon_core.shell:create_environment_hook('robot_pkg', 'cmake_prefix_path')
[3.399s] INFO:colcon.colcon_core.shell:Creating environment hook '/home/rodrigo/dev_ws/install/robot_pkg/share/robot_pkg/hook/cmake_prefix_path.ps1'
[3.404s] INFO:colcon.colcon_core.shell:Creating environment descriptor '/home/rodrigo/dev_ws/install/robot_pkg/share/robot_pkg/hook/cmake_prefix_path.dsv'
[3.407s] INFO:colcon.colcon_core.shell:Creating environment hook '/home/rodrigo/dev_ws/install/robot_pkg/share/robot_pkg/hook/cmake_prefix_path.sh'
[3.410s] Level 1:colcon.colcon_core.environment:checking '/home/rodrigo/dev_ws/install/robot_pkg/bin'
[3.411s] Level 1:colcon.colcon_core.environment:checking '/home/rodrigo/dev_ws/install/robot_pkg/lib/pkgconfig/robot_pkg.pc'
[3.412s] Level 1:colcon.colcon_core.environment:checking '/home/rodrigo/dev_ws/install/robot_pkg/lib/python3.10/site-packages'
[3.414s] Level 1:colcon.colcon_core.environment:checking '/home/rodrigo/dev_ws/install/robot_pkg/bin'
[3.416s] INFO:colcon.colcon_core.shell:Creating package script '/home/rodrigo/dev_ws/install/robot_pkg/share/robot_pkg/package.ps1'
[3.419s] INFO:colcon.colcon_core.shell:Creating package descriptor '/home/rodrigo/dev_ws/install/robot_pkg/share/robot_pkg/package.dsv'
[3.422s] INFO:colcon.colcon_core.shell:Creating package script '/home/rodrigo/dev_ws/install/robot_pkg/share/robot_pkg/package.sh'
[3.425s] INFO:colcon.colcon_core.shell:Creating package script '/home/rodrigo/dev_ws/install/robot_pkg/share/robot_pkg/package.bash'
[3.428s] INFO:colcon.colcon_core.shell:Creating package script '/home/rodrigo/dev_ws/install/robot_pkg/share/robot_pkg/package.zsh'
[3.431s] Level 1:colcon.colcon_core.environment:create_file_with_runtime_dependencies(/home/rodrigo/dev_ws/install/robot_pkg/share/colcon-core/packages/robot_pkg)
[3.526s] DEBUG:colcon.colcon_core.event_handler.log_command:Invoking command in '/home/rodrigo/dev_ws/build/serial': CMAKE_PREFIX_PATH=${CMAKE_PREFIX_PATH}:/opt/ros/humble /usr/bin/cmake --install /home/rodrigo/dev_ws/build/serial
[3.615s] DEBUG:colcon.colcon_core.event_handler.log_command:Invoking command in '/home/rodrigo/dev_ws/build/sllidar_ros2': CMAKE_PREFIX_PATH=${CMAKE_PREFIX_PATH}:/opt/ros/humble /usr/bin/cmake --install /home/rodrigo/dev_ws/build/sllidar_ros2
[3.629s] Level 1:colcon.colcon_core.environment:create_environment_scripts_only(serial)
[3.631s] Level 1:colcon.colcon_core.environment:checking '/home/rodrigo/dev_ws/install/serial' for CMake module files
[3.632s] DEBUG:colcon.colcon_core.event_handler.log_command:Invoked command in '/home/rodrigo/dev_ws/build/serial' returned '0': CMAKE_PREFIX_PATH=${CMAKE_PREFIX_PATH}:/opt/ros/humble /usr/bin/cmake --install /home/rodrigo/dev_ws/build/serial
[3.636s] Level 1:colcon.colcon_core.environment:checking '/home/rodrigo/dev_ws/install/serial' for CMake config files
[3.638s] Level 1:colcon.colcon_core.shell:create_environment_hook('serial', 'cmake_prefix_path')
[3.639s] INFO:colcon.colcon_core.shell:Creating environment hook '/home/rodrigo/dev_ws/install/serial/share/serial/hook/cmake_prefix_path.ps1'
[3.641s] INFO:colcon.colcon_core.shell:Creating environment descriptor '/home/rodrigo/dev_ws/install/serial/share/serial/hook/cmake_prefix_path.dsv'
[3.644s] INFO:colcon.colcon_core.shell:Creating environment hook '/home/rodrigo/dev_ws/install/serial/share/serial/hook/cmake_prefix_path.sh'
[3.649s] Level 1:colcon.colcon_core.environment:checking '/home/rodrigo/dev_ws/install/serial/lib'
[3.653s] Level 1:colcon.colcon_core.environment:checking '/home/rodrigo/dev_ws/install/serial/bin'
[3.654s] Level 1:colcon.colcon_core.environment:checking '/home/rodrigo/dev_ws/install/serial/lib/pkgconfig/serial.pc'
[3.655s] Level 1:colcon.colcon_core.environment:checking '/home/rodrigo/dev_ws/install/serial/lib/python3.10/site-packages'
[3.656s] Level 1:colcon.colcon_core.environment:checking '/home/rodrigo/dev_ws/install/serial/bin'
[3.659s] INFO:colcon.colcon_core.shell:Creating package script '/home/rodrigo/dev_ws/install/serial/share/serial/package.ps1'
[3.670s] INFO:colcon.colcon_core.shell:Creating package descriptor '/home/rodrigo/dev_ws/install/serial/share/serial/package.dsv'
[3.675s] INFO:colcon.colcon_core.shell:Creating package script '/home/rodrigo/dev_ws/install/serial/share/serial/package.sh'
[3.680s] INFO:colcon.colcon_core.shell:Creating package script '/home/rodrigo/dev_ws/install/serial/share/serial/package.bash'
[3.683s] INFO:colcon.colcon_core.shell:Creating package script '/home/rodrigo/dev_ws/install/serial/share/serial/package.zsh'
[3.688s] Level 1:colcon.colcon_core.environment:create_file_with_runtime_dependencies(/home/rodrigo/dev_ws/install/serial/share/colcon-core/packages/serial)
[3.728s] Level 1:colcon.colcon_core.environment:create_environment_scripts_only(sllidar_ros2)
[3.730s] Level 1:colcon.colcon_core.environment:checking '/home/rodrigo/dev_ws/install/sllidar_ros2' for CMake module files
[3.732s] DEBUG:colcon.colcon_core.event_handler.log_command:Invoked command in '/home/rodrigo/dev_ws/build/sllidar_ros2' returned '0': CMAKE_PREFIX_PATH=${CMAKE_PREFIX_PATH}:/opt/ros/humble /usr/bin/cmake --install /home/rodrigo/dev_ws/build/sllidar_ros2
[3.735s] Level 1:colcon.colcon_core.environment:checking '/home/rodrigo/dev_ws/install/sllidar_ros2' for CMake config files
[3.736s] Level 1:colcon.colcon_core.shell:create_environment_hook('sllidar_ros2', 'cmake_prefix_path')
[3.738s] INFO:colcon.colcon_core.shell:Creating environment hook '/home/rodrigo/dev_ws/install/sllidar_ros2/share/sllidar_ros2/hook/cmake_prefix_path.ps1'
[3.740s] INFO:colcon.colcon_core.shell:Creating environment descriptor '/home/rodrigo/dev_ws/install/sllidar_ros2/share/sllidar_ros2/hook/cmake_prefix_path.dsv'
[3.742s] INFO:colcon.colcon_core.shell:Creating environment hook '/home/rodrigo/dev_ws/install/sllidar_ros2/share/sllidar_ros2/hook/cmake_prefix_path.sh'
[3.746s] Level 1:colcon.colcon_core.environment:checking '/home/rodrigo/dev_ws/install/sllidar_ros2/lib'
[3.747s] Level 1:colcon.colcon_core.environment:checking '/home/rodrigo/dev_ws/install/sllidar_ros2/bin'
[3.748s] Level 1:colcon.colcon_core.environment:checking '/home/rodrigo/dev_ws/install/sllidar_ros2/lib/pkgconfig/sllidar_ros2.pc'
[3.749s] Level 1:colcon.colcon_core.environment:checking '/home/rodrigo/dev_ws/install/sllidar_ros2/lib/python3.10/site-packages'
[3.750s] Level 1:colcon.colcon_core.environment:checking '/home/rodrigo/dev_ws/install/sllidar_ros2/bin'
[3.752s] INFO:colcon.colcon_core.shell:Creating package script '/home/rodrigo/dev_ws/install/sllidar_ros2/share/sllidar_ros2/package.ps1'
[3.755s] INFO:colcon.colcon_core.shell:Creating package descriptor '/home/rodrigo/dev_ws/install/sllidar_ros2/share/sllidar_ros2/package.dsv'
[3.757s] INFO:colcon.colcon_core.shell:Creating package script '/home/rodrigo/dev_ws/install/sllidar_ros2/share/sllidar_ros2/package.sh'
[3.759s] INFO:colcon.colcon_core.shell:Creating package script '/home/rodrigo/dev_ws/install/sllidar_ros2/share/sllidar_ros2/package.bash'
[3.761s] INFO:colcon.colcon_core.shell:Creating package script '/home/rodrigo/dev_ws/install/sllidar_ros2/share/sllidar_ros2/package.zsh'
[3.763s] Level 1:colcon.colcon_core.environment:create_file_with_runtime_dependencies(/home/rodrigo/dev_ws/install/sllidar_ros2/share/colcon-core/packages/sllidar_ros2)
[3.888s] Level 1:colcon.colcon_core.environment:create_environment_scripts_only(serial)
[3.890s] Level 1:colcon.colcon_core.environment:checking '/home/rodrigo/dev_ws/install/serial' for CMake module files
[3.894s] Level 1:colcon.colcon_core.environment:checking '/home/rodrigo/dev_ws/install/serial' for CMake config files
[3.895s] Level 1:colcon.colcon_core.shell:create_environment_hook('serial', 'cmake_prefix_path')
[3.896s] INFO:colcon.colcon_core.shell:Creating environment hook '/home/rodrigo/dev_ws/install/serial/share/serial/hook/cmake_prefix_path.ps1'
[3.899s] INFO:colcon.colcon_core.shell:Creating environment descriptor '/home/rodrigo/dev_ws/install/serial/share/serial/hook/cmake_prefix_path.dsv'
[3.901s] INFO:colcon.colcon_core.shell:Creating environment hook '/home/rodrigo/dev_ws/install/serial/share/serial/hook/cmake_prefix_path.sh'
[3.904s] Level 1:colcon.colcon_core.environment:checking '/home/rodrigo/dev_ws/install/serial/lib'
[3.905s] Level 1:colcon.colcon_core.environment:checking '/home/rodrigo/dev_ws/install/serial/bin'
[3.906s] Level 1:colcon.colcon_core.environment:checking '/home/rodrigo/dev_ws/install/serial/lib/pkgconfig/serial.pc'
[3.907s] Level 1:colcon.colcon_core.environment:checking '/home/rodrigo/dev_ws/install/serial/lib/python3.10/site-packages'
[3.908s] Level 1:colcon.colcon_core.environment:checking '/home/rodrigo/dev_ws/install/serial/bin'
[3.910s] INFO:colcon.colcon_core.shell:Creating package script '/home/rodrigo/dev_ws/install/serial/share/serial/package.ps1'
[3.914s] INFO:colcon.colcon_core.shell:Creating package descriptor '/home/rodrigo/dev_ws/install/serial/share/serial/package.dsv'
[3.917s] INFO:colcon.colcon_core.shell:Creating package script '/home/rodrigo/dev_ws/install/serial/share/serial/package.sh'
[3.920s] INFO:colcon.colcon_core.shell:Creating package script '/home/rodrigo/dev_ws/install/serial/share/serial/package.bash'
[3.923s] INFO:colcon.colcon_core.shell:Creating package script '/home/rodrigo/dev_ws/install/serial/share/serial/package.zsh'
[3.925s] Level 1:colcon.colcon_core.environment:create_file_with_runtime_dependencies(/home/rodrigo/dev_ws/install/serial/share/colcon-core/packages/serial)
[3.927s] INFO:colcon.colcon_ros.task.ament_cmake.build:Building ROS package in '/home/rodrigo/dev_ws/src/diffdrive_arduino' with build type 'ament_cmake'
[3.928s] INFO:colcon.colcon_cmake.task.cmake.build:Building CMake package in '/home/rodrigo/dev_ws/src/diffdrive_arduino'
[3.929s] INFO:colcon.colcon_core.shell:Skip shell extension 'powershell' for command environment: Not usable outside of PowerShell
[3.930s] DEBUG:colcon.colcon_core.shell:Skip shell extension 'dsv' for command environment
[3.990s] DEBUG:colcon.colcon_core.event_handler.log_command:Invoking command in '/home/rodrigo/dev_ws/build/diffdrive_arduino': CMAKE_PREFIX_PATH=/home/rodrigo/dev_ws/install/serial:/home/rodrigo/dev_ws/install/sllidar_ros2:/home/rodrigo/dev_ws/install/diffdrive_arduino:/home/rodrigo/dev_ws/install/robot_pkg:/opt/ros/humble /usr/bin/cmake --build /home/rodrigo/dev_ws/build/diffdrive_arduino -- -j4 -l4
[4.142s] Level 1:colcon.colcon_core.environment:create_environment_scripts_only(sllidar_ros2)
[4.144s] Level 1:colcon.colcon_core.environment:checking '/home/rodrigo/dev_ws/install/sllidar_ros2' for CMake module files
[4.147s] Level 1:colcon.colcon_core.environment:checking '/home/rodrigo/dev_ws/install/sllidar_ros2' for CMake config files
[4.148s] Level 1:colcon.colcon_core.shell:create_environment_hook('sllidar_ros2', 'cmake_prefix_path')
[4.150s] INFO:colcon.colcon_core.shell:Creating environment hook '/home/rodrigo/dev_ws/install/sllidar_ros2/share/sllidar_ros2/hook/cmake_prefix_path.ps1'
[4.152s] INFO:colcon.colcon_core.shell:Creating environment descriptor '/home/rodrigo/dev_ws/install/sllidar_ros2/share/sllidar_ros2/hook/cmake_prefix_path.dsv'
[4.155s] INFO:colcon.colcon_core.shell:Creating environment hook '/home/rodrigo/dev_ws/install/sllidar_ros2/share/sllidar_ros2/hook/cmake_prefix_path.sh'
[4.159s] Level 1:colcon.colcon_core.environment:checking '/home/rodrigo/dev_ws/install/sllidar_ros2/lib'
[4.160s] Level 1:colcon.colcon_core.environment:checking '/home/rodrigo/dev_ws/install/sllidar_ros2/bin'
[4.161s] Level 1:colcon.colcon_core.environment:checking '/home/rodrigo/dev_ws/install/sllidar_ros2/lib/pkgconfig/sllidar_ros2.pc'
[4.163s] Level 1:colcon.colcon_core.environment:checking '/home/rodrigo/dev_ws/install/sllidar_ros2/lib/python3.10/site-packages'
[4.164s] Level 1:colcon.colcon_core.environment:checking '/home/rodrigo/dev_ws/install/sllidar_ros2/bin'
[4.167s] INFO:colcon.colcon_core.shell:Creating package script '/home/rodrigo/dev_ws/install/sllidar_ros2/share/sllidar_ros2/package.ps1'
[4.172s] INFO:colcon.colcon_core.shell:Creating package descriptor '/home/rodrigo/dev_ws/install/sllidar_ros2/share/sllidar_ros2/package.dsv'
[4.176s] INFO:colcon.colcon_core.shell:Creating package script '/home/rodrigo/dev_ws/install/sllidar_ros2/share/sllidar_ros2/package.sh'
[4.180s] INFO:colcon.colcon_core.shell:Creating package script '/home/rodrigo/dev_ws/install/sllidar_ros2/share/sllidar_ros2/package.bash'
[4.184s] INFO:colcon.colcon_core.shell:Creating package script '/home/rodrigo/dev_ws/install/sllidar_ros2/share/sllidar_ros2/package.zsh'
[4.188s] Level 1:colcon.colcon_core.environment:create_file_with_runtime_dependencies(/home/rodrigo/dev_ws/install/sllidar_ros2/share/colcon-core/packages/sllidar_ros2)
[4.302s] DEBUG:colcon.colcon_core.event_handler.log_command:Invoked command in '/home/rodrigo/dev_ws/build/diffdrive_arduino' returned '0': CMAKE_PREFIX_PATH=/home/rodrigo/dev_ws/install/serial:/home/rodrigo/dev_ws/install/sllidar_ros2:/home/rodrigo/dev_ws/install/diffdrive_arduino:/home/rodrigo/dev_ws/install/robot_pkg:/opt/ros/humble /usr/bin/cmake --build /home/rodrigo/dev_ws/build/diffdrive_arduino -- -j4 -l4
[4.495s] DEBUG:colcon.colcon_core.event_handler.log_command:Invoking command in '/home/rodrigo/dev_ws/build/diffdrive_arduino': CMAKE_PREFIX_PATH=/home/rodrigo/dev_ws/install/serial:/home/rodrigo/dev_ws/install/sllidar_ros2:/home/rodrigo/dev_ws/install/diffdrive_arduino:/home/rodrigo/dev_ws/install/robot_pkg:/opt/ros/humble /usr/bin/cmake --install /home/rodrigo/dev_ws/build/diffdrive_arduino
[4.592s] Level 1:colcon.colcon_core.environment:create_environment_scripts_only(diffdrive_arduino)
[4.593s] Level 1:colcon.colcon_core.environment:checking '/home/rodrigo/dev_ws/install/diffdrive_arduino' for CMake module files
[4.595s] DEBUG:colcon.colcon_core.event_handler.log_command:Invoked command in '/home/rodrigo/dev_ws/build/diffdrive_arduino' returned '0': CMAKE_PREFIX_PATH=/home/rodrigo/dev_ws/install/serial:/home/rodrigo/dev_ws/install/sllidar_ros2:/home/rodrigo/dev_ws/install/diffdrive_arduino:/home/rodrigo/dev_ws/install/robot_pkg:/opt/ros/humble /usr/bin/cmake --install /home/rodrigo/dev_ws/build/diffdrive_arduino
[4.597s] Level 1:colcon.colcon_core.environment:checking '/home/rodrigo/dev_ws/install/diffdrive_arduino' for CMake config files
[4.600s] Level 1:colcon.colcon_core.shell:create_environment_hook('diffdrive_arduino', 'cmake_prefix_path')
[4.601s] INFO:colcon.colcon_core.shell:Creating environment hook '/home/rodrigo/dev_ws/install/diffdrive_arduino/share/diffdrive_arduino/hook/cmake_prefix_path.ps1'
[4.603s] INFO:colcon.colcon_core.shell:Creating environment descriptor '/home/rodrigo/dev_ws/install/diffdrive_arduino/share/diffdrive_arduino/hook/cmake_prefix_path.dsv'
[4.605s] INFO:colcon.colcon_core.shell:Creating environment hook '/home/rodrigo/dev_ws/install/diffdrive_arduino/share/diffdrive_arduino/hook/cmake_prefix_path.sh'
[4.608s] Level 1:colcon.colcon_core.environment:checking '/home/rodrigo/dev_ws/install/diffdrive_arduino/lib'
[4.608s] Level 1:colcon.colcon_core.shell:create_environment_hook('diffdrive_arduino', 'ld_library_path_lib')
[4.609s] INFO:colcon.colcon_core.shell:Creating environment hook '/home/rodrigo/dev_ws/install/diffdrive_arduino/share/diffdrive_arduino/hook/ld_library_path_lib.ps1'
[4.611s] INFO:colcon.colcon_core.shell:Creating environment descriptor '/home/rodrigo/dev_ws/install/diffdrive_arduino/share/diffdrive_arduino/hook/ld_library_path_lib.dsv'
[4.613s] INFO:colcon.colcon_core.shell:Creating environment hook '/home/rodrigo/dev_ws/install/diffdrive_arduino/share/diffdrive_arduino/hook/ld_library_path_lib.sh'
[4.615s] Level 1:colcon.colcon_core.environment:checking '/home/rodrigo/dev_ws/install/diffdrive_arduino/bin'
[4.616s] Level 1:colcon.colcon_core.environment:checking '/home/rodrigo/dev_ws/install/diffdrive_arduino/lib/pkgconfig/diffdrive_arduino.pc'
[4.616s] Level 1:colcon.colcon_core.environment:checking '/home/rodrigo/dev_ws/install/diffdrive_arduino/lib/python3.10/site-packages'
[4.617s] Level 1:colcon.colcon_core.environment:checking '/home/rodrigo/dev_ws/install/diffdrive_arduino/bin'
[4.619s] INFO:colcon.colcon_core.shell:Creating package script '/home/rodrigo/dev_ws/install/diffdrive_arduino/share/diffdrive_arduino/package.ps1'
[4.621s] INFO:colcon.colcon_core.shell:Creating package descriptor '/home/rodrigo/dev_ws/install/diffdrive_arduino/share/diffdrive_arduino/package.dsv'
[4.623s] INFO:colcon.colcon_core.shell:Creating package script '/home/rodrigo/dev_ws/install/diffdrive_arduino/share/diffdrive_arduino/package.sh'
[4.625s] INFO:colcon.colcon_core.shell:Creating package script '/home/rodrigo/dev_ws/install/diffdrive_arduino/share/diffdrive_arduino/package.bash'
[4.627s] INFO:colcon.colcon_core.shell:Creating package script '/home/rodrigo/dev_ws/install/diffdrive_arduino/share/diffdrive_arduino/package.zsh'
[4.629s] Level 1:colcon.colcon_core.environment:create_file_with_runtime_dependencies(/home/rodrigo/dev_ws/install/diffdrive_arduino/share/colcon-core/packages/diffdrive_arduino)
[4.806s] Level 1:colcon.colcon_core.environment:create_environment_scripts_only(diffdrive_arduino)
[4.808s] Level 1:colcon.colcon_core.environment:checking '/home/rodrigo/dev_ws/install/diffdrive_arduino' for CMake module files
[4.812s] Level 1:colcon.colcon_core.environment:checking '/home/rodrigo/dev_ws/install/diffdrive_arduino' for CMake config files
[4.816s] Level 1:colcon.colcon_core.shell:create_environment_hook('diffdrive_arduino', 'cmake_prefix_path')
[4.817s] INFO:colcon.colcon_core.shell:Creating environment hook '/home/rodrigo/dev_ws/install/diffdrive_arduino/share/diffdrive_arduino/hook/cmake_prefix_path.ps1'
[4.819s] INFO:colcon.colcon_core.shell:Creating environment descriptor '/home/rodrigo/dev_ws/install/diffdrive_arduino/share/diffdrive_arduino/hook/cmake_prefix_path.dsv'
[4.821s] INFO:colcon.colcon_core.shell:Creating environment hook '/home/rodrigo/dev_ws/install/diffdrive_arduino/share/diffdrive_arduino/hook/cmake_prefix_path.sh'
[4.824s] Level 1:colcon.colcon_core.environment:checking '/home/rodrigo/dev_ws/install/diffdrive_arduino/lib'
[4.824s] Level 1:colcon.colcon_core.shell:create_environment_hook('diffdrive_arduino', 'ld_library_path_lib')
[4.825s] INFO:colcon.colcon_core.shell:Creating environment hook '/home/rodrigo/dev_ws/install/diffdrive_arduino/share/diffdrive_arduino/hook/ld_library_path_lib.ps1'
[4.827s] INFO:colcon.colcon_core.shell:Creating environment descriptor '/home/rodrigo/dev_ws/install/diffdrive_arduino/share/diffdrive_arduino/hook/ld_library_path_lib.dsv'
[4.829s] INFO:colcon.colcon_core.shell:Creating environment hook '/home/rodrigo/dev_ws/install/diffdrive_arduino/share/diffdrive_arduino/hook/ld_library_path_lib.sh'
[4.831s] Level 1:colcon.colcon_core.environment:checking '/home/rodrigo/dev_ws/install/diffdrive_arduino/bin'
[4.831s] Level 1:colcon.colcon_core.environment:checking '/home/rodrigo/dev_ws/install/diffdrive_arduino/lib/pkgconfig/diffdrive_arduino.pc'
[4.832s] Level 1:colcon.colcon_core.environment:checking '/home/rodrigo/dev_ws/install/diffdrive_arduino/lib/python3.10/site-packages'
[4.833s] Level 1:colcon.colcon_core.environment:checking '/home/rodrigo/dev_ws/install/diffdrive_arduino/bin'
[4.835s] INFO:colcon.colcon_core.shell:Creating package script '/home/rodrigo/dev_ws/install/diffdrive_arduino/share/diffdrive_arduino/package.ps1'
[4.837s] INFO:colcon.colcon_core.shell:Creating package descriptor '/home/rodrigo/dev_ws/install/diffdrive_arduino/share/diffdrive_arduino/package.dsv'
[4.840s] INFO:colcon.colcon_core.shell:Creating package script '/home/rodrigo/dev_ws/install/diffdrive_arduino/share/diffdrive_arduino/package.sh'
[4.842s] INFO:colcon.colcon_core.shell:Creating package script '/home/rodrigo/dev_ws/install/diffdrive_arduino/share/diffdrive_arduino/package.bash'
[4.845s] INFO:colcon.colcon_core.shell:Creating package script '/home/rodrigo/dev_ws/install/diffdrive_arduino/share/diffdrive_arduino/package.zsh'
[4.847s] Level 1:colcon.colcon_core.environment:create_file_with_runtime_dependencies(/home/rodrigo/dev_ws/install/diffdrive_arduino/share/colcon-core/packages/diffdrive_arduino)
[4.848s] DEBUG:colcon.colcon_parallel_executor.executor.parallel:closing loop
[4.850s] DEBUG:colcon.colcon_parallel_executor.executor.parallel:loop closed
[4.850s] DEBUG:colcon.colcon_parallel_executor.executor.parallel:run_until_complete finished with '0'
[4.851s] DEBUG:colcon.colcon_core.event_reactor:joining thread
[4.872s] INFO:colcon.colcon_core.plugin_system:Skipping extension 'colcon_notification.desktop_notification.terminal_notifier': Not used on non-Darwin systems
[4.872s] INFO:colcon.colcon_core.plugin_system:Skipping extension 'colcon_notification.desktop_notification.win32': Not used on non-Windows systems
[4.872s] INFO:colcon.colcon_notification.desktop_notification:Sending desktop notification using 'notify2'
[4.878s] DEBUG:colcon.colcon_notification.desktop_notification.notify2:Failed to initialize notify2: org.freedesktop.DBus.Error.ServiceUnknown: The name org.freedesktop.Notifications was not provided by any .service files
[4.878s] DEBUG:colcon.colcon_core.event_reactor:joined thread
[4.879s] INFO:colcon.colcon_core.shell:Creating prefix script '/home/rodrigo/dev_ws/install/local_setup.ps1'
[4.883s] INFO:colcon.colcon_core.shell:Creating prefix util module '/home/rodrigo/dev_ws/install/_local_setup_util_ps1.py'
[4.890s] INFO:colcon.colcon_core.shell:Creating prefix chain script '/home/rodrigo/dev_ws/install/setup.ps1'
[4.896s] INFO:colcon.colcon_core.shell:Creating prefix script '/home/rodrigo/dev_ws/install/local_setup.sh'
[4.898s] INFO:colcon.colcon_core.shell:Creating prefix util module '/home/rodrigo/dev_ws/install/_local_setup_util_sh.py'
[4.901s] INFO:colcon.colcon_core.shell:Creating prefix chain script '/home/rodrigo/dev_ws/install/setup.sh'
[4.906s] INFO:colcon.colcon_core.shell:Creating prefix script '/home/rodrigo/dev_ws/install/local_setup.bash'
[4.909s] INFO:colcon.colcon_core.shell:Creating prefix chain script '/home/rodrigo/dev_ws/install/setup.bash'
[4.914s] INFO:colcon.colcon_core.shell:Creating prefix script '/home/rodrigo/dev_ws/install/local_setup.zsh'
[4.916s] INFO:colcon.colcon_core.shell:Creating prefix chain script '/home/rodrigo/dev_ws/install/setup.zsh'
