[0.969s] DEBUG:colcon:Command line arguments: ['/usr/bin/colcon', 'build', '--symlink-install']
[0.970s] DEBUG:colcon:Parsed command line arguments: Namespace(log_base=None, log_level=None, verb_name='build', build_base='build', install_base='install', merge_install=False, symlink_install=True, test_result_base=None, continue_on_error=False, executor='parallel', parallel_workers=4, event_handlers=None, ignore_user_meta=False, metas=['./colcon.meta'], base_paths=['.'], packages_ignore=None, packages_ignore_regex=None, paths=None, packages_up_to=None, packages_up_to_regex=None, packages_above=None, packages_above_and_dependencies=None, packages_above_depth=None, packages_select_by_dep=None, packages_skip_by_dep=None, packages_skip_up_to=None, packages_select_build_failed=False, packages_skip_build_finished=False, packages_select_test_failures=False, packages_skip_test_passed=False, packages_select=None, packages_skip=None, packages_select_regex=None, packages_skip_regex=None, packages_start=None, packages_end=None, allow_overriding=[], cmake_args=None, cmake_target=None, cmake_target_skip_unavailable=False, cmake_clean_cache=False, cmake_clean_first=False, cmake_force_configure=False, meson_args=[], ament_cmake_args=None, catkin_cmake_args=None, catkin_skip_building_tests=False, verb_parser=<colcon_defaults.argument_parser.defaults.DefaultArgumentsDecorator object at 0xffff7dab4670>, verb_extension=<colcon_core.verb.build.BuildVerb object at 0xffff7dbf52a0>, main=<bound method BuildVerb.main of <colcon_core.verb.build.BuildVerb object at 0xffff7dbf52a0>>)
[1.775s] Level 1:colcon.colcon_core.package_discovery:discover_packages(colcon_meta) check parameters
[1.775s] Level 1:colcon.colcon_core.package_discovery:discover_packages(recursive) check parameters
[1.775s] Level 1:colcon.colcon_core.package_discovery:discover_packages(ignore) check parameters
[1.776s] Level 1:colcon.colcon_core.package_discovery:discover_packages(path) check parameters
[1.776s] Level 1:colcon.colcon_core.package_discovery:discover_packages(colcon_meta) discover
[1.776s] Level 1:colcon.colcon_core.package_discovery:discover_packages(recursive) discover
[1.776s] INFO:colcon.colcon_core.package_discovery:Crawling recursively for packages in '/home/rodrigo/dev_ws'
[1.777s] Level 1:colcon.colcon_core.package_identification:_identify(.) by extensions ['ignore', 'ignore_ament_install']
[1.777s] Level 1:colcon.colcon_core.package_identification:_identify(.) by extension 'ignore'
[1.777s] Level 1:colcon.colcon_core.package_identification:_identify(.) by extension 'ignore_ament_install'
[1.778s] Level 1:colcon.colcon_core.package_identification:_identify(.) by extensions ['colcon_pkg']
[1.778s] Level 1:colcon.colcon_core.package_identification:_identify(.) by extension 'colcon_pkg'
[1.778s] Level 1:colcon.colcon_core.package_identification:_identify(.) by extensions ['colcon_meta']
[1.778s] Level 1:colcon.colcon_core.package_identification:_identify(.) by extension 'colcon_meta'
[1.778s] Level 1:colcon.colcon_core.package_identification:_identify(.) by extensions ['ros']
[1.778s] Level 1:colcon.colcon_core.package_identification:_identify(.) by extension 'ros'
[1.823s] Level 1:colcon.colcon_core.package_identification:_identify(.) by extensions ['cmake', 'meson', 'python']
[1.823s] Level 1:colcon.colcon_core.package_identification:_identify(.) by extension 'cmake'
[1.823s] Level 1:colcon.colcon_core.package_identification:_identify(.) by extension 'meson'
[1.824s] Level 1:colcon.colcon_core.package_identification:_identify(.) by extension 'python'
[1.824s] Level 1:colcon.colcon_core.package_identification:_identify(.) by extensions ['python_setup_py']
[1.824s] Level 1:colcon.colcon_core.package_identification:_identify(.) by extension 'python_setup_py'
[1.825s] Level 1:colcon.colcon_core.package_identification:_identify(build) by extensions ['ignore', 'ignore_ament_install']
[1.825s] Level 1:colcon.colcon_core.package_identification:_identify(build) by extension 'ignore'
[1.825s] Level 1:colcon.colcon_core.package_identification:_identify(build) ignored
[1.826s] Level 1:colcon.colcon_core.package_identification:_identify(install) by extensions ['ignore', 'ignore_ament_install']
[1.826s] Level 1:colcon.colcon_core.package_identification:_identify(install) by extension 'ignore'
[1.827s] Level 1:colcon.colcon_core.package_identification:_identify(install) ignored
[1.827s] Level 1:colcon.colcon_core.package_identification:_identify(log) by extensions ['ignore', 'ignore_ament_install']
[1.828s] Level 1:colcon.colcon_core.package_identification:_identify(log) by extension 'ignore'
[1.828s] Level 1:colcon.colcon_core.package_identification:_identify(log) ignored
[1.828s] Level 1:colcon.colcon_core.package_identification:_identify(src) by extensions ['ignore', 'ignore_ament_install']
[1.828s] Level 1:colcon.colcon_core.package_identification:_identify(src) by extension 'ignore'
[1.829s] Level 1:colcon.colcon_core.package_identification:_identify(src) by extension 'ignore_ament_install'
[1.829s] Level 1:colcon.colcon_core.package_identification:_identify(src) by extensions ['colcon_pkg']
[1.829s] Level 1:colcon.colcon_core.package_identification:_identify(src) by extension 'colcon_pkg'
[1.829s] Level 1:colcon.colcon_core.package_identification:_identify(src) by extensions ['colcon_meta']
[1.829s] Level 1:colcon.colcon_core.package_identification:_identify(src) by extension 'colcon_meta'
[1.830s] Level 1:colcon.colcon_core.package_identification:_identify(src) by extensions ['ros']
[1.830s] Level 1:colcon.colcon_core.package_identification:_identify(src) by extension 'ros'
[1.830s] Level 1:colcon.colcon_core.package_identification:_identify(src) by extensions ['cmake', 'meson', 'python']
[1.830s] Level 1:colcon.colcon_core.package_identification:_identify(src) by extension 'cmake'
[1.830s] Level 1:colcon.colcon_core.package_identification:_identify(src) by extension 'meson'
[1.830s] Level 1:colcon.colcon_core.package_identification:_identify(src) by extension 'python'
[1.831s] Level 1:colcon.colcon_core.package_identification:_identify(src) by extensions ['python_setup_py']
[1.831s] Level 1:colcon.colcon_core.package_identification:_identify(src) by extension 'python_setup_py'
[1.831s] Level 1:colcon.colcon_core.package_identification:_identify(src/robot_pkg) by extensions ['ignore', 'ignore_ament_install']
[1.832s] Level 1:colcon.colcon_core.package_identification:_identify(src/robot_pkg) by extension 'ignore'
[1.832s] Level 1:colcon.colcon_core.package_identification:_identify(src/robot_pkg) by extension 'ignore_ament_install'
[1.832s] Level 1:colcon.colcon_core.package_identification:_identify(src/robot_pkg) by extensions ['colcon_pkg']
[1.832s] Level 1:colcon.colcon_core.package_identification:_identify(src/robot_pkg) by extension 'colcon_pkg'
[1.832s] Level 1:colcon.colcon_core.package_identification:_identify(src/robot_pkg) by extensions ['colcon_meta']
[1.833s] Level 1:colcon.colcon_core.package_identification:_identify(src/robot_pkg) by extension 'colcon_meta'
[1.833s] Level 1:colcon.colcon_core.package_identification:_identify(src/robot_pkg) by extensions ['ros']
[1.833s] Level 1:colcon.colcon_core.package_identification:_identify(src/robot_pkg) by extension 'ros'
[1.842s] DEBUG:colcon.colcon_core.package_identification:Package 'src/robot_pkg' with type 'ros.ament_cmake' and name 'robot_pkg'
[1.842s] Level 1:colcon.colcon_core.package_identification:_identify(src/sllidar_ros2) by extensions ['ignore', 'ignore_ament_install']
[1.843s] Level 1:colcon.colcon_core.package_identification:_identify(src/sllidar_ros2) by extension 'ignore'
[1.843s] Level 1:colcon.colcon_core.package_identification:_identify(src/sllidar_ros2) by extension 'ignore_ament_install'
[1.843s] Level 1:colcon.colcon_core.package_identification:_identify(src/sllidar_ros2) by extensions ['colcon_pkg']
[1.844s] Level 1:colcon.colcon_core.package_identification:_identify(src/sllidar_ros2) by extension 'colcon_pkg'
[1.844s] Level 1:colcon.colcon_core.package_identification:_identify(src/sllidar_ros2) by extensions ['colcon_meta']
[1.844s] Level 1:colcon.colcon_core.package_identification:_identify(src/sllidar_ros2) by extension 'colcon_meta'
[1.844s] Level 1:colcon.colcon_core.package_identification:_identify(src/sllidar_ros2) by extensions ['ros']
[1.844s] Level 1:colcon.colcon_core.package_identification:_identify(src/sllidar_ros2) by extension 'ros'
[1.847s] DEBUG:colcon.colcon_core.package_identification:Package 'src/sllidar_ros2' with type 'ros.ament_cmake' and name 'sllidar_ros2'
[1.847s] Level 1:colcon.colcon_core.package_discovery:discover_packages(recursive) using defaults
[1.848s] Level 1:colcon.colcon_core.package_discovery:discover_packages(ignore) discover
[1.848s] Level 1:colcon.colcon_core.package_discovery:discover_packages(ignore) using defaults
[1.848s] Level 1:colcon.colcon_core.package_discovery:discover_packages(path) discover
[1.848s] Level 1:colcon.colcon_core.package_discovery:discover_packages(path) using defaults
[1.918s] Level 1:colcon.colcon_core.package_discovery:discover_packages(prefix_path) check parameters
[1.918s] Level 1:colcon.colcon_core.package_discovery:discover_packages(prefix_path) discover
[1.926s] DEBUG:colcon.colcon_installed_package_information.package_discovery:Found 2 installed packages in /home/rodrigo/dev_ws/install
[1.929s] DEBUG:colcon.colcon_installed_package_information.package_discovery:Found 2 installed packages in /home/rodrigo/serial_motor_demo/install
[1.938s] DEBUG:colcon.colcon_installed_package_information.package_discovery:Found 291 installed packages in /opt/ros/humble
[1.945s] Level 1:colcon.colcon_core.package_discovery:discover_packages(prefix_path) using defaults
[2.186s] Level 5:colcon.colcon_core.verb:set package 'robot_pkg' build argument 'cmake_args' from command line to 'None'
[2.187s] Level 5:colcon.colcon_core.verb:set package 'robot_pkg' build argument 'cmake_target' from command line to 'None'
[2.187s] Level 5:colcon.colcon_core.verb:set package 'robot_pkg' build argument 'cmake_target_skip_unavailable' from command line to 'False'
[2.187s] Level 5:colcon.colcon_core.verb:set package 'robot_pkg' build argument 'cmake_clean_cache' from command line to 'False'
[2.187s] Level 5:colcon.colcon_core.verb:set package 'robot_pkg' build argument 'cmake_clean_first' from command line to 'False'
[2.187s] Level 5:colcon.colcon_core.verb:set package 'robot_pkg' build argument 'cmake_force_configure' from command line to 'False'
[2.187s] Level 5:colcon.colcon_core.verb:set package 'robot_pkg' build argument 'meson_args' from command line to '[]'
[2.187s] Level 5:colcon.colcon_core.verb:set package 'robot_pkg' build argument 'ament_cmake_args' from command line to 'None'
[2.187s] Level 5:colcon.colcon_core.verb:set package 'robot_pkg' build argument 'catkin_cmake_args' from command line to 'None'
[2.187s] Level 5:colcon.colcon_core.verb:set package 'robot_pkg' build argument 'catkin_skip_building_tests' from command line to 'False'
[2.188s] DEBUG:colcon.colcon_core.verb:Building package 'robot_pkg' with the following arguments: {'ament_cmake_args': None, 'build_base': '/home/rodrigo/dev_ws/build/robot_pkg', 'catkin_cmake_args': None, 'catkin_skip_building_tests': False, 'cmake_args': None, 'cmake_clean_cache': False, 'cmake_clean_first': False, 'cmake_force_configure': False, 'cmake_target': None, 'cmake_target_skip_unavailable': False, 'install_base': '/home/rodrigo/dev_ws/install/robot_pkg', 'merge_install': False, 'meson_args': [], 'path': '/home/rodrigo/dev_ws/src/robot_pkg', 'symlink_install': True, 'test_result_base': None}
[2.263s] Level 5:colcon.colcon_core.verb:set package 'sllidar_ros2' build argument 'cmake_args' from command line to 'None'
[2.263s] Level 5:colcon.colcon_core.verb:set package 'sllidar_ros2' build argument 'cmake_target' from command line to 'None'
[2.263s] Level 5:colcon.colcon_core.verb:set package 'sllidar_ros2' build argument 'cmake_target_skip_unavailable' from command line to 'False'
[2.263s] Level 5:colcon.colcon_core.verb:set package 'sllidar_ros2' build argument 'cmake_clean_cache' from command line to 'False'
[2.264s] Level 5:colcon.colcon_core.verb:set package 'sllidar_ros2' build argument 'cmake_clean_first' from command line to 'False'
[2.264s] Level 5:colcon.colcon_core.verb:set package 'sllidar_ros2' build argument 'cmake_force_configure' from command line to 'False'
[2.264s] Level 5:colcon.colcon_core.verb:set package 'sllidar_ros2' build argument 'meson_args' from command line to '[]'
[2.264s] Level 5:colcon.colcon_core.verb:set package 'sllidar_ros2' build argument 'ament_cmake_args' from command line to 'None'
[2.264s] Level 5:colcon.colcon_core.verb:set package 'sllidar_ros2' build argument 'catkin_cmake_args' from command line to 'None'
[2.264s] Level 5:colcon.colcon_core.verb:set package 'sllidar_ros2' build argument 'catkin_skip_building_tests' from command line to 'False'
[2.264s] DEBUG:colcon.colcon_core.verb:Building package 'sllidar_ros2' with the following arguments: {'ament_cmake_args': None, 'build_base': '/home/rodrigo/dev_ws/build/sllidar_ros2', 'catkin_cmake_args': None, 'catkin_skip_building_tests': False, 'cmake_args': None, 'cmake_clean_cache': False, 'cmake_clean_first': False, 'cmake_force_configure': False, 'cmake_target': None, 'cmake_target_skip_unavailable': False, 'install_base': '/home/rodrigo/dev_ws/install/sllidar_ros2', 'merge_install': False, 'meson_args': [], 'path': '/home/rodrigo/dev_ws/src/sllidar_ros2', 'symlink_install': True, 'test_result_base': None}
[2.265s] INFO:colcon.colcon_core.executor:Executing jobs using 'parallel' executor
[2.268s] DEBUG:colcon.colcon_parallel_executor.executor.parallel:run_until_complete
[2.270s] INFO:colcon.colcon_ros.task.ament_cmake.build:Building ROS package in '/home/rodrigo/dev_ws/src/robot_pkg' with build type 'ament_cmake'
[2.271s] INFO:colcon.colcon_cmake.task.cmake.build:Building CMake package in '/home/rodrigo/dev_ws/src/robot_pkg'
[2.280s] INFO:colcon.colcon_core.plugin_system:Skipping extension 'colcon_core.shell.bat': Not used on non-Windows systems
[2.281s] INFO:colcon.colcon_core.shell:Skip shell extension 'powershell' for command environment: Not usable outside of PowerShell
[2.281s] DEBUG:colcon.colcon_core.shell:Skip shell extension 'dsv' for command environment
[2.302s] INFO:colcon.colcon_ros.task.ament_cmake.build:Building ROS package in '/home/rodrigo/dev_ws/src/sllidar_ros2' with build type 'ament_cmake'
[2.302s] INFO:colcon.colcon_cmake.task.cmake.build:Building CMake package in '/home/rodrigo/dev_ws/src/sllidar_ros2'
[2.304s] INFO:colcon.colcon_core.shell:Skip shell extension 'powershell' for command environment: Not usable outside of PowerShell
[2.304s] DEBUG:colcon.colcon_core.shell:Skip shell extension 'dsv' for command environment
[2.341s] DEBUG:colcon.colcon_core.event_handler.log_command:Invoking command in '/home/rodrigo/dev_ws/build/robot_pkg': CMAKE_PREFIX_PATH=${CMAKE_PREFIX_PATH}:/home/rodrigo/serial_motor_demo/install/serial_motor_demo:/opt/ros/humble /usr/bin/cmake --build /home/rodrigo/dev_ws/build/robot_pkg -- -j4 -l4
[2.374s] DEBUG:colcon.colcon_core.event_handler.log_command:Invoking command in '/home/rodrigo/dev_ws/build/sllidar_ros2': CMAKE_PREFIX_PATH=${CMAKE_PREFIX_PATH}:/home/rodrigo/serial_motor_demo/install/serial_motor_demo:/opt/ros/humble /usr/bin/cmake --build /home/rodrigo/dev_ws/build/sllidar_ros2 -- -j4 -l4
[2.500s] DEBUG:colcon.colcon_core.event_handler.log_command:Invoked command in '/home/rodrigo/dev_ws/build/robot_pkg' returned '0': CMAKE_PREFIX_PATH=${CMAKE_PREFIX_PATH}:/home/rodrigo/serial_motor_demo/install/serial_motor_demo:/opt/ros/humble /usr/bin/cmake --build /home/rodrigo/dev_ws/build/robot_pkg -- -j4 -l4
[2.657s] DEBUG:colcon.colcon_core.event_handler.log_command:Invoking command in '/home/rodrigo/dev_ws/build/robot_pkg': CMAKE_PREFIX_PATH=${CMAKE_PREFIX_PATH}:/home/rodrigo/serial_motor_demo/install/serial_motor_demo:/opt/ros/humble /usr/bin/cmake --install /home/rodrigo/dev_ws/build/robot_pkg
[2.704s] DEBUG:colcon.colcon_core.event_handler.log_command:Invoked command in '/home/rodrigo/dev_ws/build/sllidar_ros2' returned '0': CMAKE_PREFIX_PATH=${CMAKE_PREFIX_PATH}:/home/rodrigo/serial_motor_demo/install/serial_motor_demo:/opt/ros/humble /usr/bin/cmake --build /home/rodrigo/dev_ws/build/sllidar_ros2 -- -j4 -l4
[2.755s] Level 1:colcon.colcon_core.environment:create_environment_scripts_only(robot_pkg)
[2.757s] DEBUG:colcon.colcon_core.event_handler.log_command:Invoked command in '/home/rodrigo/dev_ws/build/robot_pkg' returned '0': CMAKE_PREFIX_PATH=${CMAKE_PREFIX_PATH}:/home/rodrigo/serial_motor_demo/install/serial_motor_demo:/opt/ros/humble /usr/bin/cmake --install /home/rodrigo/dev_ws/build/robot_pkg
[2.769s] Level 1:colcon.colcon_core.environment:checking '/home/rodrigo/dev_ws/install/robot_pkg' for CMake module files
[2.773s] Level 1:colcon.colcon_core.environment:checking '/home/rodrigo/dev_ws/install/robot_pkg' for CMake config files
[2.775s] Level 1:colcon.colcon_core.shell:create_environment_hook('robot_pkg', 'cmake_prefix_path')
[2.776s] INFO:colcon.colcon_core.shell:Creating environment hook '/home/rodrigo/dev_ws/install/robot_pkg/share/robot_pkg/hook/cmake_prefix_path.ps1'
[2.779s] INFO:colcon.colcon_core.shell:Creating environment descriptor '/home/rodrigo/dev_ws/install/robot_pkg/share/robot_pkg/hook/cmake_prefix_path.dsv'
[2.782s] INFO:colcon.colcon_core.shell:Creating environment hook '/home/rodrigo/dev_ws/install/robot_pkg/share/robot_pkg/hook/cmake_prefix_path.sh'
[2.787s] Level 1:colcon.colcon_core.environment:checking '/home/rodrigo/dev_ws/install/robot_pkg/bin'
[2.787s] Level 1:colcon.colcon_core.environment:checking '/home/rodrigo/dev_ws/install/robot_pkg/lib/pkgconfig/robot_pkg.pc'
[2.788s] Level 1:colcon.colcon_core.environment:checking '/home/rodrigo/dev_ws/install/robot_pkg/lib/python3.10/site-packages'
[2.789s] Level 1:colcon.colcon_core.environment:checking '/home/rodrigo/dev_ws/install/robot_pkg/bin'
[2.791s] INFO:colcon.colcon_core.shell:Creating package script '/home/rodrigo/dev_ws/install/robot_pkg/share/robot_pkg/package.ps1'
[2.794s] INFO:colcon.colcon_core.shell:Creating package descriptor '/home/rodrigo/dev_ws/install/robot_pkg/share/robot_pkg/package.dsv'
[2.797s] INFO:colcon.colcon_core.shell:Creating package script '/home/rodrigo/dev_ws/install/robot_pkg/share/robot_pkg/package.sh'
[2.801s] INFO:colcon.colcon_core.shell:Creating package script '/home/rodrigo/dev_ws/install/robot_pkg/share/robot_pkg/package.bash'
[2.804s] INFO:colcon.colcon_core.shell:Creating package script '/home/rodrigo/dev_ws/install/robot_pkg/share/robot_pkg/package.zsh'
[2.807s] Level 1:colcon.colcon_core.environment:create_file_with_runtime_dependencies(/home/rodrigo/dev_ws/install/robot_pkg/share/colcon-core/packages/robot_pkg)
[2.911s] Level 1:colcon.colcon_core.environment:create_environment_scripts_only(robot_pkg)
[2.912s] Level 1:colcon.colcon_core.environment:checking '/home/rodrigo/dev_ws/install/robot_pkg' for CMake module files
[2.915s] Level 1:colcon.colcon_core.environment:checking '/home/rodrigo/dev_ws/install/robot_pkg' for CMake config files
[2.917s] Level 1:colcon.colcon_core.shell:create_environment_hook('robot_pkg', 'cmake_prefix_path')
[2.919s] INFO:colcon.colcon_core.shell:Creating environment hook '/home/rodrigo/dev_ws/install/robot_pkg/share/robot_pkg/hook/cmake_prefix_path.ps1'
[2.921s] INFO:colcon.colcon_core.shell:Creating environment descriptor '/home/rodrigo/dev_ws/install/robot_pkg/share/robot_pkg/hook/cmake_prefix_path.dsv'
[2.923s] INFO:colcon.colcon_core.shell:Creating environment hook '/home/rodrigo/dev_ws/install/robot_pkg/share/robot_pkg/hook/cmake_prefix_path.sh'
[2.926s] Level 1:colcon.colcon_core.environment:checking '/home/rodrigo/dev_ws/install/robot_pkg/bin'
[2.926s] Level 1:colcon.colcon_core.environment:checking '/home/rodrigo/dev_ws/install/robot_pkg/lib/pkgconfig/robot_pkg.pc'
[2.928s] Level 1:colcon.colcon_core.environment:checking '/home/rodrigo/dev_ws/install/robot_pkg/lib/python3.10/site-packages'
[2.929s] Level 1:colcon.colcon_core.environment:checking '/home/rodrigo/dev_ws/install/robot_pkg/bin'
[2.930s] INFO:colcon.colcon_core.shell:Creating package script '/home/rodrigo/dev_ws/install/robot_pkg/share/robot_pkg/package.ps1'
[2.933s] INFO:colcon.colcon_core.shell:Creating package descriptor '/home/rodrigo/dev_ws/install/robot_pkg/share/robot_pkg/package.dsv'
[2.935s] INFO:colcon.colcon_core.shell:Creating package script '/home/rodrigo/dev_ws/install/robot_pkg/share/robot_pkg/package.sh'
[2.938s] INFO:colcon.colcon_core.shell:Creating package script '/home/rodrigo/dev_ws/install/robot_pkg/share/robot_pkg/package.bash'
[2.941s] INFO:colcon.colcon_core.shell:Creating package script '/home/rodrigo/dev_ws/install/robot_pkg/share/robot_pkg/package.zsh'
[2.943s] Level 1:colcon.colcon_core.environment:create_file_with_runtime_dependencies(/home/rodrigo/dev_ws/install/robot_pkg/share/colcon-core/packages/robot_pkg)
[3.066s] DEBUG:colcon.colcon_core.event_handler.log_command:Invoking command in '/home/rodrigo/dev_ws/build/sllidar_ros2': CMAKE_PREFIX_PATH=${CMAKE_PREFIX_PATH}:/home/rodrigo/serial_motor_demo/install/serial_motor_demo:/opt/ros/humble /usr/bin/cmake --install /home/rodrigo/dev_ws/build/sllidar_ros2
[3.171s] Level 1:colcon.colcon_core.environment:create_environment_scripts_only(sllidar_ros2)
[3.173s] Level 1:colcon.colcon_core.environment:checking '/home/rodrigo/dev_ws/install/sllidar_ros2' for CMake module files
[3.174s] DEBUG:colcon.colcon_core.event_handler.log_command:Invoked command in '/home/rodrigo/dev_ws/build/sllidar_ros2' returned '0': CMAKE_PREFIX_PATH=${CMAKE_PREFIX_PATH}:/home/rodrigo/serial_motor_demo/install/serial_motor_demo:/opt/ros/humble /usr/bin/cmake --install /home/rodrigo/dev_ws/build/sllidar_ros2
[3.177s] Level 1:colcon.colcon_core.environment:checking '/home/rodrigo/dev_ws/install/sllidar_ros2' for CMake config files
[3.178s] Level 1:colcon.colcon_core.shell:create_environment_hook('sllidar_ros2', 'cmake_prefix_path')
[3.179s] INFO:colcon.colcon_core.shell:Creating environment hook '/home/rodrigo/dev_ws/install/sllidar_ros2/share/sllidar_ros2/hook/cmake_prefix_path.ps1'
[3.182s] INFO:colcon.colcon_core.shell:Creating environment descriptor '/home/rodrigo/dev_ws/install/sllidar_ros2/share/sllidar_ros2/hook/cmake_prefix_path.dsv'
[3.184s] INFO:colcon.colcon_core.shell:Creating environment hook '/home/rodrigo/dev_ws/install/sllidar_ros2/share/sllidar_ros2/hook/cmake_prefix_path.sh'
[3.187s] Level 1:colcon.colcon_core.environment:checking '/home/rodrigo/dev_ws/install/sllidar_ros2/lib'
[3.188s] Level 1:colcon.colcon_core.environment:checking '/home/rodrigo/dev_ws/install/sllidar_ros2/bin'
[3.188s] Level 1:colcon.colcon_core.environment:checking '/home/rodrigo/dev_ws/install/sllidar_ros2/lib/pkgconfig/sllidar_ros2.pc'
[3.189s] Level 1:colcon.colcon_core.environment:checking '/home/rodrigo/dev_ws/install/sllidar_ros2/lib/python3.10/site-packages'
[3.190s] Level 1:colcon.colcon_core.environment:checking '/home/rodrigo/dev_ws/install/sllidar_ros2/bin'
[3.192s] INFO:colcon.colcon_core.shell:Creating package script '/home/rodrigo/dev_ws/install/sllidar_ros2/share/sllidar_ros2/package.ps1'
[3.194s] INFO:colcon.colcon_core.shell:Creating package descriptor '/home/rodrigo/dev_ws/install/sllidar_ros2/share/sllidar_ros2/package.dsv'
[3.196s] INFO:colcon.colcon_core.shell:Creating package script '/home/rodrigo/dev_ws/install/sllidar_ros2/share/sllidar_ros2/package.sh'
[3.198s] INFO:colcon.colcon_core.shell:Creating package script '/home/rodrigo/dev_ws/install/sllidar_ros2/share/sllidar_ros2/package.bash'
[3.199s] INFO:colcon.colcon_core.shell:Creating package script '/home/rodrigo/dev_ws/install/sllidar_ros2/share/sllidar_ros2/package.zsh'
[3.201s] Level 1:colcon.colcon_core.environment:create_file_with_runtime_dependencies(/home/rodrigo/dev_ws/install/sllidar_ros2/share/colcon-core/packages/sllidar_ros2)
[3.556s] Level 1:colcon.colcon_core.environment:create_environment_scripts_only(sllidar_ros2)
[3.557s] Level 1:colcon.colcon_core.environment:checking '/home/rodrigo/dev_ws/install/sllidar_ros2' for CMake module files
[3.560s] Level 1:colcon.colcon_core.environment:checking '/home/rodrigo/dev_ws/install/sllidar_ros2' for CMake config files
[3.561s] Level 1:colcon.colcon_core.shell:create_environment_hook('sllidar_ros2', 'cmake_prefix_path')
[3.562s] INFO:colcon.colcon_core.shell:Creating environment hook '/home/rodrigo/dev_ws/install/sllidar_ros2/share/sllidar_ros2/hook/cmake_prefix_path.ps1'
[3.564s] INFO:colcon.colcon_core.shell:Creating environment descriptor '/home/rodrigo/dev_ws/install/sllidar_ros2/share/sllidar_ros2/hook/cmake_prefix_path.dsv'
[3.566s] INFO:colcon.colcon_core.shell:Creating environment hook '/home/rodrigo/dev_ws/install/sllidar_ros2/share/sllidar_ros2/hook/cmake_prefix_path.sh'
[3.569s] Level 1:colcon.colcon_core.environment:checking '/home/rodrigo/dev_ws/install/sllidar_ros2/lib'
[3.570s] Level 1:colcon.colcon_core.environment:checking '/home/rodrigo/dev_ws/install/sllidar_ros2/bin'
[3.570s] Level 1:colcon.colcon_core.environment:checking '/home/rodrigo/dev_ws/install/sllidar_ros2/lib/pkgconfig/sllidar_ros2.pc'
[3.571s] Level 1:colcon.colcon_core.environment:checking '/home/rodrigo/dev_ws/install/sllidar_ros2/lib/python3.10/site-packages'
[3.572s] Level 1:colcon.colcon_core.environment:checking '/home/rodrigo/dev_ws/install/sllidar_ros2/bin'
[3.574s] INFO:colcon.colcon_core.shell:Creating package script '/home/rodrigo/dev_ws/install/sllidar_ros2/share/sllidar_ros2/package.ps1'
[3.576s] INFO:colcon.colcon_core.shell:Creating package descriptor '/home/rodrigo/dev_ws/install/sllidar_ros2/share/sllidar_ros2/package.dsv'
[3.578s] INFO:colcon.colcon_core.shell:Creating package script '/home/rodrigo/dev_ws/install/sllidar_ros2/share/sllidar_ros2/package.sh'
[3.581s] INFO:colcon.colcon_core.shell:Creating package script '/home/rodrigo/dev_ws/install/sllidar_ros2/share/sllidar_ros2/package.bash'
[3.583s] INFO:colcon.colcon_core.shell:Creating package script '/home/rodrigo/dev_ws/install/sllidar_ros2/share/sllidar_ros2/package.zsh'
[3.585s] Level 1:colcon.colcon_core.environment:create_file_with_runtime_dependencies(/home/rodrigo/dev_ws/install/sllidar_ros2/share/colcon-core/packages/sllidar_ros2)
[3.587s] DEBUG:colcon.colcon_parallel_executor.executor.parallel:closing loop
[3.588s] DEBUG:colcon.colcon_parallel_executor.executor.parallel:loop closed
[3.589s] DEBUG:colcon.colcon_parallel_executor.executor.parallel:run_until_complete finished with '0'
[3.589s] DEBUG:colcon.colcon_core.event_reactor:joining thread
[3.610s] INFO:colcon.colcon_core.plugin_system:Skipping extension 'colcon_notification.desktop_notification.terminal_notifier': Not used on non-Darwin systems
[3.611s] INFO:colcon.colcon_core.plugin_system:Skipping extension 'colcon_notification.desktop_notification.win32': Not used on non-Windows systems
[3.611s] INFO:colcon.colcon_notification.desktop_notification:Sending desktop notification using 'notify2'
[3.616s] DEBUG:colcon.colcon_notification.desktop_notification.notify2:Failed to initialize notify2: org.freedesktop.DBus.Error.ServiceUnknown: The name org.freedesktop.Notifications was not provided by any .service files
[3.617s] DEBUG:colcon.colcon_core.event_reactor:joined thread
[3.618s] INFO:colcon.colcon_core.shell:Creating prefix script '/home/rodrigo/dev_ws/install/local_setup.ps1'
[3.622s] INFO:colcon.colcon_core.shell:Creating prefix util module '/home/rodrigo/dev_ws/install/_local_setup_util_ps1.py'
[3.627s] INFO:colcon.colcon_core.shell:Creating prefix chain script '/home/rodrigo/dev_ws/install/setup.ps1'
[3.633s] INFO:colcon.colcon_core.shell:Creating prefix script '/home/rodrigo/dev_ws/install/local_setup.sh'
[3.636s] INFO:colcon.colcon_core.shell:Creating prefix util module '/home/rodrigo/dev_ws/install/_local_setup_util_sh.py'
[3.639s] INFO:colcon.colcon_core.shell:Creating prefix chain script '/home/rodrigo/dev_ws/install/setup.sh'
[3.644s] INFO:colcon.colcon_core.shell:Creating prefix script '/home/rodrigo/dev_ws/install/local_setup.bash'
[3.646s] INFO:colcon.colcon_core.shell:Creating prefix chain script '/home/rodrigo/dev_ws/install/setup.bash'
[3.652s] INFO:colcon.colcon_core.shell:Creating prefix script '/home/rodrigo/dev_ws/install/local_setup.zsh'
[3.654s] INFO:colcon.colcon_core.shell:Creating prefix chain script '/home/rodrigo/dev_ws/install/setup.zsh'
