[1.414s] Invoking command in '/home/rodrigo/dev_ws/src/robot_pkg': PYTHONPATH=/home/rodrigo/dev_ws/build/robot_pkg/prefix_override:/home/rodrigo/dev_ws/install/robot_pkg/lib/python3.10/site-packages:${PYTHONPATH} /usr/bin/python3 -W ignore:setup.py install is deprecated setup.py egg_info --egg-base ../../build/robot_pkg build --build-base /home/rodrigo/dev_ws/build/robot_pkg/build install --record /home/rodrigo/dev_ws/build/robot_pkg/install.log --single-version-externally-managed install_data
[1.959s] running egg_info
[1.961s] writing ../../build/robot_pkg/robot_pkg.egg-info/PKG-INFO
[1.964s] writing dependency_links to ../../build/robot_pkg/robot_pkg.egg-info/dependency_links.txt
[1.967s] writing entry points to ../../build/robot_pkg/robot_pkg.egg-info/entry_points.txt
[1.969s] writing requirements to ../../build/robot_pkg/robot_pkg.egg-info/requires.txt
[1.972s] writing top-level names to ../../build/robot_pkg/robot_pkg.egg-info/top_level.txt
[1.976s] reading manifest file '../../build/robot_pkg/robot_pkg.egg-info/SOURCES.txt'
[1.976s] adding license file 'LICENSE'
[1.978s] writing manifest file '../../build/robot_pkg/robot_pkg.egg-info/SOURCES.txt'
[1.978s] running build
[1.979s] running build_py
[1.979s] running install
[1.980s] running install_lib
[1.982s] running install_data
[1.982s] running install_egg_info
[1.986s] removing '/home/rodrigo/dev_ws/install/robot_pkg/lib/python3.10/site-packages/robot_pkg-0.0.0-py3.10.egg-info' (and everything under it)
[1.987s] Copying ../../build/robot_pkg/robot_pkg.egg-info to /home/rodrigo/dev_ws/install/robot_pkg/lib/python3.10/site-packages/robot_pkg-0.0.0-py3.10.egg-info
[1.988s] running install_scripts
[2.034s] writing list of installed files to '/home/rodrigo/dev_ws/build/robot_pkg/install.log'
[2.090s] Invoked command in '/home/rodrigo/dev_ws/src/robot_pkg' returned '0': PYTHONPATH=/home/rodrigo/dev_ws/build/robot_pkg/prefix_override:/home/rodrigo/dev_ws/install/robot_pkg/lib/python3.10/site-packages:${PYTHONPATH} /usr/bin/python3 -W ignore:setup.py install is deprecated setup.py egg_info --egg-base ../../build/robot_pkg build --build-base /home/rodrigo/dev_ws/build/robot_pkg/build install --record /home/rodrigo/dev_ws/build/robot_pkg/install.log --single-version-externally-managed install_data
