[0.065s] Invoking command in '/home/rodrigo/dev_ws/build/diffdrive_arduino': CMAKE_PREFIX_PATH=/home/rodrigo/dev_ws/install/serial:/home/rodrigo/dev_ws/install/diffdrive_arduino:/home/rodrigo/dev_ws/install/sllidar_ros2:/home/rodrigo/dev_ws/install/robot_pkg:/opt/ros/humble /usr/bin/cmake --build /home/rodrigo/dev_ws/build/diffdrive_arduino -- -j4 -l4
[0.331s] [35m[1mConsolidate compiler generated dependencies of target diffdrive_arduino[0m
[0.331s] [35m[1mConsolidate compiler generated dependencies of target fake_robot[0m
[0.467s] [ 42%] Built target fake_robot
[0.477s] [100%] Built target diffdrive_arduino
[0.520s] Invoked command in '/home/rodrigo/dev_ws/build/diffdrive_arduino' returned '0': CMAKE_PREFIX_PATH=/home/rodrigo/dev_ws/install/serial:/home/rodrigo/dev_ws/install/diffdrive_arduino:/home/rodrigo/dev_ws/install/sllidar_ros2:/home/rodrigo/dev_ws/install/robot_pkg:/opt/ros/humble /usr/bin/cmake --build /home/rodrigo/dev_ws/build/diffdrive_arduino -- -j4 -l4
[0.704s] Invoking command in '/home/rodrigo/dev_ws/build/diffdrive_arduino': CMAKE_PREFIX_PATH=/home/rodrigo/dev_ws/install/serial:/home/rodrigo/dev_ws/install/diffdrive_arduino:/home/rodrigo/dev_ws/install/sllidar_ros2:/home/rodrigo/dev_ws/install/robot_pkg:/opt/ros/humble /usr/bin/cmake --install /home/rodrigo/dev_ws/build/diffdrive_arduino
[0.732s] -- Install configuration: ""
[0.734s] -- Execute custom install script
[0.735s] -- Up-to-date symlink: /home/rodrigo/dev_ws/install/diffdrive_arduino/share/diffdrive_arduino//robot_hardware.xml
[0.736s] -- Up-to-date symlink: /home/rodrigo/dev_ws/install/diffdrive_arduino/share/diffdrive_arduino//fake_robot_hardware.xml
[0.737s] -- Up-to-date symlink: /home/rodrigo/dev_ws/install/diffdrive_arduino/lib/libdiffdrive_arduino.so
[0.738s] -- Up-to-date symlink: /home/rodrigo/dev_ws/install/diffdrive_arduino/lib/libfake_robot.so
[0.740s] -- Up-to-date symlink: /home/rodrigo/dev_ws/install/diffdrive_arduino/share/diffdrive_arduino/controllers/robot_controller_example.yaml
[0.741s] -- Symlinking: /home/rodrigo/dev_ws/install/diffdrive_arduino/share/diffdrive_arduino/__pycache__/test_robot.launch.cpython-310.pyc
[0.775s] -- Up-to-date symlink: /home/rodrigo/dev_ws/install/diffdrive_arduino/share/diffdrive_arduino/fake_robot.launch.py
[0.776s] -- Up-to-date symlink: /home/rodrigo/dev_ws/install/diffdrive_arduino/share/diffdrive_arduino/test_robot.launch.py
[0.777s] -- Up-to-date symlink: /home/rodrigo/dev_ws/install/diffdrive_arduino/share/diffdrive_arduino/environment/library_path.sh
[0.778s] -- Up-to-date symlink: /home/rodrigo/dev_ws/install/diffdrive_arduino/share/diffdrive_arduino/environment/library_path.dsv
[0.779s] -- Up-to-date symlink: /home/rodrigo/dev_ws/install/diffdrive_arduino/share/ament_index/resource_index/package_run_dependencies/diffdrive_arduino
[0.780s] -- Up-to-date symlink: /home/rodrigo/dev_ws/install/diffdrive_arduino/share/ament_index/resource_index/parent_prefix_path/diffdrive_arduino
[0.781s] -- Up-to-date symlink: /home/rodrigo/dev_ws/install/diffdrive_arduino/share/diffdrive_arduino/environment/ament_prefix_path.sh
[0.782s] -- Up-to-date symlink: /home/rodrigo/dev_ws/install/diffdrive_arduino/share/diffdrive_arduino/environment/ament_prefix_path.dsv
[0.783s] -- Up-to-date symlink: /home/rodrigo/dev_ws/install/diffdrive_arduino/share/diffdrive_arduino/environment/path.sh
[0.784s] -- Up-to-date symlink: /home/rodrigo/dev_ws/install/diffdrive_arduino/share/diffdrive_arduino/environment/path.dsv
[0.785s] -- Up-to-date symlink: /home/rodrigo/dev_ws/install/diffdrive_arduino/share/diffdrive_arduino/local_setup.bash
[0.786s] -- Up-to-date symlink: /home/rodrigo/dev_ws/install/diffdrive_arduino/share/diffdrive_arduino/local_setup.sh
[0.787s] -- Up-to-date symlink: /home/rodrigo/dev_ws/install/diffdrive_arduino/share/diffdrive_arduino/local_setup.zsh
[0.788s] -- Up-to-date symlink: /home/rodrigo/dev_ws/install/diffdrive_arduino/share/diffdrive_arduino/local_setup.dsv
[0.788s] -- Symlinking: /home/rodrigo/dev_ws/install/diffdrive_arduino/share/diffdrive_arduino/package.dsv
[0.824s] -- Up-to-date symlink: /home/rodrigo/dev_ws/install/diffdrive_arduino/share/ament_index/resource_index/packages/diffdrive_arduino
[0.825s] -- Up-to-date symlink: /home/rodrigo/dev_ws/install/diffdrive_arduino/share/ament_index/resource_index/hardware_interface__pluginlib__plugin/diffdrive_arduino
[0.826s] -- Up-to-date symlink: /home/rodrigo/dev_ws/install/diffdrive_arduino/share/diffdrive_arduino/cmake/ament_cmake_export_libraries-extras.cmake
[0.828s] -- Up-to-date symlink: /home/rodrigo/dev_ws/install/diffdrive_arduino/share/diffdrive_arduino/cmake/ament_cmake_export_dependencies-extras.cmake
[0.828s] -- Up-to-date symlink: /home/rodrigo/dev_ws/install/diffdrive_arduino/share/diffdrive_arduino/cmake/diffdrive_arduinoConfig.cmake
[0.829s] -- Up-to-date symlink: /home/rodrigo/dev_ws/install/diffdrive_arduino/share/diffdrive_arduino/cmake/diffdrive_arduinoConfig-version.cmake
[0.830s] -- Up-to-date symlink: /home/rodrigo/dev_ws/install/diffdrive_arduino/share/diffdrive_arduino/package.xml
[0.842s] Invoked command in '/home/rodrigo/dev_ws/build/diffdrive_arduino' returned '0': CMAKE_PREFIX_PATH=/home/rodrigo/dev_ws/install/serial:/home/rodrigo/dev_ws/install/diffdrive_arduino:/home/rodrigo/dev_ws/install/sllidar_ros2:/home/rodrigo/dev_ws/install/robot_pkg:/opt/ros/humble /usr/bin/cmake --install /home/rodrigo/dev_ws/build/diffdrive_arduino
