[1.599s] Invoking command in '/home/dev/dev_ws/src/robot_pkg': PYTHONPATH=/home/dev/dev_ws/build/robot_pkg/prefix_override:/home/dev/dev_ws/install/robot_pkg/lib/python3.10/site-packages:${PYTHONPATH} /usr/bin/python3 -W ignore:setup.py install is deprecated setup.py egg_info --egg-base ../../build/robot_pkg build --build-base /home/dev/dev_ws/build/robot_pkg/build install --record /home/dev/dev_ws/build/robot_pkg/install.log --single-version-externally-managed install_data
[2.151s] running egg_info
[2.156s] writing ../../build/robot_pkg/robot_pkg.egg-info/PKG-INFO
[2.158s] writing dependency_links to ../../build/robot_pkg/robot_pkg.egg-info/dependency_links.txt
[2.160s] writing entry points to ../../build/robot_pkg/robot_pkg.egg-info/entry_points.txt
[2.162s] writing requirements to ../../build/robot_pkg/robot_pkg.egg-info/requires.txt
[2.164s] writing top-level names to ../../build/robot_pkg/robot_pkg.egg-info/top_level.txt
[2.173s] reading manifest file '../../build/robot_pkg/robot_pkg.egg-info/SOURCES.txt'
[2.176s] adding license file 'LICENSE'
[2.181s] writing manifest file '../../build/robot_pkg/robot_pkg.egg-info/SOURCES.txt'
[2.183s] running build
[2.183s] running build_py
[2.187s] running install
[2.189s] running install_lib
[2.193s] running install_data
[2.194s] copying launch/display.launch.py -> /home/dev/dev_ws/install/robot_pkg/share/robot_pkg/launch
[2.195s] running install_egg_info
[2.202s] removing '/home/dev/dev_ws/install/robot_pkg/lib/python3.10/site-packages/robot_pkg-0.0.0-py3.10.egg-info' (and everything under it)
[2.203s] Copying ../../build/robot_pkg/robot_pkg.egg-info to /home/dev/dev_ws/install/robot_pkg/lib/python3.10/site-packages/robot_pkg-0.0.0-py3.10.egg-info
[2.206s] running install_scripts
[2.279s] writing list of installed files to '/home/dev/dev_ws/build/robot_pkg/install.log'
[2.334s] Invoked command in '/home/dev/dev_ws/src/robot_pkg' returned '0': PYTHONPATH=/home/dev/dev_ws/build/robot_pkg/prefix_override:/home/dev/dev_ws/install/robot_pkg/lib/python3.10/site-packages:${PYTHONPATH} /usr/bin/python3 -W ignore:setup.py install is deprecated setup.py egg_info --egg-base ../../build/robot_pkg build --build-base /home/dev/dev_ws/build/robot_pkg/build install --record /home/dev/dev_ws/build/robot_pkg/install.log --single-version-externally-managed install_data
