-- Found ament_cmake: 1.3.9 (/opt/ros/humble/share/ament_cmake/cmake)
-- Override CMake install command with custom implementation using symlinks instead of copying resources
-- Found ament_lint_auto: 0.12.11 (/opt/ros/humble/share/ament_lint_auto/cmake)
-- Added test 'flake8' to check Python code syntax and style conventions
-- Added test 'lint_cmake' to check CMake code style
-- Added test 'pep257' to check Python code against some of the docstring style conventions in PEP 257
-- Added test 'xmllint' to check XML markup files
-- Configuring done
-- Generating done
-- Build files have been written to: /home/dev-pc/dev_ws/build/robot_pkg
-- Install configuration: ""
-- Execute custom install script
-- Up-to-date symlink: /home/dev-pc/dev_ws/install/robot_pkg/share/robot_pkg/launch/display.launch.py
-- Up-to-date symlink: /home/dev-pc/dev_ws/install/robot_pkg/share/robot_pkg/launch/gazebo.launch.py
-- Up-to-date symlink: /home/dev-pc/dev_ws/install/robot_pkg/share/robot_pkg/urdf/TTR01.urdf.xacro
-- Up-to-date symlink: /home/dev-pc/dev_ws/install/robot_pkg/share/robot_pkg/urdf/gazebo_setup.xacro
-- Up-to-date symlink: /home/dev-pc/dev_ws/install/robot_pkg/share/robot_pkg/urdf/robot_parameters.xacro
-- Symlinking: /home/dev-pc/dev_ws/install/robot_pkg/share/robot_pkg/config/default_robot.rviz
-- Up-to-date symlink: /home/dev-pc/dev_ws/install/robot_pkg/share/ament_index/resource_index/package_run_dependencies/robot_pkg
-- Up-to-date symlink: /home/dev-pc/dev_ws/install/robot_pkg/share/ament_index/resource_index/parent_prefix_path/robot_pkg
-- Up-to-date symlink: /home/dev-pc/dev_ws/install/robot_pkg/share/robot_pkg/environment/ament_prefix_path.sh
-- Up-to-date symlink: /home/dev-pc/dev_ws/install/robot_pkg/share/robot_pkg/environment/ament_prefix_path.dsv
-- Up-to-date symlink: /home/dev-pc/dev_ws/install/robot_pkg/share/robot_pkg/environment/path.sh
-- Up-to-date symlink: /home/dev-pc/dev_ws/install/robot_pkg/share/robot_pkg/environment/path.dsv
-- Up-to-date symlink: /home/dev-pc/dev_ws/install/robot_pkg/share/robot_pkg/local_setup.bash
-- Up-to-date symlink: /home/dev-pc/dev_ws/install/robot_pkg/share/robot_pkg/local_setup.sh
-- Up-to-date symlink: /home/dev-pc/dev_ws/install/robot_pkg/share/robot_pkg/local_setup.zsh
-- Up-to-date symlink: /home/dev-pc/dev_ws/install/robot_pkg/share/robot_pkg/local_setup.dsv
-- Symlinking: /home/dev-pc/dev_ws/install/robot_pkg/share/robot_pkg/package.dsv
-- Up-to-date symlink: /home/dev-pc/dev_ws/install/robot_pkg/share/ament_index/resource_index/packages/robot_pkg
-- Up-to-date symlink: /home/dev-pc/dev_ws/install/robot_pkg/share/robot_pkg/cmake/robot_pkgConfig.cmake
-- Up-to-date symlink: /home/dev-pc/dev_ws/install/robot_pkg/share/robot_pkg/cmake/robot_pkgConfig-version.cmake
-- Up-to-date symlink: /home/dev-pc/dev_ws/install/robot_pkg/share/robot_pkg/package.xml
