[0.441s] Invoking command in '/home/ttrxx/TTRXX_WS/build/robot_pkg': PYTHONPATH=/home/ttrxx/TTRXX_WS/build/robot_pkg/prefix_override:/home/ttrxx/TTRXX_WS/install/robot_pkg/lib/python3.10/site-packages:${PYTHONPATH} /usr/bin/python3 -W ignore:setup.py install is deprecated setup.py develop --uninstall --editable --build-directory /home/ttrxx/TTRXX_WS/build/robot_pkg/build
[0.619s] running develop
[0.619s] /usr/lib/python3/dist-packages/setuptools/command/easy_install.py:158: EasyInstallDeprecationWarning: easy_install command is deprecated. Use build and pip and other standards-based tools.
[0.619s]   warnings.warn(
[0.722s] Removing /home/ttrxx/TTRXX_WS/install/robot_pkg/lib/python3.10/site-packages/robot-pkg.egg-link (link to .)
[0.746s] Invoked command in '/home/ttrxx/TTRXX_WS/build/robot_pkg' returned '0': PYTHONPATH=/home/ttrxx/TTRXX_WS/build/robot_pkg/prefix_override:/home/ttrxx/TTRXX_WS/install/robot_pkg/lib/python3.10/site-packages:${PYTHONPATH} /usr/bin/python3 -W ignore:setup.py install is deprecated setup.py develop --uninstall --editable --build-directory /home/ttrxx/TTRXX_WS/build/robot_pkg/build
[0.749s] Invoking command in '/home/ttrxx/TTRXX_WS/src/robot_pkg': PYTHONPATH=/home/ttrxx/TTRXX_WS/build/robot_pkg/prefix_override:/home/ttrxx/TTRXX_WS/install/robot_pkg/lib/python3.10/site-packages:${PYTHONPATH} /usr/bin/python3 -W ignore:setup.py install is deprecated setup.py egg_info --egg-base ../../build/robot_pkg build --build-base /home/ttrxx/TTRXX_WS/build/robot_pkg/build install --record /home/ttrxx/TTRXX_WS/build/robot_pkg/install.log --single-version-externally-managed install_data --force
[0.913s] running egg_info
[0.916s] writing ../../build/robot_pkg/robot_pkg.egg-info/PKG-INFO
[0.916s] writing dependency_links to ../../build/robot_pkg/robot_pkg.egg-info/dependency_links.txt
[0.916s] writing entry points to ../../build/robot_pkg/robot_pkg.egg-info/entry_points.txt
[0.917s] writing requirements to ../../build/robot_pkg/robot_pkg.egg-info/requires.txt
[0.917s] writing top-level names to ../../build/robot_pkg/robot_pkg.egg-info/top_level.txt
[0.921s] reading manifest file '../../build/robot_pkg/robot_pkg.egg-info/SOURCES.txt'
[0.922s] adding license file 'LICENSE'
[0.922s] writing manifest file '../../build/robot_pkg/robot_pkg.egg-info/SOURCES.txt'
[0.922s] running build
[0.922s] running build_py
[0.922s] creating /home/ttrxx/TTRXX_WS/build/robot_pkg/build
[0.922s] creating /home/ttrxx/TTRXX_WS/build/robot_pkg/build/lib
[0.922s] creating /home/ttrxx/TTRXX_WS/build/robot_pkg/build/lib/robot_pkg
[0.922s] copying robot_pkg/__init__.py -> /home/ttrxx/TTRXX_WS/build/robot_pkg/build/lib/robot_pkg
[0.922s] running install
[0.922s] running install_lib
[0.924s] creating /home/ttrxx/TTRXX_WS/install/robot_pkg/lib/python3.10/site-packages/robot_pkg
[0.924s] copying /home/ttrxx/TTRXX_WS/build/robot_pkg/build/lib/robot_pkg/__init__.py -> /home/ttrxx/TTRXX_WS/install/robot_pkg/lib/python3.10/site-packages/robot_pkg
[0.926s] byte-compiling /home/ttrxx/TTRXX_WS/install/robot_pkg/lib/python3.10/site-packages/robot_pkg/__init__.py to __init__.cpython-310.pyc
[0.927s] running install_data
[0.927s] copying resource/robot_pkg -> /home/ttrxx/TTRXX_WS/install/robot_pkg/share/ament_index/resource_index/packages
[0.927s] copying package.xml -> /home/ttrxx/TTRXX_WS/install/robot_pkg/share/robot_pkg
[0.927s] copying urdf/gazebo_setup.xacro -> /home/ttrxx/TTRXX_WS/install/robot_pkg/share/robot_pkg/urdf
[0.927s] copying urdf/TTR01.urdf.xacro -> /home/ttrxx/TTRXX_WS/install/robot_pkg/share/robot_pkg/urdf
[0.928s] copying launch/display.launch.py -> /home/ttrxx/TTRXX_WS/install/robot_pkg/share/robot_pkg/launch
[0.928s] copying launch/gazebo.launch.py -> /home/ttrxx/TTRXX_WS/install/robot_pkg/share/robot_pkg/launch
[0.928s] copying meshes/U_wheel_2_link.STL -> /home/ttrxx/TTRXX_WS/install/robot_pkg/share/robot_pkg/meshes
[0.928s] copying meshes/U_wheel_1_link.STL -> /home/ttrxx/TTRXX_WS/install/robot_pkg/share/robot_pkg/meshes
[0.929s] copying meshes/U_base_wheel_2_link.STL -> /home/ttrxx/TTRXX_WS/install/robot_pkg/share/robot_pkg/meshes
[0.929s] copying meshes/Support_B_link.STL -> /home/ttrxx/TTRXX_WS/install/robot_pkg/share/robot_pkg/meshes
[0.934s] copying meshes/Support_A_link.STL -> /home/ttrxx/TTRXX_WS/install/robot_pkg/share/robot_pkg/meshes
[0.936s] copying meshes/base_link.STL -> /home/ttrxx/TTRXX_WS/install/robot_pkg/share/robot_pkg/meshes
[0.938s] copying meshes/L_wheel_link.STL -> /home/ttrxx/TTRXX_WS/install/robot_pkg/share/robot_pkg/meshes
[0.941s] copying meshes/M_base_link.STL -> /home/ttrxx/TTRXX_WS/install/robot_pkg/share/robot_pkg/meshes
[0.942s] copying meshes/T_base_link.STL -> /home/ttrxx/TTRXX_WS/install/robot_pkg/share/robot_pkg/meshes
[0.942s] copying meshes/U_base_wheel_1_link.STL -> /home/ttrxx/TTRXX_WS/install/robot_pkg/share/robot_pkg/meshes
[0.942s] copying meshes/R_wheel_link.STL -> /home/ttrxx/TTRXX_WS/install/robot_pkg/share/robot_pkg/meshes
[0.945s] running install_egg_info
[0.947s] Copying ../../build/robot_pkg/robot_pkg.egg-info to /home/ttrxx/TTRXX_WS/install/robot_pkg/lib/python3.10/site-packages/robot_pkg-0.0.0-py3.10.egg-info
[0.948s] running install_scripts
[0.967s] writing list of installed files to '/home/ttrxx/TTRXX_WS/build/robot_pkg/install.log'
[0.989s] Invoked command in '/home/ttrxx/TTRXX_WS/src/robot_pkg' returned '0': PYTHONPATH=/home/ttrxx/TTRXX_WS/build/robot_pkg/prefix_override:/home/ttrxx/TTRXX_WS/install/robot_pkg/lib/python3.10/site-packages:${PYTHONPATH} /usr/bin/python3 -W ignore:setup.py install is deprecated setup.py egg_info --egg-base ../../build/robot_pkg build --build-base /home/ttrxx/TTRXX_WS/build/robot_pkg/build install --record /home/ttrxx/TTRXX_WS/build/robot_pkg/install.log --single-version-externally-managed install_data --force
