[0.083s] Invoking command in '/home/rodrigo/dev_ws/build/robot_pkg': CMAKE_PREFIX_PATH=${CMAKE_PREFIX_PATH}:/opt/ros/humble /usr/bin/cmake /home/rodrigo/dev_ws/src/robot_pkg -DAMENT_CMAKE_SYMLINK_INSTALL=1 -DCMAKE_INSTALL_PREFIX=/home/rodrigo/dev_ws/install/robot_pkg
[0.458s] -- The C compiler identification is GNU 11.4.0
[0.839s] -- The CXX compiler identification is GNU 11.4.0
[0.904s] -- Detecting C compiler ABI info
[1.404s] -- Detecting C compiler ABI info - done
[1.433s] -- Check for working C compiler: /usr/bin/cc - skipped
[1.441s] -- Detecting C compile features
[1.443s] -- Detecting C compile features - done
[1.464s] -- Detecting CXX compiler ABI info
[2.066s] -- Detecting CXX compiler ABI info - done
[2.099s] -- Check for working CXX compiler: /usr/bin/c++ - skipped
[2.100s] -- Detecting CXX compile features
[2.102s] -- Detecting CXX compile features - done
[2.130s] -- Found ament_cmake: 1.3.9 (/opt/ros/humble/share/ament_cmake/cmake)
[3.315s] -- Found Python3: /usr/bin/python3 (found version "3.10.12") found components: Interpreter 
[3.755s] -- Override CMake install command with custom implementation using symlinks instead of copying resources
[4.072s] -- Found ament_lint_auto: 0.12.11 (/opt/ros/humble/share/ament_lint_auto/cmake)
[4.707s] -- Added test 'flake8' to check Python code syntax and style conventions
[4.714s] -- Added test 'lint_cmake' to check CMake code style
[4.718s] -- Added test 'pep257' to check Python code against some of the docstring style conventions in PEP 257
[4.735s] -- Added test 'xmllint' to check XML markup files
[4.750s] -- Configuring done
[4.774s] -- Generating done
[4.781s] -- Build files have been written to: /home/rodrigo/dev_ws/build/robot_pkg
[4.813s] Invoked command in '/home/rodrigo/dev_ws/build/robot_pkg' returned '0': CMAKE_PREFIX_PATH=${CMAKE_PREFIX_PATH}:/opt/ros/humble /usr/bin/cmake /home/rodrigo/dev_ws/src/robot_pkg -DAMENT_CMAKE_SYMLINK_INSTALL=1 -DCMAKE_INSTALL_PREFIX=/home/rodrigo/dev_ws/install/robot_pkg
[4.816s] Invoking command in '/home/rodrigo/dev_ws/build/robot_pkg': CMAKE_PREFIX_PATH=${CMAKE_PREFIX_PATH}:/opt/ros/humble /usr/bin/cmake --build /home/rodrigo/dev_ws/build/robot_pkg -- -j4 -l4
[5.049s] Invoked command in '/home/rodrigo/dev_ws/build/robot_pkg' returned '0': CMAKE_PREFIX_PATH=${CMAKE_PREFIX_PATH}:/opt/ros/humble /usr/bin/cmake --build /home/rodrigo/dev_ws/build/robot_pkg -- -j4 -l4
[5.281s] Invoking command in '/home/rodrigo/dev_ws/build/robot_pkg': CMAKE_PREFIX_PATH=${CMAKE_PREFIX_PATH}:/opt/ros/humble /usr/bin/cmake --install /home/rodrigo/dev_ws/build/robot_pkg
[5.351s] -- Install configuration: ""
[5.356s] -- Execute custom install script
[5.364s] -- Symlinking: /home/rodrigo/dev_ws/install/robot_pkg/share/robot_pkg/launch/camera.launch.py
[5.410s] -- Symlinking: /home/rodrigo/dev_ws/install/robot_pkg/share/robot_pkg/launch/display.launch.py
[5.456s] -- Symlinking: /home/rodrigo/dev_ws/install/robot_pkg/share/robot_pkg/launch/gazebo.launch.py
[5.517s] -- Symlinking: /home/rodrigo/dev_ws/install/robot_pkg/share/robot_pkg/launch/lidar.launch.py
[5.577s] -- Symlinking: /home/rodrigo/dev_ws/install/robot_pkg/share/robot_pkg/urdf/TTR01.urdf.xacro
[5.639s] -- Symlinking: /home/rodrigo/dev_ws/install/robot_pkg/share/robot_pkg/urdf/camera.xacro
[5.705s] -- Symlinking: /home/rodrigo/dev_ws/install/robot_pkg/share/robot_pkg/urdf/gazebo_control.xacro
[5.756s] -- Symlinking: /home/rodrigo/dev_ws/install/robot_pkg/share/robot_pkg/urdf/gazebo_setup.xacro
[5.795s] -- Symlinking: /home/rodrigo/dev_ws/install/robot_pkg/share/robot_pkg/urdf/lidar.xacro
[5.836s] -- Symlinking: /home/rodrigo/dev_ws/install/robot_pkg/share/robot_pkg/urdf/robot.xacro
[5.928s] -- Symlinking: /home/rodrigo/dev_ws/install/robot_pkg/share/robot_pkg/urdf/robot_parameters.xacro
[6.021s] -- Symlinking: /home/rodrigo/dev_ws/install/robot_pkg/share/robot_pkg/urdf/ros2_control.xacro
[6.127s] -- Symlinking: /home/rodrigo/dev_ws/install/robot_pkg/share/robot_pkg/config/controllers.yaml
[6.186s] -- Symlinking: /home/rodrigo/dev_ws/install/robot_pkg/share/robot_pkg/rviz2/default_robot.rviz
[6.252s] -- Symlinking: /home/rodrigo/dev_ws/install/robot_pkg/share/ament_index/resource_index/package_run_dependencies/robot_pkg
[6.326s] -- Symlinking: /home/rodrigo/dev_ws/install/robot_pkg/share/ament_index/resource_index/parent_prefix_path/robot_pkg
[6.408s] -- Symlinking: /home/rodrigo/dev_ws/install/robot_pkg/share/robot_pkg/environment/ament_prefix_path.sh
[6.491s] -- Symlinking: /home/rodrigo/dev_ws/install/robot_pkg/share/robot_pkg/environment/ament_prefix_path.dsv
[6.622s] -- Symlinking: /home/rodrigo/dev_ws/install/robot_pkg/share/robot_pkg/environment/path.sh
[6.771s] -- Symlinking: /home/rodrigo/dev_ws/install/robot_pkg/share/robot_pkg/environment/path.dsv
[6.871s] -- Symlinking: /home/rodrigo/dev_ws/install/robot_pkg/share/robot_pkg/local_setup.bash
[6.981s] -- Symlinking: /home/rodrigo/dev_ws/install/robot_pkg/share/robot_pkg/local_setup.sh
[7.095s] -- Symlinking: /home/rodrigo/dev_ws/install/robot_pkg/share/robot_pkg/local_setup.zsh
[7.210s] -- Symlinking: /home/rodrigo/dev_ws/install/robot_pkg/share/robot_pkg/local_setup.dsv
[7.284s] -- Symlinking: /home/rodrigo/dev_ws/install/robot_pkg/share/robot_pkg/package.dsv
[7.412s] -- Symlinking: /home/rodrigo/dev_ws/install/robot_pkg/share/ament_index/resource_index/packages/robot_pkg
[7.522s] -- Symlinking: /home/rodrigo/dev_ws/install/robot_pkg/share/robot_pkg/cmake/robot_pkgConfig.cmake
[7.699s] -- Symlinking: /home/rodrigo/dev_ws/install/robot_pkg/share/robot_pkg/cmake/robot_pkgConfig-version.cmake
[7.829s] -- Symlinking: /home/rodrigo/dev_ws/install/robot_pkg/share/robot_pkg/package.xml
[7.984s] Invoked command in '/home/rodrigo/dev_ws/build/robot_pkg' returned '0': CMAKE_PREFIX_PATH=${CMAKE_PREFIX_PATH}:/opt/ros/humble /usr/bin/cmake --install /home/rodrigo/dev_ws/build/robot_pkg
