[1.515s] Invoking command in '/home/ttrxx/TTRXX_WS/build/robot_pkg': PYTHONPATH=/home/ttrxx/TTRXX_WS/build/robot_pkg/prefix_override:/home/ttrxx/TTRXX_WS/install/robot_pkg/lib/python3.10/site-packages:${PYTHONPATH} /usr/bin/python3 -W ignore:setup.py install is deprecated setup.py develop --editable --build-directory /home/ttrxx/TTRXX_WS/build/robot_pkg/build --no-deps symlink_data
[2.270s] running develop
[2.270s] /usr/lib/python3/dist-packages/setuptools/command/easy_install.py:158: EasyInstallDeprecationWarning: easy_install command is deprecated. Use build and pip and other standards-based tools.
[2.271s]   warnings.warn(
[2.750s] running egg_info
[2.751s] creating robot_pkg.egg-info
[2.751s] writing robot_pkg.egg-info/PKG-INFO
[2.752s] writing dependency_links to robot_pkg.egg-info/dependency_links.txt
[2.752s] writing entry points to robot_pkg.egg-info/entry_points.txt
[2.756s] writing requirements to robot_pkg.egg-info/requires.txt
[2.756s] writing top-level names to robot_pkg.egg-info/top_level.txt
[2.757s] writing manifest file 'robot_pkg.egg-info/SOURCES.txt'
[2.758s] reading manifest file 'robot_pkg.egg-info/SOURCES.txt'
[2.762s] writing manifest file 'robot_pkg.egg-info/SOURCES.txt'
[2.768s] running build_ext
[2.769s] Creating /home/ttrxx/TTRXX_WS/install/robot_pkg/lib/python3.10/site-packages/robot-pkg.egg-link (link to .)
[2.772s] 
[2.772s] Installed /home/ttrxx/TTRXX_WS/build/robot_pkg
[2.773s] running symlink_data
[2.773s] creating /home/ttrxx/TTRXX_WS/install/robot_pkg/share/ament_index
[2.774s] creating /home/ttrxx/TTRXX_WS/install/robot_pkg/share/ament_index/resource_index
[2.774s] creating /home/ttrxx/TTRXX_WS/install/robot_pkg/share/ament_index/resource_index/packages
[2.775s] symbolically linking /home/ttrxx/TTRXX_WS/build/robot_pkg/resource/robot_pkg -> /home/ttrxx/TTRXX_WS/install/robot_pkg/share/ament_index/resource_index/packages
[2.776s] symbolically linking /home/ttrxx/TTRXX_WS/build/robot_pkg/package.xml -> /home/ttrxx/TTRXX_WS/install/robot_pkg/share/robot_pkg
[2.777s] creating /home/ttrxx/TTRXX_WS/install/robot_pkg/share/robot_pkg/urdf
[2.779s] symbolically linking /home/ttrxx/TTRXX_WS/build/robot_pkg/urdf/TTR01.urdf.xacro -> /home/ttrxx/TTRXX_WS/install/robot_pkg/share/robot_pkg/urdf
[2.779s] creating /home/ttrxx/TTRXX_WS/install/robot_pkg/share/robot_pkg/launch
[2.779s] symbolically linking /home/ttrxx/TTRXX_WS/build/robot_pkg/launch/display.launch.py -> /home/ttrxx/TTRXX_WS/install/robot_pkg/share/robot_pkg/launch
[2.779s] creating /home/ttrxx/TTRXX_WS/install/robot_pkg/share/robot_pkg/meshes
[2.780s] symbolically linking /home/ttrxx/TTRXX_WS/build/robot_pkg/meshes/U_wheel_2_link.STL -> /home/ttrxx/TTRXX_WS/install/robot_pkg/share/robot_pkg/meshes
[2.780s] symbolically linking /home/ttrxx/TTRXX_WS/build/robot_pkg/meshes/U_wheel_1_link.STL -> /home/ttrxx/TTRXX_WS/install/robot_pkg/share/robot_pkg/meshes
[2.780s] symbolically linking /home/ttrxx/TTRXX_WS/build/robot_pkg/meshes/U_base_wheel_2_link.STL -> /home/ttrxx/TTRXX_WS/install/robot_pkg/share/robot_pkg/meshes
[2.780s] symbolically linking /home/ttrxx/TTRXX_WS/build/robot_pkg/meshes/Support_B_link.STL -> /home/ttrxx/TTRXX_WS/install/robot_pkg/share/robot_pkg/meshes
[2.781s] symbolically linking /home/ttrxx/TTRXX_WS/build/robot_pkg/meshes/Support_A_link.STL -> /home/ttrxx/TTRXX_WS/install/robot_pkg/share/robot_pkg/meshes
[2.781s] symbolically linking /home/ttrxx/TTRXX_WS/build/robot_pkg/meshes/base_link.STL -> /home/ttrxx/TTRXX_WS/install/robot_pkg/share/robot_pkg/meshes
[2.781s] symbolically linking /home/ttrxx/TTRXX_WS/build/robot_pkg/meshes/L_wheel_link.STL -> /home/ttrxx/TTRXX_WS/install/robot_pkg/share/robot_pkg/meshes
[2.781s] symbolically linking /home/ttrxx/TTRXX_WS/build/robot_pkg/meshes/M_base_link.STL -> /home/ttrxx/TTRXX_WS/install/robot_pkg/share/robot_pkg/meshes
[2.782s] symbolically linking /home/ttrxx/TTRXX_WS/build/robot_pkg/meshes/T_base_link.STL -> /home/ttrxx/TTRXX_WS/install/robot_pkg/share/robot_pkg/meshes
[2.782s] symbolically linking /home/ttrxx/TTRXX_WS/build/robot_pkg/meshes/U_base_wheel_1_link.STL -> /home/ttrxx/TTRXX_WS/install/robot_pkg/share/robot_pkg/meshes
[2.782s] symbolically linking /home/ttrxx/TTRXX_WS/build/robot_pkg/meshes/R_wheel_link.STL -> /home/ttrxx/TTRXX_WS/install/robot_pkg/share/robot_pkg/meshes
[2.854s] Invoked command in '/home/ttrxx/TTRXX_WS/build/robot_pkg' returned '0': PYTHONPATH=/home/ttrxx/TTRXX_WS/build/robot_pkg/prefix_override:/home/ttrxx/TTRXX_WS/install/robot_pkg/lib/python3.10/site-packages:${PYTHONPATH} /usr/bin/python3 -W ignore:setup.py install is deprecated setup.py develop --editable --build-directory /home/ttrxx/TTRXX_WS/build/robot_pkg/build --no-deps symlink_data
