[0.374s] Invoking command in '/home/dev-pc/tesis/dev_ws/build/robot_pkg': PYTHONPATH=/home/dev-pc/tesis/dev_ws/build/robot_pkg/prefix_override:/home/dev-pc/tesis/dev_ws/install/robot_pkg/lib/python3.10/site-packages:${PYTHONPATH} /usr/bin/python3 -W ignore:setup.py install is deprecated setup.py develop --uninstall --editable --build-directory /home/dev-pc/tesis/dev_ws/build/robot_pkg/build
[0.540s] running develop
[0.541s] /usr/lib/python3/dist-packages/setuptools/command/easy_install.py:158: EasyInstallDeprecationWarning: easy_install command is deprecated. Use build and pip and other standards-based tools.
[0.541s]   warnings.warn(
[0.631s] Removing /home/dev-pc/tesis/dev_ws/install/robot_pkg/lib/python3.10/site-packages/robot-pkg.egg-link (link to .)
[0.656s] Invoked command in '/home/dev-pc/tesis/dev_ws/build/robot_pkg' returned '0': PYTHONPATH=/home/dev-pc/tesis/dev_ws/build/robot_pkg/prefix_override:/home/dev-pc/tesis/dev_ws/install/robot_pkg/lib/python3.10/site-packages:${PYTHONPATH} /usr/bin/python3 -W ignore:setup.py install is deprecated setup.py develop --uninstall --editable --build-directory /home/dev-pc/tesis/dev_ws/build/robot_pkg/build
[0.656s] Invoking command in '/home/dev-pc/tesis/dev_ws/src/robot_pkg': PYTHONPATH=/home/dev-pc/tesis/dev_ws/build/robot_pkg/prefix_override:/home/dev-pc/tesis/dev_ws/install/robot_pkg/lib/python3.10/site-packages:${PYTHONPATH} /usr/bin/python3 -W ignore:setup.py install is deprecated setup.py egg_info --egg-base ../../build/robot_pkg build --build-base /home/dev-pc/tesis/dev_ws/build/robot_pkg/build install --record /home/dev-pc/tesis/dev_ws/build/robot_pkg/install.log --single-version-externally-managed install_data --force
[0.802s] running egg_info
[0.803s] writing ../../build/robot_pkg/robot_pkg.egg-info/PKG-INFO
[0.803s] writing dependency_links to ../../build/robot_pkg/robot_pkg.egg-info/dependency_links.txt
[0.803s] writing entry points to ../../build/robot_pkg/robot_pkg.egg-info/entry_points.txt
[0.803s] writing requirements to ../../build/robot_pkg/robot_pkg.egg-info/requires.txt
[0.803s] writing top-level names to ../../build/robot_pkg/robot_pkg.egg-info/top_level.txt
[0.804s] reading manifest file '../../build/robot_pkg/robot_pkg.egg-info/SOURCES.txt'
[0.804s] adding license file 'LICENSE'
[0.805s] writing manifest file '../../build/robot_pkg/robot_pkg.egg-info/SOURCES.txt'
[0.805s] running build
[0.805s] running build_py
[0.805s] creating /home/dev-pc/tesis/dev_ws/build/robot_pkg/build
[0.805s] creating /home/dev-pc/tesis/dev_ws/build/robot_pkg/build/lib
[0.805s] creating /home/dev-pc/tesis/dev_ws/build/robot_pkg/build/lib/robot_pkg
[0.805s] copying robot_pkg/__init__.py -> /home/dev-pc/tesis/dev_ws/build/robot_pkg/build/lib/robot_pkg
[0.806s] running install
[0.806s] running install_lib
[0.806s] creating /home/dev-pc/tesis/dev_ws/install/robot_pkg/lib/python3.10/site-packages/robot_pkg
[0.806s] copying /home/dev-pc/tesis/dev_ws/build/robot_pkg/build/lib/robot_pkg/__init__.py -> /home/dev-pc/tesis/dev_ws/install/robot_pkg/lib/python3.10/site-packages/robot_pkg
[0.807s] byte-compiling /home/dev-pc/tesis/dev_ws/install/robot_pkg/lib/python3.10/site-packages/robot_pkg/__init__.py to __init__.cpython-310.pyc
[0.807s] running install_data
[0.807s] copying resource/robot_pkg -> /home/dev-pc/tesis/dev_ws/install/robot_pkg/share/ament_index/resource_index/packages
[0.807s] copying package.xml -> /home/dev-pc/tesis/dev_ws/install/robot_pkg/share/robot_pkg
[0.807s] copying urdf/TTR01.urdf.xacro -> /home/dev-pc/tesis/dev_ws/install/robot_pkg/share/robot_pkg/urdf
[0.807s] copying urdf/gazebo_setup.xacro -> /home/dev-pc/tesis/dev_ws/install/robot_pkg/share/robot_pkg/urdf
[0.807s] copying launch/gazebo.launch.py -> /home/dev-pc/tesis/dev_ws/install/robot_pkg/share/robot_pkg/launch
[0.807s] copying launch/display.launch.py -> /home/dev-pc/tesis/dev_ws/install/robot_pkg/share/robot_pkg/launch
[0.807s] copying meshes/Support_A_link.STL -> /home/dev-pc/tesis/dev_ws/install/robot_pkg/share/robot_pkg/meshes
[0.809s] copying meshes/M_base_link.STL -> /home/dev-pc/tesis/dev_ws/install/robot_pkg/share/robot_pkg/meshes
[0.809s] copying meshes/U_base_wheel_1_link.STL -> /home/dev-pc/tesis/dev_ws/install/robot_pkg/share/robot_pkg/meshes
[0.809s] copying meshes/Support_B_link.STL -> /home/dev-pc/tesis/dev_ws/install/robot_pkg/share/robot_pkg/meshes
[0.813s] copying meshes/L_wheel_link.STL -> /home/dev-pc/tesis/dev_ws/install/robot_pkg/share/robot_pkg/meshes
[0.815s] copying meshes/T_base_link.STL -> /home/dev-pc/tesis/dev_ws/install/robot_pkg/share/robot_pkg/meshes
[0.815s] copying meshes/U_wheel_2_link.STL -> /home/dev-pc/tesis/dev_ws/install/robot_pkg/share/robot_pkg/meshes
[0.815s] copying meshes/U_wheel_1_link.STL -> /home/dev-pc/tesis/dev_ws/install/robot_pkg/share/robot_pkg/meshes
[0.816s] copying meshes/U_base_wheel_2_link.STL -> /home/dev-pc/tesis/dev_ws/install/robot_pkg/share/robot_pkg/meshes
[0.816s] copying meshes/R_wheel_link.STL -> /home/dev-pc/tesis/dev_ws/install/robot_pkg/share/robot_pkg/meshes
[0.817s] copying meshes/base_link.STL -> /home/dev-pc/tesis/dev_ws/install/robot_pkg/share/robot_pkg/meshes
[0.819s] running install_egg_info
[0.820s] Copying ../../build/robot_pkg/robot_pkg.egg-info to /home/dev-pc/tesis/dev_ws/install/robot_pkg/lib/python3.10/site-packages/robot_pkg-0.0.0-py3.10.egg-info
[0.821s] running install_scripts
[0.835s] writing list of installed files to '/home/dev-pc/tesis/dev_ws/build/robot_pkg/install.log'
[0.856s] Invoked command in '/home/dev-pc/tesis/dev_ws/src/robot_pkg' returned '0': PYTHONPATH=/home/dev-pc/tesis/dev_ws/build/robot_pkg/prefix_override:/home/dev-pc/tesis/dev_ws/install/robot_pkg/lib/python3.10/site-packages:${PYTHONPATH} /usr/bin/python3 -W ignore:setup.py install is deprecated setup.py egg_info --egg-base ../../build/robot_pkg build --build-base /home/dev-pc/tesis/dev_ws/build/robot_pkg/build install --record /home/dev-pc/tesis/dev_ws/build/robot_pkg/install.log --single-version-externally-managed install_data --force
