[0.079s] Invoking command in '/home/rodrigo/dev_ws/build/serial': CMAKE_PREFIX_PATH=${CMAKE_PREFIX_PATH}:/opt/ros/humble /usr/bin/cmake /home/rodrigo/dev_ws/src/serial -DAMENT_CMAKE_SYMLINK_INSTALL=1 -DCMAKE_INSTALL_PREFIX=/home/rodrigo/dev_ws/install/serial
[0.726s] -- The C compiler identification is GNU 11.4.0
[1.105s] -- The CXX compiler identification is GNU 11.4.0
[1.167s] -- Detecting C compiler ABI info
[1.797s] -- Detecting C compiler ABI info - done
[1.824s] -- Check for working C compiler: /usr/bin/cc - skipped
[1.826s] -- Detecting C compile features
[1.831s] -- Detecting C compile features - done
[1.843s] -- Detecting CXX compiler ABI info
[2.361s] -- Detecting CXX compiler ABI info - done
[2.394s] -- Check for working CXX compiler: /usr/bin/c++ - skipped
[2.395s] -- Detecting CXX compile features
[2.398s] -- Detecting CXX compile features - done
[2.427s] -- Found ament_cmake: 1.3.9 (/opt/ros/humble/share/ament_cmake/cmake)
[3.643s] -- Found Python3: /usr/bin/python3 (found version "3.10.12") found components: Interpreter 
[4.086s] -- Override CMake install command with custom implementation using symlinks instead of copying resources
[4.661s] -- Found ament_cmake_gtest: 1.3.9 (/opt/ros/humble/share/ament_cmake_gtest/cmake)
[4.742s] -- Found Boost: /usr/lib/aarch64-linux-gnu/cmake/Boost-1.74.0/BoostConfig.cmake (found version "1.74.0")  
[4.768s] -- Found gtest sources under '/opt/ros/humble/src/gtest_vendor': C++ tests using 'Google Test' will be built
[4.781s] -- Looking for pthread.h
[5.203s] -- Looking for pthread.h - found
[5.206s] -- Performing Test CMAKE_HAVE_LIBC_PTHREAD
[5.683s] -- Performing Test CMAKE_HAVE_LIBC_PTHREAD - Success
[5.691s] -- Found Threads: TRUE  
[6.173s] -- Configuring done
[6.342s] -- Generating done
[6.366s] -- Build files have been written to: /home/rodrigo/dev_ws/build/serial
[6.389s] Invoked command in '/home/rodrigo/dev_ws/build/serial' returned '0': CMAKE_PREFIX_PATH=${CMAKE_PREFIX_PATH}:/opt/ros/humble /usr/bin/cmake /home/rodrigo/dev_ws/src/serial -DAMENT_CMAKE_SYMLINK_INSTALL=1 -DCMAKE_INSTALL_PREFIX=/home/rodrigo/dev_ws/install/serial
[6.396s] Invoking command in '/home/rodrigo/dev_ws/build/serial': CMAKE_PREFIX_PATH=${CMAKE_PREFIX_PATH}:/opt/ros/humble /usr/bin/cmake --build /home/rodrigo/dev_ws/build/serial -- -j4 -l4
[6.732s] [  7%] [32mBuilding CXX object CMakeFiles/serial.dir/src/impl/unix.cc.o[0m
[6.746s] [ 14%] [32mBuilding CXX object CMakeFiles/serial.dir/src/serial.cc.o[0m
[6.749s] [ 21%] [32mBuilding CXX object gtest/CMakeFiles/gtest.dir/src/gtest-all.cc.o[0m
[6.774s] [ 28%] [32mBuilding CXX object gtest/CMakeFiles/gtest_main.dir/src/gtest_main.cc.o[0m
[11.849s] [ 35%] [32mBuilding CXX object CMakeFiles/serial.dir/src/impl/list_ports/list_ports_linux.cc.o[0m
[16.767s] [ 42%] [32m[1mLinking CXX static library libserial.a[0m
[17.234s] [ 42%] Built target serial
[17.360s] [ 50%] [32mBuilding CXX object CMakeFiles/serial_example.dir/examples/serial_example.cc.o[0m
[18.099s] [ 57%] [32m[1mLinking CXX static library libgtest_main.a[0m
[18.337s] [ 57%] Built target gtest_main
[20.195s] [ 64%] [32m[1mLinking CXX executable serial_example[0m
[21.245s] [ 64%] Built target serial_example
[43.929s] [ 71%] [32m[1mLinking CXX static library libgtest.a[0m
[44.764s] [ 71%] Built target gtest
[45.047s] [ 78%] [32mBuilding CXX object tests/CMakeFiles/serial-test.dir/unix_serial_tests.cc.o[0m
[52.342s] In file included from [01m[K/usr/include/boost/bind.hpp:30[m[K,
[52.342s]                  from [01m[K/home/rodrigo/dev_ws/src/serial/tests/unix_serial_tests.cc:23[m[K:
[52.343s] [01m[K/usr/include/boost/bind.hpp:36:1:[m[K [01;36m[Knote: [m[K‘[01m[K#pragma message: The practice of declaring the Bind placeholders (_1, _2, ...) in the global namespace is deprecated. Please use <boost/bind/bind.hpp> + using namespace boost::placeholders, or define BOOST_BIND_GLOBAL_PLACEHOLDERS to retain the current behavior.[m[K’
[52.344s]    36 | [01;36m[KBOOST_PRAGMA_MESSAGE[m[K(
[52.345s]       | [01;36m[K^~~~~~~~~~~~~~~~~~~~[m[K
[53.650s] [ 85%] [32m[1mLinking CXX executable serial-test[0m
[54.529s] [ 85%] Built target serial-test
[54.659s] [ 92%] [32mBuilding CXX object tests/CMakeFiles/serial-test-timer.dir/unit/unix_timer_tests.cc.o[0m
[62.927s] [100%] [32m[1mLinking CXX executable serial-test-timer[0m
[64.137s] [100%] Built target serial-test-timer
[64.259s] Invoked command in '/home/rodrigo/dev_ws/build/serial' returned '0': CMAKE_PREFIX_PATH=${CMAKE_PREFIX_PATH}:/opt/ros/humble /usr/bin/cmake --build /home/rodrigo/dev_ws/build/serial -- -j4 -l4
[64.605s] Invoking command in '/home/rodrigo/dev_ws/build/serial': CMAKE_PREFIX_PATH=${CMAKE_PREFIX_PATH}:/opt/ros/humble /usr/bin/cmake --install /home/rodrigo/dev_ws/build/serial
[64.652s] -- Install configuration: ""
[64.656s] -- Execute custom install script
[64.662s] -- Symlinking: /home/rodrigo/dev_ws/install/serial/lib/libserial.a
[64.707s] -- Symlinking: /home/rodrigo/dev_ws/install/serial/include/serial/serial.h
[64.748s] -- Symlinking: /home/rodrigo/dev_ws/install/serial/include/serial/v8stdint.h
[64.790s] -- Symlinking: /home/rodrigo/dev_ws/install/serial/share/serial/environment/library_path.sh
[64.832s] -- Symlinking: /home/rodrigo/dev_ws/install/serial/share/serial/environment/library_path.dsv
[64.873s] -- Symlinking: /home/rodrigo/dev_ws/install/serial/share/ament_index/resource_index/package_run_dependencies/serial
[64.917s] -- Symlinking: /home/rodrigo/dev_ws/install/serial/share/ament_index/resource_index/parent_prefix_path/serial
[64.983s] -- Symlinking: /home/rodrigo/dev_ws/install/serial/share/serial/environment/ament_prefix_path.sh
[65.040s] -- Symlinking: /home/rodrigo/dev_ws/install/serial/share/serial/environment/ament_prefix_path.dsv
[65.081s] -- Symlinking: /home/rodrigo/dev_ws/install/serial/share/serial/environment/path.sh
[65.125s] -- Symlinking: /home/rodrigo/dev_ws/install/serial/share/serial/environment/path.dsv
[65.170s] -- Symlinking: /home/rodrigo/dev_ws/install/serial/share/serial/local_setup.bash
[65.237s] -- Symlinking: /home/rodrigo/dev_ws/install/serial/share/serial/local_setup.sh
[65.310s] -- Symlinking: /home/rodrigo/dev_ws/install/serial/share/serial/local_setup.zsh
[65.358s] -- Symlinking: /home/rodrigo/dev_ws/install/serial/share/serial/local_setup.dsv
[65.398s] -- Symlinking: /home/rodrigo/dev_ws/install/serial/share/serial/package.dsv
[65.439s] -- Symlinking: /home/rodrigo/dev_ws/install/serial/share/ament_index/resource_index/packages/serial
[65.478s] -- Symlinking: /home/rodrigo/dev_ws/install/serial/share/serial/cmake/ament_cmake_export_include_directories-extras.cmake
[65.516s] -- Symlinking: /home/rodrigo/dev_ws/install/serial/share/serial/cmake/ament_cmake_export_libraries-extras.cmake
[65.557s] -- Symlinking: /home/rodrigo/dev_ws/install/serial/share/serial/cmake/serialConfig.cmake
[65.605s] -- Symlinking: /home/rodrigo/dev_ws/install/serial/share/serial/cmake/serialConfig-version.cmake
[65.652s] -- Symlinking: /home/rodrigo/dev_ws/install/serial/share/serial/package.xml
[65.725s] Invoked command in '/home/rodrigo/dev_ws/build/serial' returned '0': CMAKE_PREFIX_PATH=${CMAKE_PREFIX_PATH}:/opt/ros/humble /usr/bin/cmake --install /home/rodrigo/dev_ws/build/serial
