running egg_info
writing ../../build/robot_pkg/robot_pkg.egg-info/PKG-INFO
writing dependency_links to ../../build/robot_pkg/robot_pkg.egg-info/dependency_links.txt
writing entry points to ../../build/robot_pkg/robot_pkg.egg-info/entry_points.txt
writing requirements to ../../build/robot_pkg/robot_pkg.egg-info/requires.txt
writing top-level names to ../../build/robot_pkg/robot_pkg.egg-info/top_level.txt
reading manifest file '../../build/robot_pkg/robot_pkg.egg-info/SOURCES.txt'
adding license file 'LICENSE'
writing manifest file '../../build/robot_pkg/robot_pkg.egg-info/SOURCES.txt'
running build
running build_py
running install
running install_lib
running install_data
copying meshes/Support_A_link.STL -> /home/dev-pc/tesis/dev_ws/install/robot_pkg/share/robot_pkg/meshes
copying meshes/M_base_link.STL -> /home/dev-pc/tesis/dev_ws/install/robot_pkg/share/robot_pkg/meshes
copying meshes/U_base_wheel_1_link.STL -> /home/dev-pc/tesis/dev_ws/install/robot_pkg/share/robot_pkg/meshes
copying meshes/Support_B_link.STL -> /home/dev-pc/tesis/dev_ws/install/robot_pkg/share/robot_pkg/meshes
copying meshes/L_wheel_link.STL -> /home/dev-pc/tesis/dev_ws/install/robot_pkg/share/robot_pkg/meshes
copying meshes/T_base_link.STL -> /home/dev-pc/tesis/dev_ws/install/robot_pkg/share/robot_pkg/meshes
copying meshes/U_wheel_2_link.STL -> /home/dev-pc/tesis/dev_ws/install/robot_pkg/share/robot_pkg/meshes
copying meshes/U_wheel_1_link.STL -> /home/dev-pc/tesis/dev_ws/install/robot_pkg/share/robot_pkg/meshes
copying meshes/U_base_wheel_2_link.STL -> /home/dev-pc/tesis/dev_ws/install/robot_pkg/share/robot_pkg/meshes
copying meshes/R_wheel_link.STL -> /home/dev-pc/tesis/dev_ws/install/robot_pkg/share/robot_pkg/meshes
copying meshes/base_link.STL -> /home/dev-pc/tesis/dev_ws/install/robot_pkg/share/robot_pkg/meshes
running install_egg_info
removing '/home/dev-pc/tesis/dev_ws/install/robot_pkg/lib/python3.10/site-packages/robot_pkg-0.0.0-py3.10.egg-info' (and everything under it)
Copying ../../build/robot_pkg/robot_pkg.egg-info to /home/dev-pc/tesis/dev_ws/install/robot_pkg/lib/python3.10/site-packages/robot_pkg-0.0.0-py3.10.egg-info
running install_scripts
writing list of installed files to '/home/dev-pc/tesis/dev_ws/build/robot_pkg/install.log'
