running egg_info
writing ../../build/robot_pkg/robot_pkg.egg-info/PKG-INFO
writing dependency_links to ../../build/robot_pkg/robot_pkg.egg-info/dependency_links.txt
writing entry points to ../../build/robot_pkg/robot_pkg.egg-info/entry_points.txt
writing requirements to ../../build/robot_pkg/robot_pkg.egg-info/requires.txt
writing top-level names to ../../build/robot_pkg/robot_pkg.egg-info/top_level.txt
reading manifest file '../../build/robot_pkg/robot_pkg.egg-info/SOURCES.txt'
adding license file 'LICENSE'
writing manifest file '../../build/robot_pkg/robot_pkg.egg-info/SOURCES.txt'
running build
running build_py
copying robot_pkg/__init__.py -> /home/dev/dev_ws/build/robot_pkg/build/lib/robot_pkg
running install
running install_lib
copying /home/dev/dev_ws/build/robot_pkg/build/lib/robot_pkg/__init__.py -> /home/dev/dev_ws/install/robot_pkg/lib/python3.10/site-packages/robot_pkg
byte-compiling /home/dev/dev_ws/install/robot_pkg/lib/python3.10/site-packages/robot_pkg/__init__.py to __init__.cpython-310.pyc
running install_data
copying resource/robot_pkg -> /home/dev/dev_ws/install/robot_pkg/share/ament_index/resource_index/packages
copying launch/gazebo.launch.py -> /home/dev/dev_ws/install/robot_pkg/share/robot_pkg/launch
copying launch/display.launch.py -> /home/dev/dev_ws/install/robot_pkg/share/robot_pkg/launch
copying meshes/Support_A_link.STL -> /home/dev/dev_ws/install/robot_pkg/share/robot_pkg/meshes
copying meshes/M_base_link.STL -> /home/dev/dev_ws/install/robot_pkg/share/robot_pkg/meshes
copying meshes/R_wheel_link.STL -> /home/dev/dev_ws/install/robot_pkg/share/robot_pkg/meshes
copying meshes/L_wheel_link.STL -> /home/dev/dev_ws/install/robot_pkg/share/robot_pkg/meshes
running install_egg_info
removing '/home/dev/dev_ws/install/robot_pkg/lib/python3.10/site-packages/robot_pkg-0.0.0-py3.10.egg-info' (and everything under it)
Copying ../../build/robot_pkg/robot_pkg.egg-info to /home/dev/dev_ws/install/robot_pkg/lib/python3.10/site-packages/robot_pkg-0.0.0-py3.10.egg-info
running install_scripts
writing list of installed files to '/home/dev/dev_ws/build/robot_pkg/install.log'
