[1.143s] Invoking command in '/home/dev/dev_ws/src/robot_pkg': PYTHONPATH=/home/dev/dev_ws/build/robot_pkg/prefix_override:/home/dev/dev_ws/install/robot_pkg/lib/python3.10/site-packages: /usr/bin/python3 -W ignore:setup.py install is deprecated setup.py egg_info --egg-base ../../build/robot_pkg build --build-base /home/dev/dev_ws/build/robot_pkg/build install --record /home/dev/dev_ws/build/robot_pkg/install.log --single-version-externally-managed install_data
[1.576s] running egg_info
[1.578s] writing ../../build/robot_pkg/robot_pkg.egg-info/PKG-INFO
[1.579s] writing dependency_links to ../../build/robot_pkg/robot_pkg.egg-info/dependency_links.txt
[1.579s] writing entry points to ../../build/robot_pkg/robot_pkg.egg-info/entry_points.txt
[1.579s] writing requirements to ../../build/robot_pkg/robot_pkg.egg-info/requires.txt
[1.580s] writing top-level names to ../../build/robot_pkg/robot_pkg.egg-info/top_level.txt
[1.585s] reading manifest file '../../build/robot_pkg/robot_pkg.egg-info/SOURCES.txt'
[1.586s] adding license file 'LICENSE'
[1.589s] writing manifest file '../../build/robot_pkg/robot_pkg.egg-info/SOURCES.txt'
[1.589s] running build
[1.590s] running build_py
[1.590s] copying robot_pkg/__init__.py -> /home/dev/dev_ws/build/robot_pkg/build/lib/robot_pkg
[1.591s] running install
[1.593s] running install_lib
[1.594s] copying /home/dev/dev_ws/build/robot_pkg/build/lib/robot_pkg/__init__.py -> /home/dev/dev_ws/install/robot_pkg/lib/python3.10/site-packages/robot_pkg
[1.595s] byte-compiling /home/dev/dev_ws/install/robot_pkg/lib/python3.10/site-packages/robot_pkg/__init__.py to __init__.cpython-310.pyc
[1.596s] running install_data
[1.597s] copying resource/robot_pkg -> /home/dev/dev_ws/install/robot_pkg/share/ament_index/resource_index/packages
[1.597s] copying launch/gazebo.launch.py -> /home/dev/dev_ws/install/robot_pkg/share/robot_pkg/launch
[1.598s] copying launch/display.launch.py -> /home/dev/dev_ws/install/robot_pkg/share/robot_pkg/launch
[1.598s] copying meshes/Support_A_link.STL -> /home/dev/dev_ws/install/robot_pkg/share/robot_pkg/meshes
[1.604s] copying meshes/M_base_link.STL -> /home/dev/dev_ws/install/robot_pkg/share/robot_pkg/meshes
[1.605s] copying meshes/R_wheel_link.STL -> /home/dev/dev_ws/install/robot_pkg/share/robot_pkg/meshes
[1.611s] copying meshes/L_wheel_link.STL -> /home/dev/dev_ws/install/robot_pkg/share/robot_pkg/meshes
[1.616s] running install_egg_info
[1.620s] removing '/home/dev/dev_ws/install/robot_pkg/lib/python3.10/site-packages/robot_pkg-0.0.0-py3.10.egg-info' (and everything under it)
[1.621s] Copying ../../build/robot_pkg/robot_pkg.egg-info to /home/dev/dev_ws/install/robot_pkg/lib/python3.10/site-packages/robot_pkg-0.0.0-py3.10.egg-info
[1.622s] running install_scripts
[1.669s] writing list of installed files to '/home/dev/dev_ws/build/robot_pkg/install.log'
[1.716s] Invoked command in '/home/dev/dev_ws/src/robot_pkg' returned '0': PYTHONPATH=/home/dev/dev_ws/build/robot_pkg/prefix_override:/home/dev/dev_ws/install/robot_pkg/lib/python3.10/site-packages: /usr/bin/python3 -W ignore:setup.py install is deprecated setup.py egg_info --egg-base ../../build/robot_pkg build --build-base /home/dev/dev_ws/build/robot_pkg/build install --record /home/dev/dev_ws/build/robot_pkg/install.log --single-version-externally-managed install_data
