[0.039s] Invoking command in '/home/ttrxx/TTRXX_WS/build/robot_pkg': CMAKE_PREFIX_PATH=/opt/ros/humble /usr/bin/cmake --build /home/ttrxx/TTRXX_WS/build/robot_pkg -- -j4 -l4
[0.181s] -- Found ament_cmake: 1.3.9 (/opt/ros/humble/share/ament_cmake/cmake)
[0.422s] -- Override CMake install command with custom implementation using symlinks instead of copying resources
[0.470s] -- Found rclcpp: 16.0.9 (/opt/ros/humble/share/rclcpp/cmake)
[0.548s] -- Found rosidl_generator_c: 3.1.5 (/opt/ros/humble/share/rosidl_generator_c/cmake)
[0.553s] -- Found rosidl_adapter: 3.1.5 (/opt/ros/humble/share/rosidl_adapter/cmake)
[0.567s] -- Found rosidl_generator_cpp: 3.1.5 (/opt/ros/humble/share/rosidl_generator_cpp/cmake)
[0.587s] -- Using all available rosidl_typesupport_c: rosidl_typesupport_fastrtps_c;rosidl_typesupport_introspection_c
[0.612s] -- Using all available rosidl_typesupport_cpp: rosidl_typesupport_fastrtps_cpp;rosidl_typesupport_introspection_cpp
[0.753s] -- Found rmw_implementation_cmake: 6.1.2 (/opt/ros/humble/share/rmw_implementation_cmake/cmake)
[0.758s] -- Found rmw_fastrtps_cpp: 6.2.6 (/opt/ros/humble/share/rmw_fastrtps_cpp/cmake)
[0.996s] -- Using RMW implementation 'rmw_fastrtps_cpp' as default
[1.301s] -- Found urdf: 2.6.0 (/opt/ros/humble/share/urdf/cmake)
[1.352s] -- Found xacro: 2.0.8 (/opt/ros/humble/share/xacro/cmake)
[1.355s] -- Found ament_lint_auto: 0.12.11 (/opt/ros/humble/share/ament_lint_auto/cmake)
[1.494s] -- Added test 'flake8' to check Python code syntax and style conventions
[1.495s] -- Added test 'lint_cmake' to check CMake code style
[1.496s] -- Added test 'pep257' to check Python code against some of the docstring style conventions in PEP 257
[1.498s] -- Added test 'xmllint' to check XML markup files
[1.501s] -- Configuring done
[1.513s] -- Generating done
[1.518s] -- Build files have been written to: /home/ttrxx/TTRXX_WS/build/robot_pkg
[1.578s] Invoked command in '/home/ttrxx/TTRXX_WS/build/robot_pkg' returned '0': CMAKE_PREFIX_PATH=/opt/ros/humble /usr/bin/cmake --build /home/ttrxx/TTRXX_WS/build/robot_pkg -- -j4 -l4
[1.657s] Invoking command in '/home/ttrxx/TTRXX_WS/build/robot_pkg': CMAKE_PREFIX_PATH=/opt/ros/humble /usr/bin/cmake --install /home/ttrxx/TTRXX_WS/build/robot_pkg
[1.681s] -- Install configuration: ""
[1.683s] -- Execute custom install script
[1.684s] -- Symlinking: /home/ttrxx/TTRXX_WS/install/robot_pkg/share/robot_pkg/launch/robot.launch.py
[1.695s] -- Up-to-date symlink: /home/ttrxx/TTRXX_WS/install/robot_pkg/share/robot_pkg/meshes/L_wheel_link.STL
[1.695s] -- Up-to-date symlink: /home/ttrxx/TTRXX_WS/install/robot_pkg/share/robot_pkg/meshes/M_base_link.STL
[1.695s] -- Up-to-date symlink: /home/ttrxx/TTRXX_WS/install/robot_pkg/share/robot_pkg/meshes/R_wheel_link.STL
[1.696s] -- Up-to-date symlink: /home/ttrxx/TTRXX_WS/install/robot_pkg/share/robot_pkg/meshes/Support_A_link.STL
[1.697s] -- Up-to-date symlink: /home/ttrxx/TTRXX_WS/install/robot_pkg/share/robot_pkg/meshes/Support_B_link.STL
[1.697s] -- Up-to-date symlink: /home/ttrxx/TTRXX_WS/install/robot_pkg/share/robot_pkg/meshes/T_base_link.STL
[1.697s] -- Up-to-date symlink: /home/ttrxx/TTRXX_WS/install/robot_pkg/share/robot_pkg/meshes/U_base_wheel_1_link.STL
[1.698s] -- Up-to-date symlink: /home/ttrxx/TTRXX_WS/install/robot_pkg/share/robot_pkg/meshes/U_base_wheel_2_link.STL
[1.698s] -- Up-to-date symlink: /home/ttrxx/TTRXX_WS/install/robot_pkg/share/robot_pkg/meshes/U_wheel_1_link.STL
[1.699s] -- Up-to-date symlink: /home/ttrxx/TTRXX_WS/install/robot_pkg/share/robot_pkg/meshes/U_wheel_2_link.STL
[1.699s] -- Up-to-date symlink: /home/ttrxx/TTRXX_WS/install/robot_pkg/share/robot_pkg/meshes/base_link.STL
[1.699s] -- Symlinking: /home/ttrxx/TTRXX_WS/install/robot_pkg/share/robot_pkg/rviz/my_enviroment.rviz
[1.711s] -- Up-to-date symlink: /home/ttrxx/TTRXX_WS/install/robot_pkg/share/robot_pkg/urdf/TTRXX_01.urdf.xacro
[1.711s] -- Up-to-date symlink: /home/ttrxx/TTRXX_WS/install/robot_pkg/share/ament_index/resource_index/package_run_dependencies/robot_pkg
[1.712s] -- Up-to-date symlink: /home/ttrxx/TTRXX_WS/install/robot_pkg/share/ament_index/resource_index/parent_prefix_path/robot_pkg
[1.713s] -- Up-to-date symlink: /home/ttrxx/TTRXX_WS/install/robot_pkg/share/robot_pkg/environment/ament_prefix_path.sh
[1.713s] -- Up-to-date symlink: /home/ttrxx/TTRXX_WS/install/robot_pkg/share/robot_pkg/environment/ament_prefix_path.dsv
[1.713s] -- Up-to-date symlink: /home/ttrxx/TTRXX_WS/install/robot_pkg/share/robot_pkg/environment/path.sh
[1.714s] -- Up-to-date symlink: /home/ttrxx/TTRXX_WS/install/robot_pkg/share/robot_pkg/environment/path.dsv
[1.714s] -- Up-to-date symlink: /home/ttrxx/TTRXX_WS/install/robot_pkg/share/robot_pkg/local_setup.bash
[1.715s] -- Up-to-date symlink: /home/ttrxx/TTRXX_WS/install/robot_pkg/share/robot_pkg/local_setup.sh
[1.715s] -- Up-to-date symlink: /home/ttrxx/TTRXX_WS/install/robot_pkg/share/robot_pkg/local_setup.zsh
[1.716s] -- Up-to-date symlink: /home/ttrxx/TTRXX_WS/install/robot_pkg/share/robot_pkg/local_setup.dsv
[1.716s] -- Symlinking: /home/ttrxx/TTRXX_WS/install/robot_pkg/share/robot_pkg/package.dsv
[1.741s] -- Up-to-date symlink: /home/ttrxx/TTRXX_WS/install/robot_pkg/share/ament_index/resource_index/packages/robot_pkg
[1.743s] -- Up-to-date symlink: /home/ttrxx/TTRXX_WS/install/robot_pkg/share/robot_pkg/cmake/robot_pkgConfig.cmake
[1.744s] -- Up-to-date symlink: /home/ttrxx/TTRXX_WS/install/robot_pkg/share/robot_pkg/cmake/robot_pkgConfig-version.cmake
[1.744s] -- Up-to-date symlink: /home/ttrxx/TTRXX_WS/install/robot_pkg/share/robot_pkg/package.xml
[1.749s] Invoked command in '/home/ttrxx/TTRXX_WS/build/robot_pkg' returned '0': CMAKE_PREFIX_PATH=/opt/ros/humble /usr/bin/cmake --install /home/ttrxx/TTRXX_WS/build/robot_pkg
