[0.092s] Invoking command in '/home/rodrigo/dev_ws/build/sllidar_ros2': CMAKE_PREFIX_PATH=${CMAKE_PREFIX_PATH}:/opt/ros/humble /usr/bin/cmake --build /home/rodrigo/dev_ws/build/sllidar_ros2 -- -j4 -l4
[0.483s] [ 10%] Built target sllidar_client
[0.656s] [100%] Built target sllidar_node
[0.713s] Invoked command in '/home/rodrigo/dev_ws/build/sllidar_ros2' returned '0': CMAKE_PREFIX_PATH=${CMAKE_PREFIX_PATH}:/opt/ros/humble /usr/bin/cmake --build /home/rodrigo/dev_ws/build/sllidar_ros2 -- -j4 -l4
[1.198s] Invoking command in '/home/rodrigo/dev_ws/build/sllidar_ros2': CMAKE_PREFIX_PATH=${CMAKE_PREFIX_PATH}:/opt/ros/humble /usr/bin/cmake --install /home/rodrigo/dev_ws/build/sllidar_ros2
[1.228s] -- Install configuration: ""
[1.231s] -- Execute custom install script
[1.234s] -- Up-to-date symlink: /home/rodrigo/dev_ws/install/sllidar_ros2/share/sllidar_ros2/launch/sllidar_a1_launch.py
[1.236s] -- Up-to-date symlink: /home/rodrigo/dev_ws/install/sllidar_ros2/share/sllidar_ros2/launch/sllidar_a2m12_launch .py
[1.236s] -- Up-to-date symlink: /home/rodrigo/dev_ws/install/sllidar_ros2/share/sllidar_ros2/launch/sllidar_a2m7_launch.py
[1.237s] -- Up-to-date symlink: /home/rodrigo/dev_ws/install/sllidar_ros2/share/sllidar_ros2/launch/sllidar_a2m8_launch.py
[1.238s] -- Up-to-date symlink: /home/rodrigo/dev_ws/install/sllidar_ros2/share/sllidar_ros2/launch/sllidar_a3_launch.py
[1.239s] -- Up-to-date symlink: /home/rodrigo/dev_ws/install/sllidar_ros2/share/sllidar_ros2/launch/sllidar_c1_launch.py
[1.240s] -- Up-to-date symlink: /home/rodrigo/dev_ws/install/sllidar_ros2/share/sllidar_ros2/launch/sllidar_s1_launch.py
[1.241s] -- Up-to-date symlink: /home/rodrigo/dev_ws/install/sllidar_ros2/share/sllidar_ros2/launch/sllidar_s1_tcp_launch.py
[1.241s] -- Up-to-date symlink: /home/rodrigo/dev_ws/install/sllidar_ros2/share/sllidar_ros2/launch/sllidar_s2_launch.py
[1.242s] -- Up-to-date symlink: /home/rodrigo/dev_ws/install/sllidar_ros2/share/sllidar_ros2/launch/sllidar_s2e_launch.py
[1.243s] -- Up-to-date symlink: /home/rodrigo/dev_ws/install/sllidar_ros2/share/sllidar_ros2/launch/sllidar_s3_launch.py
[1.244s] -- Up-to-date symlink: /home/rodrigo/dev_ws/install/sllidar_ros2/share/sllidar_ros2/launch/sllidar_t1_launch.py
[1.245s] -- Up-to-date symlink: /home/rodrigo/dev_ws/install/sllidar_ros2/share/sllidar_ros2/launch/view_sllidar_a1_launch.py
[1.245s] -- Up-to-date symlink: /home/rodrigo/dev_ws/install/sllidar_ros2/share/sllidar_ros2/launch/view_sllidar_a2m12_launch.py
[1.246s] -- Up-to-date symlink: /home/rodrigo/dev_ws/install/sllidar_ros2/share/sllidar_ros2/launch/view_sllidar_a2m7_launch.py
[1.248s] -- Up-to-date symlink: /home/rodrigo/dev_ws/install/sllidar_ros2/share/sllidar_ros2/launch/view_sllidar_a2m8_launch.py
[1.248s] -- Up-to-date symlink: /home/rodrigo/dev_ws/install/sllidar_ros2/share/sllidar_ros2/launch/view_sllidar_a3_launch.py
[1.249s] -- Up-to-date symlink: /home/rodrigo/dev_ws/install/sllidar_ros2/share/sllidar_ros2/launch/view_sllidar_c1_launch.py
[1.250s] -- Up-to-date symlink: /home/rodrigo/dev_ws/install/sllidar_ros2/share/sllidar_ros2/launch/view_sllidar_s1_launch.py
[1.250s] -- Up-to-date symlink: /home/rodrigo/dev_ws/install/sllidar_ros2/share/sllidar_ros2/launch/view_sllidar_s1_tcp_launch.py
[1.251s] -- Up-to-date symlink: /home/rodrigo/dev_ws/install/sllidar_ros2/share/sllidar_ros2/launch/view_sllidar_s2_launch.py
[1.253s] -- Up-to-date symlink: /home/rodrigo/dev_ws/install/sllidar_ros2/share/sllidar_ros2/launch/view_sllidar_s2e_launch.py
[1.253s] -- Up-to-date symlink: /home/rodrigo/dev_ws/install/sllidar_ros2/share/sllidar_ros2/launch/view_sllidar_s3_launch.py
[1.256s] -- Up-to-date symlink: /home/rodrigo/dev_ws/install/sllidar_ros2/share/sllidar_ros2/launch/view_sllidar_t1_launch.py
[1.265s] -- Up-to-date symlink: /home/rodrigo/dev_ws/install/sllidar_ros2/share/sllidar_ros2/rviz/sllidar_ros2.rviz
[1.265s] -- Up-to-date symlink: /home/rodrigo/dev_ws/install/sllidar_ros2/lib/sllidar_ros2/sllidar_node
[1.266s] -- Up-to-date symlink: /home/rodrigo/dev_ws/install/sllidar_ros2/lib/sllidar_ros2/sllidar_client
[1.267s] -- Up-to-date symlink: /home/rodrigo/dev_ws/install/sllidar_ros2/share/ament_index/resource_index/package_run_dependencies/sllidar_ros2
[1.268s] -- Up-to-date symlink: /home/rodrigo/dev_ws/install/sllidar_ros2/share/ament_index/resource_index/parent_prefix_path/sllidar_ros2
[1.269s] -- Up-to-date symlink: /home/rodrigo/dev_ws/install/sllidar_ros2/share/sllidar_ros2/environment/ament_prefix_path.sh
[1.271s] -- Up-to-date symlink: /home/rodrigo/dev_ws/install/sllidar_ros2/share/sllidar_ros2/environment/ament_prefix_path.dsv
[1.273s] -- Up-to-date symlink: /home/rodrigo/dev_ws/install/sllidar_ros2/share/sllidar_ros2/environment/path.sh
[1.274s] -- Up-to-date symlink: /home/rodrigo/dev_ws/install/sllidar_ros2/share/sllidar_ros2/environment/path.dsv
[1.274s] -- Up-to-date symlink: /home/rodrigo/dev_ws/install/sllidar_ros2/share/sllidar_ros2/local_setup.bash
[1.275s] -- Up-to-date symlink: /home/rodrigo/dev_ws/install/sllidar_ros2/share/sllidar_ros2/local_setup.sh
[1.276s] -- Up-to-date symlink: /home/rodrigo/dev_ws/install/sllidar_ros2/share/sllidar_ros2/local_setup.zsh
[1.276s] -- Up-to-date symlink: /home/rodrigo/dev_ws/install/sllidar_ros2/share/sllidar_ros2/local_setup.dsv
[1.277s] -- Symlinking: /home/rodrigo/dev_ws/install/sllidar_ros2/share/sllidar_ros2/package.dsv
[1.312s] -- Up-to-date symlink: /home/rodrigo/dev_ws/install/sllidar_ros2/share/ament_index/resource_index/packages/sllidar_ros2
[1.313s] -- Up-to-date symlink: /home/rodrigo/dev_ws/install/sllidar_ros2/share/sllidar_ros2/cmake/ament_cmake_export_dependencies-extras.cmake
[1.314s] -- Up-to-date symlink: /home/rodrigo/dev_ws/install/sllidar_ros2/share/sllidar_ros2/cmake/ament_cmake_export_include_directories-extras.cmake
[1.316s] -- Up-to-date symlink: /home/rodrigo/dev_ws/install/sllidar_ros2/share/sllidar_ros2/cmake/sllidar_ros2Config.cmake
[1.318s] -- Up-to-date symlink: /home/rodrigo/dev_ws/install/sllidar_ros2/share/sllidar_ros2/cmake/sllidar_ros2Config-version.cmake
[1.318s] -- Up-to-date symlink: /home/rodrigo/dev_ws/install/sllidar_ros2/share/sllidar_ros2/package.xml
[1.334s] Invoked command in '/home/rodrigo/dev_ws/build/sllidar_ros2' returned '0': CMAKE_PREFIX_PATH=${CMAKE_PREFIX_PATH}:/opt/ros/humble /usr/bin/cmake --install /home/rodrigo/dev_ws/build/sllidar_ros2
