[0.102s] Invoking command in '/home/rodrigo/dev_ws/build/sllidar_ros2': CMAKE_PREFIX_PATH=${CMAKE_PREFIX_PATH}:/opt/ros/humble /usr/bin/cmake --build /home/rodrigo/dev_ws/build/sllidar_ros2 -- -j4 -l4
[0.461s] [ 10%] Built target sllidar_client
[0.514s] [100%] Built target sllidar_node
[0.611s] Invoked command in '/home/rodrigo/dev_ws/build/sllidar_ros2' returned '0': CMAKE_PREFIX_PATH=${CMAKE_PREFIX_PATH}:/opt/ros/humble /usr/bin/cmake --build /home/rodrigo/dev_ws/build/sllidar_ros2 -- -j4 -l4
[1.052s] Invoking command in '/home/rodrigo/dev_ws/build/sllidar_ros2': CMAKE_PREFIX_PATH=${CMAKE_PREFIX_PATH}:/opt/ros/humble /usr/bin/cmake --install /home/rodrigo/dev_ws/build/sllidar_ros2
[1.084s] -- Install configuration: ""
[1.086s] -- Execute custom install script
[1.090s] -- Up-to-date symlink: /home/rodrigo/dev_ws/install/sllidar_ros2/share/sllidar_ros2/launch/sllidar_a1_launch.py
[1.091s] -- Up-to-date symlink: /home/rodrigo/dev_ws/install/sllidar_ros2/share/sllidar_ros2/launch/sllidar_a2m12_launch .py
[1.092s] -- Up-to-date symlink: /home/rodrigo/dev_ws/install/sllidar_ros2/share/sllidar_ros2/launch/sllidar_a2m7_launch.py
[1.096s] -- Up-to-date symlink: /home/rodrigo/dev_ws/install/sllidar_ros2/share/sllidar_ros2/launch/sllidar_a2m8_launch.py
[1.096s] -- Up-to-date symlink: /home/rodrigo/dev_ws/install/sllidar_ros2/share/sllidar_ros2/launch/sllidar_a3_launch.py
[1.097s] -- Up-to-date symlink: /home/rodrigo/dev_ws/install/sllidar_ros2/share/sllidar_ros2/launch/sllidar_c1_launch.py
[1.097s] -- Up-to-date symlink: /home/rodrigo/dev_ws/install/sllidar_ros2/share/sllidar_ros2/launch/sllidar_s1_launch.py
[1.098s] -- Up-to-date symlink: /home/rodrigo/dev_ws/install/sllidar_ros2/share/sllidar_ros2/launch/sllidar_s1_tcp_launch.py
[1.098s] -- Up-to-date symlink: /home/rodrigo/dev_ws/install/sllidar_ros2/share/sllidar_ros2/launch/sllidar_s2_launch.py
[1.102s] -- Up-to-date symlink: /home/rodrigo/dev_ws/install/sllidar_ros2/share/sllidar_ros2/launch/sllidar_s2e_launch.py
[1.103s] -- Up-to-date symlink: /home/rodrigo/dev_ws/install/sllidar_ros2/share/sllidar_ros2/launch/sllidar_s3_launch.py
[1.103s] -- Up-to-date symlink: /home/rodrigo/dev_ws/install/sllidar_ros2/share/sllidar_ros2/launch/sllidar_t1_launch.py
[1.103s] -- Up-to-date symlink: /home/rodrigo/dev_ws/install/sllidar_ros2/share/sllidar_ros2/launch/view_sllidar_a1_launch.py
[1.104s] -- Up-to-date symlink: /home/rodrigo/dev_ws/install/sllidar_ros2/share/sllidar_ros2/launch/view_sllidar_a2m12_launch.py
[1.104s] -- Up-to-date symlink: /home/rodrigo/dev_ws/install/sllidar_ros2/share/sllidar_ros2/launch/view_sllidar_a2m7_launch.py
[1.105s] -- Up-to-date symlink: /home/rodrigo/dev_ws/install/sllidar_ros2/share/sllidar_ros2/launch/view_sllidar_a2m8_launch.py
[1.105s] -- Up-to-date symlink: /home/rodrigo/dev_ws/install/sllidar_ros2/share/sllidar_ros2/launch/view_sllidar_a3_launch.py
[1.110s] -- Up-to-date symlink: /home/rodrigo/dev_ws/install/sllidar_ros2/share/sllidar_ros2/launch/view_sllidar_c1_launch.py
[1.112s] -- Up-to-date symlink: /home/rodrigo/dev_ws/install/sllidar_ros2/share/sllidar_ros2/launch/view_sllidar_s1_launch.py
[1.112s] -- Up-to-date symlink: /home/rodrigo/dev_ws/install/sllidar_ros2/share/sllidar_ros2/launch/view_sllidar_s1_tcp_launch.py
[1.113s] -- Up-to-date symlink: /home/rodrigo/dev_ws/install/sllidar_ros2/share/sllidar_ros2/launch/view_sllidar_s2_launch.py
[1.113s] -- Up-to-date symlink: /home/rodrigo/dev_ws/install/sllidar_ros2/share/sllidar_ros2/launch/view_sllidar_s2e_launch.py
[1.113s] -- Up-to-date symlink: /home/rodrigo/dev_ws/install/sllidar_ros2/share/sllidar_ros2/launch/view_sllidar_s3_launch.py
[1.114s] -- Up-to-date symlink: /home/rodrigo/dev_ws/install/sllidar_ros2/share/sllidar_ros2/launch/view_sllidar_t1_launch.py
[1.114s] -- Up-to-date symlink: /home/rodrigo/dev_ws/install/sllidar_ros2/share/sllidar_ros2/rviz/sllidar_ros2.rviz
[1.114s] -- Up-to-date symlink: /home/rodrigo/dev_ws/install/sllidar_ros2/lib/sllidar_ros2/sllidar_node
[1.115s] -- Up-to-date symlink: /home/rodrigo/dev_ws/install/sllidar_ros2/lib/sllidar_ros2/sllidar_client
[1.116s] -- Up-to-date symlink: /home/rodrigo/dev_ws/install/sllidar_ros2/share/ament_index/resource_index/package_run_dependencies/sllidar_ros2
[1.117s] -- Up-to-date symlink: /home/rodrigo/dev_ws/install/sllidar_ros2/share/ament_index/resource_index/parent_prefix_path/sllidar_ros2
[1.117s] -- Up-to-date symlink: /home/rodrigo/dev_ws/install/sllidar_ros2/share/sllidar_ros2/environment/ament_prefix_path.sh
[1.118s] -- Up-to-date symlink: /home/rodrigo/dev_ws/install/sllidar_ros2/share/sllidar_ros2/environment/ament_prefix_path.dsv
[1.118s] -- Up-to-date symlink: /home/rodrigo/dev_ws/install/sllidar_ros2/share/sllidar_ros2/environment/path.sh
[1.119s] -- Up-to-date symlink: /home/rodrigo/dev_ws/install/sllidar_ros2/share/sllidar_ros2/environment/path.dsv
[1.119s] -- Up-to-date symlink: /home/rodrigo/dev_ws/install/sllidar_ros2/share/sllidar_ros2/local_setup.bash
[1.121s] -- Up-to-date symlink: /home/rodrigo/dev_ws/install/sllidar_ros2/share/sllidar_ros2/local_setup.sh
[1.121s] -- Up-to-date symlink: /home/rodrigo/dev_ws/install/sllidar_ros2/share/sllidar_ros2/local_setup.zsh
[1.122s] -- Up-to-date symlink: /home/rodrigo/dev_ws/install/sllidar_ros2/share/sllidar_ros2/local_setup.dsv
[1.123s] -- Symlinking: /home/rodrigo/dev_ws/install/sllidar_ros2/share/sllidar_ros2/package.dsv
[1.158s] -- Up-to-date symlink: /home/rodrigo/dev_ws/install/sllidar_ros2/share/ament_index/resource_index/packages/sllidar_ros2
[1.159s] -- Up-to-date symlink: /home/rodrigo/dev_ws/install/sllidar_ros2/share/sllidar_ros2/cmake/ament_cmake_export_dependencies-extras.cmake
[1.160s] -- Up-to-date symlink: /home/rodrigo/dev_ws/install/sllidar_ros2/share/sllidar_ros2/cmake/ament_cmake_export_include_directories-extras.cmake
[1.161s] -- Up-to-date symlink: /home/rodrigo/dev_ws/install/sllidar_ros2/share/sllidar_ros2/cmake/sllidar_ros2Config.cmake
[1.162s] -- Up-to-date symlink: /home/rodrigo/dev_ws/install/sllidar_ros2/share/sllidar_ros2/cmake/sllidar_ros2Config-version.cmake
[1.163s] -- Up-to-date symlink: /home/rodrigo/dev_ws/install/sllidar_ros2/share/sllidar_ros2/package.xml
[1.172s] Invoked command in '/home/rodrigo/dev_ws/build/sllidar_ros2' returned '0': CMAKE_PREFIX_PATH=${CMAKE_PREFIX_PATH}:/opt/ros/humble /usr/bin/cmake --install /home/rodrigo/dev_ws/build/sllidar_ros2
