[1.019s] DEBUG:colcon:Command line arguments: ['/usr/bin/colcon', 'build', '--symlink-install']
[1.019s] DEBUG:colcon:Parsed command line arguments: Namespace(log_base=None, log_level=None, verb_name='build', build_base='build', install_base='install', merge_install=False, symlink_install=True, test_result_base=None, continue_on_error=False, executor='parallel', parallel_workers=4, event_handlers=None, ignore_user_meta=False, metas=['./colcon.meta'], base_paths=['.'], packages_ignore=None, packages_ignore_regex=None, paths=None, packages_up_to=None, packages_up_to_regex=None, packages_above=None, packages_above_and_dependencies=None, packages_above_depth=None, packages_select_by_dep=None, packages_skip_by_dep=None, packages_skip_up_to=None, packages_select_build_failed=False, packages_skip_build_finished=False, packages_select_test_failures=False, packages_skip_test_passed=False, packages_select=None, packages_skip=None, packages_select_regex=None, packages_skip_regex=None, packages_start=None, packages_end=None, allow_overriding=[], cmake_args=None, cmake_target=None, cmake_target_skip_unavailable=False, cmake_clean_cache=False, cmake_clean_first=False, cmake_force_configure=False, meson_args=[], ament_cmake_args=None, catkin_cmake_args=None, catkin_skip_building_tests=False, verb_parser=<colcon_defaults.argument_parser.defaults.DefaultArgumentsDecorator object at 0xffffb7a0ca30>, verb_extension=<colcon_core.verb.build.BuildVerb object at 0xffffb7b45660>, main=<bound method BuildVerb.main of <colcon_core.verb.build.BuildVerb object at 0xffffb7b45660>>)
[1.868s] Level 1:colcon.colcon_core.package_discovery:discover_packages(colcon_meta) check parameters
[1.868s] Level 1:colcon.colcon_core.package_discovery:discover_packages(recursive) check parameters
[1.869s] Level 1:colcon.colcon_core.package_discovery:discover_packages(ignore) check parameters
[1.869s] Level 1:colcon.colcon_core.package_discovery:discover_packages(path) check parameters
[1.869s] Level 1:colcon.colcon_core.package_discovery:discover_packages(colcon_meta) discover
[1.869s] Level 1:colcon.colcon_core.package_discovery:discover_packages(recursive) discover
[1.869s] INFO:colcon.colcon_core.package_discovery:Crawling recursively for packages in '/home/rodrigo/dev_ws'
[1.870s] Level 1:colcon.colcon_core.package_identification:_identify(.) by extensions ['ignore', 'ignore_ament_install']
[1.871s] Level 1:colcon.colcon_core.package_identification:_identify(.) by extension 'ignore'
[1.872s] Level 1:colcon.colcon_core.package_identification:_identify(.) by extension 'ignore_ament_install'
[1.872s] Level 1:colcon.colcon_core.package_identification:_identify(.) by extensions ['colcon_pkg']
[1.872s] Level 1:colcon.colcon_core.package_identification:_identify(.) by extension 'colcon_pkg'
[1.872s] Level 1:colcon.colcon_core.package_identification:_identify(.) by extensions ['colcon_meta']
[1.873s] Level 1:colcon.colcon_core.package_identification:_identify(.) by extension 'colcon_meta'
[1.873s] Level 1:colcon.colcon_core.package_identification:_identify(.) by extensions ['ros']
[1.873s] Level 1:colcon.colcon_core.package_identification:_identify(.) by extension 'ros'
[1.920s] Level 1:colcon.colcon_core.package_identification:_identify(.) by extensions ['cmake', 'meson', 'python']
[1.920s] Level 1:colcon.colcon_core.package_identification:_identify(.) by extension 'cmake'
[1.921s] Level 1:colcon.colcon_core.package_identification:_identify(.) by extension 'meson'
[1.921s] Level 1:colcon.colcon_core.package_identification:_identify(.) by extension 'python'
[1.921s] Level 1:colcon.colcon_core.package_identification:_identify(.) by extensions ['python_setup_py']
[1.921s] Level 1:colcon.colcon_core.package_identification:_identify(.) by extension 'python_setup_py'
[1.922s] Level 1:colcon.colcon_core.package_identification:_identify(build) by extensions ['ignore', 'ignore_ament_install']
[1.922s] Level 1:colcon.colcon_core.package_identification:_identify(build) by extension 'ignore'
[1.923s] Level 1:colcon.colcon_core.package_identification:_identify(build) ignored
[1.923s] Level 1:colcon.colcon_core.package_identification:_identify(install) by extensions ['ignore', 'ignore_ament_install']
[1.924s] Level 1:colcon.colcon_core.package_identification:_identify(install) by extension 'ignore'
[1.924s] Level 1:colcon.colcon_core.package_identification:_identify(install) ignored
[1.925s] Level 1:colcon.colcon_core.package_identification:_identify(log) by extensions ['ignore', 'ignore_ament_install']
[1.925s] Level 1:colcon.colcon_core.package_identification:_identify(log) by extension 'ignore'
[1.926s] Level 1:colcon.colcon_core.package_identification:_identify(log) ignored
[1.926s] Level 1:colcon.colcon_core.package_identification:_identify(src) by extensions ['ignore', 'ignore_ament_install']
[1.926s] Level 1:colcon.colcon_core.package_identification:_identify(src) by extension 'ignore'
[1.927s] Level 1:colcon.colcon_core.package_identification:_identify(src) by extension 'ignore_ament_install'
[1.927s] Level 1:colcon.colcon_core.package_identification:_identify(src) by extensions ['colcon_pkg']
[1.927s] Level 1:colcon.colcon_core.package_identification:_identify(src) by extension 'colcon_pkg'
[1.928s] Level 1:colcon.colcon_core.package_identification:_identify(src) by extensions ['colcon_meta']
[1.928s] Level 1:colcon.colcon_core.package_identification:_identify(src) by extension 'colcon_meta'
[1.928s] Level 1:colcon.colcon_core.package_identification:_identify(src) by extensions ['ros']
[1.928s] Level 1:colcon.colcon_core.package_identification:_identify(src) by extension 'ros'
[1.929s] Level 1:colcon.colcon_core.package_identification:_identify(src) by extensions ['cmake', 'meson', 'python']
[1.929s] Level 1:colcon.colcon_core.package_identification:_identify(src) by extension 'cmake'
[1.929s] Level 1:colcon.colcon_core.package_identification:_identify(src) by extension 'meson'
[1.929s] Level 1:colcon.colcon_core.package_identification:_identify(src) by extension 'python'
[1.930s] Level 1:colcon.colcon_core.package_identification:_identify(src) by extensions ['python_setup_py']
[1.930s] Level 1:colcon.colcon_core.package_identification:_identify(src) by extension 'python_setup_py'
[1.930s] Level 1:colcon.colcon_core.package_identification:_identify(src/diffdrive_arduino) by extensions ['ignore', 'ignore_ament_install']
[1.931s] Level 1:colcon.colcon_core.package_identification:_identify(src/diffdrive_arduino) by extension 'ignore'
[1.931s] Level 1:colcon.colcon_core.package_identification:_identify(src/diffdrive_arduino) by extension 'ignore_ament_install'
[1.931s] Level 1:colcon.colcon_core.package_identification:_identify(src/diffdrive_arduino) by extensions ['colcon_pkg']
[1.931s] Level 1:colcon.colcon_core.package_identification:_identify(src/diffdrive_arduino) by extension 'colcon_pkg'
[1.932s] Level 1:colcon.colcon_core.package_identification:_identify(src/diffdrive_arduino) by extensions ['colcon_meta']
[1.932s] Level 1:colcon.colcon_core.package_identification:_identify(src/diffdrive_arduino) by extension 'colcon_meta'
[1.932s] Level 1:colcon.colcon_core.package_identification:_identify(src/diffdrive_arduino) by extensions ['ros']
[1.932s] Level 1:colcon.colcon_core.package_identification:_identify(src/diffdrive_arduino) by extension 'ros'
[1.942s] DEBUG:colcon.colcon_core.package_identification:Package 'src/diffdrive_arduino' with type 'ros.ament_cmake' and name 'diffdrive_arduino'
[1.943s] Level 1:colcon.colcon_core.package_identification:_identify(src/robot_pkg) by extensions ['ignore', 'ignore_ament_install']
[1.944s] Level 1:colcon.colcon_core.package_identification:_identify(src/robot_pkg) by extension 'ignore'
[1.944s] Level 1:colcon.colcon_core.package_identification:_identify(src/robot_pkg) by extension 'ignore_ament_install'
[1.945s] Level 1:colcon.colcon_core.package_identification:_identify(src/robot_pkg) by extensions ['colcon_pkg']
[1.945s] Level 1:colcon.colcon_core.package_identification:_identify(src/robot_pkg) by extension 'colcon_pkg'
[1.945s] Level 1:colcon.colcon_core.package_identification:_identify(src/robot_pkg) by extensions ['colcon_meta']
[1.946s] Level 1:colcon.colcon_core.package_identification:_identify(src/robot_pkg) by extension 'colcon_meta'
[1.946s] Level 1:colcon.colcon_core.package_identification:_identify(src/robot_pkg) by extensions ['ros']
[1.946s] Level 1:colcon.colcon_core.package_identification:_identify(src/robot_pkg) by extension 'ros'
[1.950s] DEBUG:colcon.colcon_core.package_identification:Package 'src/robot_pkg' with type 'ros.ament_cmake' and name 'robot_pkg'
[1.951s] Level 1:colcon.colcon_core.package_identification:_identify(src/serial) by extensions ['ignore', 'ignore_ament_install']
[1.952s] Level 1:colcon.colcon_core.package_identification:_identify(src/serial) by extension 'ignore'
[1.952s] Level 1:colcon.colcon_core.package_identification:_identify(src/serial) by extension 'ignore_ament_install'
[1.952s] Level 1:colcon.colcon_core.package_identification:_identify(src/serial) by extensions ['colcon_pkg']
[1.953s] Level 1:colcon.colcon_core.package_identification:_identify(src/serial) by extension 'colcon_pkg'
[1.953s] Level 1:colcon.colcon_core.package_identification:_identify(src/serial) by extensions ['colcon_meta']
[1.953s] Level 1:colcon.colcon_core.package_identification:_identify(src/serial) by extension 'colcon_meta'
[1.954s] Level 1:colcon.colcon_core.package_identification:_identify(src/serial) by extensions ['ros']
[1.954s] Level 1:colcon.colcon_core.package_identification:_identify(src/serial) by extension 'ros'
[1.957s] DEBUG:colcon.colcon_core.package_identification:Package 'src/serial' with type 'ros.ament_cmake' and name 'serial'
[1.958s] Level 1:colcon.colcon_core.package_identification:_identify(src/sllidar_ros2) by extensions ['ignore', 'ignore_ament_install']
[1.958s] Level 1:colcon.colcon_core.package_identification:_identify(src/sllidar_ros2) by extension 'ignore'
[1.959s] Level 1:colcon.colcon_core.package_identification:_identify(src/sllidar_ros2) by extension 'ignore_ament_install'
[1.959s] Level 1:colcon.colcon_core.package_identification:_identify(src/sllidar_ros2) by extensions ['colcon_pkg']
[1.959s] Level 1:colcon.colcon_core.package_identification:_identify(src/sllidar_ros2) by extension 'colcon_pkg'
[1.960s] Level 1:colcon.colcon_core.package_identification:_identify(src/sllidar_ros2) by extensions ['colcon_meta']
[1.960s] Level 1:colcon.colcon_core.package_identification:_identify(src/sllidar_ros2) by extension 'colcon_meta'
[1.960s] Level 1:colcon.colcon_core.package_identification:_identify(src/sllidar_ros2) by extensions ['ros']
[1.960s] Level 1:colcon.colcon_core.package_identification:_identify(src/sllidar_ros2) by extension 'ros'
[1.963s] DEBUG:colcon.colcon_core.package_identification:Package 'src/sllidar_ros2' with type 'ros.ament_cmake' and name 'sllidar_ros2'
[1.964s] Level 1:colcon.colcon_core.package_discovery:discover_packages(recursive) using defaults
[1.964s] Level 1:colcon.colcon_core.package_discovery:discover_packages(ignore) discover
[1.965s] Level 1:colcon.colcon_core.package_discovery:discover_packages(ignore) using defaults
[1.965s] Level 1:colcon.colcon_core.package_discovery:discover_packages(path) discover
[1.965s] Level 1:colcon.colcon_core.package_discovery:discover_packages(path) using defaults
[2.038s] Level 1:colcon.colcon_core.package_discovery:discover_packages(prefix_path) check parameters
[2.038s] Level 1:colcon.colcon_core.package_discovery:discover_packages(prefix_path) discover
[2.054s] DEBUG:colcon.colcon_installed_package_information.package_discovery:Found 329 installed packages in /opt/ros/humble
[2.061s] Level 1:colcon.colcon_core.package_discovery:discover_packages(prefix_path) using defaults
[2.335s] Level 5:colcon.colcon_core.verb:set package 'robot_pkg' build argument 'cmake_args' from command line to 'None'
[2.335s] Level 5:colcon.colcon_core.verb:set package 'robot_pkg' build argument 'cmake_target' from command line to 'None'
[2.335s] Level 5:colcon.colcon_core.verb:set package 'robot_pkg' build argument 'cmake_target_skip_unavailable' from command line to 'False'
[2.335s] Level 5:colcon.colcon_core.verb:set package 'robot_pkg' build argument 'cmake_clean_cache' from command line to 'False'
[2.335s] Level 5:colcon.colcon_core.verb:set package 'robot_pkg' build argument 'cmake_clean_first' from command line to 'False'
[2.336s] Level 5:colcon.colcon_core.verb:set package 'robot_pkg' build argument 'cmake_force_configure' from command line to 'False'
[2.336s] Level 5:colcon.colcon_core.verb:set package 'robot_pkg' build argument 'meson_args' from command line to '[]'
[2.336s] Level 5:colcon.colcon_core.verb:set package 'robot_pkg' build argument 'ament_cmake_args' from command line to 'None'
[2.336s] Level 5:colcon.colcon_core.verb:set package 'robot_pkg' build argument 'catkin_cmake_args' from command line to 'None'
[2.336s] Level 5:colcon.colcon_core.verb:set package 'robot_pkg' build argument 'catkin_skip_building_tests' from command line to 'False'
[2.336s] DEBUG:colcon.colcon_core.verb:Building package 'robot_pkg' with the following arguments: {'ament_cmake_args': None, 'build_base': '/home/rodrigo/dev_ws/build/robot_pkg', 'catkin_cmake_args': None, 'catkin_skip_building_tests': False, 'cmake_args': None, 'cmake_clean_cache': False, 'cmake_clean_first': False, 'cmake_force_configure': False, 'cmake_target': None, 'cmake_target_skip_unavailable': False, 'install_base': '/home/rodrigo/dev_ws/install/robot_pkg', 'merge_install': False, 'meson_args': [], 'path': '/home/rodrigo/dev_ws/src/robot_pkg', 'symlink_install': True, 'test_result_base': None}
[2.412s] Level 5:colcon.colcon_core.verb:set package 'serial' build argument 'cmake_args' from command line to 'None'
[2.412s] Level 5:colcon.colcon_core.verb:set package 'serial' build argument 'cmake_target' from command line to 'None'
[2.413s] Level 5:colcon.colcon_core.verb:set package 'serial' build argument 'cmake_target_skip_unavailable' from command line to 'False'
[2.413s] Level 5:colcon.colcon_core.verb:set package 'serial' build argument 'cmake_clean_cache' from command line to 'False'
[2.413s] Level 5:colcon.colcon_core.verb:set package 'serial' build argument 'cmake_clean_first' from command line to 'False'
[2.413s] Level 5:colcon.colcon_core.verb:set package 'serial' build argument 'cmake_force_configure' from command line to 'False'
[2.413s] Level 5:colcon.colcon_core.verb:set package 'serial' build argument 'meson_args' from command line to '[]'
[2.413s] Level 5:colcon.colcon_core.verb:set package 'serial' build argument 'ament_cmake_args' from command line to 'None'
[2.413s] Level 5:colcon.colcon_core.verb:set package 'serial' build argument 'catkin_cmake_args' from command line to 'None'
[2.413s] Level 5:colcon.colcon_core.verb:set package 'serial' build argument 'catkin_skip_building_tests' from command line to 'False'
[2.413s] DEBUG:colcon.colcon_core.verb:Building package 'serial' with the following arguments: {'ament_cmake_args': None, 'build_base': '/home/rodrigo/dev_ws/build/serial', 'catkin_cmake_args': None, 'catkin_skip_building_tests': False, 'cmake_args': None, 'cmake_clean_cache': False, 'cmake_clean_first': False, 'cmake_force_configure': False, 'cmake_target': None, 'cmake_target_skip_unavailable': False, 'install_base': '/home/rodrigo/dev_ws/install/serial', 'merge_install': False, 'meson_args': [], 'path': '/home/rodrigo/dev_ws/src/serial', 'symlink_install': True, 'test_result_base': None}
[2.491s] Level 5:colcon.colcon_core.verb:set package 'sllidar_ros2' build argument 'cmake_args' from command line to 'None'
[2.491s] Level 5:colcon.colcon_core.verb:set package 'sllidar_ros2' build argument 'cmake_target' from command line to 'None'
[2.492s] Level 5:colcon.colcon_core.verb:set package 'sllidar_ros2' build argument 'cmake_target_skip_unavailable' from command line to 'False'
[2.492s] Level 5:colcon.colcon_core.verb:set package 'sllidar_ros2' build argument 'cmake_clean_cache' from command line to 'False'
[2.492s] Level 5:colcon.colcon_core.verb:set package 'sllidar_ros2' build argument 'cmake_clean_first' from command line to 'False'
[2.492s] Level 5:colcon.colcon_core.verb:set package 'sllidar_ros2' build argument 'cmake_force_configure' from command line to 'False'
[2.492s] Level 5:colcon.colcon_core.verb:set package 'sllidar_ros2' build argument 'meson_args' from command line to '[]'
[2.492s] Level 5:colcon.colcon_core.verb:set package 'sllidar_ros2' build argument 'ament_cmake_args' from command line to 'None'
[2.492s] Level 5:colcon.colcon_core.verb:set package 'sllidar_ros2' build argument 'catkin_cmake_args' from command line to 'None'
[2.493s] Level 5:colcon.colcon_core.verb:set package 'sllidar_ros2' build argument 'catkin_skip_building_tests' from command line to 'False'
[2.493s] DEBUG:colcon.colcon_core.verb:Building package 'sllidar_ros2' with the following arguments: {'ament_cmake_args': None, 'build_base': '/home/rodrigo/dev_ws/build/sllidar_ros2', 'catkin_cmake_args': None, 'catkin_skip_building_tests': False, 'cmake_args': None, 'cmake_clean_cache': False, 'cmake_clean_first': False, 'cmake_force_configure': False, 'cmake_target': None, 'cmake_target_skip_unavailable': False, 'install_base': '/home/rodrigo/dev_ws/install/sllidar_ros2', 'merge_install': False, 'meson_args': [], 'path': '/home/rodrigo/dev_ws/src/sllidar_ros2', 'symlink_install': True, 'test_result_base': None}
[2.575s] Level 5:colcon.colcon_core.verb:set package 'diffdrive_arduino' build argument 'cmake_args' from command line to 'None'
[2.575s] Level 5:colcon.colcon_core.verb:set package 'diffdrive_arduino' build argument 'cmake_target' from command line to 'None'
[2.575s] Level 5:colcon.colcon_core.verb:set package 'diffdrive_arduino' build argument 'cmake_target_skip_unavailable' from command line to 'False'
[2.575s] Level 5:colcon.colcon_core.verb:set package 'diffdrive_arduino' build argument 'cmake_clean_cache' from command line to 'False'
[2.575s] Level 5:colcon.colcon_core.verb:set package 'diffdrive_arduino' build argument 'cmake_clean_first' from command line to 'False'
[2.576s] Level 5:colcon.colcon_core.verb:set package 'diffdrive_arduino' build argument 'cmake_force_configure' from command line to 'False'
[2.576s] Level 5:colcon.colcon_core.verb:set package 'diffdrive_arduino' build argument 'meson_args' from command line to '[]'
[2.576s] Level 5:colcon.colcon_core.verb:set package 'diffdrive_arduino' build argument 'ament_cmake_args' from command line to 'None'
[2.576s] Level 5:colcon.colcon_core.verb:set package 'diffdrive_arduino' build argument 'catkin_cmake_args' from command line to 'None'
[2.576s] Level 5:colcon.colcon_core.verb:set package 'diffdrive_arduino' build argument 'catkin_skip_building_tests' from command line to 'False'
[2.576s] DEBUG:colcon.colcon_core.verb:Building package 'diffdrive_arduino' with the following arguments: {'ament_cmake_args': None, 'build_base': '/home/rodrigo/dev_ws/build/diffdrive_arduino', 'catkin_cmake_args': None, 'catkin_skip_building_tests': False, 'cmake_args': None, 'cmake_clean_cache': False, 'cmake_clean_first': False, 'cmake_force_configure': False, 'cmake_target': None, 'cmake_target_skip_unavailable': False, 'install_base': '/home/rodrigo/dev_ws/install/diffdrive_arduino', 'merge_install': False, 'meson_args': [], 'path': '/home/rodrigo/dev_ws/src/diffdrive_arduino', 'symlink_install': True, 'test_result_base': None}
[2.577s] INFO:colcon.colcon_core.executor:Executing jobs using 'parallel' executor
[2.581s] DEBUG:colcon.colcon_parallel_executor.executor.parallel:run_until_complete
[2.582s] INFO:colcon.colcon_ros.task.ament_cmake.build:Building ROS package in '/home/rodrigo/dev_ws/src/serial' with build type 'ament_cmake'
[2.583s] INFO:colcon.colcon_cmake.task.cmake.build:Building CMake package in '/home/rodrigo/dev_ws/src/serial'
[2.592s] INFO:colcon.colcon_core.plugin_system:Skipping extension 'colcon_core.shell.bat': Not used on non-Windows systems
[2.593s] INFO:colcon.colcon_core.shell:Skip shell extension 'powershell' for command environment: Not usable outside of PowerShell
[2.594s] DEBUG:colcon.colcon_core.shell:Skip shell extension 'dsv' for command environment
[2.610s] INFO:colcon.colcon_ros.task.ament_cmake.build:Building ROS package in '/home/rodrigo/dev_ws/src/robot_pkg' with build type 'ament_cmake'
[2.611s] INFO:colcon.colcon_cmake.task.cmake.build:Building CMake package in '/home/rodrigo/dev_ws/src/robot_pkg'
[2.613s] INFO:colcon.colcon_core.shell:Skip shell extension 'powershell' for command environment: Not usable outside of PowerShell
[2.613s] DEBUG:colcon.colcon_core.shell:Skip shell extension 'dsv' for command environment
[2.630s] INFO:colcon.colcon_ros.task.ament_cmake.build:Building ROS package in '/home/rodrigo/dev_ws/src/sllidar_ros2' with build type 'ament_cmake'
[2.631s] INFO:colcon.colcon_cmake.task.cmake.build:Building CMake package in '/home/rodrigo/dev_ws/src/sllidar_ros2'
[2.632s] INFO:colcon.colcon_core.shell:Skip shell extension 'powershell' for command environment: Not usable outside of PowerShell
[2.633s] DEBUG:colcon.colcon_core.shell:Skip shell extension 'dsv' for command environment
[2.673s] DEBUG:colcon.colcon_core.event_handler.log_command:Invoking command in '/home/rodrigo/dev_ws/build/serial': CMAKE_PREFIX_PATH=/opt/ros/humble /usr/bin/cmake --build /home/rodrigo/dev_ws/build/serial -- -j4 -l4
[2.705s] DEBUG:colcon.colcon_core.event_handler.log_command:Invoking command in '/home/rodrigo/dev_ws/build/robot_pkg': CMAKE_PREFIX_PATH=/opt/ros/humble /usr/bin/cmake --build /home/rodrigo/dev_ws/build/robot_pkg -- -j4 -l4
[2.753s] DEBUG:colcon.colcon_core.event_handler.log_command:Invoking command in '/home/rodrigo/dev_ws/build/sllidar_ros2': CMAKE_PREFIX_PATH=/opt/ros/humble /usr/bin/cmake --build /home/rodrigo/dev_ws/build/sllidar_ros2 -- -j4 -l4
[2.902s] DEBUG:colcon.colcon_core.event_handler.log_command:Invoked command in '/home/rodrigo/dev_ws/build/robot_pkg' returned '0': CMAKE_PREFIX_PATH=/opt/ros/humble /usr/bin/cmake --build /home/rodrigo/dev_ws/build/robot_pkg -- -j4 -l4
[3.249s] DEBUG:colcon.colcon_core.event_handler.log_command:Invoking command in '/home/rodrigo/dev_ws/build/robot_pkg': CMAKE_PREFIX_PATH=/opt/ros/humble /usr/bin/cmake --install /home/rodrigo/dev_ws/build/robot_pkg
[3.357s] DEBUG:colcon.colcon_core.event_handler.log_command:Invoked command in '/home/rodrigo/dev_ws/build/sllidar_ros2' returned '0': CMAKE_PREFIX_PATH=/opt/ros/humble /usr/bin/cmake --build /home/rodrigo/dev_ws/build/sllidar_ros2 -- -j4 -l4
[3.495s] DEBUG:colcon.colcon_core.event_handler.log_command:Invoked command in '/home/rodrigo/dev_ws/build/serial' returned '0': CMAKE_PREFIX_PATH=/opt/ros/humble /usr/bin/cmake --build /home/rodrigo/dev_ws/build/serial -- -j4 -l4
[3.553s] Level 1:colcon.colcon_core.environment:create_environment_scripts_only(robot_pkg)
[3.558s] DEBUG:colcon.colcon_core.event_handler.log_command:Invoked command in '/home/rodrigo/dev_ws/build/robot_pkg' returned '0': CMAKE_PREFIX_PATH=/opt/ros/humble /usr/bin/cmake --install /home/rodrigo/dev_ws/build/robot_pkg
[3.574s] Level 1:colcon.colcon_core.environment:checking '/home/rodrigo/dev_ws/install/robot_pkg' for CMake module files
[3.578s] Level 1:colcon.colcon_core.environment:checking '/home/rodrigo/dev_ws/install/robot_pkg' for CMake config files
[3.582s] Level 1:colcon.colcon_core.shell:create_environment_hook('robot_pkg', 'cmake_prefix_path')
[3.584s] INFO:colcon.colcon_core.shell:Creating environment hook '/home/rodrigo/dev_ws/install/robot_pkg/share/robot_pkg/hook/cmake_prefix_path.ps1'
[3.592s] INFO:colcon.colcon_core.shell:Creating environment descriptor '/home/rodrigo/dev_ws/install/robot_pkg/share/robot_pkg/hook/cmake_prefix_path.dsv'
[3.597s] INFO:colcon.colcon_core.shell:Creating environment hook '/home/rodrigo/dev_ws/install/robot_pkg/share/robot_pkg/hook/cmake_prefix_path.sh'
[3.605s] Level 1:colcon.colcon_core.environment:checking '/home/rodrigo/dev_ws/install/robot_pkg/bin'
[3.606s] Level 1:colcon.colcon_core.environment:checking '/home/rodrigo/dev_ws/install/robot_pkg/lib/pkgconfig/robot_pkg.pc'
[3.608s] Level 1:colcon.colcon_core.environment:checking '/home/rodrigo/dev_ws/install/robot_pkg/lib/python3.10/site-packages'
[3.611s] Level 1:colcon.colcon_core.environment:checking '/home/rodrigo/dev_ws/install/robot_pkg/bin'
[3.613s] INFO:colcon.colcon_core.shell:Creating package script '/home/rodrigo/dev_ws/install/robot_pkg/share/robot_pkg/package.ps1'
[3.620s] INFO:colcon.colcon_core.shell:Creating package descriptor '/home/rodrigo/dev_ws/install/robot_pkg/share/robot_pkg/package.dsv'
[3.626s] INFO:colcon.colcon_core.shell:Creating package script '/home/rodrigo/dev_ws/install/robot_pkg/share/robot_pkg/package.sh'
[3.633s] INFO:colcon.colcon_core.shell:Creating package script '/home/rodrigo/dev_ws/install/robot_pkg/share/robot_pkg/package.bash'
[3.642s] INFO:colcon.colcon_core.shell:Creating package script '/home/rodrigo/dev_ws/install/robot_pkg/share/robot_pkg/package.zsh'
[3.648s] Level 1:colcon.colcon_core.environment:create_file_with_runtime_dependencies(/home/rodrigo/dev_ws/install/robot_pkg/share/colcon-core/packages/robot_pkg)
[3.717s] DEBUG:colcon.colcon_core.event_handler.log_command:Invoking command in '/home/rodrigo/dev_ws/build/serial': CMAKE_PREFIX_PATH=/opt/ros/humble /usr/bin/cmake --install /home/rodrigo/dev_ws/build/serial
[3.804s] Level 1:colcon.colcon_core.environment:create_environment_scripts_only(robot_pkg)
[3.805s] Level 1:colcon.colcon_core.environment:checking '/home/rodrigo/dev_ws/install/robot_pkg' for CMake module files
[3.808s] Level 1:colcon.colcon_core.environment:checking '/home/rodrigo/dev_ws/install/robot_pkg' for CMake config files
[3.812s] Level 1:colcon.colcon_core.shell:create_environment_hook('robot_pkg', 'cmake_prefix_path')
[3.813s] INFO:colcon.colcon_core.shell:Creating environment hook '/home/rodrigo/dev_ws/install/robot_pkg/share/robot_pkg/hook/cmake_prefix_path.ps1'
[3.817s] INFO:colcon.colcon_core.shell:Creating environment descriptor '/home/rodrigo/dev_ws/install/robot_pkg/share/robot_pkg/hook/cmake_prefix_path.dsv'
[3.820s] INFO:colcon.colcon_core.shell:Creating environment hook '/home/rodrigo/dev_ws/install/robot_pkg/share/robot_pkg/hook/cmake_prefix_path.sh'
[3.825s] Level 1:colcon.colcon_core.environment:checking '/home/rodrigo/dev_ws/install/robot_pkg/bin'
[3.827s] Level 1:colcon.colcon_core.environment:checking '/home/rodrigo/dev_ws/install/robot_pkg/lib/pkgconfig/robot_pkg.pc'
[3.829s] Level 1:colcon.colcon_core.environment:checking '/home/rodrigo/dev_ws/install/robot_pkg/lib/python3.10/site-packages'
[3.830s] Level 1:colcon.colcon_core.environment:checking '/home/rodrigo/dev_ws/install/robot_pkg/bin'
[3.832s] INFO:colcon.colcon_core.shell:Creating package script '/home/rodrigo/dev_ws/install/robot_pkg/share/robot_pkg/package.ps1'
[3.845s] INFO:colcon.colcon_core.shell:Creating package descriptor '/home/rodrigo/dev_ws/install/robot_pkg/share/robot_pkg/package.dsv'
[3.848s] INFO:colcon.colcon_core.shell:Creating package script '/home/rodrigo/dev_ws/install/robot_pkg/share/robot_pkg/package.sh'
[3.850s] INFO:colcon.colcon_core.shell:Creating package script '/home/rodrigo/dev_ws/install/robot_pkg/share/robot_pkg/package.bash'
[3.853s] INFO:colcon.colcon_core.shell:Creating package script '/home/rodrigo/dev_ws/install/robot_pkg/share/robot_pkg/package.zsh'
[3.855s] Level 1:colcon.colcon_core.environment:create_file_with_runtime_dependencies(/home/rodrigo/dev_ws/install/robot_pkg/share/colcon-core/packages/robot_pkg)
[3.861s] Level 1:colcon.colcon_core.environment:create_environment_scripts_only(serial)
[3.862s] DEBUG:colcon.colcon_core.event_handler.log_command:Invoked command in '/home/rodrigo/dev_ws/build/serial' returned '0': CMAKE_PREFIX_PATH=/opt/ros/humble /usr/bin/cmake --install /home/rodrigo/dev_ws/build/serial
[3.864s] Level 1:colcon.colcon_core.environment:checking '/home/rodrigo/dev_ws/install/serial' for CMake module files
[3.867s] Level 1:colcon.colcon_core.environment:checking '/home/rodrigo/dev_ws/install/serial' for CMake config files
[3.869s] Level 1:colcon.colcon_core.shell:create_environment_hook('serial', 'cmake_prefix_path')
[3.870s] INFO:colcon.colcon_core.shell:Creating environment hook '/home/rodrigo/dev_ws/install/serial/share/serial/hook/cmake_prefix_path.ps1'
[3.873s] INFO:colcon.colcon_core.shell:Creating environment descriptor '/home/rodrigo/dev_ws/install/serial/share/serial/hook/cmake_prefix_path.dsv'
[3.875s] INFO:colcon.colcon_core.shell:Creating environment hook '/home/rodrigo/dev_ws/install/serial/share/serial/hook/cmake_prefix_path.sh'
[3.878s] Level 1:colcon.colcon_core.environment:checking '/home/rodrigo/dev_ws/install/serial/lib'
[3.880s] Level 1:colcon.colcon_core.environment:checking '/home/rodrigo/dev_ws/install/serial/bin'
[3.880s] Level 1:colcon.colcon_core.environment:checking '/home/rodrigo/dev_ws/install/serial/lib/pkgconfig/serial.pc'
[3.882s] Level 1:colcon.colcon_core.environment:checking '/home/rodrigo/dev_ws/install/serial/lib/python3.10/site-packages'
[3.883s] Level 1:colcon.colcon_core.environment:checking '/home/rodrigo/dev_ws/install/serial/bin'
[3.885s] INFO:colcon.colcon_core.shell:Creating package script '/home/rodrigo/dev_ws/install/serial/share/serial/package.ps1'
[3.887s] INFO:colcon.colcon_core.shell:Creating package descriptor '/home/rodrigo/dev_ws/install/serial/share/serial/package.dsv'
[3.890s] INFO:colcon.colcon_core.shell:Creating package script '/home/rodrigo/dev_ws/install/serial/share/serial/package.sh'
[3.892s] INFO:colcon.colcon_core.shell:Creating package script '/home/rodrigo/dev_ws/install/serial/share/serial/package.bash'
[3.894s] INFO:colcon.colcon_core.shell:Creating package script '/home/rodrigo/dev_ws/install/serial/share/serial/package.zsh'
[3.896s] Level 1:colcon.colcon_core.environment:create_file_with_runtime_dependencies(/home/rodrigo/dev_ws/install/serial/share/colcon-core/packages/serial)
[3.911s] DEBUG:colcon.colcon_core.event_handler.log_command:Invoking command in '/home/rodrigo/dev_ws/build/sllidar_ros2': CMAKE_PREFIX_PATH=/opt/ros/humble /usr/bin/cmake --install /home/rodrigo/dev_ws/build/sllidar_ros2
[4.038s] Level 1:colcon.colcon_core.environment:create_environment_scripts_only(sllidar_ros2)
[4.039s] Level 1:colcon.colcon_core.environment:checking '/home/rodrigo/dev_ws/install/sllidar_ros2' for CMake module files
[4.044s] DEBUG:colcon.colcon_core.event_handler.log_command:Invoked command in '/home/rodrigo/dev_ws/build/sllidar_ros2' returned '0': CMAKE_PREFIX_PATH=/opt/ros/humble /usr/bin/cmake --install /home/rodrigo/dev_ws/build/sllidar_ros2
[4.049s] Level 1:colcon.colcon_core.environment:checking '/home/rodrigo/dev_ws/install/sllidar_ros2' for CMake config files
[4.051s] Level 1:colcon.colcon_core.shell:create_environment_hook('sllidar_ros2', 'cmake_prefix_path')
[4.052s] INFO:colcon.colcon_core.shell:Creating environment hook '/home/rodrigo/dev_ws/install/sllidar_ros2/share/sllidar_ros2/hook/cmake_prefix_path.ps1'
[4.055s] INFO:colcon.colcon_core.shell:Creating environment descriptor '/home/rodrigo/dev_ws/install/sllidar_ros2/share/sllidar_ros2/hook/cmake_prefix_path.dsv'
[4.057s] INFO:colcon.colcon_core.shell:Creating environment hook '/home/rodrigo/dev_ws/install/sllidar_ros2/share/sllidar_ros2/hook/cmake_prefix_path.sh'
[4.063s] Level 1:colcon.colcon_core.environment:checking '/home/rodrigo/dev_ws/install/sllidar_ros2/lib'
[4.064s] Level 1:colcon.colcon_core.environment:checking '/home/rodrigo/dev_ws/install/sllidar_ros2/bin'
[4.065s] Level 1:colcon.colcon_core.environment:checking '/home/rodrigo/dev_ws/install/sllidar_ros2/lib/pkgconfig/sllidar_ros2.pc'
[4.067s] Level 1:colcon.colcon_core.environment:checking '/home/rodrigo/dev_ws/install/sllidar_ros2/lib/python3.10/site-packages'
[4.068s] Level 1:colcon.colcon_core.environment:checking '/home/rodrigo/dev_ws/install/sllidar_ros2/bin'
[4.070s] INFO:colcon.colcon_core.shell:Creating package script '/home/rodrigo/dev_ws/install/sllidar_ros2/share/sllidar_ros2/package.ps1'
[4.074s] INFO:colcon.colcon_core.shell:Creating package descriptor '/home/rodrigo/dev_ws/install/sllidar_ros2/share/sllidar_ros2/package.dsv'
[4.076s] INFO:colcon.colcon_core.shell:Creating package script '/home/rodrigo/dev_ws/install/sllidar_ros2/share/sllidar_ros2/package.sh'
[4.080s] INFO:colcon.colcon_core.shell:Creating package script '/home/rodrigo/dev_ws/install/sllidar_ros2/share/sllidar_ros2/package.bash'
[4.084s] INFO:colcon.colcon_core.shell:Creating package script '/home/rodrigo/dev_ws/install/sllidar_ros2/share/sllidar_ros2/package.zsh'
[4.087s] Level 1:colcon.colcon_core.environment:create_file_with_runtime_dependencies(/home/rodrigo/dev_ws/install/sllidar_ros2/share/colcon-core/packages/sllidar_ros2)
[4.184s] Level 1:colcon.colcon_core.environment:create_environment_scripts_only(serial)
[4.186s] Level 1:colcon.colcon_core.environment:checking '/home/rodrigo/dev_ws/install/serial' for CMake module files
[4.189s] Level 1:colcon.colcon_core.environment:checking '/home/rodrigo/dev_ws/install/serial' for CMake config files
[4.191s] Level 1:colcon.colcon_core.shell:create_environment_hook('serial', 'cmake_prefix_path')
[4.192s] INFO:colcon.colcon_core.shell:Creating environment hook '/home/rodrigo/dev_ws/install/serial/share/serial/hook/cmake_prefix_path.ps1'
[4.194s] INFO:colcon.colcon_core.shell:Creating environment descriptor '/home/rodrigo/dev_ws/install/serial/share/serial/hook/cmake_prefix_path.dsv'
[4.197s] INFO:colcon.colcon_core.shell:Creating environment hook '/home/rodrigo/dev_ws/install/serial/share/serial/hook/cmake_prefix_path.sh'
[4.203s] Level 1:colcon.colcon_core.environment:checking '/home/rodrigo/dev_ws/install/serial/lib'
[4.203s] Level 1:colcon.colcon_core.environment:checking '/home/rodrigo/dev_ws/install/serial/bin'
[4.204s] Level 1:colcon.colcon_core.environment:checking '/home/rodrigo/dev_ws/install/serial/lib/pkgconfig/serial.pc'
[4.205s] Level 1:colcon.colcon_core.environment:checking '/home/rodrigo/dev_ws/install/serial/lib/python3.10/site-packages'
[4.207s] Level 1:colcon.colcon_core.environment:checking '/home/rodrigo/dev_ws/install/serial/bin'
[4.208s] INFO:colcon.colcon_core.shell:Creating package script '/home/rodrigo/dev_ws/install/serial/share/serial/package.ps1'
[4.212s] INFO:colcon.colcon_core.shell:Creating package descriptor '/home/rodrigo/dev_ws/install/serial/share/serial/package.dsv'
[4.216s] INFO:colcon.colcon_core.shell:Creating package script '/home/rodrigo/dev_ws/install/serial/share/serial/package.sh'
[4.219s] INFO:colcon.colcon_core.shell:Creating package script '/home/rodrigo/dev_ws/install/serial/share/serial/package.bash'
[4.225s] INFO:colcon.colcon_core.shell:Creating package script '/home/rodrigo/dev_ws/install/serial/share/serial/package.zsh'
[4.229s] Level 1:colcon.colcon_core.environment:create_file_with_runtime_dependencies(/home/rodrigo/dev_ws/install/serial/share/colcon-core/packages/serial)
[4.234s] INFO:colcon.colcon_ros.task.ament_cmake.build:Building ROS package in '/home/rodrigo/dev_ws/src/diffdrive_arduino' with build type 'ament_cmake'
[4.235s] INFO:colcon.colcon_cmake.task.cmake.build:Building CMake package in '/home/rodrigo/dev_ws/src/diffdrive_arduino'
[4.237s] INFO:colcon.colcon_core.shell:Skip shell extension 'powershell' for command environment: Not usable outside of PowerShell
[4.238s] DEBUG:colcon.colcon_core.shell:Skip shell extension 'dsv' for command environment
[4.298s] DEBUG:colcon.colcon_core.event_handler.log_command:Invoking command in '/home/rodrigo/dev_ws/build/diffdrive_arduino': AMENT_PREFIX_PATH=/home/rodrigo/dev_ws/install/serial:${AMENT_PREFIX_PATH} CMAKE_PREFIX_PATH=/home/rodrigo/dev_ws/install/serial:/opt/ros/humble LD_LIBRARY_PATH=/home/rodrigo/dev_ws/install/serial/lib:${LD_LIBRARY_PATH} /usr/bin/cmake --build /home/rodrigo/dev_ws/build/diffdrive_arduino -- -j4 -l4
[4.615s] Level 1:colcon.colcon_core.environment:create_environment_scripts_only(sllidar_ros2)
[4.617s] Level 1:colcon.colcon_core.environment:checking '/home/rodrigo/dev_ws/install/sllidar_ros2' for CMake module files
[4.624s] Level 1:colcon.colcon_core.environment:checking '/home/rodrigo/dev_ws/install/sllidar_ros2' for CMake config files
[4.626s] Level 1:colcon.colcon_core.shell:create_environment_hook('sllidar_ros2', 'cmake_prefix_path')
[4.627s] INFO:colcon.colcon_core.shell:Creating environment hook '/home/rodrigo/dev_ws/install/sllidar_ros2/share/sllidar_ros2/hook/cmake_prefix_path.ps1'
[4.643s] INFO:colcon.colcon_core.shell:Creating environment descriptor '/home/rodrigo/dev_ws/install/sllidar_ros2/share/sllidar_ros2/hook/cmake_prefix_path.dsv'
[4.646s] INFO:colcon.colcon_core.shell:Creating environment hook '/home/rodrigo/dev_ws/install/sllidar_ros2/share/sllidar_ros2/hook/cmake_prefix_path.sh'
[4.658s] Level 1:colcon.colcon_core.environment:checking '/home/rodrigo/dev_ws/install/sllidar_ros2/lib'
[4.659s] Level 1:colcon.colcon_core.environment:checking '/home/rodrigo/dev_ws/install/sllidar_ros2/bin'
[4.660s] Level 1:colcon.colcon_core.environment:checking '/home/rodrigo/dev_ws/install/sllidar_ros2/lib/pkgconfig/sllidar_ros2.pc'
[4.661s] Level 1:colcon.colcon_core.environment:checking '/home/rodrigo/dev_ws/install/sllidar_ros2/lib/python3.10/site-packages'
[4.663s] Level 1:colcon.colcon_core.environment:checking '/home/rodrigo/dev_ws/install/sllidar_ros2/bin'
[4.674s] INFO:colcon.colcon_core.shell:Creating package script '/home/rodrigo/dev_ws/install/sllidar_ros2/share/sllidar_ros2/package.ps1'
[4.678s] INFO:colcon.colcon_core.shell:Creating package descriptor '/home/rodrigo/dev_ws/install/sllidar_ros2/share/sllidar_ros2/package.dsv'
[4.685s] INFO:colcon.colcon_core.shell:Creating package script '/home/rodrigo/dev_ws/install/sllidar_ros2/share/sllidar_ros2/package.sh'
[4.688s] INFO:colcon.colcon_core.shell:Creating package script '/home/rodrigo/dev_ws/install/sllidar_ros2/share/sllidar_ros2/package.bash'
[4.693s] INFO:colcon.colcon_core.shell:Creating package script '/home/rodrigo/dev_ws/install/sllidar_ros2/share/sllidar_ros2/package.zsh'
[4.697s] Level 1:colcon.colcon_core.environment:create_file_with_runtime_dependencies(/home/rodrigo/dev_ws/install/sllidar_ros2/share/colcon-core/packages/sllidar_ros2)
[26.027s] DEBUG:colcon.colcon_core.event_handler.log_command:Invoked command in '/home/rodrigo/dev_ws/build/diffdrive_arduino' returned '0': AMENT_PREFIX_PATH=/home/rodrigo/dev_ws/install/serial:${AMENT_PREFIX_PATH} CMAKE_PREFIX_PATH=/home/rodrigo/dev_ws/install/serial:/opt/ros/humble LD_LIBRARY_PATH=/home/rodrigo/dev_ws/install/serial/lib:${LD_LIBRARY_PATH} /usr/bin/cmake --build /home/rodrigo/dev_ws/build/diffdrive_arduino -- -j4 -l4
[26.192s] DEBUG:colcon.colcon_core.event_handler.log_command:Invoking command in '/home/rodrigo/dev_ws/build/diffdrive_arduino': AMENT_PREFIX_PATH=/home/rodrigo/dev_ws/install/serial:${AMENT_PREFIX_PATH} CMAKE_PREFIX_PATH=/home/rodrigo/dev_ws/install/serial:/opt/ros/humble LD_LIBRARY_PATH=/home/rodrigo/dev_ws/install/serial/lib:${LD_LIBRARY_PATH} /usr/bin/cmake --install /home/rodrigo/dev_ws/build/diffdrive_arduino
[26.329s] Level 1:colcon.colcon_core.environment:create_environment_scripts_only(diffdrive_arduino)
[26.331s] Level 1:colcon.colcon_core.environment:checking '/home/rodrigo/dev_ws/install/diffdrive_arduino' for CMake module files
[26.333s] DEBUG:colcon.colcon_core.event_handler.log_command:Invoked command in '/home/rodrigo/dev_ws/build/diffdrive_arduino' returned '0': AMENT_PREFIX_PATH=/home/rodrigo/dev_ws/install/serial:${AMENT_PREFIX_PATH} CMAKE_PREFIX_PATH=/home/rodrigo/dev_ws/install/serial:/opt/ros/humble LD_LIBRARY_PATH=/home/rodrigo/dev_ws/install/serial/lib:${LD_LIBRARY_PATH} /usr/bin/cmake --install /home/rodrigo/dev_ws/build/diffdrive_arduino
[26.336s] Level 1:colcon.colcon_core.environment:checking '/home/rodrigo/dev_ws/install/diffdrive_arduino' for CMake config files
[26.339s] Level 1:colcon.colcon_core.shell:create_environment_hook('diffdrive_arduino', 'cmake_prefix_path')
[26.340s] INFO:colcon.colcon_core.shell:Creating environment hook '/home/rodrigo/dev_ws/install/diffdrive_arduino/share/diffdrive_arduino/hook/cmake_prefix_path.ps1'
[26.343s] INFO:colcon.colcon_core.shell:Creating environment descriptor '/home/rodrigo/dev_ws/install/diffdrive_arduino/share/diffdrive_arduino/hook/cmake_prefix_path.dsv'
[26.345s] INFO:colcon.colcon_core.shell:Creating environment hook '/home/rodrigo/dev_ws/install/diffdrive_arduino/share/diffdrive_arduino/hook/cmake_prefix_path.sh'
[26.349s] Level 1:colcon.colcon_core.environment:checking '/home/rodrigo/dev_ws/install/diffdrive_arduino/lib'
[26.349s] Level 1:colcon.colcon_core.shell:create_environment_hook('diffdrive_arduino', 'ld_library_path_lib')
[26.350s] INFO:colcon.colcon_core.shell:Creating environment hook '/home/rodrigo/dev_ws/install/diffdrive_arduino/share/diffdrive_arduino/hook/ld_library_path_lib.ps1'
[26.353s] INFO:colcon.colcon_core.shell:Creating environment descriptor '/home/rodrigo/dev_ws/install/diffdrive_arduino/share/diffdrive_arduino/hook/ld_library_path_lib.dsv'
[26.355s] INFO:colcon.colcon_core.shell:Creating environment hook '/home/rodrigo/dev_ws/install/diffdrive_arduino/share/diffdrive_arduino/hook/ld_library_path_lib.sh'
[26.357s] Level 1:colcon.colcon_core.environment:checking '/home/rodrigo/dev_ws/install/diffdrive_arduino/bin'
[26.357s] Level 1:colcon.colcon_core.environment:checking '/home/rodrigo/dev_ws/install/diffdrive_arduino/lib/pkgconfig/diffdrive_arduino.pc'
[26.359s] Level 1:colcon.colcon_core.environment:checking '/home/rodrigo/dev_ws/install/diffdrive_arduino/lib/python3.10/site-packages'
[26.360s] Level 1:colcon.colcon_core.environment:checking '/home/rodrigo/dev_ws/install/diffdrive_arduino/bin'
[26.361s] INFO:colcon.colcon_core.shell:Creating package script '/home/rodrigo/dev_ws/install/diffdrive_arduino/share/diffdrive_arduino/package.ps1'
[26.365s] INFO:colcon.colcon_core.shell:Creating package descriptor '/home/rodrigo/dev_ws/install/diffdrive_arduino/share/diffdrive_arduino/package.dsv'
[26.367s] INFO:colcon.colcon_core.shell:Creating package script '/home/rodrigo/dev_ws/install/diffdrive_arduino/share/diffdrive_arduino/package.sh'
[26.369s] INFO:colcon.colcon_core.shell:Creating package script '/home/rodrigo/dev_ws/install/diffdrive_arduino/share/diffdrive_arduino/package.bash'
[26.372s] INFO:colcon.colcon_core.shell:Creating package script '/home/rodrigo/dev_ws/install/diffdrive_arduino/share/diffdrive_arduino/package.zsh'
[26.374s] Level 1:colcon.colcon_core.environment:create_file_with_runtime_dependencies(/home/rodrigo/dev_ws/install/diffdrive_arduino/share/colcon-core/packages/diffdrive_arduino)
[26.538s] Level 1:colcon.colcon_core.environment:create_environment_scripts_only(diffdrive_arduino)
[26.540s] Level 1:colcon.colcon_core.environment:checking '/home/rodrigo/dev_ws/install/diffdrive_arduino' for CMake module files
[26.543s] Level 1:colcon.colcon_core.environment:checking '/home/rodrigo/dev_ws/install/diffdrive_arduino' for CMake config files
[26.546s] Level 1:colcon.colcon_core.shell:create_environment_hook('diffdrive_arduino', 'cmake_prefix_path')
[26.547s] INFO:colcon.colcon_core.shell:Creating environment hook '/home/rodrigo/dev_ws/install/diffdrive_arduino/share/diffdrive_arduino/hook/cmake_prefix_path.ps1'
[26.549s] INFO:colcon.colcon_core.shell:Creating environment descriptor '/home/rodrigo/dev_ws/install/diffdrive_arduino/share/diffdrive_arduino/hook/cmake_prefix_path.dsv'
[26.551s] INFO:colcon.colcon_core.shell:Creating environment hook '/home/rodrigo/dev_ws/install/diffdrive_arduino/share/diffdrive_arduino/hook/cmake_prefix_path.sh'
[26.554s] Level 1:colcon.colcon_core.environment:checking '/home/rodrigo/dev_ws/install/diffdrive_arduino/lib'
[26.554s] Level 1:colcon.colcon_core.shell:create_environment_hook('diffdrive_arduino', 'ld_library_path_lib')
[26.555s] INFO:colcon.colcon_core.shell:Creating environment hook '/home/rodrigo/dev_ws/install/diffdrive_arduino/share/diffdrive_arduino/hook/ld_library_path_lib.ps1'
[26.558s] INFO:colcon.colcon_core.shell:Creating environment descriptor '/home/rodrigo/dev_ws/install/diffdrive_arduino/share/diffdrive_arduino/hook/ld_library_path_lib.dsv'
[26.560s] INFO:colcon.colcon_core.shell:Creating environment hook '/home/rodrigo/dev_ws/install/diffdrive_arduino/share/diffdrive_arduino/hook/ld_library_path_lib.sh'
[26.562s] Level 1:colcon.colcon_core.environment:checking '/home/rodrigo/dev_ws/install/diffdrive_arduino/bin'
[26.563s] Level 1:colcon.colcon_core.environment:checking '/home/rodrigo/dev_ws/install/diffdrive_arduino/lib/pkgconfig/diffdrive_arduino.pc'
[26.563s] Level 1:colcon.colcon_core.environment:checking '/home/rodrigo/dev_ws/install/diffdrive_arduino/lib/python3.10/site-packages'
[26.565s] Level 1:colcon.colcon_core.environment:checking '/home/rodrigo/dev_ws/install/diffdrive_arduino/bin'
[26.567s] INFO:colcon.colcon_core.shell:Creating package script '/home/rodrigo/dev_ws/install/diffdrive_arduino/share/diffdrive_arduino/package.ps1'
[26.569s] INFO:colcon.colcon_core.shell:Creating package descriptor '/home/rodrigo/dev_ws/install/diffdrive_arduino/share/diffdrive_arduino/package.dsv'
[26.573s] INFO:colcon.colcon_core.shell:Creating package script '/home/rodrigo/dev_ws/install/diffdrive_arduino/share/diffdrive_arduino/package.sh'
[26.575s] INFO:colcon.colcon_core.shell:Creating package script '/home/rodrigo/dev_ws/install/diffdrive_arduino/share/diffdrive_arduino/package.bash'
[26.577s] INFO:colcon.colcon_core.shell:Creating package script '/home/rodrigo/dev_ws/install/diffdrive_arduino/share/diffdrive_arduino/package.zsh'
[26.580s] Level 1:colcon.colcon_core.environment:create_file_with_runtime_dependencies(/home/rodrigo/dev_ws/install/diffdrive_arduino/share/colcon-core/packages/diffdrive_arduino)
[26.582s] DEBUG:colcon.colcon_parallel_executor.executor.parallel:closing loop
[26.584s] DEBUG:colcon.colcon_parallel_executor.executor.parallel:loop closed
[26.586s] DEBUG:colcon.colcon_parallel_executor.executor.parallel:run_until_complete finished with '0'
[26.587s] DEBUG:colcon.colcon_core.event_reactor:joining thread
[26.627s] INFO:colcon.colcon_core.plugin_system:Skipping extension 'colcon_notification.desktop_notification.terminal_notifier': Not used on non-Darwin systems
[26.627s] INFO:colcon.colcon_core.plugin_system:Skipping extension 'colcon_notification.desktop_notification.win32': Not used on non-Windows systems
[26.628s] INFO:colcon.colcon_notification.desktop_notification:Sending desktop notification using 'notify2'
[26.722s] DEBUG:colcon.colcon_core.event_reactor:joined thread
[26.723s] INFO:colcon.colcon_core.shell:Creating prefix script '/home/rodrigo/dev_ws/install/local_setup.ps1'
[26.728s] INFO:colcon.colcon_core.shell:Creating prefix util module '/home/rodrigo/dev_ws/install/_local_setup_util_ps1.py'
[26.735s] INFO:colcon.colcon_core.shell:Creating prefix chain script '/home/rodrigo/dev_ws/install/setup.ps1'
[26.741s] INFO:colcon.colcon_core.shell:Creating prefix script '/home/rodrigo/dev_ws/install/local_setup.sh'
[26.744s] INFO:colcon.colcon_core.shell:Creating prefix util module '/home/rodrigo/dev_ws/install/_local_setup_util_sh.py'
[26.747s] INFO:colcon.colcon_core.shell:Creating prefix chain script '/home/rodrigo/dev_ws/install/setup.sh'
[26.752s] INFO:colcon.colcon_core.shell:Creating prefix script '/home/rodrigo/dev_ws/install/local_setup.bash'
[26.755s] INFO:colcon.colcon_core.shell:Creating prefix chain script '/home/rodrigo/dev_ws/install/setup.bash'
[26.760s] INFO:colcon.colcon_core.shell:Creating prefix script '/home/rodrigo/dev_ws/install/local_setup.zsh'
[26.764s] INFO:colcon.colcon_core.shell:Creating prefix chain script '/home/rodrigo/dev_ws/install/setup.zsh'
