[3.294s] Invoking command in '/home/ttrxx/TTRXX_WS/build/robot_pkg': PYTHONPATH=/home/ttrxx/TTRXX_WS/build/robot_pkg/prefix_override:/home/ttrxx/TTRXX_WS/install/robot_pkg/lib/python3.10/site-packages:${PYTHONPATH} /usr/bin/python3 -W ignore:setup.py install is deprecated setup.py develop --editable --build-directory /home/ttrxx/TTRXX_WS/build/robot_pkg/build --no-deps symlink_data --force
[4.906s] running develop
[4.913s] /usr/lib/python3/dist-packages/setuptools/command/easy_install.py:158: EasyInstallDeprecationWarning: easy_install command is deprecated. Use build and pip and other standards-based tools.
[4.914s]   warnings.warn(
[5.690s] running egg_info
[5.691s] writing robot_pkg.egg-info/PKG-INFO
[5.694s] writing dependency_links to robot_pkg.egg-info/dependency_links.txt
[5.694s] writing entry points to robot_pkg.egg-info/entry_points.txt
[5.695s] writing requirements to robot_pkg.egg-info/requires.txt
[5.696s] writing top-level names to robot_pkg.egg-info/top_level.txt
[5.703s] reading manifest file 'robot_pkg.egg-info/SOURCES.txt'
[5.705s] writing manifest file 'robot_pkg.egg-info/SOURCES.txt'
[5.713s] running build_ext
[5.713s] Creating /home/ttrxx/TTRXX_WS/install/robot_pkg/lib/python3.10/site-packages/robot-pkg.egg-link (link to .)
[5.719s] 
[5.720s] Installed /home/ttrxx/TTRXX_WS/build/robot_pkg
[5.721s] running symlink_data
[5.725s] symbolically linking /home/ttrxx/TTRXX_WS/build/robot_pkg/resource/robot_pkg -> /home/ttrxx/TTRXX_WS/install/robot_pkg/share/ament_index/resource_index/packages
[5.726s] symbolically linking /home/ttrxx/TTRXX_WS/build/robot_pkg/package.xml -> /home/ttrxx/TTRXX_WS/install/robot_pkg/share/robot_pkg
[5.726s] symbolically linking /home/ttrxx/TTRXX_WS/build/robot_pkg/urdf/TTR01.urdf -> /home/ttrxx/TTRXX_WS/install/robot_pkg/share/robot_pkg/urdf
[5.726s] symbolically linking /home/ttrxx/TTRXX_WS/build/robot_pkg/launch/display.launch.py -> /home/ttrxx/TTRXX_WS/install/robot_pkg/share/robot_pkg/launch
[5.730s] symbolically linking /home/ttrxx/TTRXX_WS/build/robot_pkg/meshes/U_wheel_2_link.STL -> /home/ttrxx/TTRXX_WS/install/robot_pkg/share/robot_pkg/meshes
[5.730s] symbolically linking /home/ttrxx/TTRXX_WS/build/robot_pkg/meshes/U_wheel_1_link.STL -> /home/ttrxx/TTRXX_WS/install/robot_pkg/share/robot_pkg/meshes
[5.731s] symbolically linking /home/ttrxx/TTRXX_WS/build/robot_pkg/meshes/U_base_wheel_2_link.STL -> /home/ttrxx/TTRXX_WS/install/robot_pkg/share/robot_pkg/meshes
[5.732s] symbolically linking /home/ttrxx/TTRXX_WS/build/robot_pkg/meshes/Support_B_link.STL -> /home/ttrxx/TTRXX_WS/install/robot_pkg/share/robot_pkg/meshes
[5.732s] symbolically linking /home/ttrxx/TTRXX_WS/build/robot_pkg/meshes/Support_A_link.STL -> /home/ttrxx/TTRXX_WS/install/robot_pkg/share/robot_pkg/meshes
[5.733s] symbolically linking /home/ttrxx/TTRXX_WS/build/robot_pkg/meshes/base_link.STL -> /home/ttrxx/TTRXX_WS/install/robot_pkg/share/robot_pkg/meshes
[5.734s] symbolically linking /home/ttrxx/TTRXX_WS/build/robot_pkg/meshes/L_wheel_link.STL -> /home/ttrxx/TTRXX_WS/install/robot_pkg/share/robot_pkg/meshes
[5.734s] symbolically linking /home/ttrxx/TTRXX_WS/build/robot_pkg/meshes/M_base_link.STL -> /home/ttrxx/TTRXX_WS/install/robot_pkg/share/robot_pkg/meshes
[5.735s] symbolically linking /home/ttrxx/TTRXX_WS/build/robot_pkg/meshes/T_base_link.STL -> /home/ttrxx/TTRXX_WS/install/robot_pkg/share/robot_pkg/meshes
[5.735s] symbolically linking /home/ttrxx/TTRXX_WS/build/robot_pkg/meshes/U_base_wheel_1_link.STL -> /home/ttrxx/TTRXX_WS/install/robot_pkg/share/robot_pkg/meshes
[5.738s] symbolically linking /home/ttrxx/TTRXX_WS/build/robot_pkg/meshes/R_wheel_link.STL -> /home/ttrxx/TTRXX_WS/install/robot_pkg/share/robot_pkg/meshes
[5.859s] Invoked command in '/home/ttrxx/TTRXX_WS/build/robot_pkg' returned '0': PYTHONPATH=/home/ttrxx/TTRXX_WS/build/robot_pkg/prefix_override:/home/ttrxx/TTRXX_WS/install/robot_pkg/lib/python3.10/site-packages:${PYTHONPATH} /usr/bin/python3 -W ignore:setup.py install is deprecated setup.py develop --editable --build-directory /home/ttrxx/TTRXX_WS/build/robot_pkg/build --no-deps symlink_data --force
