[0.091s] Invoking command in '/home/rodrigo/dev_ws/build/sllidar_ros2': CMAKE_PREFIX_PATH=${CMAKE_PREFIX_PATH}:/opt/ros/humble /usr/bin/cmake --build /home/rodrigo/dev_ws/build/sllidar_ros2 -- -j4 -l4
[0.475s] [ 10%] Built target sllidar_client
[0.528s] [100%] Built target sllidar_node
[0.618s] Invoked command in '/home/rodrigo/dev_ws/build/sllidar_ros2' returned '0': CMAKE_PREFIX_PATH=${CMAKE_PREFIX_PATH}:/opt/ros/humble /usr/bin/cmake --build /home/rodrigo/dev_ws/build/sllidar_ros2 -- -j4 -l4
[1.088s] Invoking command in '/home/rodrigo/dev_ws/build/sllidar_ros2': CMAKE_PREFIX_PATH=${CMAKE_PREFIX_PATH}:/opt/ros/humble /usr/bin/cmake --install /home/rodrigo/dev_ws/build/sllidar_ros2
[1.120s] -- Install configuration: ""
[1.122s] -- Execute custom install script
[1.126s] -- Up-to-date symlink: /home/rodrigo/dev_ws/install/sllidar_ros2/share/sllidar_ros2/launch/sllidar_a1_launch.py
[1.131s] -- Up-to-date symlink: /home/rodrigo/dev_ws/install/sllidar_ros2/share/sllidar_ros2/launch/sllidar_a2m12_launch .py
[1.135s] -- Up-to-date symlink: /home/rodrigo/dev_ws/install/sllidar_ros2/share/sllidar_ros2/launch/sllidar_a2m7_launch.py
[1.135s] -- Up-to-date symlink: /home/rodrigo/dev_ws/install/sllidar_ros2/share/sllidar_ros2/launch/sllidar_a2m8_launch.py
[1.136s] -- Up-to-date symlink: /home/rodrigo/dev_ws/install/sllidar_ros2/share/sllidar_ros2/launch/sllidar_a3_launch.py
[1.136s] -- Up-to-date symlink: /home/rodrigo/dev_ws/install/sllidar_ros2/share/sllidar_ros2/launch/sllidar_c1_launch.py
[1.136s] -- Up-to-date symlink: /home/rodrigo/dev_ws/install/sllidar_ros2/share/sllidar_ros2/launch/sllidar_s1_launch.py
[1.137s] -- Up-to-date symlink: /home/rodrigo/dev_ws/install/sllidar_ros2/share/sllidar_ros2/launch/sllidar_s1_tcp_launch.py
[1.137s] -- Up-to-date symlink: /home/rodrigo/dev_ws/install/sllidar_ros2/share/sllidar_ros2/launch/sllidar_s2_launch.py
[1.138s] -- Up-to-date symlink: /home/rodrigo/dev_ws/install/sllidar_ros2/share/sllidar_ros2/launch/sllidar_s2e_launch.py
[1.139s] -- Up-to-date symlink: /home/rodrigo/dev_ws/install/sllidar_ros2/share/sllidar_ros2/launch/sllidar_s3_launch.py
[1.140s] -- Up-to-date symlink: /home/rodrigo/dev_ws/install/sllidar_ros2/share/sllidar_ros2/launch/sllidar_t1_launch.py
[1.141s] -- Up-to-date symlink: /home/rodrigo/dev_ws/install/sllidar_ros2/share/sllidar_ros2/launch/view_sllidar_a1_launch.py
[1.141s] -- Up-to-date symlink: /home/rodrigo/dev_ws/install/sllidar_ros2/share/sllidar_ros2/launch/view_sllidar_a2m12_launch.py
[1.142s] -- Up-to-date symlink: /home/rodrigo/dev_ws/install/sllidar_ros2/share/sllidar_ros2/launch/view_sllidar_a2m7_launch.py
[1.143s] -- Up-to-date symlink: /home/rodrigo/dev_ws/install/sllidar_ros2/share/sllidar_ros2/launch/view_sllidar_a2m8_launch.py
[1.143s] -- Up-to-date symlink: /home/rodrigo/dev_ws/install/sllidar_ros2/share/sllidar_ros2/launch/view_sllidar_a3_launch.py
[1.144s] -- Up-to-date symlink: /home/rodrigo/dev_ws/install/sllidar_ros2/share/sllidar_ros2/launch/view_sllidar_c1_launch.py
[1.145s] -- Up-to-date symlink: /home/rodrigo/dev_ws/install/sllidar_ros2/share/sllidar_ros2/launch/view_sllidar_s1_launch.py
[1.145s] -- Up-to-date symlink: /home/rodrigo/dev_ws/install/sllidar_ros2/share/sllidar_ros2/launch/view_sllidar_s1_tcp_launch.py
[1.146s] -- Up-to-date symlink: /home/rodrigo/dev_ws/install/sllidar_ros2/share/sllidar_ros2/launch/view_sllidar_s2_launch.py
[1.147s] -- Up-to-date symlink: /home/rodrigo/dev_ws/install/sllidar_ros2/share/sllidar_ros2/launch/view_sllidar_s2e_launch.py
[1.147s] -- Up-to-date symlink: /home/rodrigo/dev_ws/install/sllidar_ros2/share/sllidar_ros2/launch/view_sllidar_s3_launch.py
[1.148s] -- Up-to-date symlink: /home/rodrigo/dev_ws/install/sllidar_ros2/share/sllidar_ros2/launch/view_sllidar_t1_launch.py
[1.148s] -- Up-to-date symlink: /home/rodrigo/dev_ws/install/sllidar_ros2/share/sllidar_ros2/rviz/sllidar_ros2.rviz
[1.149s] -- Up-to-date symlink: /home/rodrigo/dev_ws/install/sllidar_ros2/lib/sllidar_ros2/sllidar_node
[1.150s] -- Up-to-date symlink: /home/rodrigo/dev_ws/install/sllidar_ros2/lib/sllidar_ros2/sllidar_client
[1.151s] -- Up-to-date symlink: /home/rodrigo/dev_ws/install/sllidar_ros2/share/ament_index/resource_index/package_run_dependencies/sllidar_ros2
[1.151s] -- Up-to-date symlink: /home/rodrigo/dev_ws/install/sllidar_ros2/share/ament_index/resource_index/parent_prefix_path/sllidar_ros2
[1.152s] -- Up-to-date symlink: /home/rodrigo/dev_ws/install/sllidar_ros2/share/sllidar_ros2/environment/ament_prefix_path.sh
[1.152s] -- Up-to-date symlink: /home/rodrigo/dev_ws/install/sllidar_ros2/share/sllidar_ros2/environment/ament_prefix_path.dsv
[1.153s] -- Up-to-date symlink: /home/rodrigo/dev_ws/install/sllidar_ros2/share/sllidar_ros2/environment/path.sh
[1.154s] -- Up-to-date symlink: /home/rodrigo/dev_ws/install/sllidar_ros2/share/sllidar_ros2/environment/path.dsv
[1.155s] -- Up-to-date symlink: /home/rodrigo/dev_ws/install/sllidar_ros2/share/sllidar_ros2/local_setup.bash
[1.156s] -- Up-to-date symlink: /home/rodrigo/dev_ws/install/sllidar_ros2/share/sllidar_ros2/local_setup.sh
[1.157s] -- Up-to-date symlink: /home/rodrigo/dev_ws/install/sllidar_ros2/share/sllidar_ros2/local_setup.zsh
[1.158s] -- Up-to-date symlink: /home/rodrigo/dev_ws/install/sllidar_ros2/share/sllidar_ros2/local_setup.dsv
[1.159s] -- Symlinking: /home/rodrigo/dev_ws/install/sllidar_ros2/share/sllidar_ros2/package.dsv
[1.193s] -- Up-to-date symlink: /home/rodrigo/dev_ws/install/sllidar_ros2/share/ament_index/resource_index/packages/sllidar_ros2
[1.194s] -- Up-to-date symlink: /home/rodrigo/dev_ws/install/sllidar_ros2/share/sllidar_ros2/cmake/ament_cmake_export_dependencies-extras.cmake
[1.196s] -- Up-to-date symlink: /home/rodrigo/dev_ws/install/sllidar_ros2/share/sllidar_ros2/cmake/ament_cmake_export_include_directories-extras.cmake
[1.196s] -- Up-to-date symlink: /home/rodrigo/dev_ws/install/sllidar_ros2/share/sllidar_ros2/cmake/sllidar_ros2Config.cmake
[1.197s] -- Up-to-date symlink: /home/rodrigo/dev_ws/install/sllidar_ros2/share/sllidar_ros2/cmake/sllidar_ros2Config-version.cmake
[1.198s] -- Up-to-date symlink: /home/rodrigo/dev_ws/install/sllidar_ros2/share/sllidar_ros2/package.xml
[1.206s] Invoked command in '/home/rodrigo/dev_ws/build/sllidar_ros2' returned '0': CMAKE_PREFIX_PATH=${CMAKE_PREFIX_PATH}:/opt/ros/humble /usr/bin/cmake --install /home/rodrigo/dev_ws/build/sllidar_ros2
