[0.055s] Invoking command in '/home/rodrigo/dev_ws/build/diffdrive_arduino': CMAKE_PREFIX_PATH=/home/rodrigo/dev_ws/install/serial:/home/rodrigo/dev_ws/install/sllidar_ros2:/home/rodrigo/dev_ws/install/diffdrive_arduino:/home/rodrigo/dev_ws/install/robot_pkg:/opt/ros/humble /usr/bin/cmake --build /home/rodrigo/dev_ws/build/diffdrive_arduino -- -j4 -l4
[0.240s] [35m[1mConsolidate compiler generated dependencies of target fake_robot[0m
[0.241s] [35m[1mConsolidate compiler generated dependencies of target diffdrive_arduino[0m
[0.368s] [ 57%] Built target diffdrive_arduino
[0.373s] [100%] Built target fake_robot
[0.413s] Invoked command in '/home/rodrigo/dev_ws/build/diffdrive_arduino' returned '0': CMAKE_PREFIX_PATH=/home/rodrigo/dev_ws/install/serial:/home/rodrigo/dev_ws/install/sllidar_ros2:/home/rodrigo/dev_ws/install/diffdrive_arduino:/home/rodrigo/dev_ws/install/robot_pkg:/opt/ros/humble /usr/bin/cmake --build /home/rodrigo/dev_ws/build/diffdrive_arduino -- -j4 -l4
[0.580s] Invoking command in '/home/rodrigo/dev_ws/build/diffdrive_arduino': CMAKE_PREFIX_PATH=/home/rodrigo/dev_ws/install/serial:/home/rodrigo/dev_ws/install/sllidar_ros2:/home/rodrigo/dev_ws/install/diffdrive_arduino:/home/rodrigo/dev_ws/install/robot_pkg:/opt/ros/humble /usr/bin/cmake --install /home/rodrigo/dev_ws/build/diffdrive_arduino
[0.606s] -- Install configuration: ""
[0.607s] -- Execute custom install script
[0.608s] -- Up-to-date symlink: /home/rodrigo/dev_ws/install/diffdrive_arduino/share/diffdrive_arduino//robot_hardware.xml
[0.609s] -- Up-to-date symlink: /home/rodrigo/dev_ws/install/diffdrive_arduino/share/diffdrive_arduino//fake_robot_hardware.xml
[0.611s] -- Up-to-date symlink: /home/rodrigo/dev_ws/install/diffdrive_arduino/lib/libdiffdrive_arduino.so
[0.612s] -- Up-to-date symlink: /home/rodrigo/dev_ws/install/diffdrive_arduino/lib/libfake_robot.so
[0.614s] -- Up-to-date symlink: /home/rodrigo/dev_ws/install/diffdrive_arduino/share/diffdrive_arduino/controllers/robot_controller_example.yaml
[0.615s] -- Up-to-date symlink: /home/rodrigo/dev_ws/install/diffdrive_arduino/share/diffdrive_arduino/__pycache__/test_robot.launch.cpython-310.pyc
[0.616s] -- Up-to-date symlink: /home/rodrigo/dev_ws/install/diffdrive_arduino/share/diffdrive_arduino/fake_robot.launch.py
[0.616s] -- Up-to-date symlink: /home/rodrigo/dev_ws/install/diffdrive_arduino/share/diffdrive_arduino/test_robot.launch.py
[0.618s] -- Up-to-date symlink: /home/rodrigo/dev_ws/install/diffdrive_arduino/share/diffdrive_arduino/environment/library_path.sh
[0.618s] -- Up-to-date symlink: /home/rodrigo/dev_ws/install/diffdrive_arduino/share/diffdrive_arduino/environment/library_path.dsv
[0.620s] -- Up-to-date symlink: /home/rodrigo/dev_ws/install/diffdrive_arduino/share/ament_index/resource_index/package_run_dependencies/diffdrive_arduino
[0.621s] -- Up-to-date symlink: /home/rodrigo/dev_ws/install/diffdrive_arduino/share/ament_index/resource_index/parent_prefix_path/diffdrive_arduino
[0.622s] -- Up-to-date symlink: /home/rodrigo/dev_ws/install/diffdrive_arduino/share/diffdrive_arduino/environment/ament_prefix_path.sh
[0.623s] -- Up-to-date symlink: /home/rodrigo/dev_ws/install/diffdrive_arduino/share/diffdrive_arduino/environment/ament_prefix_path.dsv
[0.624s] -- Up-to-date symlink: /home/rodrigo/dev_ws/install/diffdrive_arduino/share/diffdrive_arduino/environment/path.sh
[0.624s] -- Up-to-date symlink: /home/rodrigo/dev_ws/install/diffdrive_arduino/share/diffdrive_arduino/environment/path.dsv
[0.625s] -- Up-to-date symlink: /home/rodrigo/dev_ws/install/diffdrive_arduino/share/diffdrive_arduino/local_setup.bash
[0.626s] -- Up-to-date symlink: /home/rodrigo/dev_ws/install/diffdrive_arduino/share/diffdrive_arduino/local_setup.sh
[0.627s] -- Up-to-date symlink: /home/rodrigo/dev_ws/install/diffdrive_arduino/share/diffdrive_arduino/local_setup.zsh
[0.631s] -- Up-to-date symlink: /home/rodrigo/dev_ws/install/diffdrive_arduino/share/diffdrive_arduino/local_setup.dsv
[0.632s] -- Symlinking: /home/rodrigo/dev_ws/install/diffdrive_arduino/share/diffdrive_arduino/package.dsv
[0.666s] -- Up-to-date symlink: /home/rodrigo/dev_ws/install/diffdrive_arduino/share/ament_index/resource_index/packages/diffdrive_arduino
[0.667s] -- Up-to-date symlink: /home/rodrigo/dev_ws/install/diffdrive_arduino/share/ament_index/resource_index/hardware_interface__pluginlib__plugin/diffdrive_arduino
[0.668s] -- Up-to-date symlink: /home/rodrigo/dev_ws/install/diffdrive_arduino/share/diffdrive_arduino/cmake/ament_cmake_export_libraries-extras.cmake
[0.669s] -- Up-to-date symlink: /home/rodrigo/dev_ws/install/diffdrive_arduino/share/diffdrive_arduino/cmake/ament_cmake_export_dependencies-extras.cmake
[0.670s] -- Up-to-date symlink: /home/rodrigo/dev_ws/install/diffdrive_arduino/share/diffdrive_arduino/cmake/diffdrive_arduinoConfig.cmake
[0.671s] -- Up-to-date symlink: /home/rodrigo/dev_ws/install/diffdrive_arduino/share/diffdrive_arduino/cmake/diffdrive_arduinoConfig-version.cmake
[0.672s] -- Up-to-date symlink: /home/rodrigo/dev_ws/install/diffdrive_arduino/share/diffdrive_arduino/package.xml
[0.679s] Invoked command in '/home/rodrigo/dev_ws/build/diffdrive_arduino' returned '0': CMAKE_PREFIX_PATH=/home/rodrigo/dev_ws/install/serial:/home/rodrigo/dev_ws/install/sllidar_ros2:/home/rodrigo/dev_ws/install/diffdrive_arduino:/home/rodrigo/dev_ws/install/robot_pkg:/opt/ros/humble /usr/bin/cmake --install /home/rodrigo/dev_ws/build/diffdrive_arduino
