[0.340s] DEBUG:colcon:Command line arguments: ['/usr/bin/colcon', 'build', '--symlink-install']
[0.340s] DEBUG:colcon:Parsed command line arguments: Namespace(log_base=None, log_level=None, verb_name='build', build_base='build', install_base='install', merge_install=False, symlink_install=True, test_result_base=None, continue_on_error=False, executor='parallel', parallel_workers=4, event_handlers=None, ignore_user_meta=False, metas=['./colcon.meta'], base_paths=['.'], packages_ignore=None, packages_ignore_regex=None, paths=None, packages_up_to=None, packages_up_to_regex=None, packages_above=None, packages_above_and_dependencies=None, packages_above_depth=None, packages_select_by_dep=None, packages_skip_by_dep=None, packages_skip_up_to=None, packages_select_build_failed=False, packages_skip_build_finished=False, packages_select_test_failures=False, packages_skip_test_passed=False, packages_select=None, packages_skip=None, packages_select_regex=None, packages_skip_regex=None, packages_start=None, packages_end=None, allow_overriding=[], cmake_args=None, cmake_target=None, cmake_target_skip_unavailable=False, cmake_clean_cache=False, cmake_clean_first=False, cmake_force_configure=False, ament_cmake_args=None, catkin_cmake_args=None, catkin_skip_building_tests=False, verb_parser=<colcon_defaults.argument_parser.defaults.DefaultArgumentsDecorator object at 0x7c7c52df3790>, verb_extension=<colcon_core.verb.build.BuildVerb object at 0x7c7c52d402b0>, main=<bound method BuildVerb.main of <colcon_core.verb.build.BuildVerb object at 0x7c7c52d402b0>>)
[0.764s] Level 1:colcon.colcon_core.package_discovery:discover_packages(colcon_meta) check parameters
[0.764s] Level 1:colcon.colcon_core.package_discovery:discover_packages(recursive) check parameters
[0.765s] Level 1:colcon.colcon_core.package_discovery:discover_packages(ignore) check parameters
[0.765s] Level 1:colcon.colcon_core.package_discovery:discover_packages(path) check parameters
[0.765s] Level 1:colcon.colcon_core.package_discovery:discover_packages(colcon_meta) discover
[0.765s] Level 1:colcon.colcon_core.package_discovery:discover_packages(recursive) discover
[0.765s] INFO:colcon.colcon_core.package_discovery:Crawling recursively for packages in '/home/ttrxx/dev_ws'
[0.766s] Level 1:colcon.colcon_core.package_identification:_identify(.) by extensions ['ignore', 'ignore_ament_install']
[0.766s] Level 1:colcon.colcon_core.package_identification:_identify(.) by extension 'ignore'
[0.766s] Level 1:colcon.colcon_core.package_identification:_identify(.) by extension 'ignore_ament_install'
[0.766s] Level 1:colcon.colcon_core.package_identification:_identify(.) by extensions ['colcon_pkg']
[0.767s] Level 1:colcon.colcon_core.package_identification:_identify(.) by extension 'colcon_pkg'
[0.767s] Level 1:colcon.colcon_core.package_identification:_identify(.) by extensions ['colcon_meta']
[0.767s] Level 1:colcon.colcon_core.package_identification:_identify(.) by extension 'colcon_meta'
[0.767s] Level 1:colcon.colcon_core.package_identification:_identify(.) by extensions ['ros']
[0.767s] Level 1:colcon.colcon_core.package_identification:_identify(.) by extension 'ros'
[0.799s] Level 1:colcon.colcon_core.package_identification:_identify(.) by extensions ['cmake', 'python']
[0.799s] Level 1:colcon.colcon_core.package_identification:_identify(.) by extension 'cmake'
[0.799s] Level 1:colcon.colcon_core.package_identification:_identify(.) by extension 'python'
[0.800s] Level 1:colcon.colcon_core.package_identification:_identify(.) by extensions ['python_setup_py']
[0.800s] Level 1:colcon.colcon_core.package_identification:_identify(.) by extension 'python_setup_py'
[0.800s] Level 1:colcon.colcon_core.package_identification:_identify(build) by extensions ['ignore', 'ignore_ament_install']
[0.800s] Level 1:colcon.colcon_core.package_identification:_identify(build) by extension 'ignore'
[0.801s] Level 1:colcon.colcon_core.package_identification:_identify(build) ignored
[0.801s] Level 1:colcon.colcon_core.package_identification:_identify(install) by extensions ['ignore', 'ignore_ament_install']
[0.801s] Level 1:colcon.colcon_core.package_identification:_identify(install) by extension 'ignore'
[0.802s] Level 1:colcon.colcon_core.package_identification:_identify(install) ignored
[0.802s] Level 1:colcon.colcon_core.package_identification:_identify(log) by extensions ['ignore', 'ignore_ament_install']
[0.802s] Level 1:colcon.colcon_core.package_identification:_identify(log) by extension 'ignore'
[0.802s] Level 1:colcon.colcon_core.package_identification:_identify(log) ignored
[0.803s] Level 1:colcon.colcon_core.package_identification:_identify(src) by extensions ['ignore', 'ignore_ament_install']
[0.803s] Level 1:colcon.colcon_core.package_identification:_identify(src) by extension 'ignore'
[0.803s] Level 1:colcon.colcon_core.package_identification:_identify(src) by extension 'ignore_ament_install'
[0.803s] Level 1:colcon.colcon_core.package_identification:_identify(src) by extensions ['colcon_pkg']
[0.803s] Level 1:colcon.colcon_core.package_identification:_identify(src) by extension 'colcon_pkg'
[0.804s] Level 1:colcon.colcon_core.package_identification:_identify(src) by extensions ['colcon_meta']
[0.804s] Level 1:colcon.colcon_core.package_identification:_identify(src) by extension 'colcon_meta'
[0.804s] Level 1:colcon.colcon_core.package_identification:_identify(src) by extensions ['ros']
[0.804s] Level 1:colcon.colcon_core.package_identification:_identify(src) by extension 'ros'
[0.804s] Level 1:colcon.colcon_core.package_identification:_identify(src) by extensions ['cmake', 'python']
[0.805s] Level 1:colcon.colcon_core.package_identification:_identify(src) by extension 'cmake'
[0.805s] Level 1:colcon.colcon_core.package_identification:_identify(src) by extension 'python'
[0.805s] Level 1:colcon.colcon_core.package_identification:_identify(src) by extensions ['python_setup_py']
[0.805s] Level 1:colcon.colcon_core.package_identification:_identify(src) by extension 'python_setup_py'
[0.805s] Level 1:colcon.colcon_core.package_identification:_identify(src/ttrxx_pkg) by extensions ['ignore', 'ignore_ament_install']
[0.806s] Level 1:colcon.colcon_core.package_identification:_identify(src/ttrxx_pkg) by extension 'ignore'
[0.806s] Level 1:colcon.colcon_core.package_identification:_identify(src/ttrxx_pkg) by extension 'ignore_ament_install'
[0.806s] Level 1:colcon.colcon_core.package_identification:_identify(src/ttrxx_pkg) by extensions ['colcon_pkg']
[0.806s] Level 1:colcon.colcon_core.package_identification:_identify(src/ttrxx_pkg) by extension 'colcon_pkg'
[0.806s] Level 1:colcon.colcon_core.package_identification:_identify(src/ttrxx_pkg) by extensions ['colcon_meta']
[0.807s] Level 1:colcon.colcon_core.package_identification:_identify(src/ttrxx_pkg) by extension 'colcon_meta'
[0.807s] Level 1:colcon.colcon_core.package_identification:_identify(src/ttrxx_pkg) by extensions ['ros']
[0.807s] Level 1:colcon.colcon_core.package_identification:_identify(src/ttrxx_pkg) by extension 'ros'
[0.813s] DEBUG:colcon.colcon_core.package_identification:Package 'src/ttrxx_pkg' with type 'ros.ament_cmake' and name 'ttrxx_pkg'
[0.813s] Level 1:colcon.colcon_core.package_discovery:discover_packages(recursive) using defaults
[0.813s] Level 1:colcon.colcon_core.package_discovery:discover_packages(ignore) discover
[0.813s] Level 1:colcon.colcon_core.package_discovery:discover_packages(ignore) using defaults
[0.813s] Level 1:colcon.colcon_core.package_discovery:discover_packages(path) discover
[0.814s] Level 1:colcon.colcon_core.package_discovery:discover_packages(path) using defaults
[0.870s] Level 1:colcon.colcon_core.package_discovery:discover_packages(prefix_path) check parameters
[0.870s] Level 1:colcon.colcon_core.package_discovery:discover_packages(prefix_path) discover
[0.881s] DEBUG:colcon.colcon_installed_package_information.package_discovery:Found 270 installed packages in /opt/ros/humble
[0.885s] Level 1:colcon.colcon_core.package_discovery:discover_packages(prefix_path) using defaults
[1.003s] Level 5:colcon.colcon_core.verb:set package 'ttrxx_pkg' build argument 'cmake_args' from command line to 'None'
[1.003s] Level 5:colcon.colcon_core.verb:set package 'ttrxx_pkg' build argument 'cmake_target' from command line to 'None'
[1.003s] Level 5:colcon.colcon_core.verb:set package 'ttrxx_pkg' build argument 'cmake_target_skip_unavailable' from command line to 'False'
[1.003s] Level 5:colcon.colcon_core.verb:set package 'ttrxx_pkg' build argument 'cmake_clean_cache' from command line to 'False'
[1.003s] Level 5:colcon.colcon_core.verb:set package 'ttrxx_pkg' build argument 'cmake_clean_first' from command line to 'False'
[1.003s] Level 5:colcon.colcon_core.verb:set package 'ttrxx_pkg' build argument 'cmake_force_configure' from command line to 'False'
[1.003s] Level 5:colcon.colcon_core.verb:set package 'ttrxx_pkg' build argument 'ament_cmake_args' from command line to 'None'
[1.003s] Level 5:colcon.colcon_core.verb:set package 'ttrxx_pkg' build argument 'catkin_cmake_args' from command line to 'None'
[1.003s] Level 5:colcon.colcon_core.verb:set package 'ttrxx_pkg' build argument 'catkin_skip_building_tests' from command line to 'False'
[1.003s] DEBUG:colcon.colcon_core.verb:Building package 'ttrxx_pkg' with the following arguments: {'ament_cmake_args': None, 'build_base': '/home/ttrxx/dev_ws/build/ttrxx_pkg', 'catkin_cmake_args': None, 'catkin_skip_building_tests': False, 'cmake_args': None, 'cmake_clean_cache': False, 'cmake_clean_first': False, 'cmake_force_configure': False, 'cmake_target': None, 'cmake_target_skip_unavailable': False, 'install_base': '/home/ttrxx/dev_ws/install/ttrxx_pkg', 'merge_install': False, 'path': '/home/ttrxx/dev_ws/src/ttrxx_pkg', 'symlink_install': True, 'test_result_base': None}
[1.004s] INFO:colcon.colcon_core.executor:Executing jobs using 'parallel' executor
[1.006s] DEBUG:colcon.colcon_parallel_executor.executor.parallel:run_until_complete
[1.007s] INFO:colcon.colcon_ros.task.ament_cmake.build:Building ROS package in '/home/ttrxx/dev_ws/src/ttrxx_pkg' with build type 'ament_cmake'
[1.008s] INFO:colcon.colcon_cmake.task.cmake.build:Building CMake package in '/home/ttrxx/dev_ws/src/ttrxx_pkg'
[1.023s] INFO:colcon.colcon_core.plugin_system:Skipping extension 'colcon_core.shell.bat': Not used on non-Windows systems
[1.024s] INFO:colcon.colcon_core.shell:Skip shell extension 'powershell' for command environment: Not usable outside of PowerShell
[1.024s] DEBUG:colcon.colcon_core.shell:Skip shell extension 'dsv' for command environment
[1.049s] DEBUG:colcon.colcon_core.event_handler.log_command:Invoking command in '/home/ttrxx/dev_ws/build/ttrxx_pkg': CMAKE_PREFIX_PATH=/opt/ros/humble /usr/bin/cmake /home/ttrxx/dev_ws/src/ttrxx_pkg -DAMENT_CMAKE_SYMLINK_INSTALL=1 -DCMAKE_INSTALL_PREFIX=/home/ttrxx/dev_ws/install/ttrxx_pkg
[3.301s] DEBUG:colcon.colcon_core.event_handler.log_command:Invoked command in '/home/ttrxx/dev_ws/build/ttrxx_pkg' returned '0': CMAKE_PREFIX_PATH=/opt/ros/humble /usr/bin/cmake /home/ttrxx/dev_ws/src/ttrxx_pkg -DAMENT_CMAKE_SYMLINK_INSTALL=1 -DCMAKE_INSTALL_PREFIX=/home/ttrxx/dev_ws/install/ttrxx_pkg
[3.306s] DEBUG:colcon.colcon_core.event_handler.log_command:Invoking command in '/home/ttrxx/dev_ws/build/ttrxx_pkg': CMAKE_PREFIX_PATH=/opt/ros/humble /usr/bin/cmake --build /home/ttrxx/dev_ws/build/ttrxx_pkg -- -j4 -l4
[3.402s] DEBUG:colcon.colcon_core.event_handler.log_command:Invoked command in '/home/ttrxx/dev_ws/build/ttrxx_pkg' returned '0': CMAKE_PREFIX_PATH=/opt/ros/humble /usr/bin/cmake --build /home/ttrxx/dev_ws/build/ttrxx_pkg -- -j4 -l4
[3.491s] DEBUG:colcon.colcon_core.event_handler.log_command:Invoking command in '/home/ttrxx/dev_ws/build/ttrxx_pkg': CMAKE_PREFIX_PATH=/opt/ros/humble /usr/bin/cmake --install /home/ttrxx/dev_ws/build/ttrxx_pkg
[3.897s] Level 1:colcon.colcon_core.environment:create_environment_scripts_only(ttrxx_pkg)
[3.898s] DEBUG:colcon.colcon_core.event_handler.log_command:Invoked command in '/home/ttrxx/dev_ws/build/ttrxx_pkg' returned '0': CMAKE_PREFIX_PATH=/opt/ros/humble /usr/bin/cmake --install /home/ttrxx/dev_ws/build/ttrxx_pkg
[3.923s] Level 1:colcon.colcon_core.environment:checking '/home/ttrxx/dev_ws/install/ttrxx_pkg' for CMake module files
[3.925s] Level 1:colcon.colcon_core.environment:checking '/home/ttrxx/dev_ws/install/ttrxx_pkg' for CMake config files
[3.925s] Level 1:colcon.colcon_core.shell:create_environment_hook('ttrxx_pkg', 'cmake_prefix_path')
[3.926s] INFO:colcon.colcon_core.shell:Creating environment hook '/home/ttrxx/dev_ws/install/ttrxx_pkg/share/ttrxx_pkg/hook/cmake_prefix_path.ps1'
[3.928s] INFO:colcon.colcon_core.shell:Creating environment descriptor '/home/ttrxx/dev_ws/install/ttrxx_pkg/share/ttrxx_pkg/hook/cmake_prefix_path.dsv'
[3.931s] INFO:colcon.colcon_core.shell:Creating environment hook '/home/ttrxx/dev_ws/install/ttrxx_pkg/share/ttrxx_pkg/hook/cmake_prefix_path.sh'
[3.934s] Level 1:colcon.colcon_core.environment:checking '/home/ttrxx/dev_ws/install/ttrxx_pkg/bin'
[3.934s] Level 1:colcon.colcon_core.environment:checking '/home/ttrxx/dev_ws/install/ttrxx_pkg/lib/pkgconfig/ttrxx_pkg.pc'
[3.935s] Level 1:colcon.colcon_core.environment:checking '/home/ttrxx/dev_ws/install/ttrxx_pkg/lib/python3.10/site-packages'
[3.935s] Level 1:colcon.colcon_core.environment:checking '/home/ttrxx/dev_ws/install/ttrxx_pkg/bin'
[3.936s] INFO:colcon.colcon_core.shell:Creating package script '/home/ttrxx/dev_ws/install/ttrxx_pkg/share/ttrxx_pkg/package.ps1'
[3.939s] INFO:colcon.colcon_core.shell:Creating package descriptor '/home/ttrxx/dev_ws/install/ttrxx_pkg/share/ttrxx_pkg/package.dsv'
[3.941s] INFO:colcon.colcon_core.shell:Creating package script '/home/ttrxx/dev_ws/install/ttrxx_pkg/share/ttrxx_pkg/package.sh'
[3.944s] INFO:colcon.colcon_core.shell:Creating package script '/home/ttrxx/dev_ws/install/ttrxx_pkg/share/ttrxx_pkg/package.bash'
[3.946s] INFO:colcon.colcon_core.shell:Creating package script '/home/ttrxx/dev_ws/install/ttrxx_pkg/share/ttrxx_pkg/package.zsh'
[3.949s] Level 1:colcon.colcon_core.environment:create_file_with_runtime_dependencies(/home/ttrxx/dev_ws/install/ttrxx_pkg/share/colcon-core/packages/ttrxx_pkg)
[4.012s] Level 1:colcon.colcon_core.environment:create_environment_scripts_only(ttrxx_pkg)
[4.013s] Level 1:colcon.colcon_core.environment:checking '/home/ttrxx/dev_ws/install/ttrxx_pkg' for CMake module files
[4.014s] Level 1:colcon.colcon_core.environment:checking '/home/ttrxx/dev_ws/install/ttrxx_pkg' for CMake config files
[4.015s] Level 1:colcon.colcon_core.shell:create_environment_hook('ttrxx_pkg', 'cmake_prefix_path')
[4.015s] INFO:colcon.colcon_core.shell:Creating environment hook '/home/ttrxx/dev_ws/install/ttrxx_pkg/share/ttrxx_pkg/hook/cmake_prefix_path.ps1'
[4.017s] INFO:colcon.colcon_core.shell:Creating environment descriptor '/home/ttrxx/dev_ws/install/ttrxx_pkg/share/ttrxx_pkg/hook/cmake_prefix_path.dsv'
[4.018s] INFO:colcon.colcon_core.shell:Creating environment hook '/home/ttrxx/dev_ws/install/ttrxx_pkg/share/ttrxx_pkg/hook/cmake_prefix_path.sh'
[4.020s] Level 1:colcon.colcon_core.environment:checking '/home/ttrxx/dev_ws/install/ttrxx_pkg/bin'
[4.020s] Level 1:colcon.colcon_core.environment:checking '/home/ttrxx/dev_ws/install/ttrxx_pkg/lib/pkgconfig/ttrxx_pkg.pc'
[4.021s] Level 1:colcon.colcon_core.environment:checking '/home/ttrxx/dev_ws/install/ttrxx_pkg/lib/python3.10/site-packages'
[4.022s] Level 1:colcon.colcon_core.environment:checking '/home/ttrxx/dev_ws/install/ttrxx_pkg/bin'
[4.022s] INFO:colcon.colcon_core.shell:Creating package script '/home/ttrxx/dev_ws/install/ttrxx_pkg/share/ttrxx_pkg/package.ps1'
[4.024s] INFO:colcon.colcon_core.shell:Creating package descriptor '/home/ttrxx/dev_ws/install/ttrxx_pkg/share/ttrxx_pkg/package.dsv'
[4.025s] INFO:colcon.colcon_core.shell:Creating package script '/home/ttrxx/dev_ws/install/ttrxx_pkg/share/ttrxx_pkg/package.sh'
[4.027s] INFO:colcon.colcon_core.shell:Creating package script '/home/ttrxx/dev_ws/install/ttrxx_pkg/share/ttrxx_pkg/package.bash'
[4.028s] INFO:colcon.colcon_core.shell:Creating package script '/home/ttrxx/dev_ws/install/ttrxx_pkg/share/ttrxx_pkg/package.zsh'
[4.029s] Level 1:colcon.colcon_core.environment:create_file_with_runtime_dependencies(/home/ttrxx/dev_ws/install/ttrxx_pkg/share/colcon-core/packages/ttrxx_pkg)
[4.030s] DEBUG:colcon.colcon_parallel_executor.executor.parallel:closing loop
[4.031s] DEBUG:colcon.colcon_parallel_executor.executor.parallel:loop closed
[4.032s] DEBUG:colcon.colcon_parallel_executor.executor.parallel:run_until_complete finished with '0'
[4.032s] DEBUG:colcon.colcon_core.event_reactor:joining thread
[4.054s] INFO:colcon.colcon_core.plugin_system:Skipping extension 'colcon_notification.desktop_notification.terminal_notifier': Not used on non-Darwin systems
[4.055s] INFO:colcon.colcon_core.plugin_system:Skipping extension 'colcon_notification.desktop_notification.win32': Not used on non-Windows systems
[4.055s] INFO:colcon.colcon_notification.desktop_notification:Sending desktop notification using 'notify2'
[4.261s] DEBUG:colcon.colcon_core.event_reactor:joined thread
[4.262s] INFO:colcon.colcon_core.shell:Creating prefix script '/home/ttrxx/dev_ws/install/local_setup.ps1'
[4.269s] INFO:colcon.colcon_core.shell:Creating prefix util module '/home/ttrxx/dev_ws/install/_local_setup_util_ps1.py'
[4.277s] INFO:colcon.colcon_core.shell:Creating prefix chain script '/home/ttrxx/dev_ws/install/setup.ps1'
[4.282s] INFO:colcon.colcon_core.shell:Creating prefix script '/home/ttrxx/dev_ws/install/local_setup.sh'
[4.286s] INFO:colcon.colcon_core.shell:Creating prefix util module '/home/ttrxx/dev_ws/install/_local_setup_util_sh.py'
[4.290s] INFO:colcon.colcon_core.shell:Creating prefix chain script '/home/ttrxx/dev_ws/install/setup.sh'
[4.295s] INFO:colcon.colcon_core.shell:Creating prefix script '/home/ttrxx/dev_ws/install/local_setup.bash'
[4.299s] INFO:colcon.colcon_core.shell:Creating prefix chain script '/home/ttrxx/dev_ws/install/setup.bash'
[4.302s] INFO:colcon.colcon_core.shell:Creating prefix script '/home/ttrxx/dev_ws/install/local_setup.zsh'
[4.305s] INFO:colcon.colcon_core.shell:Creating prefix chain script '/home/ttrxx/dev_ws/install/setup.zsh'
