[1.590s] Invoking command in '/home/ttrxx/TTRXX_WS/build/robot_pkg': PYTHONPATH=/home/ttrxx/TTRXX_WS/build/robot_pkg/prefix_override:/home/ttrxx/TTRXX_WS/install/robot_pkg/lib/python3.10/site-packages:${PYTHONPATH} /usr/bin/python3 -W ignore:setup.py install is deprecated setup.py develop --editable --build-directory /home/ttrxx/TTRXX_WS/build/robot_pkg/build --no-deps symlink_data --force
[2.259s] running develop
[2.267s] /usr/lib/python3/dist-packages/setuptools/command/easy_install.py:158: EasyInstallDeprecationWarning: easy_install command is deprecated. Use build and pip and other standards-based tools.
[2.268s]   warnings.warn(
[2.626s] running egg_info
[2.627s] writing robot_pkg.egg-info/PKG-INFO
[2.628s] writing dependency_links to robot_pkg.egg-info/dependency_links.txt
[2.629s] writing entry points to robot_pkg.egg-info/entry_points.txt
[2.629s] writing requirements to robot_pkg.egg-info/requires.txt
[2.630s] writing top-level names to robot_pkg.egg-info/top_level.txt
[2.634s] reading manifest file 'robot_pkg.egg-info/SOURCES.txt'
[2.646s] writing manifest file 'robot_pkg.egg-info/SOURCES.txt'
[2.651s] running build_ext
[2.652s] Creating /home/ttrxx/TTRXX_WS/install/robot_pkg/lib/python3.10/site-packages/robot-pkg.egg-link (link to .)
[2.655s] 
[2.655s] Installed /home/ttrxx/TTRXX_WS/build/robot_pkg
[2.656s] running symlink_data
[2.656s] symbolically linking /home/ttrxx/TTRXX_WS/build/robot_pkg/resource/robot_pkg -> /home/ttrxx/TTRXX_WS/install/robot_pkg/share/ament_index/resource_index/packages
[2.657s] symbolically linking /home/ttrxx/TTRXX_WS/build/robot_pkg/package.xml -> /home/ttrxx/TTRXX_WS/install/robot_pkg/share/robot_pkg
[2.659s] symbolically linking /home/ttrxx/TTRXX_WS/build/robot_pkg/urdf/TTR01.urdf -> /home/ttrxx/TTRXX_WS/install/robot_pkg/share/robot_pkg/urdf
[2.659s] symbolically linking /home/ttrxx/TTRXX_WS/build/robot_pkg/launch/display.launch.py -> /home/ttrxx/TTRXX_WS/install/robot_pkg/share/robot_pkg/launch
[2.659s] symbolically linking /home/ttrxx/TTRXX_WS/build/robot_pkg/meshes/U_wheel_2_link.STL -> /home/ttrxx/TTRXX_WS/install/robot_pkg/share/robot_pkg/meshes
[2.659s] symbolically linking /home/ttrxx/TTRXX_WS/build/robot_pkg/meshes/U_wheel_1_link.STL -> /home/ttrxx/TTRXX_WS/install/robot_pkg/share/robot_pkg/meshes
[2.659s] symbolically linking /home/ttrxx/TTRXX_WS/build/robot_pkg/meshes/U_base_wheel_2_link.STL -> /home/ttrxx/TTRXX_WS/install/robot_pkg/share/robot_pkg/meshes
[2.660s] symbolically linking /home/ttrxx/TTRXX_WS/build/robot_pkg/meshes/Support_B_link.STL -> /home/ttrxx/TTRXX_WS/install/robot_pkg/share/robot_pkg/meshes
[2.661s] symbolically linking /home/ttrxx/TTRXX_WS/build/robot_pkg/meshes/Support_A_link.STL -> /home/ttrxx/TTRXX_WS/install/robot_pkg/share/robot_pkg/meshes
[2.661s] symbolically linking /home/ttrxx/TTRXX_WS/build/robot_pkg/meshes/base_link.STL -> /home/ttrxx/TTRXX_WS/install/robot_pkg/share/robot_pkg/meshes
[2.666s] symbolically linking /home/ttrxx/TTRXX_WS/build/robot_pkg/meshes/L_wheel_link.STL -> /home/ttrxx/TTRXX_WS/install/robot_pkg/share/robot_pkg/meshes
[2.666s] symbolically linking /home/ttrxx/TTRXX_WS/build/robot_pkg/meshes/M_base_link.STL -> /home/ttrxx/TTRXX_WS/install/robot_pkg/share/robot_pkg/meshes
[2.666s] symbolically linking /home/ttrxx/TTRXX_WS/build/robot_pkg/meshes/T_base_link.STL -> /home/ttrxx/TTRXX_WS/install/robot_pkg/share/robot_pkg/meshes
[2.667s] symbolically linking /home/ttrxx/TTRXX_WS/build/robot_pkg/meshes/U_base_wheel_1_link.STL -> /home/ttrxx/TTRXX_WS/install/robot_pkg/share/robot_pkg/meshes
[2.667s] symbolically linking /home/ttrxx/TTRXX_WS/build/robot_pkg/meshes/R_wheel_link.STL -> /home/ttrxx/TTRXX_WS/install/robot_pkg/share/robot_pkg/meshes
[2.728s] Invoked command in '/home/ttrxx/TTRXX_WS/build/robot_pkg' returned '0': PYTHONPATH=/home/ttrxx/TTRXX_WS/build/robot_pkg/prefix_override:/home/ttrxx/TTRXX_WS/install/robot_pkg/lib/python3.10/site-packages:${PYTHONPATH} /usr/bin/python3 -W ignore:setup.py install is deprecated setup.py develop --editable --build-directory /home/ttrxx/TTRXX_WS/build/robot_pkg/build --no-deps symlink_data --force
