[1.636s] Invoking command in '/home/dev/dev_ws/src/robot_pkg': PYTHONPATH=/home/dev/dev_ws/build/robot_pkg/prefix_override:/home/dev/dev_ws/install/robot_pkg/lib/python3.10/site-packages:${PYTHONPATH} /usr/bin/python3 -W ignore:setup.py install is deprecated setup.py egg_info --egg-base ../../build/robot_pkg build --build-base /home/dev/dev_ws/build/robot_pkg/build install --record /home/dev/dev_ws/build/robot_pkg/install.log --single-version-externally-managed install_data
[2.244s] running egg_info
[2.252s] writing ../../build/robot_pkg/robot_pkg.egg-info/PKG-INFO
[2.252s] writing dependency_links to ../../build/robot_pkg/robot_pkg.egg-info/dependency_links.txt
[2.252s] writing entry points to ../../build/robot_pkg/robot_pkg.egg-info/entry_points.txt
[2.253s] writing requirements to ../../build/robot_pkg/robot_pkg.egg-info/requires.txt
[2.253s] writing top-level names to ../../build/robot_pkg/robot_pkg.egg-info/top_level.txt
[2.259s] reading manifest file '../../build/robot_pkg/robot_pkg.egg-info/SOURCES.txt'
[2.261s] adding license file 'LICENSE'
[2.264s] writing manifest file '../../build/robot_pkg/robot_pkg.egg-info/SOURCES.txt'
[2.265s] running build
[2.265s] running build_py
[2.266s] running install
[2.268s] running install_lib
[2.273s] running install_data
[2.273s] copying urdf/TTR01.urdf.xacro -> /home/dev/dev_ws/install/robot_pkg/share/robot_pkg/urdf
[2.274s] running install_egg_info
[2.278s] removing '/home/dev/dev_ws/install/robot_pkg/lib/python3.10/site-packages/robot_pkg-0.0.0-py3.10.egg-info' (and everything under it)
[2.285s] Copying ../../build/robot_pkg/robot_pkg.egg-info to /home/dev/dev_ws/install/robot_pkg/lib/python3.10/site-packages/robot_pkg-0.0.0-py3.10.egg-info
[2.287s] running install_scripts
[2.335s] writing list of installed files to '/home/dev/dev_ws/build/robot_pkg/install.log'
[2.389s] Invoked command in '/home/dev/dev_ws/src/robot_pkg' returned '0': PYTHONPATH=/home/dev/dev_ws/build/robot_pkg/prefix_override:/home/dev/dev_ws/install/robot_pkg/lib/python3.10/site-packages:${PYTHONPATH} /usr/bin/python3 -W ignore:setup.py install is deprecated setup.py egg_info --egg-base ../../build/robot_pkg build --build-base /home/dev/dev_ws/build/robot_pkg/build install --record /home/dev/dev_ws/build/robot_pkg/install.log --single-version-externally-managed install_data
