[0.104s] Invoking command in '/home/rodrigo/dev_ws/build/serial': CMAKE_PREFIX_PATH=${CMAKE_PREFIX_PATH}:/opt/ros/humble /usr/bin/cmake --build /home/rodrigo/dev_ws/build/serial -- -j4 -l4
[0.437s] [ 14%] Built target gtest
[0.449s] [ 42%] Built target gtest_main
[0.452s] [ 57%] Built target serial
[0.609s] [ 71%] Built target serial_example
[0.611s] [ 85%] Built target serial-test
[0.643s] [100%] Built target serial-test-timer
[0.705s] Invoked command in '/home/rodrigo/dev_ws/build/serial' returned '0': CMAKE_PREFIX_PATH=${CMAKE_PREFIX_PATH}:/opt/ros/humble /usr/bin/cmake --build /home/rodrigo/dev_ws/build/serial -- -j4 -l4
[0.927s] Invoking command in '/home/rodrigo/dev_ws/build/serial': CMAKE_PREFIX_PATH=${CMAKE_PREFIX_PATH}:/opt/ros/humble /usr/bin/cmake --install /home/rodrigo/dev_ws/build/serial
[0.966s] -- Install configuration: ""
[0.967s] -- Execute custom install script
[0.968s] -- Up-to-date symlink: /home/rodrigo/dev_ws/install/serial/lib/libserial.a
[0.969s] -- Up-to-date symlink: /home/rodrigo/dev_ws/install/serial/include/serial/serial.h
[0.970s] -- Up-to-date symlink: /home/rodrigo/dev_ws/install/serial/include/serial/v8stdint.h
[0.977s] -- Up-to-date symlink: /home/rodrigo/dev_ws/install/serial/share/serial/environment/library_path.sh
[0.978s] -- Up-to-date symlink: /home/rodrigo/dev_ws/install/serial/share/serial/environment/library_path.dsv
[0.986s] -- Up-to-date symlink: /home/rodrigo/dev_ws/install/serial/share/ament_index/resource_index/package_run_dependencies/serial
[0.989s] -- Up-to-date symlink: /home/rodrigo/dev_ws/install/serial/share/ament_index/resource_index/parent_prefix_path/serial
[0.990s] -- Up-to-date symlink: /home/rodrigo/dev_ws/install/serial/share/serial/environment/ament_prefix_path.sh
[0.991s] -- Up-to-date symlink: /home/rodrigo/dev_ws/install/serial/share/serial/environment/ament_prefix_path.dsv
[0.993s] -- Up-to-date symlink: /home/rodrigo/dev_ws/install/serial/share/serial/environment/path.sh
[0.995s] -- Up-to-date symlink: /home/rodrigo/dev_ws/install/serial/share/serial/environment/path.dsv
[0.996s] -- Up-to-date symlink: /home/rodrigo/dev_ws/install/serial/share/serial/local_setup.bash
[0.996s] -- Up-to-date symlink: /home/rodrigo/dev_ws/install/serial/share/serial/local_setup.sh
[0.996s] -- Up-to-date symlink: /home/rodrigo/dev_ws/install/serial/share/serial/local_setup.zsh
[0.997s] -- Up-to-date symlink: /home/rodrigo/dev_ws/install/serial/share/serial/local_setup.dsv
[0.997s] -- Symlinking: /home/rodrigo/dev_ws/install/serial/share/serial/package.dsv
[1.021s] -- Up-to-date symlink: /home/rodrigo/dev_ws/install/serial/share/ament_index/resource_index/packages/serial
[1.029s] -- Up-to-date symlink: /home/rodrigo/dev_ws/install/serial/share/serial/cmake/ament_cmake_export_include_directories-extras.cmake
[1.035s] -- Up-to-date symlink: /home/rodrigo/dev_ws/install/serial/share/serial/cmake/ament_cmake_export_libraries-extras.cmake
[1.036s] -- Up-to-date symlink: /home/rodrigo/dev_ws/install/serial/share/serial/cmake/serialConfig.cmake
[1.036s] -- Up-to-date symlink: /home/rodrigo/dev_ws/install/serial/share/serial/cmake/serialConfig-version.cmake
[1.037s] -- Up-to-date symlink: /home/rodrigo/dev_ws/install/serial/share/serial/package.xml
[1.042s] Invoked command in '/home/rodrigo/dev_ws/build/serial' returned '0': CMAKE_PREFIX_PATH=${CMAKE_PREFIX_PATH}:/opt/ros/humble /usr/bin/cmake --install /home/rodrigo/dev_ws/build/serial
