[0.112s] Invoking command in '/home/rodrigo/dev_ws/build/diffdrive_arduino': CMAKE_PREFIX_PATH=/home/rodrigo/dev_ws/install/serial:/home/rodrigo/dev_ws/install/sllidar_ros2:/home/rodrigo/dev_ws/install/diffdrive_arduino:/home/rodrigo/dev_ws/install/robot_pkg:/opt/ros/humble /usr/bin/cmake /home/rodrigo/dev_ws/src/diffdrive_arduino -DAMENT_CMAKE_SYMLINK_INSTALL=1 -DCMAKE_INSTALL_PREFIX=/home/rodrigo/dev_ws/install/diffdrive_arduino
[0.738s] -- The C compiler identification is GNU 11.4.0
[1.429s] -- The CXX compiler identification is GNU 11.4.0
[1.506s] -- Detecting C compiler ABI info
[2.391s] -- Detecting C compiler ABI info - done
[2.430s] -- Check for working C compiler: /usr/bin/cc - skipped
[2.726s] -- Detecting C compile features
[2.728s] -- Detecting C compile features - done
[2.786s] -- Detecting CXX compiler ABI info
[3.484s] -- Detecting CXX compiler ABI info - done
[3.519s] -- Check for working CXX compiler: /usr/bin/c++ - skipped
[3.521s] -- Detecting CXX compile features
[3.525s] -- Detecting CXX compile features - done
[3.561s] -- Found ament_cmake: 1.3.9 (/opt/ros/humble/share/ament_cmake/cmake)
[5.006s] -- Found Python3: /usr/bin/python3 (found version "3.10.12") found components: Interpreter 
[5.724s] -- Override CMake install command with custom implementation using symlinks instead of copying resources
[6.766s] -- Found serial: 1.2.1 (/home/rodrigo/dev_ws/install/serial/share/serial/cmake)
[7.323s] -- Found hardware_interface: 2.41.0 (/opt/ros/humble/share/hardware_interface/cmake)
[8.727s] -- Found rosidl_generator_c: 3.1.5 (/opt/ros/humble/share/rosidl_generator_c/cmake)
[8.808s] -- Found rosidl_adapter: 3.1.5 (/opt/ros/humble/share/rosidl_adapter/cmake)
[8.888s] -- Found rosidl_generator_cpp: 3.1.5 (/opt/ros/humble/share/rosidl_generator_cpp/cmake)
[9.028s] -- Using all available rosidl_typesupport_c: rosidl_typesupport_fastrtps_c;rosidl_typesupport_introspection_c
[9.175s] -- Using all available rosidl_typesupport_cpp: rosidl_typesupport_fastrtps_cpp;rosidl_typesupport_introspection_cpp
[14.076s] -- Found rmw_implementation_cmake: 6.1.2 (/opt/ros/humble/share/rmw_implementation_cmake/cmake)
[14.110s] -- Found rmw_fastrtps_cpp: 6.2.6 (/opt/ros/humble/share/rmw_fastrtps_cpp/cmake)
[14.399s] -- Found TinyXML2 via Config file: TinyXML2_DIR-NOTFOUND
[14.673s] -- Found OpenSSL: /usr/lib/aarch64-linux-gnu/libcrypto.so (found version "3.0.2")  
[14.689s] -- Found TinyXML2 via Config file: TinyXML2_DIR-NOTFOUND
[14.775s] -- Found FastRTPS: /opt/ros/humble/include  
[14.817s] -- Found TinyXML2 via Config file: TinyXML2_DIR-NOTFOUND
[14.853s] -- Found TinyXML2 via Config file: TinyXML2_DIR-NOTFOUND
[14.892s] -- Using RMW implementation 'rmw_fastrtps_cpp' as default
[15.002s] -- Looking for pthread.h
[15.403s] -- Looking for pthread.h - found
[15.404s] -- Performing Test CMAKE_HAVE_LIBC_PTHREAD
[15.824s] -- Performing Test CMAKE_HAVE_LIBC_PTHREAD - Success
[15.832s] -- Found Threads: TRUE  
[16.806s] -- Found controller_manager: 2.41.0 (/opt/ros/humble/share/controller_manager/cmake)
[22.966s] -- Configuring done
[23.364s] -- Generating done
[23.379s] -- Build files have been written to: /home/rodrigo/dev_ws/build/diffdrive_arduino
[23.438s] Invoked command in '/home/rodrigo/dev_ws/build/diffdrive_arduino' returned '0': CMAKE_PREFIX_PATH=/home/rodrigo/dev_ws/install/serial:/home/rodrigo/dev_ws/install/sllidar_ros2:/home/rodrigo/dev_ws/install/diffdrive_arduino:/home/rodrigo/dev_ws/install/robot_pkg:/opt/ros/humble /usr/bin/cmake /home/rodrigo/dev_ws/src/diffdrive_arduino -DAMENT_CMAKE_SYMLINK_INSTALL=1 -DCMAKE_INSTALL_PREFIX=/home/rodrigo/dev_ws/install/diffdrive_arduino
[23.440s] Invoking command in '/home/rodrigo/dev_ws/build/diffdrive_arduino': CMAKE_PREFIX_PATH=/home/rodrigo/dev_ws/install/serial:/home/rodrigo/dev_ws/install/sllidar_ros2:/home/rodrigo/dev_ws/install/diffdrive_arduino:/home/rodrigo/dev_ws/install/robot_pkg:/opt/ros/humble /usr/bin/cmake --build /home/rodrigo/dev_ws/build/diffdrive_arduino -- -j4 -l4
[23.695s] [ 14%] [32mBuilding CXX object CMakeFiles/diffdrive_arduino.dir/src/diffdrive_arduino.cpp.o[0m
[40.331s] [ 28%] [32mBuilding CXX object CMakeFiles/diffdrive_arduino.dir/src/arduino_comms.cpp.o[0m
[40.333s] [ 42%] [32mBuilding CXX object CMakeFiles/diffdrive_arduino.dir/src/wheel.cpp.o[0m
[52.235s] [ 57%] [32m[1mLinking CXX shared library libdiffdrive_arduino.so[0m
[53.407s] [ 57%] Built target diffdrive_arduino
[53.496s] [ 71%] [32mBuilding CXX object CMakeFiles/fake_robot.dir/src/fake_robot.cpp.o[0m
[53.497s] [ 85%] [32mBuilding CXX object CMakeFiles/fake_robot.dir/src/wheel.cpp.o[0m
[67.885s] [100%] [32m[1mLinking CXX shared library libfake_robot.so[0m
[68.689s] [100%] Built target fake_robot
[68.731s] Invoked command in '/home/rodrigo/dev_ws/build/diffdrive_arduino' returned '0': CMAKE_PREFIX_PATH=/home/rodrigo/dev_ws/install/serial:/home/rodrigo/dev_ws/install/sllidar_ros2:/home/rodrigo/dev_ws/install/diffdrive_arduino:/home/rodrigo/dev_ws/install/robot_pkg:/opt/ros/humble /usr/bin/cmake --build /home/rodrigo/dev_ws/build/diffdrive_arduino -- -j4 -l4
[68.906s] Invoking command in '/home/rodrigo/dev_ws/build/diffdrive_arduino': CMAKE_PREFIX_PATH=/home/rodrigo/dev_ws/install/serial:/home/rodrigo/dev_ws/install/sllidar_ros2:/home/rodrigo/dev_ws/install/diffdrive_arduino:/home/rodrigo/dev_ws/install/robot_pkg:/opt/ros/humble /usr/bin/cmake --install /home/rodrigo/dev_ws/build/diffdrive_arduino
[68.932s] -- Install configuration: ""
[68.934s] -- Execute custom install script
[68.935s] -- Symlinking: /home/rodrigo/dev_ws/install/diffdrive_arduino/share/diffdrive_arduino//robot_hardware.xml
[68.967s] -- Symlinking: /home/rodrigo/dev_ws/install/diffdrive_arduino/share/diffdrive_arduino//fake_robot_hardware.xml
[69.000s] -- Symlinking: /home/rodrigo/dev_ws/install/diffdrive_arduino/lib/libdiffdrive_arduino.so
[69.035s] -- Symlinking: /home/rodrigo/dev_ws/install/diffdrive_arduino/lib/libfake_robot.so
[69.069s] -- Symlinking: /home/rodrigo/dev_ws/install/diffdrive_arduino/share/diffdrive_arduino/controllers/robot_controller_example.yaml
[69.104s] -- Symlinking: /home/rodrigo/dev_ws/install/diffdrive_arduino/share/diffdrive_arduino/__pycache__/test_robot.launch.cpython-310.pyc
[69.138s] -- Symlinking: /home/rodrigo/dev_ws/install/diffdrive_arduino/share/diffdrive_arduino/fake_robot.launch.py
[69.172s] -- Symlinking: /home/rodrigo/dev_ws/install/diffdrive_arduino/share/diffdrive_arduino/test_robot.launch.py
[69.205s] -- Symlinking: /home/rodrigo/dev_ws/install/diffdrive_arduino/share/diffdrive_arduino/environment/library_path.sh
[69.241s] -- Symlinking: /home/rodrigo/dev_ws/install/diffdrive_arduino/share/diffdrive_arduino/environment/library_path.dsv
[69.275s] -- Symlinking: /home/rodrigo/dev_ws/install/diffdrive_arduino/share/ament_index/resource_index/package_run_dependencies/diffdrive_arduino
[69.309s] -- Symlinking: /home/rodrigo/dev_ws/install/diffdrive_arduino/share/ament_index/resource_index/parent_prefix_path/diffdrive_arduino
[69.342s] -- Symlinking: /home/rodrigo/dev_ws/install/diffdrive_arduino/share/diffdrive_arduino/environment/ament_prefix_path.sh
[69.377s] -- Symlinking: /home/rodrigo/dev_ws/install/diffdrive_arduino/share/diffdrive_arduino/environment/ament_prefix_path.dsv
[69.413s] -- Symlinking: /home/rodrigo/dev_ws/install/diffdrive_arduino/share/diffdrive_arduino/environment/path.sh
[69.449s] -- Symlinking: /home/rodrigo/dev_ws/install/diffdrive_arduino/share/diffdrive_arduino/environment/path.dsv
[69.482s] -- Symlinking: /home/rodrigo/dev_ws/install/diffdrive_arduino/share/diffdrive_arduino/local_setup.bash
[69.515s] -- Symlinking: /home/rodrigo/dev_ws/install/diffdrive_arduino/share/diffdrive_arduino/local_setup.sh
[69.548s] -- Symlinking: /home/rodrigo/dev_ws/install/diffdrive_arduino/share/diffdrive_arduino/local_setup.zsh
[69.648s] -- Symlinking: /home/rodrigo/dev_ws/install/diffdrive_arduino/share/diffdrive_arduino/local_setup.dsv
[69.681s] -- Symlinking: /home/rodrigo/dev_ws/install/diffdrive_arduino/share/diffdrive_arduino/package.dsv
[69.714s] -- Symlinking: /home/rodrigo/dev_ws/install/diffdrive_arduino/share/ament_index/resource_index/packages/diffdrive_arduino
[69.748s] -- Symlinking: /home/rodrigo/dev_ws/install/diffdrive_arduino/share/ament_index/resource_index/hardware_interface__pluginlib__plugin/diffdrive_arduino
[69.782s] -- Symlinking: /home/rodrigo/dev_ws/install/diffdrive_arduino/share/diffdrive_arduino/cmake/ament_cmake_export_libraries-extras.cmake
[69.816s] -- Symlinking: /home/rodrigo/dev_ws/install/diffdrive_arduino/share/diffdrive_arduino/cmake/ament_cmake_export_dependencies-extras.cmake
[69.851s] -- Symlinking: /home/rodrigo/dev_ws/install/diffdrive_arduino/share/diffdrive_arduino/cmake/diffdrive_arduinoConfig.cmake
[69.887s] -- Symlinking: /home/rodrigo/dev_ws/install/diffdrive_arduino/share/diffdrive_arduino/cmake/diffdrive_arduinoConfig-version.cmake
[69.919s] -- Symlinking: /home/rodrigo/dev_ws/install/diffdrive_arduino/share/diffdrive_arduino/package.xml
[69.960s] Invoked command in '/home/rodrigo/dev_ws/build/diffdrive_arduino' returned '0': CMAKE_PREFIX_PATH=/home/rodrigo/dev_ws/install/serial:/home/rodrigo/dev_ws/install/sllidar_ros2:/home/rodrigo/dev_ws/install/diffdrive_arduino:/home/rodrigo/dev_ws/install/robot_pkg:/opt/ros/humble /usr/bin/cmake --install /home/rodrigo/dev_ws/build/diffdrive_arduino
