[0.061s] Invoking command in '/home/rodrigo/dev_ws/build/robot_pkg': CMAKE_PREFIX_PATH=${CMAKE_PREFIX_PATH}:/home/rodrigo/serial_motor_demo/install/serial_motor_demo:/opt/ros/humble /usr/bin/cmake /home/rodrigo/dev_ws/src/robot_pkg -DAMENT_CMAKE_SYMLINK_INSTALL=1 -DCMAKE_INSTALL_PREFIX=/home/rodrigo/dev_ws/install/robot_pkg
[0.691s] -- The C compiler identification is GNU 11.4.0
[1.222s] -- The CXX compiler identification is GNU 11.4.0
[1.265s] -- Detecting C compiler ABI info
[1.624s] -- Detecting C compiler ABI info - done
[1.650s] -- Check for working C compiler: /usr/bin/cc - skipped
[1.652s] -- Detecting C compile features
[1.654s] -- Detecting C compile features - done
[1.670s] -- Detecting CXX compiler ABI info
[2.057s] -- Detecting CXX compiler ABI info - done
[2.084s] -- Check for working CXX compiler: /usr/bin/c++ - skipped
[2.084s] -- Detecting CXX compile features
[2.086s] -- Detecting CXX compile features - done
[2.117s] -- Found ament_cmake: 1.3.9 (/opt/ros/humble/share/ament_cmake/cmake)
[3.045s] -- Found Python3: /usr/bin/python3 (found version "3.10.12") found components: Interpreter 
[3.411s] -- Override CMake install command with custom implementation using symlinks instead of copying resources
[3.839s] -- Found ament_lint_auto: 0.12.11 (/opt/ros/humble/share/ament_lint_auto/cmake)
[4.337s] -- Added test 'flake8' to check Python code syntax and style conventions
[4.342s] -- Added test 'lint_cmake' to check CMake code style
[4.347s] -- Added test 'pep257' to check Python code against some of the docstring style conventions in PEP 257
[4.359s] -- Added test 'xmllint' to check XML markup files
[4.370s] -- Configuring done
[4.390s] -- Generating done
[4.395s] -- Build files have been written to: /home/rodrigo/dev_ws/build/robot_pkg
[4.411s] Invoked command in '/home/rodrigo/dev_ws/build/robot_pkg' returned '0': CMAKE_PREFIX_PATH=${CMAKE_PREFIX_PATH}:/home/rodrigo/serial_motor_demo/install/serial_motor_demo:/opt/ros/humble /usr/bin/cmake /home/rodrigo/dev_ws/src/robot_pkg -DAMENT_CMAKE_SYMLINK_INSTALL=1 -DCMAKE_INSTALL_PREFIX=/home/rodrigo/dev_ws/install/robot_pkg
[4.420s] Invoking command in '/home/rodrigo/dev_ws/build/robot_pkg': CMAKE_PREFIX_PATH=${CMAKE_PREFIX_PATH}:/home/rodrigo/serial_motor_demo/install/serial_motor_demo:/opt/ros/humble /usr/bin/cmake --build /home/rodrigo/dev_ws/build/robot_pkg -- -j4 -l4
[4.572s] Invoked command in '/home/rodrigo/dev_ws/build/robot_pkg' returned '0': CMAKE_PREFIX_PATH=${CMAKE_PREFIX_PATH}:/home/rodrigo/serial_motor_demo/install/serial_motor_demo:/opt/ros/humble /usr/bin/cmake --build /home/rodrigo/dev_ws/build/robot_pkg -- -j4 -l4
[4.717s] Invoking command in '/home/rodrigo/dev_ws/build/robot_pkg': CMAKE_PREFIX_PATH=${CMAKE_PREFIX_PATH}:/home/rodrigo/serial_motor_demo/install/serial_motor_demo:/opt/ros/humble /usr/bin/cmake --install /home/rodrigo/dev_ws/build/robot_pkg
[4.745s] -- Install configuration: ""
[4.747s] -- Execute custom install script
[4.750s] -- Symlinking: /home/rodrigo/dev_ws/install/robot_pkg/share/robot_pkg/launch/display.launch.py
[4.784s] -- Symlinking: /home/rodrigo/dev_ws/install/robot_pkg/share/robot_pkg/launch/gazebo.launch.py
[4.818s] -- Symlinking: /home/rodrigo/dev_ws/install/robot_pkg/share/robot_pkg/launch/lidar.launch.py
[4.852s] -- Symlinking: /home/rodrigo/dev_ws/install/robot_pkg/share/robot_pkg/urdf/TTR01.urdf.xacro
[4.887s] -- Symlinking: /home/rodrigo/dev_ws/install/robot_pkg/share/robot_pkg/urdf/camera.xacro
[4.919s] -- Symlinking: /home/rodrigo/dev_ws/install/robot_pkg/share/robot_pkg/urdf/gazebo_setup.xacro
[4.954s] -- Symlinking: /home/rodrigo/dev_ws/install/robot_pkg/share/robot_pkg/urdf/lidar.xacro
[4.988s] -- Symlinking: /home/rodrigo/dev_ws/install/robot_pkg/share/robot_pkg/urdf/robot.xacro
[5.022s] -- Symlinking: /home/rodrigo/dev_ws/install/robot_pkg/share/robot_pkg/urdf/robot_parameters.xacro
[5.056s] -- Symlinking: /home/rodrigo/dev_ws/install/robot_pkg/share/robot_pkg/config/default_robot.rviz
[5.089s] -- Symlinking: /home/rodrigo/dev_ws/install/robot_pkg/share/ament_index/resource_index/package_run_dependencies/robot_pkg
[5.124s] -- Symlinking: /home/rodrigo/dev_ws/install/robot_pkg/share/ament_index/resource_index/parent_prefix_path/robot_pkg
[5.160s] -- Symlinking: /home/rodrigo/dev_ws/install/robot_pkg/share/robot_pkg/environment/ament_prefix_path.sh
[5.193s] -- Symlinking: /home/rodrigo/dev_ws/install/robot_pkg/share/robot_pkg/environment/ament_prefix_path.dsv
[5.227s] -- Symlinking: /home/rodrigo/dev_ws/install/robot_pkg/share/robot_pkg/environment/path.sh
[5.263s] -- Symlinking: /home/rodrigo/dev_ws/install/robot_pkg/share/robot_pkg/environment/path.dsv
[5.297s] -- Symlinking: /home/rodrigo/dev_ws/install/robot_pkg/share/robot_pkg/local_setup.bash
[5.330s] -- Symlinking: /home/rodrigo/dev_ws/install/robot_pkg/share/robot_pkg/local_setup.sh
[5.365s] -- Symlinking: /home/rodrigo/dev_ws/install/robot_pkg/share/robot_pkg/local_setup.zsh
[5.398s] -- Symlinking: /home/rodrigo/dev_ws/install/robot_pkg/share/robot_pkg/local_setup.dsv
[5.432s] -- Symlinking: /home/rodrigo/dev_ws/install/robot_pkg/share/robot_pkg/package.dsv
[5.466s] -- Symlinking: /home/rodrigo/dev_ws/install/robot_pkg/share/ament_index/resource_index/packages/robot_pkg
[5.500s] -- Symlinking: /home/rodrigo/dev_ws/install/robot_pkg/share/robot_pkg/cmake/robot_pkgConfig.cmake
[5.532s] -- Symlinking: /home/rodrigo/dev_ws/install/robot_pkg/share/robot_pkg/cmake/robot_pkgConfig-version.cmake
[5.566s] -- Symlinking: /home/rodrigo/dev_ws/install/robot_pkg/share/robot_pkg/package.xml
[5.604s] Invoked command in '/home/rodrigo/dev_ws/build/robot_pkg' returned '0': CMAKE_PREFIX_PATH=${CMAKE_PREFIX_PATH}:/home/rodrigo/serial_motor_demo/install/serial_motor_demo:/opt/ros/humble /usr/bin/cmake --install /home/rodrigo/dev_ws/build/robot_pkg
