[0.067s] DEBUG:colcon:Command line arguments: ['/usr/bin/colcon', 'build', '--symlink-install']
[0.067s] DEBUG:colcon:Parsed command line arguments: Namespace(log_base=None, log_level=None, verb_name='build', build_base='build', install_base='install', merge_install=False, symlink_install=True, test_result_base=None, continue_on_error=False, executor='parallel', parallel_workers=8, event_handlers=None, ignore_user_meta=False, metas=['./colcon.meta'], base_paths=['.'], packages_ignore=None, packages_ignore_regex=None, paths=None, packages_up_to=None, packages_up_to_regex=None, packages_above=None, packages_above_and_dependencies=None, packages_above_depth=None, packages_select_by_dep=None, packages_skip_by_dep=None, packages_skip_up_to=None, packages_select_build_failed=False, packages_skip_build_finished=False, packages_select_test_failures=False, packages_skip_test_passed=False, packages_select=None, packages_skip=None, packages_select_regex=None, packages_skip_regex=None, packages_start=None, packages_end=None, allow_overriding=[], cmake_args=None, cmake_target=None, cmake_target_skip_unavailable=False, cmake_clean_cache=False, cmake_clean_first=False, cmake_force_configure=False, ament_cmake_args=None, catkin_cmake_args=None, catkin_skip_building_tests=False, verb_parser=<colcon_defaults.argument_parser.defaults.DefaultArgumentsDecorator object at 0x7e6f53ff0e20>, verb_extension=<colcon_core.verb.build.BuildVerb object at 0x7e6f53ff0760>, main=<bound method BuildVerb.main of <colcon_core.verb.build.BuildVerb object at 0x7e6f53ff0760>>)
[0.094s] Level 1:colcon.colcon_core.package_discovery:discover_packages(colcon_meta) check parameters
[0.095s] Level 1:colcon.colcon_core.package_discovery:discover_packages(recursive) check parameters
[0.095s] Level 1:colcon.colcon_core.package_discovery:discover_packages(ignore) check parameters
[0.095s] Level 1:colcon.colcon_core.package_discovery:discover_packages(path) check parameters
[0.095s] Level 1:colcon.colcon_core.package_discovery:discover_packages(colcon_meta) discover
[0.095s] Level 1:colcon.colcon_core.package_discovery:discover_packages(recursive) discover
[0.095s] INFO:colcon.colcon_core.package_discovery:Crawling recursively for packages in '/home/dev-pc/dev_ws'
[0.095s] Level 1:colcon.colcon_core.package_identification:_identify(.) by extensions ['ignore', 'ignore_ament_install']
[0.095s] Level 1:colcon.colcon_core.package_identification:_identify(.) by extension 'ignore'
[0.095s] Level 1:colcon.colcon_core.package_identification:_identify(.) by extension 'ignore_ament_install'
[0.095s] Level 1:colcon.colcon_core.package_identification:_identify(.) by extensions ['colcon_pkg']
[0.095s] Level 1:colcon.colcon_core.package_identification:_identify(.) by extension 'colcon_pkg'
[0.095s] Level 1:colcon.colcon_core.package_identification:_identify(.) by extensions ['colcon_meta']
[0.095s] Level 1:colcon.colcon_core.package_identification:_identify(.) by extension 'colcon_meta'
[0.095s] Level 1:colcon.colcon_core.package_identification:_identify(.) by extensions ['ros']
[0.095s] Level 1:colcon.colcon_core.package_identification:_identify(.) by extension 'ros'
[0.105s] Level 1:colcon.colcon_core.package_identification:_identify(.) by extensions ['cmake', 'python']
[0.105s] Level 1:colcon.colcon_core.package_identification:_identify(.) by extension 'cmake'
[0.105s] Level 1:colcon.colcon_core.package_identification:_identify(.) by extension 'python'
[0.105s] Level 1:colcon.colcon_core.package_identification:_identify(.) by extensions ['python_setup_py']
[0.105s] Level 1:colcon.colcon_core.package_identification:_identify(.) by extension 'python_setup_py'
[0.105s] Level 1:colcon.colcon_core.package_identification:_identify(build) by extensions ['ignore', 'ignore_ament_install']
[0.105s] Level 1:colcon.colcon_core.package_identification:_identify(build) by extension 'ignore'
[0.105s] Level 1:colcon.colcon_core.package_identification:_identify(build) ignored
[0.105s] Level 1:colcon.colcon_core.package_identification:_identify(install) by extensions ['ignore', 'ignore_ament_install']
[0.105s] Level 1:colcon.colcon_core.package_identification:_identify(install) by extension 'ignore'
[0.105s] Level 1:colcon.colcon_core.package_identification:_identify(install) ignored
[0.105s] Level 1:colcon.colcon_core.package_identification:_identify(log) by extensions ['ignore', 'ignore_ament_install']
[0.105s] Level 1:colcon.colcon_core.package_identification:_identify(log) by extension 'ignore'
[0.105s] Level 1:colcon.colcon_core.package_identification:_identify(log) ignored
[0.105s] Level 1:colcon.colcon_core.package_identification:_identify(src) by extensions ['ignore', 'ignore_ament_install']
[0.105s] Level 1:colcon.colcon_core.package_identification:_identify(src) by extension 'ignore'
[0.106s] Level 1:colcon.colcon_core.package_identification:_identify(src) by extension 'ignore_ament_install'
[0.106s] Level 1:colcon.colcon_core.package_identification:_identify(src) by extensions ['colcon_pkg']
[0.106s] Level 1:colcon.colcon_core.package_identification:_identify(src) by extension 'colcon_pkg'
[0.106s] Level 1:colcon.colcon_core.package_identification:_identify(src) by extensions ['colcon_meta']
[0.106s] Level 1:colcon.colcon_core.package_identification:_identify(src) by extension 'colcon_meta'
[0.106s] Level 1:colcon.colcon_core.package_identification:_identify(src) by extensions ['ros']
[0.106s] Level 1:colcon.colcon_core.package_identification:_identify(src) by extension 'ros'
[0.106s] Level 1:colcon.colcon_core.package_identification:_identify(src) by extensions ['cmake', 'python']
[0.106s] Level 1:colcon.colcon_core.package_identification:_identify(src) by extension 'cmake'
[0.106s] Level 1:colcon.colcon_core.package_identification:_identify(src) by extension 'python'
[0.106s] Level 1:colcon.colcon_core.package_identification:_identify(src) by extensions ['python_setup_py']
[0.106s] Level 1:colcon.colcon_core.package_identification:_identify(src) by extension 'python_setup_py'
[0.106s] Level 1:colcon.colcon_core.package_identification:_identify(src/diffdrive_arduino) by extensions ['ignore', 'ignore_ament_install']
[0.106s] Level 1:colcon.colcon_core.package_identification:_identify(src/diffdrive_arduino) by extension 'ignore'
[0.106s] Level 1:colcon.colcon_core.package_identification:_identify(src/diffdrive_arduino) by extension 'ignore_ament_install'
[0.106s] Level 1:colcon.colcon_core.package_identification:_identify(src/diffdrive_arduino) by extensions ['colcon_pkg']
[0.106s] Level 1:colcon.colcon_core.package_identification:_identify(src/diffdrive_arduino) by extension 'colcon_pkg'
[0.106s] Level 1:colcon.colcon_core.package_identification:_identify(src/diffdrive_arduino) by extensions ['colcon_meta']
[0.106s] Level 1:colcon.colcon_core.package_identification:_identify(src/diffdrive_arduino) by extension 'colcon_meta'
[0.106s] Level 1:colcon.colcon_core.package_identification:_identify(src/diffdrive_arduino) by extensions ['ros']
[0.106s] Level 1:colcon.colcon_core.package_identification:_identify(src/diffdrive_arduino) by extension 'ros'
[0.106s] Level 1:colcon.colcon_core.package_identification:_identify(src/diffdrive_arduino) by extensions ['cmake', 'python']
[0.106s] Level 1:colcon.colcon_core.package_identification:_identify(src/diffdrive_arduino) by extension 'cmake'
[0.106s] Level 1:colcon.colcon_core.package_identification:_identify(src/diffdrive_arduino) by extension 'python'
[0.106s] Level 1:colcon.colcon_core.package_identification:_identify(src/diffdrive_arduino) by extensions ['python_setup_py']
[0.106s] Level 1:colcon.colcon_core.package_identification:_identify(src/diffdrive_arduino) by extension 'python_setup_py'
[0.106s] Level 1:colcon.colcon_core.package_identification:_identify(src/robot_pkg) by extensions ['ignore', 'ignore_ament_install']
[0.106s] Level 1:colcon.colcon_core.package_identification:_identify(src/robot_pkg) by extension 'ignore'
[0.106s] Level 1:colcon.colcon_core.package_identification:_identify(src/robot_pkg) by extension 'ignore_ament_install'
[0.106s] Level 1:colcon.colcon_core.package_identification:_identify(src/robot_pkg) by extensions ['colcon_pkg']
[0.106s] Level 1:colcon.colcon_core.package_identification:_identify(src/robot_pkg) by extension 'colcon_pkg'
[0.106s] Level 1:colcon.colcon_core.package_identification:_identify(src/robot_pkg) by extensions ['colcon_meta']
[0.106s] Level 1:colcon.colcon_core.package_identification:_identify(src/robot_pkg) by extension 'colcon_meta'
[0.106s] Level 1:colcon.colcon_core.package_identification:_identify(src/robot_pkg) by extensions ['ros']
[0.106s] Level 1:colcon.colcon_core.package_identification:_identify(src/robot_pkg) by extension 'ros'
[0.108s] DEBUG:colcon.colcon_core.package_identification:Package 'src/robot_pkg' with type 'ros.ament_cmake' and name 'robot_pkg'
[0.108s] Level 1:colcon.colcon_core.package_identification:_identify(src/serial) by extensions ['ignore', 'ignore_ament_install']
[0.108s] Level 1:colcon.colcon_core.package_identification:_identify(src/serial) by extension 'ignore'
[0.108s] Level 1:colcon.colcon_core.package_identification:_identify(src/serial) by extension 'ignore_ament_install'
[0.108s] Level 1:colcon.colcon_core.package_identification:_identify(src/serial) by extensions ['colcon_pkg']
[0.108s] Level 1:colcon.colcon_core.package_identification:_identify(src/serial) by extension 'colcon_pkg'
[0.108s] Level 1:colcon.colcon_core.package_identification:_identify(src/serial) by extensions ['colcon_meta']
[0.108s] Level 1:colcon.colcon_core.package_identification:_identify(src/serial) by extension 'colcon_meta'
[0.108s] Level 1:colcon.colcon_core.package_identification:_identify(src/serial) by extensions ['ros']
[0.108s] Level 1:colcon.colcon_core.package_identification:_identify(src/serial) by extension 'ros'
[0.109s] DEBUG:colcon.colcon_core.package_identification:Package 'src/serial' with type 'ros.ament_cmake' and name 'serial'
[0.109s] Level 1:colcon.colcon_core.package_identification:_identify(src/sllidar_ros2) by extensions ['ignore', 'ignore_ament_install']
[0.109s] Level 1:colcon.colcon_core.package_identification:_identify(src/sllidar_ros2) by extension 'ignore'
[0.109s] Level 1:colcon.colcon_core.package_identification:_identify(src/sllidar_ros2) by extension 'ignore_ament_install'
[0.109s] Level 1:colcon.colcon_core.package_identification:_identify(src/sllidar_ros2) by extensions ['colcon_pkg']
[0.109s] Level 1:colcon.colcon_core.package_identification:_identify(src/sllidar_ros2) by extension 'colcon_pkg'
[0.109s] Level 1:colcon.colcon_core.package_identification:_identify(src/sllidar_ros2) by extensions ['colcon_meta']
[0.109s] Level 1:colcon.colcon_core.package_identification:_identify(src/sllidar_ros2) by extension 'colcon_meta'
[0.109s] Level 1:colcon.colcon_core.package_identification:_identify(src/sllidar_ros2) by extensions ['ros']
[0.109s] Level 1:colcon.colcon_core.package_identification:_identify(src/sllidar_ros2) by extension 'ros'
[0.110s] DEBUG:colcon.colcon_core.package_identification:Package 'src/sllidar_ros2' with type 'ros.ament_cmake' and name 'sllidar_ros2'
[0.110s] Level 1:colcon.colcon_core.package_discovery:discover_packages(recursive) using defaults
[0.110s] Level 1:colcon.colcon_core.package_discovery:discover_packages(ignore) discover
[0.110s] Level 1:colcon.colcon_core.package_discovery:discover_packages(ignore) using defaults
[0.110s] Level 1:colcon.colcon_core.package_discovery:discover_packages(path) discover
[0.110s] Level 1:colcon.colcon_core.package_discovery:discover_packages(path) using defaults
[0.123s] Level 1:colcon.colcon_core.package_discovery:discover_packages(prefix_path) check parameters
[0.123s] Level 1:colcon.colcon_core.package_discovery:discover_packages(prefix_path) discover
[0.124s] DEBUG:colcon.colcon_installed_package_information.package_discovery:Found 3 installed packages in /home/dev-pc/dev_ws/install
[0.125s] DEBUG:colcon.colcon_installed_package_information.package_discovery:Found 326 installed packages in /opt/ros/humble
[0.126s] Level 1:colcon.colcon_core.package_discovery:discover_packages(prefix_path) using defaults
[0.153s] Level 5:colcon.colcon_core.verb:set package 'robot_pkg' build argument 'cmake_args' from command line to 'None'
[0.153s] Level 5:colcon.colcon_core.verb:set package 'robot_pkg' build argument 'cmake_target' from command line to 'None'
[0.153s] Level 5:colcon.colcon_core.verb:set package 'robot_pkg' build argument 'cmake_target_skip_unavailable' from command line to 'False'
[0.153s] Level 5:colcon.colcon_core.verb:set package 'robot_pkg' build argument 'cmake_clean_cache' from command line to 'False'
[0.153s] Level 5:colcon.colcon_core.verb:set package 'robot_pkg' build argument 'cmake_clean_first' from command line to 'False'
[0.153s] Level 5:colcon.colcon_core.verb:set package 'robot_pkg' build argument 'cmake_force_configure' from command line to 'False'
[0.153s] Level 5:colcon.colcon_core.verb:set package 'robot_pkg' build argument 'ament_cmake_args' from command line to 'None'
[0.153s] Level 5:colcon.colcon_core.verb:set package 'robot_pkg' build argument 'catkin_cmake_args' from command line to 'None'
[0.153s] Level 5:colcon.colcon_core.verb:set package 'robot_pkg' build argument 'catkin_skip_building_tests' from command line to 'False'
[0.153s] DEBUG:colcon.colcon_core.verb:Building package 'robot_pkg' with the following arguments: {'ament_cmake_args': None, 'build_base': '/home/dev-pc/dev_ws/build/robot_pkg', 'catkin_cmake_args': None, 'catkin_skip_building_tests': False, 'cmake_args': None, 'cmake_clean_cache': False, 'cmake_clean_first': False, 'cmake_force_configure': False, 'cmake_target': None, 'cmake_target_skip_unavailable': False, 'install_base': '/home/dev-pc/dev_ws/install/robot_pkg', 'merge_install': False, 'path': '/home/dev-pc/dev_ws/src/robot_pkg', 'symlink_install': True, 'test_result_base': None}
[0.153s] Level 5:colcon.colcon_core.verb:set package 'serial' build argument 'cmake_args' from command line to 'None'
[0.153s] Level 5:colcon.colcon_core.verb:set package 'serial' build argument 'cmake_target' from command line to 'None'
[0.153s] Level 5:colcon.colcon_core.verb:set package 'serial' build argument 'cmake_target_skip_unavailable' from command line to 'False'
[0.153s] Level 5:colcon.colcon_core.verb:set package 'serial' build argument 'cmake_clean_cache' from command line to 'False'
[0.153s] Level 5:colcon.colcon_core.verb:set package 'serial' build argument 'cmake_clean_first' from command line to 'False'
[0.153s] Level 5:colcon.colcon_core.verb:set package 'serial' build argument 'cmake_force_configure' from command line to 'False'
[0.153s] Level 5:colcon.colcon_core.verb:set package 'serial' build argument 'ament_cmake_args' from command line to 'None'
[0.153s] Level 5:colcon.colcon_core.verb:set package 'serial' build argument 'catkin_cmake_args' from command line to 'None'
[0.153s] Level 5:colcon.colcon_core.verb:set package 'serial' build argument 'catkin_skip_building_tests' from command line to 'False'
[0.153s] DEBUG:colcon.colcon_core.verb:Building package 'serial' with the following arguments: {'ament_cmake_args': None, 'build_base': '/home/dev-pc/dev_ws/build/serial', 'catkin_cmake_args': None, 'catkin_skip_building_tests': False, 'cmake_args': None, 'cmake_clean_cache': False, 'cmake_clean_first': False, 'cmake_force_configure': False, 'cmake_target': None, 'cmake_target_skip_unavailable': False, 'install_base': '/home/dev-pc/dev_ws/install/serial', 'merge_install': False, 'path': '/home/dev-pc/dev_ws/src/serial', 'symlink_install': True, 'test_result_base': None}
[0.154s] Level 5:colcon.colcon_core.verb:set package 'sllidar_ros2' build argument 'cmake_args' from command line to 'None'
[0.154s] Level 5:colcon.colcon_core.verb:set package 'sllidar_ros2' build argument 'cmake_target' from command line to 'None'
[0.154s] Level 5:colcon.colcon_core.verb:set package 'sllidar_ros2' build argument 'cmake_target_skip_unavailable' from command line to 'False'
[0.154s] Level 5:colcon.colcon_core.verb:set package 'sllidar_ros2' build argument 'cmake_clean_cache' from command line to 'False'
[0.154s] Level 5:colcon.colcon_core.verb:set package 'sllidar_ros2' build argument 'cmake_clean_first' from command line to 'False'
[0.154s] Level 5:colcon.colcon_core.verb:set package 'sllidar_ros2' build argument 'cmake_force_configure' from command line to 'False'
[0.154s] Level 5:colcon.colcon_core.verb:set package 'sllidar_ros2' build argument 'ament_cmake_args' from command line to 'None'
[0.154s] Level 5:colcon.colcon_core.verb:set package 'sllidar_ros2' build argument 'catkin_cmake_args' from command line to 'None'
[0.154s] Level 5:colcon.colcon_core.verb:set package 'sllidar_ros2' build argument 'catkin_skip_building_tests' from command line to 'False'
[0.154s] DEBUG:colcon.colcon_core.verb:Building package 'sllidar_ros2' with the following arguments: {'ament_cmake_args': None, 'build_base': '/home/dev-pc/dev_ws/build/sllidar_ros2', 'catkin_cmake_args': None, 'catkin_skip_building_tests': False, 'cmake_args': None, 'cmake_clean_cache': False, 'cmake_clean_first': False, 'cmake_force_configure': False, 'cmake_target': None, 'cmake_target_skip_unavailable': False, 'install_base': '/home/dev-pc/dev_ws/install/sllidar_ros2', 'merge_install': False, 'path': '/home/dev-pc/dev_ws/src/sllidar_ros2', 'symlink_install': True, 'test_result_base': None}
[0.154s] INFO:colcon.colcon_core.executor:Executing jobs using 'parallel' executor
[0.155s] DEBUG:colcon.colcon_parallel_executor.executor.parallel:run_until_complete
[0.155s] INFO:colcon.colcon_ros.task.ament_cmake.build:Building ROS package in '/home/dev-pc/dev_ws/src/robot_pkg' with build type 'ament_cmake'
[0.155s] INFO:colcon.colcon_cmake.task.cmake.build:Building CMake package in '/home/dev-pc/dev_ws/src/robot_pkg'
[0.156s] INFO:colcon.colcon_core.plugin_system:Skipping extension 'colcon_core.shell.bat': Not used on non-Windows systems
[0.156s] INFO:colcon.colcon_core.shell:Skip shell extension 'powershell' for command environment: Not usable outside of PowerShell
[0.156s] DEBUG:colcon.colcon_core.shell:Skip shell extension 'dsv' for command environment
[0.159s] INFO:colcon.colcon_ros.task.ament_cmake.build:Building ROS package in '/home/dev-pc/dev_ws/src/serial' with build type 'ament_cmake'
[0.159s] INFO:colcon.colcon_cmake.task.cmake.build:Building CMake package in '/home/dev-pc/dev_ws/src/serial'
[0.159s] INFO:colcon.colcon_core.shell:Skip shell extension 'powershell' for command environment: Not usable outside of PowerShell
[0.159s] DEBUG:colcon.colcon_core.shell:Skip shell extension 'dsv' for command environment
[0.161s] INFO:colcon.colcon_ros.task.ament_cmake.build:Building ROS package in '/home/dev-pc/dev_ws/src/sllidar_ros2' with build type 'ament_cmake'
[0.161s] INFO:colcon.colcon_cmake.task.cmake.build:Building CMake package in '/home/dev-pc/dev_ws/src/sllidar_ros2'
[0.161s] INFO:colcon.colcon_core.shell:Skip shell extension 'powershell' for command environment: Not usable outside of PowerShell
[0.161s] DEBUG:colcon.colcon_core.shell:Skip shell extension 'dsv' for command environment
[0.167s] DEBUG:colcon.colcon_core.event_handler.log_command:Invoking command in '/home/dev-pc/dev_ws/build/robot_pkg': CMAKE_PREFIX_PATH=${CMAKE_PREFIX_PATH}:/opt/ros/humble /usr/bin/cmake --build /home/dev-pc/dev_ws/build/robot_pkg -- -j8 -l8
[0.170s] DEBUG:colcon.colcon_core.event_handler.log_command:Invoking command in '/home/dev-pc/dev_ws/build/serial': CMAKE_PREFIX_PATH=${CMAKE_PREFIX_PATH}:/opt/ros/humble /usr/bin/cmake --build /home/dev-pc/dev_ws/build/serial -- -j8 -l8
[0.173s] DEBUG:colcon.colcon_core.event_handler.log_command:Invoking command in '/home/dev-pc/dev_ws/build/sllidar_ros2': CMAKE_PREFIX_PATH=${CMAKE_PREFIX_PATH}:/opt/ros/humble /usr/bin/cmake --build /home/dev-pc/dev_ws/build/sllidar_ros2 -- -j8 -l8
[0.196s] DEBUG:colcon.colcon_core.event_handler.log_command:Invoked command in '/home/dev-pc/dev_ws/build/robot_pkg' returned '0': CMAKE_PREFIX_PATH=${CMAKE_PREFIX_PATH}:/opt/ros/humble /usr/bin/cmake --build /home/dev-pc/dev_ws/build/robot_pkg -- -j8 -l8
[0.223s] DEBUG:colcon.colcon_core.event_handler.log_command:Invoking command in '/home/dev-pc/dev_ws/build/robot_pkg': CMAKE_PREFIX_PATH=${CMAKE_PREFIX_PATH}:/opt/ros/humble /usr/bin/cmake --install /home/dev-pc/dev_ws/build/robot_pkg
[0.233s] DEBUG:colcon.colcon_core.event_handler.log_command:Invoked command in '/home/dev-pc/dev_ws/build/sllidar_ros2' returned '0': CMAKE_PREFIX_PATH=${CMAKE_PREFIX_PATH}:/opt/ros/humble /usr/bin/cmake --build /home/dev-pc/dev_ws/build/sllidar_ros2 -- -j8 -l8
[0.237s] DEBUG:colcon.colcon_core.event_handler.log_command:Invoked command in '/home/dev-pc/dev_ws/build/serial' returned '0': CMAKE_PREFIX_PATH=${CMAKE_PREFIX_PATH}:/opt/ros/humble /usr/bin/cmake --build /home/dev-pc/dev_ws/build/serial -- -j8 -l8
[0.240s] Level 1:colcon.colcon_core.environment:create_environment_scripts_only(robot_pkg)
[0.241s] DEBUG:colcon.colcon_core.event_handler.log_command:Invoked command in '/home/dev-pc/dev_ws/build/robot_pkg' returned '0': CMAKE_PREFIX_PATH=${CMAKE_PREFIX_PATH}:/opt/ros/humble /usr/bin/cmake --install /home/dev-pc/dev_ws/build/robot_pkg
[0.243s] Level 1:colcon.colcon_core.environment:checking '/home/dev-pc/dev_ws/install/robot_pkg' for CMake module files
[0.243s] Level 1:colcon.colcon_core.environment:checking '/home/dev-pc/dev_ws/install/robot_pkg' for CMake config files
[0.244s] Level 1:colcon.colcon_core.shell:create_environment_hook('robot_pkg', 'cmake_prefix_path')
[0.244s] INFO:colcon.colcon_core.shell:Creating environment hook '/home/dev-pc/dev_ws/install/robot_pkg/share/robot_pkg/hook/cmake_prefix_path.ps1'
[0.245s] INFO:colcon.colcon_core.shell:Creating environment descriptor '/home/dev-pc/dev_ws/install/robot_pkg/share/robot_pkg/hook/cmake_prefix_path.dsv'
[0.245s] INFO:colcon.colcon_core.shell:Creating environment hook '/home/dev-pc/dev_ws/install/robot_pkg/share/robot_pkg/hook/cmake_prefix_path.sh'
[0.246s] Level 1:colcon.colcon_core.environment:checking '/home/dev-pc/dev_ws/install/robot_pkg/bin'
[0.246s] Level 1:colcon.colcon_core.environment:checking '/home/dev-pc/dev_ws/install/robot_pkg/lib/pkgconfig/robot_pkg.pc'
[0.246s] Level 1:colcon.colcon_core.environment:checking '/home/dev-pc/dev_ws/install/robot_pkg/lib/python3.10/site-packages'
[0.246s] Level 1:colcon.colcon_core.environment:checking '/home/dev-pc/dev_ws/install/robot_pkg/bin'
[0.246s] INFO:colcon.colcon_core.shell:Creating package script '/home/dev-pc/dev_ws/install/robot_pkg/share/robot_pkg/package.ps1'
[0.247s] INFO:colcon.colcon_core.shell:Creating package descriptor '/home/dev-pc/dev_ws/install/robot_pkg/share/robot_pkg/package.dsv'
[0.247s] INFO:colcon.colcon_core.shell:Creating package script '/home/dev-pc/dev_ws/install/robot_pkg/share/robot_pkg/package.sh'
[0.248s] INFO:colcon.colcon_core.shell:Creating package script '/home/dev-pc/dev_ws/install/robot_pkg/share/robot_pkg/package.bash'
[0.248s] INFO:colcon.colcon_core.shell:Creating package script '/home/dev-pc/dev_ws/install/robot_pkg/share/robot_pkg/package.zsh'
[0.249s] Level 1:colcon.colcon_core.environment:create_file_with_runtime_dependencies(/home/dev-pc/dev_ws/install/robot_pkg/share/colcon-core/packages/robot_pkg)
[0.263s] DEBUG:colcon.colcon_core.event_handler.log_command:Invoking command in '/home/dev-pc/dev_ws/build/serial': CMAKE_PREFIX_PATH=${CMAKE_PREFIX_PATH}:/opt/ros/humble /usr/bin/cmake --install /home/dev-pc/dev_ws/build/serial
[0.264s] Level 1:colcon.colcon_core.environment:create_environment_scripts_only(robot_pkg)
[0.264s] Level 1:colcon.colcon_core.environment:checking '/home/dev-pc/dev_ws/install/robot_pkg' for CMake module files
[0.265s] Level 1:colcon.colcon_core.environment:checking '/home/dev-pc/dev_ws/install/robot_pkg' for CMake config files
[0.265s] Level 1:colcon.colcon_core.shell:create_environment_hook('robot_pkg', 'cmake_prefix_path')
[0.265s] INFO:colcon.colcon_core.shell:Creating environment hook '/home/dev-pc/dev_ws/install/robot_pkg/share/robot_pkg/hook/cmake_prefix_path.ps1'
[0.266s] INFO:colcon.colcon_core.shell:Creating environment descriptor '/home/dev-pc/dev_ws/install/robot_pkg/share/robot_pkg/hook/cmake_prefix_path.dsv'
[0.266s] INFO:colcon.colcon_core.shell:Creating environment hook '/home/dev-pc/dev_ws/install/robot_pkg/share/robot_pkg/hook/cmake_prefix_path.sh'
[0.266s] Level 1:colcon.colcon_core.environment:checking '/home/dev-pc/dev_ws/install/robot_pkg/bin'
[0.266s] Level 1:colcon.colcon_core.environment:checking '/home/dev-pc/dev_ws/install/robot_pkg/lib/pkgconfig/robot_pkg.pc'
[0.267s] Level 1:colcon.colcon_core.environment:checking '/home/dev-pc/dev_ws/install/robot_pkg/lib/python3.10/site-packages'
[0.267s] Level 1:colcon.colcon_core.environment:checking '/home/dev-pc/dev_ws/install/robot_pkg/bin'
[0.267s] INFO:colcon.colcon_core.shell:Creating package script '/home/dev-pc/dev_ws/install/robot_pkg/share/robot_pkg/package.ps1'
[0.267s] INFO:colcon.colcon_core.shell:Creating package descriptor '/home/dev-pc/dev_ws/install/robot_pkg/share/robot_pkg/package.dsv'
[0.268s] INFO:colcon.colcon_core.shell:Creating package script '/home/dev-pc/dev_ws/install/robot_pkg/share/robot_pkg/package.sh'
[0.268s] INFO:colcon.colcon_core.shell:Creating package script '/home/dev-pc/dev_ws/install/robot_pkg/share/robot_pkg/package.bash'
[0.268s] INFO:colcon.colcon_core.shell:Creating package script '/home/dev-pc/dev_ws/install/robot_pkg/share/robot_pkg/package.zsh'
[0.269s] Level 1:colcon.colcon_core.environment:create_file_with_runtime_dependencies(/home/dev-pc/dev_ws/install/robot_pkg/share/colcon-core/packages/robot_pkg)
[0.279s] DEBUG:colcon.colcon_core.event_handler.log_command:Invoking command in '/home/dev-pc/dev_ws/build/sllidar_ros2': CMAKE_PREFIX_PATH=${CMAKE_PREFIX_PATH}:/opt/ros/humble /usr/bin/cmake --install /home/dev-pc/dev_ws/build/sllidar_ros2
[0.283s] Level 1:colcon.colcon_core.environment:create_environment_scripts_only(serial)
[0.283s] Level 1:colcon.colcon_core.environment:checking '/home/dev-pc/dev_ws/install/serial' for CMake module files
[0.284s] DEBUG:colcon.colcon_core.event_handler.log_command:Invoked command in '/home/dev-pc/dev_ws/build/serial' returned '0': CMAKE_PREFIX_PATH=${CMAKE_PREFIX_PATH}:/opt/ros/humble /usr/bin/cmake --install /home/dev-pc/dev_ws/build/serial
[0.285s] Level 1:colcon.colcon_core.environment:checking '/home/dev-pc/dev_ws/install/serial' for CMake config files
[0.285s] Level 1:colcon.colcon_core.shell:create_environment_hook('serial', 'cmake_prefix_path')
[0.285s] INFO:colcon.colcon_core.shell:Creating environment hook '/home/dev-pc/dev_ws/install/serial/share/serial/hook/cmake_prefix_path.ps1'
[0.286s] INFO:colcon.colcon_core.shell:Creating environment descriptor '/home/dev-pc/dev_ws/install/serial/share/serial/hook/cmake_prefix_path.dsv'
[0.286s] INFO:colcon.colcon_core.shell:Creating environment hook '/home/dev-pc/dev_ws/install/serial/share/serial/hook/cmake_prefix_path.sh'
[0.287s] Level 1:colcon.colcon_core.environment:checking '/home/dev-pc/dev_ws/install/serial/lib'
[0.287s] Level 1:colcon.colcon_core.environment:checking '/home/dev-pc/dev_ws/install/serial/bin'
[0.287s] Level 1:colcon.colcon_core.environment:checking '/home/dev-pc/dev_ws/install/serial/lib/pkgconfig/serial.pc'
[0.287s] Level 1:colcon.colcon_core.environment:checking '/home/dev-pc/dev_ws/install/serial/lib/python3.10/site-packages'
[0.288s] Level 1:colcon.colcon_core.environment:checking '/home/dev-pc/dev_ws/install/serial/bin'
[0.288s] INFO:colcon.colcon_core.shell:Creating package script '/home/dev-pc/dev_ws/install/serial/share/serial/package.ps1'
[0.291s] INFO:colcon.colcon_core.shell:Creating package descriptor '/home/dev-pc/dev_ws/install/serial/share/serial/package.dsv'
[0.293s] INFO:colcon.colcon_core.shell:Creating package script '/home/dev-pc/dev_ws/install/serial/share/serial/package.sh'
[0.294s] INFO:colcon.colcon_core.shell:Creating package script '/home/dev-pc/dev_ws/install/serial/share/serial/package.bash'
[0.294s] INFO:colcon.colcon_core.shell:Creating package script '/home/dev-pc/dev_ws/install/serial/share/serial/package.zsh'
[0.295s] Level 1:colcon.colcon_core.environment:create_file_with_runtime_dependencies(/home/dev-pc/dev_ws/install/serial/share/colcon-core/packages/serial)
[0.305s] Level 1:colcon.colcon_core.environment:create_environment_scripts_only(sllidar_ros2)
[0.305s] Level 1:colcon.colcon_core.environment:checking '/home/dev-pc/dev_ws/install/sllidar_ros2' for CMake module files
[0.306s] DEBUG:colcon.colcon_core.event_handler.log_command:Invoked command in '/home/dev-pc/dev_ws/build/sllidar_ros2' returned '0': CMAKE_PREFIX_PATH=${CMAKE_PREFIX_PATH}:/opt/ros/humble /usr/bin/cmake --install /home/dev-pc/dev_ws/build/sllidar_ros2
[0.306s] Level 1:colcon.colcon_core.environment:checking '/home/dev-pc/dev_ws/install/sllidar_ros2' for CMake config files
[0.307s] Level 1:colcon.colcon_core.shell:create_environment_hook('sllidar_ros2', 'cmake_prefix_path')
[0.307s] INFO:colcon.colcon_core.shell:Creating environment hook '/home/dev-pc/dev_ws/install/sllidar_ros2/share/sllidar_ros2/hook/cmake_prefix_path.ps1'
[0.307s] INFO:colcon.colcon_core.shell:Creating environment descriptor '/home/dev-pc/dev_ws/install/sllidar_ros2/share/sllidar_ros2/hook/cmake_prefix_path.dsv'
[0.308s] INFO:colcon.colcon_core.shell:Creating environment hook '/home/dev-pc/dev_ws/install/sllidar_ros2/share/sllidar_ros2/hook/cmake_prefix_path.sh'
[0.308s] Level 1:colcon.colcon_core.environment:checking '/home/dev-pc/dev_ws/install/sllidar_ros2/lib'
[0.308s] Level 1:colcon.colcon_core.environment:checking '/home/dev-pc/dev_ws/install/sllidar_ros2/bin'
[0.308s] Level 1:colcon.colcon_core.environment:checking '/home/dev-pc/dev_ws/install/sllidar_ros2/lib/pkgconfig/sllidar_ros2.pc'
[0.309s] Level 1:colcon.colcon_core.environment:checking '/home/dev-pc/dev_ws/install/sllidar_ros2/lib/python3.10/site-packages'
[0.309s] Level 1:colcon.colcon_core.environment:checking '/home/dev-pc/dev_ws/install/sllidar_ros2/bin'
[0.309s] INFO:colcon.colcon_core.shell:Creating package script '/home/dev-pc/dev_ws/install/sllidar_ros2/share/sllidar_ros2/package.ps1'
[0.310s] INFO:colcon.colcon_core.shell:Creating package descriptor '/home/dev-pc/dev_ws/install/sllidar_ros2/share/sllidar_ros2/package.dsv'
[0.310s] INFO:colcon.colcon_core.shell:Creating package script '/home/dev-pc/dev_ws/install/sllidar_ros2/share/sllidar_ros2/package.sh'
[0.310s] INFO:colcon.colcon_core.shell:Creating package script '/home/dev-pc/dev_ws/install/sllidar_ros2/share/sllidar_ros2/package.bash'
[0.311s] INFO:colcon.colcon_core.shell:Creating package script '/home/dev-pc/dev_ws/install/sllidar_ros2/share/sllidar_ros2/package.zsh'
[0.311s] Level 1:colcon.colcon_core.environment:create_file_with_runtime_dependencies(/home/dev-pc/dev_ws/install/sllidar_ros2/share/colcon-core/packages/sllidar_ros2)
[0.329s] Level 1:colcon.colcon_core.environment:create_environment_scripts_only(serial)
[0.329s] Level 1:colcon.colcon_core.environment:checking '/home/dev-pc/dev_ws/install/serial' for CMake module files
[0.330s] Level 1:colcon.colcon_core.environment:checking '/home/dev-pc/dev_ws/install/serial' for CMake config files
[0.330s] Level 1:colcon.colcon_core.shell:create_environment_hook('serial', 'cmake_prefix_path')
[0.330s] INFO:colcon.colcon_core.shell:Creating environment hook '/home/dev-pc/dev_ws/install/serial/share/serial/hook/cmake_prefix_path.ps1'
[0.331s] INFO:colcon.colcon_core.shell:Creating environment descriptor '/home/dev-pc/dev_ws/install/serial/share/serial/hook/cmake_prefix_path.dsv'
[0.331s] INFO:colcon.colcon_core.shell:Creating environment hook '/home/dev-pc/dev_ws/install/serial/share/serial/hook/cmake_prefix_path.sh'
[0.331s] Level 1:colcon.colcon_core.environment:checking '/home/dev-pc/dev_ws/install/serial/lib'
[0.331s] Level 1:colcon.colcon_core.environment:checking '/home/dev-pc/dev_ws/install/serial/bin'
[0.331s] Level 1:colcon.colcon_core.environment:checking '/home/dev-pc/dev_ws/install/serial/lib/pkgconfig/serial.pc'
[0.332s] Level 1:colcon.colcon_core.environment:checking '/home/dev-pc/dev_ws/install/serial/lib/python3.10/site-packages'
[0.332s] Level 1:colcon.colcon_core.environment:checking '/home/dev-pc/dev_ws/install/serial/bin'
[0.332s] INFO:colcon.colcon_core.shell:Creating package script '/home/dev-pc/dev_ws/install/serial/share/serial/package.ps1'
[0.333s] INFO:colcon.colcon_core.shell:Creating package descriptor '/home/dev-pc/dev_ws/install/serial/share/serial/package.dsv'
[0.333s] INFO:colcon.colcon_core.shell:Creating package script '/home/dev-pc/dev_ws/install/serial/share/serial/package.sh'
[0.333s] INFO:colcon.colcon_core.shell:Creating package script '/home/dev-pc/dev_ws/install/serial/share/serial/package.bash'
[0.333s] INFO:colcon.colcon_core.shell:Creating package script '/home/dev-pc/dev_ws/install/serial/share/serial/package.zsh'
[0.334s] Level 1:colcon.colcon_core.environment:create_file_with_runtime_dependencies(/home/dev-pc/dev_ws/install/serial/share/colcon-core/packages/serial)
[0.357s] Level 1:colcon.colcon_core.environment:create_environment_scripts_only(sllidar_ros2)
[0.358s] Level 1:colcon.colcon_core.environment:checking '/home/dev-pc/dev_ws/install/sllidar_ros2' for CMake module files
[0.358s] Level 1:colcon.colcon_core.environment:checking '/home/dev-pc/dev_ws/install/sllidar_ros2' for CMake config files
[0.358s] Level 1:colcon.colcon_core.shell:create_environment_hook('sllidar_ros2', 'cmake_prefix_path')
[0.358s] INFO:colcon.colcon_core.shell:Creating environment hook '/home/dev-pc/dev_ws/install/sllidar_ros2/share/sllidar_ros2/hook/cmake_prefix_path.ps1'
[0.359s] INFO:colcon.colcon_core.shell:Creating environment descriptor '/home/dev-pc/dev_ws/install/sllidar_ros2/share/sllidar_ros2/hook/cmake_prefix_path.dsv'
[0.359s] INFO:colcon.colcon_core.shell:Creating environment hook '/home/dev-pc/dev_ws/install/sllidar_ros2/share/sllidar_ros2/hook/cmake_prefix_path.sh'
[0.359s] Level 1:colcon.colcon_core.environment:checking '/home/dev-pc/dev_ws/install/sllidar_ros2/lib'
[0.359s] Level 1:colcon.colcon_core.environment:checking '/home/dev-pc/dev_ws/install/sllidar_ros2/bin'
[0.359s] Level 1:colcon.colcon_core.environment:checking '/home/dev-pc/dev_ws/install/sllidar_ros2/lib/pkgconfig/sllidar_ros2.pc'
[0.359s] Level 1:colcon.colcon_core.environment:checking '/home/dev-pc/dev_ws/install/sllidar_ros2/lib/python3.10/site-packages'
[0.360s] Level 1:colcon.colcon_core.environment:checking '/home/dev-pc/dev_ws/install/sllidar_ros2/bin'
[0.360s] INFO:colcon.colcon_core.shell:Creating package script '/home/dev-pc/dev_ws/install/sllidar_ros2/share/sllidar_ros2/package.ps1'
[0.360s] INFO:colcon.colcon_core.shell:Creating package descriptor '/home/dev-pc/dev_ws/install/sllidar_ros2/share/sllidar_ros2/package.dsv'
[0.360s] INFO:colcon.colcon_core.shell:Creating package script '/home/dev-pc/dev_ws/install/sllidar_ros2/share/sllidar_ros2/package.sh'
[0.361s] INFO:colcon.colcon_core.shell:Creating package script '/home/dev-pc/dev_ws/install/sllidar_ros2/share/sllidar_ros2/package.bash'
[0.361s] INFO:colcon.colcon_core.shell:Creating package script '/home/dev-pc/dev_ws/install/sllidar_ros2/share/sllidar_ros2/package.zsh'
[0.361s] Level 1:colcon.colcon_core.environment:create_file_with_runtime_dependencies(/home/dev-pc/dev_ws/install/sllidar_ros2/share/colcon-core/packages/sllidar_ros2)
[0.361s] DEBUG:colcon.colcon_parallel_executor.executor.parallel:closing loop
[0.361s] DEBUG:colcon.colcon_parallel_executor.executor.parallel:loop closed
[0.361s] DEBUG:colcon.colcon_parallel_executor.executor.parallel:run_until_complete finished with '0'
[0.362s] DEBUG:colcon.colcon_core.event_reactor:joining thread
[0.365s] INFO:colcon.colcon_core.plugin_system:Skipping extension 'colcon_notification.desktop_notification.terminal_notifier': Not used on non-Darwin systems
[0.365s] INFO:colcon.colcon_core.plugin_system:Skipping extension 'colcon_notification.desktop_notification.win32': Not used on non-Windows systems
[0.365s] INFO:colcon.colcon_notification.desktop_notification:Sending desktop notification using 'notify2'
[0.373s] DEBUG:colcon.colcon_core.event_reactor:joined thread
[0.373s] INFO:colcon.colcon_core.shell:Creating prefix script '/home/dev-pc/dev_ws/install/local_setup.ps1'
[0.374s] INFO:colcon.colcon_core.shell:Creating prefix util module '/home/dev-pc/dev_ws/install/_local_setup_util_ps1.py'
[0.375s] INFO:colcon.colcon_core.shell:Creating prefix chain script '/home/dev-pc/dev_ws/install/setup.ps1'
[0.375s] INFO:colcon.colcon_core.shell:Creating prefix script '/home/dev-pc/dev_ws/install/local_setup.sh'
[0.376s] INFO:colcon.colcon_core.shell:Creating prefix util module '/home/dev-pc/dev_ws/install/_local_setup_util_sh.py'
[0.376s] INFO:colcon.colcon_core.shell:Creating prefix chain script '/home/dev-pc/dev_ws/install/setup.sh'
[0.377s] INFO:colcon.colcon_core.shell:Creating prefix script '/home/dev-pc/dev_ws/install/local_setup.bash'
[0.377s] INFO:colcon.colcon_core.shell:Creating prefix chain script '/home/dev-pc/dev_ws/install/setup.bash'
[0.378s] INFO:colcon.colcon_core.shell:Creating prefix script '/home/dev-pc/dev_ws/install/local_setup.zsh'
[0.378s] INFO:colcon.colcon_core.shell:Creating prefix chain script '/home/dev-pc/dev_ws/install/setup.zsh'
