[0.982s] DEBUG:colcon:Command line arguments: ['/usr/bin/colcon', 'build', '--symlink-install']
[0.982s] DEBUG:colcon:Parsed command line arguments: Namespace(log_base=None, log_level=None, verb_name='build', build_base='build', install_base='install', merge_install=False, symlink_install=True, test_result_base=None, continue_on_error=False, executor='parallel', parallel_workers=4, event_handlers=None, ignore_user_meta=False, metas=['./colcon.meta'], base_paths=['.'], packages_ignore=None, packages_ignore_regex=None, paths=None, packages_up_to=None, packages_up_to_regex=None, packages_above=None, packages_above_and_dependencies=None, packages_above_depth=None, packages_select_by_dep=None, packages_skip_by_dep=None, packages_skip_up_to=None, packages_select_build_failed=False, packages_skip_build_finished=False, packages_select_test_failures=False, packages_skip_test_passed=False, packages_select=None, packages_skip=None, packages_select_regex=None, packages_skip_regex=None, packages_start=None, packages_end=None, allow_overriding=[], cmake_args=None, cmake_target=None, cmake_target_skip_unavailable=False, cmake_clean_cache=False, cmake_clean_first=False, cmake_force_configure=False, meson_args=[], ament_cmake_args=None, catkin_cmake_args=None, catkin_skip_building_tests=False, verb_parser=<colcon_defaults.argument_parser.defaults.DefaultArgumentsDecorator object at 0xffff832d09d0>, verb_extension=<colcon_core.verb.build.BuildVerb object at 0xffff83409600>, main=<bound method BuildVerb.main of <colcon_core.verb.build.BuildVerb object at 0xffff83409600>>)
[1.834s] Level 1:colcon.colcon_core.package_discovery:discover_packages(colcon_meta) check parameters
[1.834s] Level 1:colcon.colcon_core.package_discovery:discover_packages(recursive) check parameters
[1.834s] Level 1:colcon.colcon_core.package_discovery:discover_packages(ignore) check parameters
[1.835s] Level 1:colcon.colcon_core.package_discovery:discover_packages(path) check parameters
[1.835s] Level 1:colcon.colcon_core.package_discovery:discover_packages(colcon_meta) discover
[1.835s] Level 1:colcon.colcon_core.package_discovery:discover_packages(recursive) discover
[1.836s] INFO:colcon.colcon_core.package_discovery:Crawling recursively for packages in '/home/rodrigo/dev_ws'
[1.836s] Level 1:colcon.colcon_core.package_identification:_identify(.) by extensions ['ignore', 'ignore_ament_install']
[1.838s] Level 1:colcon.colcon_core.package_identification:_identify(.) by extension 'ignore'
[1.838s] Level 1:colcon.colcon_core.package_identification:_identify(.) by extension 'ignore_ament_install'
[1.839s] Level 1:colcon.colcon_core.package_identification:_identify(.) by extensions ['colcon_pkg']
[1.839s] Level 1:colcon.colcon_core.package_identification:_identify(.) by extension 'colcon_pkg'
[1.839s] Level 1:colcon.colcon_core.package_identification:_identify(.) by extensions ['colcon_meta']
[1.839s] Level 1:colcon.colcon_core.package_identification:_identify(.) by extension 'colcon_meta'
[1.840s] Level 1:colcon.colcon_core.package_identification:_identify(.) by extensions ['ros']
[1.840s] Level 1:colcon.colcon_core.package_identification:_identify(.) by extension 'ros'
[1.891s] Level 1:colcon.colcon_core.package_identification:_identify(.) by extensions ['cmake', 'meson', 'python']
[1.891s] Level 1:colcon.colcon_core.package_identification:_identify(.) by extension 'cmake'
[1.892s] Level 1:colcon.colcon_core.package_identification:_identify(.) by extension 'meson'
[1.892s] Level 1:colcon.colcon_core.package_identification:_identify(.) by extension 'python'
[1.892s] Level 1:colcon.colcon_core.package_identification:_identify(.) by extensions ['python_setup_py']
[1.892s] Level 1:colcon.colcon_core.package_identification:_identify(.) by extension 'python_setup_py'
[1.893s] Level 1:colcon.colcon_core.package_identification:_identify(build) by extensions ['ignore', 'ignore_ament_install']
[1.893s] Level 1:colcon.colcon_core.package_identification:_identify(build) by extension 'ignore'
[1.893s] Level 1:colcon.colcon_core.package_identification:_identify(build) ignored
[1.894s] Level 1:colcon.colcon_core.package_identification:_identify(install) by extensions ['ignore', 'ignore_ament_install']
[1.895s] Level 1:colcon.colcon_core.package_identification:_identify(install) by extension 'ignore'
[1.895s] Level 1:colcon.colcon_core.package_identification:_identify(install) ignored
[1.896s] Level 1:colcon.colcon_core.package_identification:_identify(log) by extensions ['ignore', 'ignore_ament_install']
[1.896s] Level 1:colcon.colcon_core.package_identification:_identify(log) by extension 'ignore'
[1.896s] Level 1:colcon.colcon_core.package_identification:_identify(log) ignored
[1.897s] Level 1:colcon.colcon_core.package_identification:_identify(src) by extensions ['ignore', 'ignore_ament_install']
[1.897s] Level 1:colcon.colcon_core.package_identification:_identify(src) by extension 'ignore'
[1.897s] Level 1:colcon.colcon_core.package_identification:_identify(src) by extension 'ignore_ament_install'
[1.897s] Level 1:colcon.colcon_core.package_identification:_identify(src) by extensions ['colcon_pkg']
[1.898s] Level 1:colcon.colcon_core.package_identification:_identify(src) by extension 'colcon_pkg'
[1.898s] Level 1:colcon.colcon_core.package_identification:_identify(src) by extensions ['colcon_meta']
[1.898s] Level 1:colcon.colcon_core.package_identification:_identify(src) by extension 'colcon_meta'
[1.898s] Level 1:colcon.colcon_core.package_identification:_identify(src) by extensions ['ros']
[1.898s] Level 1:colcon.colcon_core.package_identification:_identify(src) by extension 'ros'
[1.899s] Level 1:colcon.colcon_core.package_identification:_identify(src) by extensions ['cmake', 'meson', 'python']
[1.899s] Level 1:colcon.colcon_core.package_identification:_identify(src) by extension 'cmake'
[1.899s] Level 1:colcon.colcon_core.package_identification:_identify(src) by extension 'meson'
[1.899s] Level 1:colcon.colcon_core.package_identification:_identify(src) by extension 'python'
[1.899s] Level 1:colcon.colcon_core.package_identification:_identify(src) by extensions ['python_setup_py']
[1.899s] Level 1:colcon.colcon_core.package_identification:_identify(src) by extension 'python_setup_py'
[1.900s] Level 1:colcon.colcon_core.package_identification:_identify(src/diffdrive_arduino) by extensions ['ignore', 'ignore_ament_install']
[1.900s] Level 1:colcon.colcon_core.package_identification:_identify(src/diffdrive_arduino) by extension 'ignore'
[1.901s] Level 1:colcon.colcon_core.package_identification:_identify(src/diffdrive_arduino) by extension 'ignore_ament_install'
[1.901s] Level 1:colcon.colcon_core.package_identification:_identify(src/diffdrive_arduino) by extensions ['colcon_pkg']
[1.901s] Level 1:colcon.colcon_core.package_identification:_identify(src/diffdrive_arduino) by extension 'colcon_pkg'
[1.901s] Level 1:colcon.colcon_core.package_identification:_identify(src/diffdrive_arduino) by extensions ['colcon_meta']
[1.901s] Level 1:colcon.colcon_core.package_identification:_identify(src/diffdrive_arduino) by extension 'colcon_meta'
[1.902s] Level 1:colcon.colcon_core.package_identification:_identify(src/diffdrive_arduino) by extensions ['ros']
[1.902s] Level 1:colcon.colcon_core.package_identification:_identify(src/diffdrive_arduino) by extension 'ros'
[1.912s] DEBUG:colcon.colcon_core.package_identification:Package 'src/diffdrive_arduino' with type 'ros.ament_cmake' and name 'diffdrive_arduino'
[1.913s] Level 1:colcon.colcon_core.package_identification:_identify(src/robot_pkg) by extensions ['ignore', 'ignore_ament_install']
[1.913s] Level 1:colcon.colcon_core.package_identification:_identify(src/robot_pkg) by extension 'ignore'
[1.914s] Level 1:colcon.colcon_core.package_identification:_identify(src/robot_pkg) by extension 'ignore_ament_install'
[1.914s] Level 1:colcon.colcon_core.package_identification:_identify(src/robot_pkg) by extensions ['colcon_pkg']
[1.914s] Level 1:colcon.colcon_core.package_identification:_identify(src/robot_pkg) by extension 'colcon_pkg'
[1.914s] Level 1:colcon.colcon_core.package_identification:_identify(src/robot_pkg) by extensions ['colcon_meta']
[1.914s] Level 1:colcon.colcon_core.package_identification:_identify(src/robot_pkg) by extension 'colcon_meta'
[1.915s] Level 1:colcon.colcon_core.package_identification:_identify(src/robot_pkg) by extensions ['ros']
[1.915s] Level 1:colcon.colcon_core.package_identification:_identify(src/robot_pkg) by extension 'ros'
[1.917s] DEBUG:colcon.colcon_core.package_identification:Package 'src/robot_pkg' with type 'ros.ament_cmake' and name 'robot_pkg'
[1.918s] Level 1:colcon.colcon_core.package_identification:_identify(src/serial) by extensions ['ignore', 'ignore_ament_install']
[1.919s] Level 1:colcon.colcon_core.package_identification:_identify(src/serial) by extension 'ignore'
[1.919s] Level 1:colcon.colcon_core.package_identification:_identify(src/serial) by extension 'ignore_ament_install'
[1.919s] Level 1:colcon.colcon_core.package_identification:_identify(src/serial) by extensions ['colcon_pkg']
[1.920s] Level 1:colcon.colcon_core.package_identification:_identify(src/serial) by extension 'colcon_pkg'
[1.920s] Level 1:colcon.colcon_core.package_identification:_identify(src/serial) by extensions ['colcon_meta']
[1.920s] Level 1:colcon.colcon_core.package_identification:_identify(src/serial) by extension 'colcon_meta'
[1.920s] Level 1:colcon.colcon_core.package_identification:_identify(src/serial) by extensions ['ros']
[1.920s] Level 1:colcon.colcon_core.package_identification:_identify(src/serial) by extension 'ros'
[1.923s] DEBUG:colcon.colcon_core.package_identification:Package 'src/serial' with type 'ros.ament_cmake' and name 'serial'
[1.924s] Level 1:colcon.colcon_core.package_identification:_identify(src/sllidar_ros2) by extensions ['ignore', 'ignore_ament_install']
[1.924s] Level 1:colcon.colcon_core.package_identification:_identify(src/sllidar_ros2) by extension 'ignore'
[1.924s] Level 1:colcon.colcon_core.package_identification:_identify(src/sllidar_ros2) by extension 'ignore_ament_install'
[1.925s] Level 1:colcon.colcon_core.package_identification:_identify(src/sllidar_ros2) by extensions ['colcon_pkg']
[1.925s] Level 1:colcon.colcon_core.package_identification:_identify(src/sllidar_ros2) by extension 'colcon_pkg'
[1.925s] Level 1:colcon.colcon_core.package_identification:_identify(src/sllidar_ros2) by extensions ['colcon_meta']
[1.925s] Level 1:colcon.colcon_core.package_identification:_identify(src/sllidar_ros2) by extension 'colcon_meta'
[1.925s] Level 1:colcon.colcon_core.package_identification:_identify(src/sllidar_ros2) by extensions ['ros']
[1.925s] Level 1:colcon.colcon_core.package_identification:_identify(src/sllidar_ros2) by extension 'ros'
[1.928s] DEBUG:colcon.colcon_core.package_identification:Package 'src/sllidar_ros2' with type 'ros.ament_cmake' and name 'sllidar_ros2'
[1.928s] Level 1:colcon.colcon_core.package_discovery:discover_packages(recursive) using defaults
[1.929s] Level 1:colcon.colcon_core.package_discovery:discover_packages(ignore) discover
[1.929s] Level 1:colcon.colcon_core.package_discovery:discover_packages(ignore) using defaults
[1.929s] Level 1:colcon.colcon_core.package_discovery:discover_packages(path) discover
[1.929s] Level 1:colcon.colcon_core.package_discovery:discover_packages(path) using defaults
[1.998s] Level 1:colcon.colcon_core.package_discovery:discover_packages(prefix_path) check parameters
[1.999s] Level 1:colcon.colcon_core.package_discovery:discover_packages(prefix_path) discover
[2.008s] DEBUG:colcon.colcon_installed_package_information.package_discovery:Found 4 installed packages in /home/rodrigo/dev_ws/install
[2.018s] DEBUG:colcon.colcon_installed_package_information.package_discovery:Found 329 installed packages in /opt/ros/humble
[2.025s] Level 1:colcon.colcon_core.package_discovery:discover_packages(prefix_path) using defaults
[2.291s] Level 5:colcon.colcon_core.verb:set package 'robot_pkg' build argument 'cmake_args' from command line to 'None'
[2.291s] Level 5:colcon.colcon_core.verb:set package 'robot_pkg' build argument 'cmake_target' from command line to 'None'
[2.291s] Level 5:colcon.colcon_core.verb:set package 'robot_pkg' build argument 'cmake_target_skip_unavailable' from command line to 'False'
[2.292s] Level 5:colcon.colcon_core.verb:set package 'robot_pkg' build argument 'cmake_clean_cache' from command line to 'False'
[2.292s] Level 5:colcon.colcon_core.verb:set package 'robot_pkg' build argument 'cmake_clean_first' from command line to 'False'
[2.292s] Level 5:colcon.colcon_core.verb:set package 'robot_pkg' build argument 'cmake_force_configure' from command line to 'False'
[2.292s] Level 5:colcon.colcon_core.verb:set package 'robot_pkg' build argument 'meson_args' from command line to '[]'
[2.292s] Level 5:colcon.colcon_core.verb:set package 'robot_pkg' build argument 'ament_cmake_args' from command line to 'None'
[2.292s] Level 5:colcon.colcon_core.verb:set package 'robot_pkg' build argument 'catkin_cmake_args' from command line to 'None'
[2.292s] Level 5:colcon.colcon_core.verb:set package 'robot_pkg' build argument 'catkin_skip_building_tests' from command line to 'False'
[2.292s] DEBUG:colcon.colcon_core.verb:Building package 'robot_pkg' with the following arguments: {'ament_cmake_args': None, 'build_base': '/home/rodrigo/dev_ws/build/robot_pkg', 'catkin_cmake_args': None, 'catkin_skip_building_tests': False, 'cmake_args': None, 'cmake_clean_cache': False, 'cmake_clean_first': False, 'cmake_force_configure': False, 'cmake_target': None, 'cmake_target_skip_unavailable': False, 'install_base': '/home/rodrigo/dev_ws/install/robot_pkg', 'merge_install': False, 'meson_args': [], 'path': '/home/rodrigo/dev_ws/src/robot_pkg', 'symlink_install': True, 'test_result_base': None}
[2.368s] Level 5:colcon.colcon_core.verb:set package 'serial' build argument 'cmake_args' from command line to 'None'
[2.368s] Level 5:colcon.colcon_core.verb:set package 'serial' build argument 'cmake_target' from command line to 'None'
[2.369s] Level 5:colcon.colcon_core.verb:set package 'serial' build argument 'cmake_target_skip_unavailable' from command line to 'False'
[2.369s] Level 5:colcon.colcon_core.verb:set package 'serial' build argument 'cmake_clean_cache' from command line to 'False'
[2.369s] Level 5:colcon.colcon_core.verb:set package 'serial' build argument 'cmake_clean_first' from command line to 'False'
[2.369s] Level 5:colcon.colcon_core.verb:set package 'serial' build argument 'cmake_force_configure' from command line to 'False'
[2.369s] Level 5:colcon.colcon_core.verb:set package 'serial' build argument 'meson_args' from command line to '[]'
[2.369s] Level 5:colcon.colcon_core.verb:set package 'serial' build argument 'ament_cmake_args' from command line to 'None'
[2.369s] Level 5:colcon.colcon_core.verb:set package 'serial' build argument 'catkin_cmake_args' from command line to 'None'
[2.369s] Level 5:colcon.colcon_core.verb:set package 'serial' build argument 'catkin_skip_building_tests' from command line to 'False'
[2.369s] DEBUG:colcon.colcon_core.verb:Building package 'serial' with the following arguments: {'ament_cmake_args': None, 'build_base': '/home/rodrigo/dev_ws/build/serial', 'catkin_cmake_args': None, 'catkin_skip_building_tests': False, 'cmake_args': None, 'cmake_clean_cache': False, 'cmake_clean_first': False, 'cmake_force_configure': False, 'cmake_target': None, 'cmake_target_skip_unavailable': False, 'install_base': '/home/rodrigo/dev_ws/install/serial', 'merge_install': False, 'meson_args': [], 'path': '/home/rodrigo/dev_ws/src/serial', 'symlink_install': True, 'test_result_base': None}
[2.449s] Level 5:colcon.colcon_core.verb:set package 'sllidar_ros2' build argument 'cmake_args' from command line to 'None'
[2.449s] Level 5:colcon.colcon_core.verb:set package 'sllidar_ros2' build argument 'cmake_target' from command line to 'None'
[2.449s] Level 5:colcon.colcon_core.verb:set package 'sllidar_ros2' build argument 'cmake_target_skip_unavailable' from command line to 'False'
[2.450s] Level 5:colcon.colcon_core.verb:set package 'sllidar_ros2' build argument 'cmake_clean_cache' from command line to 'False'
[2.450s] Level 5:colcon.colcon_core.verb:set package 'sllidar_ros2' build argument 'cmake_clean_first' from command line to 'False'
[2.450s] Level 5:colcon.colcon_core.verb:set package 'sllidar_ros2' build argument 'cmake_force_configure' from command line to 'False'
[2.450s] Level 5:colcon.colcon_core.verb:set package 'sllidar_ros2' build argument 'meson_args' from command line to '[]'
[2.450s] Level 5:colcon.colcon_core.verb:set package 'sllidar_ros2' build argument 'ament_cmake_args' from command line to 'None'
[2.450s] Level 5:colcon.colcon_core.verb:set package 'sllidar_ros2' build argument 'catkin_cmake_args' from command line to 'None'
[2.450s] Level 5:colcon.colcon_core.verb:set package 'sllidar_ros2' build argument 'catkin_skip_building_tests' from command line to 'False'
[2.450s] DEBUG:colcon.colcon_core.verb:Building package 'sllidar_ros2' with the following arguments: {'ament_cmake_args': None, 'build_base': '/home/rodrigo/dev_ws/build/sllidar_ros2', 'catkin_cmake_args': None, 'catkin_skip_building_tests': False, 'cmake_args': None, 'cmake_clean_cache': False, 'cmake_clean_first': False, 'cmake_force_configure': False, 'cmake_target': None, 'cmake_target_skip_unavailable': False, 'install_base': '/home/rodrigo/dev_ws/install/sllidar_ros2', 'merge_install': False, 'meson_args': [], 'path': '/home/rodrigo/dev_ws/src/sllidar_ros2', 'symlink_install': True, 'test_result_base': None}
[2.528s] Level 5:colcon.colcon_core.verb:set package 'diffdrive_arduino' build argument 'cmake_args' from command line to 'None'
[2.529s] Level 5:colcon.colcon_core.verb:set package 'diffdrive_arduino' build argument 'cmake_target' from command line to 'None'
[2.529s] Level 5:colcon.colcon_core.verb:set package 'diffdrive_arduino' build argument 'cmake_target_skip_unavailable' from command line to 'False'
[2.529s] Level 5:colcon.colcon_core.verb:set package 'diffdrive_arduino' build argument 'cmake_clean_cache' from command line to 'False'
[2.529s] Level 5:colcon.colcon_core.verb:set package 'diffdrive_arduino' build argument 'cmake_clean_first' from command line to 'False'
[2.529s] Level 5:colcon.colcon_core.verb:set package 'diffdrive_arduino' build argument 'cmake_force_configure' from command line to 'False'
[2.529s] Level 5:colcon.colcon_core.verb:set package 'diffdrive_arduino' build argument 'meson_args' from command line to '[]'
[2.529s] Level 5:colcon.colcon_core.verb:set package 'diffdrive_arduino' build argument 'ament_cmake_args' from command line to 'None'
[2.530s] Level 5:colcon.colcon_core.verb:set package 'diffdrive_arduino' build argument 'catkin_cmake_args' from command line to 'None'
[2.530s] Level 5:colcon.colcon_core.verb:set package 'diffdrive_arduino' build argument 'catkin_skip_building_tests' from command line to 'False'
[2.530s] DEBUG:colcon.colcon_core.verb:Building package 'diffdrive_arduino' with the following arguments: {'ament_cmake_args': None, 'build_base': '/home/rodrigo/dev_ws/build/diffdrive_arduino', 'catkin_cmake_args': None, 'catkin_skip_building_tests': False, 'cmake_args': None, 'cmake_clean_cache': False, 'cmake_clean_first': False, 'cmake_force_configure': False, 'cmake_target': None, 'cmake_target_skip_unavailable': False, 'install_base': '/home/rodrigo/dev_ws/install/diffdrive_arduino', 'merge_install': False, 'meson_args': [], 'path': '/home/rodrigo/dev_ws/src/diffdrive_arduino', 'symlink_install': True, 'test_result_base': None}
[2.530s] INFO:colcon.colcon_core.executor:Executing jobs using 'parallel' executor
[2.534s] DEBUG:colcon.colcon_parallel_executor.executor.parallel:run_until_complete
[2.535s] INFO:colcon.colcon_ros.task.ament_cmake.build:Building ROS package in '/home/rodrigo/dev_ws/src/serial' with build type 'ament_cmake'
[2.536s] INFO:colcon.colcon_cmake.task.cmake.build:Building CMake package in '/home/rodrigo/dev_ws/src/serial'
[2.545s] INFO:colcon.colcon_core.plugin_system:Skipping extension 'colcon_core.shell.bat': Not used on non-Windows systems
[2.546s] INFO:colcon.colcon_core.shell:Skip shell extension 'powershell' for command environment: Not usable outside of PowerShell
[2.546s] DEBUG:colcon.colcon_core.shell:Skip shell extension 'dsv' for command environment
[2.566s] INFO:colcon.colcon_ros.task.ament_cmake.build:Building ROS package in '/home/rodrigo/dev_ws/src/robot_pkg' with build type 'ament_cmake'
[2.567s] INFO:colcon.colcon_cmake.task.cmake.build:Building CMake package in '/home/rodrigo/dev_ws/src/robot_pkg'
[2.568s] INFO:colcon.colcon_core.shell:Skip shell extension 'powershell' for command environment: Not usable outside of PowerShell
[2.569s] DEBUG:colcon.colcon_core.shell:Skip shell extension 'dsv' for command environment
[2.591s] INFO:colcon.colcon_ros.task.ament_cmake.build:Building ROS package in '/home/rodrigo/dev_ws/src/sllidar_ros2' with build type 'ament_cmake'
[2.591s] INFO:colcon.colcon_cmake.task.cmake.build:Building CMake package in '/home/rodrigo/dev_ws/src/sllidar_ros2'
[2.593s] INFO:colcon.colcon_core.shell:Skip shell extension 'powershell' for command environment: Not usable outside of PowerShell
[2.593s] DEBUG:colcon.colcon_core.shell:Skip shell extension 'dsv' for command environment
[2.638s] DEBUG:colcon.colcon_core.event_handler.log_command:Invoking command in '/home/rodrigo/dev_ws/build/serial': CMAKE_PREFIX_PATH=${CMAKE_PREFIX_PATH}:/opt/ros/humble /usr/bin/cmake --build /home/rodrigo/dev_ws/build/serial -- -j4 -l4
[2.659s] DEBUG:colcon.colcon_core.event_handler.log_command:Invoking command in '/home/rodrigo/dev_ws/build/robot_pkg': CMAKE_PREFIX_PATH=${CMAKE_PREFIX_PATH}:/opt/ros/humble /usr/bin/cmake --build /home/rodrigo/dev_ws/build/robot_pkg -- -j4 -l4
[2.683s] DEBUG:colcon.colcon_core.event_handler.log_command:Invoking command in '/home/rodrigo/dev_ws/build/sllidar_ros2': CMAKE_PREFIX_PATH=${CMAKE_PREFIX_PATH}:/opt/ros/humble /usr/bin/cmake --build /home/rodrigo/dev_ws/build/sllidar_ros2 -- -j4 -l4
[2.856s] DEBUG:colcon.colcon_core.event_handler.log_command:Invoked command in '/home/rodrigo/dev_ws/build/robot_pkg' returned '0': CMAKE_PREFIX_PATH=${CMAKE_PREFIX_PATH}:/opt/ros/humble /usr/bin/cmake --build /home/rodrigo/dev_ws/build/robot_pkg -- -j4 -l4
[3.203s] DEBUG:colcon.colcon_core.event_handler.log_command:Invoking command in '/home/rodrigo/dev_ws/build/robot_pkg': CMAKE_PREFIX_PATH=${CMAKE_PREFIX_PATH}:/opt/ros/humble /usr/bin/cmake --install /home/rodrigo/dev_ws/build/robot_pkg
[3.210s] DEBUG:colcon.colcon_core.event_handler.log_command:Invoked command in '/home/rodrigo/dev_ws/build/sllidar_ros2' returned '0': CMAKE_PREFIX_PATH=${CMAKE_PREFIX_PATH}:/opt/ros/humble /usr/bin/cmake --build /home/rodrigo/dev_ws/build/sllidar_ros2 -- -j4 -l4
[3.238s] DEBUG:colcon.colcon_core.event_handler.log_command:Invoked command in '/home/rodrigo/dev_ws/build/serial' returned '0': CMAKE_PREFIX_PATH=${CMAKE_PREFIX_PATH}:/opt/ros/humble /usr/bin/cmake --build /home/rodrigo/dev_ws/build/serial -- -j4 -l4
[3.367s] Level 1:colcon.colcon_core.environment:create_environment_scripts_only(robot_pkg)
[3.380s] DEBUG:colcon.colcon_core.event_handler.log_command:Invoked command in '/home/rodrigo/dev_ws/build/robot_pkg' returned '0': CMAKE_PREFIX_PATH=${CMAKE_PREFIX_PATH}:/opt/ros/humble /usr/bin/cmake --install /home/rodrigo/dev_ws/build/robot_pkg
[3.387s] Level 1:colcon.colcon_core.environment:checking '/home/rodrigo/dev_ws/install/robot_pkg' for CMake module files
[3.391s] Level 1:colcon.colcon_core.environment:checking '/home/rodrigo/dev_ws/install/robot_pkg' for CMake config files
[3.396s] Level 1:colcon.colcon_core.shell:create_environment_hook('robot_pkg', 'cmake_prefix_path')
[3.398s] INFO:colcon.colcon_core.shell:Creating environment hook '/home/rodrigo/dev_ws/install/robot_pkg/share/robot_pkg/hook/cmake_prefix_path.ps1'
[3.404s] INFO:colcon.colcon_core.shell:Creating environment descriptor '/home/rodrigo/dev_ws/install/robot_pkg/share/robot_pkg/hook/cmake_prefix_path.dsv'
[3.407s] INFO:colcon.colcon_core.shell:Creating environment hook '/home/rodrigo/dev_ws/install/robot_pkg/share/robot_pkg/hook/cmake_prefix_path.sh'
[3.416s] Level 1:colcon.colcon_core.environment:checking '/home/rodrigo/dev_ws/install/robot_pkg/bin'
[3.419s] Level 1:colcon.colcon_core.environment:checking '/home/rodrigo/dev_ws/install/robot_pkg/lib/pkgconfig/robot_pkg.pc'
[3.420s] Level 1:colcon.colcon_core.environment:checking '/home/rodrigo/dev_ws/install/robot_pkg/lib/python3.10/site-packages'
[3.422s] Level 1:colcon.colcon_core.environment:checking '/home/rodrigo/dev_ws/install/robot_pkg/bin'
[3.424s] INFO:colcon.colcon_core.shell:Creating package script '/home/rodrigo/dev_ws/install/robot_pkg/share/robot_pkg/package.ps1'
[3.430s] INFO:colcon.colcon_core.shell:Creating package descriptor '/home/rodrigo/dev_ws/install/robot_pkg/share/robot_pkg/package.dsv'
[3.435s] INFO:colcon.colcon_core.shell:Creating package script '/home/rodrigo/dev_ws/install/robot_pkg/share/robot_pkg/package.sh'
[3.441s] INFO:colcon.colcon_core.shell:Creating package script '/home/rodrigo/dev_ws/install/robot_pkg/share/robot_pkg/package.bash'
[3.448s] INFO:colcon.colcon_core.shell:Creating package script '/home/rodrigo/dev_ws/install/robot_pkg/share/robot_pkg/package.zsh'
[3.455s] Level 1:colcon.colcon_core.environment:create_file_with_runtime_dependencies(/home/rodrigo/dev_ws/install/robot_pkg/share/colcon-core/packages/robot_pkg)
[3.498s] DEBUG:colcon.colcon_core.event_handler.log_command:Invoking command in '/home/rodrigo/dev_ws/build/serial': CMAKE_PREFIX_PATH=${CMAKE_PREFIX_PATH}:/opt/ros/humble /usr/bin/cmake --install /home/rodrigo/dev_ws/build/serial
[3.577s] Level 1:colcon.colcon_core.environment:create_environment_scripts_only(robot_pkg)
[3.578s] Level 1:colcon.colcon_core.environment:checking '/home/rodrigo/dev_ws/install/robot_pkg' for CMake module files
[3.582s] Level 1:colcon.colcon_core.environment:checking '/home/rodrigo/dev_ws/install/robot_pkg' for CMake config files
[3.585s] Level 1:colcon.colcon_core.shell:create_environment_hook('robot_pkg', 'cmake_prefix_path')
[3.587s] INFO:colcon.colcon_core.shell:Creating environment hook '/home/rodrigo/dev_ws/install/robot_pkg/share/robot_pkg/hook/cmake_prefix_path.ps1'
[3.597s] INFO:colcon.colcon_core.shell:Creating environment descriptor '/home/rodrigo/dev_ws/install/robot_pkg/share/robot_pkg/hook/cmake_prefix_path.dsv'
[3.599s] INFO:colcon.colcon_core.shell:Creating environment hook '/home/rodrigo/dev_ws/install/robot_pkg/share/robot_pkg/hook/cmake_prefix_path.sh'
[3.602s] Level 1:colcon.colcon_core.environment:checking '/home/rodrigo/dev_ws/install/robot_pkg/bin'
[3.602s] Level 1:colcon.colcon_core.environment:checking '/home/rodrigo/dev_ws/install/robot_pkg/lib/pkgconfig/robot_pkg.pc'
[3.603s] Level 1:colcon.colcon_core.environment:checking '/home/rodrigo/dev_ws/install/robot_pkg/lib/python3.10/site-packages'
[3.604s] Level 1:colcon.colcon_core.environment:checking '/home/rodrigo/dev_ws/install/robot_pkg/bin'
[3.606s] INFO:colcon.colcon_core.shell:Creating package script '/home/rodrigo/dev_ws/install/robot_pkg/share/robot_pkg/package.ps1'
[3.608s] INFO:colcon.colcon_core.shell:Creating package descriptor '/home/rodrigo/dev_ws/install/robot_pkg/share/robot_pkg/package.dsv'
[3.611s] INFO:colcon.colcon_core.shell:Creating package script '/home/rodrigo/dev_ws/install/robot_pkg/share/robot_pkg/package.sh'
[3.614s] INFO:colcon.colcon_core.shell:Creating package script '/home/rodrigo/dev_ws/install/robot_pkg/share/robot_pkg/package.bash'
[3.616s] INFO:colcon.colcon_core.shell:Creating package script '/home/rodrigo/dev_ws/install/robot_pkg/share/robot_pkg/package.zsh'
[3.618s] Level 1:colcon.colcon_core.environment:create_file_with_runtime_dependencies(/home/rodrigo/dev_ws/install/robot_pkg/share/colcon-core/packages/robot_pkg)
[3.622s] Level 1:colcon.colcon_core.environment:create_environment_scripts_only(serial)
[3.623s] Level 1:colcon.colcon_core.environment:checking '/home/rodrigo/dev_ws/install/serial' for CMake module files
[3.627s] DEBUG:colcon.colcon_core.event_handler.log_command:Invoked command in '/home/rodrigo/dev_ws/build/serial' returned '0': CMAKE_PREFIX_PATH=${CMAKE_PREFIX_PATH}:/opt/ros/humble /usr/bin/cmake --install /home/rodrigo/dev_ws/build/serial
[3.628s] Level 1:colcon.colcon_core.environment:checking '/home/rodrigo/dev_ws/install/serial' for CMake config files
[3.630s] Level 1:colcon.colcon_core.shell:create_environment_hook('serial', 'cmake_prefix_path')
[3.631s] INFO:colcon.colcon_core.shell:Creating environment hook '/home/rodrigo/dev_ws/install/serial/share/serial/hook/cmake_prefix_path.ps1'
[3.633s] INFO:colcon.colcon_core.shell:Creating environment descriptor '/home/rodrigo/dev_ws/install/serial/share/serial/hook/cmake_prefix_path.dsv'
[3.635s] INFO:colcon.colcon_core.shell:Creating environment hook '/home/rodrigo/dev_ws/install/serial/share/serial/hook/cmake_prefix_path.sh'
[3.638s] Level 1:colcon.colcon_core.environment:checking '/home/rodrigo/dev_ws/install/serial/lib'
[3.640s] Level 1:colcon.colcon_core.environment:checking '/home/rodrigo/dev_ws/install/serial/bin'
[3.640s] Level 1:colcon.colcon_core.environment:checking '/home/rodrigo/dev_ws/install/serial/lib/pkgconfig/serial.pc'
[3.641s] Level 1:colcon.colcon_core.environment:checking '/home/rodrigo/dev_ws/install/serial/lib/python3.10/site-packages'
[3.642s] Level 1:colcon.colcon_core.environment:checking '/home/rodrigo/dev_ws/install/serial/bin'
[3.643s] INFO:colcon.colcon_core.shell:Creating package script '/home/rodrigo/dev_ws/install/serial/share/serial/package.ps1'
[3.647s] INFO:colcon.colcon_core.shell:Creating package descriptor '/home/rodrigo/dev_ws/install/serial/share/serial/package.dsv'
[3.651s] INFO:colcon.colcon_core.shell:Creating package script '/home/rodrigo/dev_ws/install/serial/share/serial/package.sh'
[3.654s] INFO:colcon.colcon_core.shell:Creating package script '/home/rodrigo/dev_ws/install/serial/share/serial/package.bash'
[3.656s] INFO:colcon.colcon_core.shell:Creating package script '/home/rodrigo/dev_ws/install/serial/share/serial/package.zsh'
[3.658s] Level 1:colcon.colcon_core.environment:create_file_with_runtime_dependencies(/home/rodrigo/dev_ws/install/serial/share/colcon-core/packages/serial)
[3.681s] DEBUG:colcon.colcon_core.event_handler.log_command:Invoking command in '/home/rodrigo/dev_ws/build/sllidar_ros2': CMAKE_PREFIX_PATH=${CMAKE_PREFIX_PATH}:/opt/ros/humble /usr/bin/cmake --install /home/rodrigo/dev_ws/build/sllidar_ros2
[3.795s] Level 1:colcon.colcon_core.environment:create_environment_scripts_only(sllidar_ros2)
[3.796s] Level 1:colcon.colcon_core.environment:checking '/home/rodrigo/dev_ws/install/sllidar_ros2' for CMake module files
[3.798s] DEBUG:colcon.colcon_core.event_handler.log_command:Invoked command in '/home/rodrigo/dev_ws/build/sllidar_ros2' returned '0': CMAKE_PREFIX_PATH=${CMAKE_PREFIX_PATH}:/opt/ros/humble /usr/bin/cmake --install /home/rodrigo/dev_ws/build/sllidar_ros2
[3.801s] Level 1:colcon.colcon_core.environment:checking '/home/rodrigo/dev_ws/install/sllidar_ros2' for CMake config files
[3.803s] Level 1:colcon.colcon_core.shell:create_environment_hook('sllidar_ros2', 'cmake_prefix_path')
[3.804s] INFO:colcon.colcon_core.shell:Creating environment hook '/home/rodrigo/dev_ws/install/sllidar_ros2/share/sllidar_ros2/hook/cmake_prefix_path.ps1'
[3.806s] INFO:colcon.colcon_core.shell:Creating environment descriptor '/home/rodrigo/dev_ws/install/sllidar_ros2/share/sllidar_ros2/hook/cmake_prefix_path.dsv'
[3.809s] INFO:colcon.colcon_core.shell:Creating environment hook '/home/rodrigo/dev_ws/install/sllidar_ros2/share/sllidar_ros2/hook/cmake_prefix_path.sh'
[3.812s] Level 1:colcon.colcon_core.environment:checking '/home/rodrigo/dev_ws/install/sllidar_ros2/lib'
[3.812s] Level 1:colcon.colcon_core.environment:checking '/home/rodrigo/dev_ws/install/sllidar_ros2/bin'
[3.813s] Level 1:colcon.colcon_core.environment:checking '/home/rodrigo/dev_ws/install/sllidar_ros2/lib/pkgconfig/sllidar_ros2.pc'
[3.814s] Level 1:colcon.colcon_core.environment:checking '/home/rodrigo/dev_ws/install/sllidar_ros2/lib/python3.10/site-packages'
[3.815s] Level 1:colcon.colcon_core.environment:checking '/home/rodrigo/dev_ws/install/sllidar_ros2/bin'
[3.816s] INFO:colcon.colcon_core.shell:Creating package script '/home/rodrigo/dev_ws/install/sllidar_ros2/share/sllidar_ros2/package.ps1'
[3.819s] INFO:colcon.colcon_core.shell:Creating package descriptor '/home/rodrigo/dev_ws/install/sllidar_ros2/share/sllidar_ros2/package.dsv'
[3.821s] INFO:colcon.colcon_core.shell:Creating package script '/home/rodrigo/dev_ws/install/sllidar_ros2/share/sllidar_ros2/package.sh'
[3.823s] INFO:colcon.colcon_core.shell:Creating package script '/home/rodrigo/dev_ws/install/sllidar_ros2/share/sllidar_ros2/package.bash'
[3.825s] INFO:colcon.colcon_core.shell:Creating package script '/home/rodrigo/dev_ws/install/sllidar_ros2/share/sllidar_ros2/package.zsh'
[3.827s] Level 1:colcon.colcon_core.environment:create_file_with_runtime_dependencies(/home/rodrigo/dev_ws/install/sllidar_ros2/share/colcon-core/packages/sllidar_ros2)
[3.867s] Level 1:colcon.colcon_core.environment:create_environment_scripts_only(serial)
[3.868s] Level 1:colcon.colcon_core.environment:checking '/home/rodrigo/dev_ws/install/serial' for CMake module files
[3.872s] Level 1:colcon.colcon_core.environment:checking '/home/rodrigo/dev_ws/install/serial' for CMake config files
[3.874s] Level 1:colcon.colcon_core.shell:create_environment_hook('serial', 'cmake_prefix_path')
[3.876s] INFO:colcon.colcon_core.shell:Creating environment hook '/home/rodrigo/dev_ws/install/serial/share/serial/hook/cmake_prefix_path.ps1'
[3.878s] INFO:colcon.colcon_core.shell:Creating environment descriptor '/home/rodrigo/dev_ws/install/serial/share/serial/hook/cmake_prefix_path.dsv'
[3.881s] INFO:colcon.colcon_core.shell:Creating environment hook '/home/rodrigo/dev_ws/install/serial/share/serial/hook/cmake_prefix_path.sh'
[3.886s] Level 1:colcon.colcon_core.environment:checking '/home/rodrigo/dev_ws/install/serial/lib'
[3.887s] Level 1:colcon.colcon_core.environment:checking '/home/rodrigo/dev_ws/install/serial/bin'
[3.888s] Level 1:colcon.colcon_core.environment:checking '/home/rodrigo/dev_ws/install/serial/lib/pkgconfig/serial.pc'
[3.890s] Level 1:colcon.colcon_core.environment:checking '/home/rodrigo/dev_ws/install/serial/lib/python3.10/site-packages'
[3.891s] Level 1:colcon.colcon_core.environment:checking '/home/rodrigo/dev_ws/install/serial/bin'
[3.892s] INFO:colcon.colcon_core.shell:Creating package script '/home/rodrigo/dev_ws/install/serial/share/serial/package.ps1'
[3.895s] INFO:colcon.colcon_core.shell:Creating package descriptor '/home/rodrigo/dev_ws/install/serial/share/serial/package.dsv'
[3.897s] INFO:colcon.colcon_core.shell:Creating package script '/home/rodrigo/dev_ws/install/serial/share/serial/package.sh'
[3.900s] INFO:colcon.colcon_core.shell:Creating package script '/home/rodrigo/dev_ws/install/serial/share/serial/package.bash'
[3.902s] INFO:colcon.colcon_core.shell:Creating package script '/home/rodrigo/dev_ws/install/serial/share/serial/package.zsh'
[3.904s] Level 1:colcon.colcon_core.environment:create_file_with_runtime_dependencies(/home/rodrigo/dev_ws/install/serial/share/colcon-core/packages/serial)
[3.907s] INFO:colcon.colcon_ros.task.ament_cmake.build:Building ROS package in '/home/rodrigo/dev_ws/src/diffdrive_arduino' with build type 'ament_cmake'
[3.908s] INFO:colcon.colcon_cmake.task.cmake.build:Building CMake package in '/home/rodrigo/dev_ws/src/diffdrive_arduino'
[3.909s] INFO:colcon.colcon_core.shell:Skip shell extension 'powershell' for command environment: Not usable outside of PowerShell
[3.910s] DEBUG:colcon.colcon_core.shell:Skip shell extension 'dsv' for command environment
[3.977s] DEBUG:colcon.colcon_core.event_handler.log_command:Invoking command in '/home/rodrigo/dev_ws/build/diffdrive_arduino': CMAKE_PREFIX_PATH=/home/rodrigo/dev_ws/install/serial:/home/rodrigo/dev_ws/install/sllidar_ros2:/home/rodrigo/dev_ws/install/diffdrive_arduino:/home/rodrigo/dev_ws/install/robot_pkg:/opt/ros/humble /usr/bin/cmake --build /home/rodrigo/dev_ws/build/diffdrive_arduino -- -j4 -l4
[4.294s] Level 1:colcon.colcon_core.environment:create_environment_scripts_only(sllidar_ros2)
[4.306s] Level 1:colcon.colcon_core.environment:checking '/home/rodrigo/dev_ws/install/sllidar_ros2' for CMake module files
[4.320s] Level 1:colcon.colcon_core.environment:checking '/home/rodrigo/dev_ws/install/sllidar_ros2' for CMake config files
[4.324s] Level 1:colcon.colcon_core.shell:create_environment_hook('sllidar_ros2', 'cmake_prefix_path')
[4.326s] INFO:colcon.colcon_core.shell:Creating environment hook '/home/rodrigo/dev_ws/install/sllidar_ros2/share/sllidar_ros2/hook/cmake_prefix_path.ps1'
[4.329s] INFO:colcon.colcon_core.shell:Creating environment descriptor '/home/rodrigo/dev_ws/install/sllidar_ros2/share/sllidar_ros2/hook/cmake_prefix_path.dsv'
[4.331s] INFO:colcon.colcon_core.shell:Creating environment hook '/home/rodrigo/dev_ws/install/sllidar_ros2/share/sllidar_ros2/hook/cmake_prefix_path.sh'
[4.335s] Level 1:colcon.colcon_core.environment:checking '/home/rodrigo/dev_ws/install/sllidar_ros2/lib'
[4.336s] Level 1:colcon.colcon_core.environment:checking '/home/rodrigo/dev_ws/install/sllidar_ros2/bin'
[4.337s] Level 1:colcon.colcon_core.environment:checking '/home/rodrigo/dev_ws/install/sllidar_ros2/lib/pkgconfig/sllidar_ros2.pc'
[4.339s] Level 1:colcon.colcon_core.environment:checking '/home/rodrigo/dev_ws/install/sllidar_ros2/lib/python3.10/site-packages'
[4.340s] Level 1:colcon.colcon_core.environment:checking '/home/rodrigo/dev_ws/install/sllidar_ros2/bin'
[4.342s] INFO:colcon.colcon_core.shell:Creating package script '/home/rodrigo/dev_ws/install/sllidar_ros2/share/sllidar_ros2/package.ps1'
[4.345s] INFO:colcon.colcon_core.shell:Creating package descriptor '/home/rodrigo/dev_ws/install/sllidar_ros2/share/sllidar_ros2/package.dsv'
[4.349s] INFO:colcon.colcon_core.shell:Creating package script '/home/rodrigo/dev_ws/install/sllidar_ros2/share/sllidar_ros2/package.sh'
[4.353s] INFO:colcon.colcon_core.shell:Creating package script '/home/rodrigo/dev_ws/install/sllidar_ros2/share/sllidar_ros2/package.bash'
[4.356s] INFO:colcon.colcon_core.shell:Creating package script '/home/rodrigo/dev_ws/install/sllidar_ros2/share/sllidar_ros2/package.zsh'
[4.360s] Level 1:colcon.colcon_core.environment:create_file_with_runtime_dependencies(/home/rodrigo/dev_ws/install/sllidar_ros2/share/colcon-core/packages/sllidar_ros2)
[4.380s] DEBUG:colcon.colcon_core.event_handler.log_command:Invoked command in '/home/rodrigo/dev_ws/build/diffdrive_arduino' returned '0': CMAKE_PREFIX_PATH=/home/rodrigo/dev_ws/install/serial:/home/rodrigo/dev_ws/install/sllidar_ros2:/home/rodrigo/dev_ws/install/diffdrive_arduino:/home/rodrigo/dev_ws/install/robot_pkg:/opt/ros/humble /usr/bin/cmake --build /home/rodrigo/dev_ws/build/diffdrive_arduino -- -j4 -l4
[4.566s] DEBUG:colcon.colcon_core.event_handler.log_command:Invoking command in '/home/rodrigo/dev_ws/build/diffdrive_arduino': CMAKE_PREFIX_PATH=/home/rodrigo/dev_ws/install/serial:/home/rodrigo/dev_ws/install/sllidar_ros2:/home/rodrigo/dev_ws/install/diffdrive_arduino:/home/rodrigo/dev_ws/install/robot_pkg:/opt/ros/humble /usr/bin/cmake --install /home/rodrigo/dev_ws/build/diffdrive_arduino
[4.685s] Level 1:colcon.colcon_core.environment:create_environment_scripts_only(diffdrive_arduino)
[4.687s] Level 1:colcon.colcon_core.environment:checking '/home/rodrigo/dev_ws/install/diffdrive_arduino' for CMake module files
[4.689s] DEBUG:colcon.colcon_core.event_handler.log_command:Invoked command in '/home/rodrigo/dev_ws/build/diffdrive_arduino' returned '0': CMAKE_PREFIX_PATH=/home/rodrigo/dev_ws/install/serial:/home/rodrigo/dev_ws/install/sllidar_ros2:/home/rodrigo/dev_ws/install/diffdrive_arduino:/home/rodrigo/dev_ws/install/robot_pkg:/opt/ros/humble /usr/bin/cmake --install /home/rodrigo/dev_ws/build/diffdrive_arduino
[4.692s] Level 1:colcon.colcon_core.environment:checking '/home/rodrigo/dev_ws/install/diffdrive_arduino' for CMake config files
[4.695s] Level 1:colcon.colcon_core.shell:create_environment_hook('diffdrive_arduino', 'cmake_prefix_path')
[4.696s] INFO:colcon.colcon_core.shell:Creating environment hook '/home/rodrigo/dev_ws/install/diffdrive_arduino/share/diffdrive_arduino/hook/cmake_prefix_path.ps1'
[4.699s] INFO:colcon.colcon_core.shell:Creating environment descriptor '/home/rodrigo/dev_ws/install/diffdrive_arduino/share/diffdrive_arduino/hook/cmake_prefix_path.dsv'
[4.701s] INFO:colcon.colcon_core.shell:Creating environment hook '/home/rodrigo/dev_ws/install/diffdrive_arduino/share/diffdrive_arduino/hook/cmake_prefix_path.sh'
[4.705s] Level 1:colcon.colcon_core.environment:checking '/home/rodrigo/dev_ws/install/diffdrive_arduino/lib'
[4.706s] Level 1:colcon.colcon_core.shell:create_environment_hook('diffdrive_arduino', 'ld_library_path_lib')
[4.707s] INFO:colcon.colcon_core.shell:Creating environment hook '/home/rodrigo/dev_ws/install/diffdrive_arduino/share/diffdrive_arduino/hook/ld_library_path_lib.ps1'
[4.709s] INFO:colcon.colcon_core.shell:Creating environment descriptor '/home/rodrigo/dev_ws/install/diffdrive_arduino/share/diffdrive_arduino/hook/ld_library_path_lib.dsv'
[4.711s] INFO:colcon.colcon_core.shell:Creating environment hook '/home/rodrigo/dev_ws/install/diffdrive_arduino/share/diffdrive_arduino/hook/ld_library_path_lib.sh'
[4.714s] Level 1:colcon.colcon_core.environment:checking '/home/rodrigo/dev_ws/install/diffdrive_arduino/bin'
[4.714s] Level 1:colcon.colcon_core.environment:checking '/home/rodrigo/dev_ws/install/diffdrive_arduino/lib/pkgconfig/diffdrive_arduino.pc'
[4.715s] Level 1:colcon.colcon_core.environment:checking '/home/rodrigo/dev_ws/install/diffdrive_arduino/lib/python3.10/site-packages'
[4.716s] Level 1:colcon.colcon_core.environment:checking '/home/rodrigo/dev_ws/install/diffdrive_arduino/bin'
[4.717s] INFO:colcon.colcon_core.shell:Creating package script '/home/rodrigo/dev_ws/install/diffdrive_arduino/share/diffdrive_arduino/package.ps1'
[4.720s] INFO:colcon.colcon_core.shell:Creating package descriptor '/home/rodrigo/dev_ws/install/diffdrive_arduino/share/diffdrive_arduino/package.dsv'
[4.722s] INFO:colcon.colcon_core.shell:Creating package script '/home/rodrigo/dev_ws/install/diffdrive_arduino/share/diffdrive_arduino/package.sh'
[4.724s] INFO:colcon.colcon_core.shell:Creating package script '/home/rodrigo/dev_ws/install/diffdrive_arduino/share/diffdrive_arduino/package.bash'
[4.726s] INFO:colcon.colcon_core.shell:Creating package script '/home/rodrigo/dev_ws/install/diffdrive_arduino/share/diffdrive_arduino/package.zsh'
[4.728s] Level 1:colcon.colcon_core.environment:create_file_with_runtime_dependencies(/home/rodrigo/dev_ws/install/diffdrive_arduino/share/colcon-core/packages/diffdrive_arduino)
[4.906s] Level 1:colcon.colcon_core.environment:create_environment_scripts_only(diffdrive_arduino)
[4.907s] Level 1:colcon.colcon_core.environment:checking '/home/rodrigo/dev_ws/install/diffdrive_arduino' for CMake module files
[4.910s] Level 1:colcon.colcon_core.environment:checking '/home/rodrigo/dev_ws/install/diffdrive_arduino' for CMake config files
[4.914s] Level 1:colcon.colcon_core.shell:create_environment_hook('diffdrive_arduino', 'cmake_prefix_path')
[4.915s] INFO:colcon.colcon_core.shell:Creating environment hook '/home/rodrigo/dev_ws/install/diffdrive_arduino/share/diffdrive_arduino/hook/cmake_prefix_path.ps1'
[4.918s] INFO:colcon.colcon_core.shell:Creating environment descriptor '/home/rodrigo/dev_ws/install/diffdrive_arduino/share/diffdrive_arduino/hook/cmake_prefix_path.dsv'
[4.920s] INFO:colcon.colcon_core.shell:Creating environment hook '/home/rodrigo/dev_ws/install/diffdrive_arduino/share/diffdrive_arduino/hook/cmake_prefix_path.sh'
[4.924s] Level 1:colcon.colcon_core.environment:checking '/home/rodrigo/dev_ws/install/diffdrive_arduino/lib'
[4.924s] Level 1:colcon.colcon_core.shell:create_environment_hook('diffdrive_arduino', 'ld_library_path_lib')
[4.926s] INFO:colcon.colcon_core.shell:Creating environment hook '/home/rodrigo/dev_ws/install/diffdrive_arduino/share/diffdrive_arduino/hook/ld_library_path_lib.ps1'
[4.928s] INFO:colcon.colcon_core.shell:Creating environment descriptor '/home/rodrigo/dev_ws/install/diffdrive_arduino/share/diffdrive_arduino/hook/ld_library_path_lib.dsv'
[4.929s] INFO:colcon.colcon_core.shell:Creating environment hook '/home/rodrigo/dev_ws/install/diffdrive_arduino/share/diffdrive_arduino/hook/ld_library_path_lib.sh'
[4.931s] Level 1:colcon.colcon_core.environment:checking '/home/rodrigo/dev_ws/install/diffdrive_arduino/bin'
[4.932s] Level 1:colcon.colcon_core.environment:checking '/home/rodrigo/dev_ws/install/diffdrive_arduino/lib/pkgconfig/diffdrive_arduino.pc'
[4.933s] Level 1:colcon.colcon_core.environment:checking '/home/rodrigo/dev_ws/install/diffdrive_arduino/lib/python3.10/site-packages'
[4.934s] Level 1:colcon.colcon_core.environment:checking '/home/rodrigo/dev_ws/install/diffdrive_arduino/bin'
[4.935s] INFO:colcon.colcon_core.shell:Creating package script '/home/rodrigo/dev_ws/install/diffdrive_arduino/share/diffdrive_arduino/package.ps1'
[4.938s] INFO:colcon.colcon_core.shell:Creating package descriptor '/home/rodrigo/dev_ws/install/diffdrive_arduino/share/diffdrive_arduino/package.dsv'
[4.940s] INFO:colcon.colcon_core.shell:Creating package script '/home/rodrigo/dev_ws/install/diffdrive_arduino/share/diffdrive_arduino/package.sh'
[4.942s] INFO:colcon.colcon_core.shell:Creating package script '/home/rodrigo/dev_ws/install/diffdrive_arduino/share/diffdrive_arduino/package.bash'
[4.944s] INFO:colcon.colcon_core.shell:Creating package script '/home/rodrigo/dev_ws/install/diffdrive_arduino/share/diffdrive_arduino/package.zsh'
[4.946s] Level 1:colcon.colcon_core.environment:create_file_with_runtime_dependencies(/home/rodrigo/dev_ws/install/diffdrive_arduino/share/colcon-core/packages/diffdrive_arduino)
[4.948s] DEBUG:colcon.colcon_parallel_executor.executor.parallel:closing loop
[4.949s] DEBUG:colcon.colcon_parallel_executor.executor.parallel:loop closed
[4.949s] DEBUG:colcon.colcon_parallel_executor.executor.parallel:run_until_complete finished with '0'
[4.950s] DEBUG:colcon.colcon_core.event_reactor:joining thread
[4.971s] INFO:colcon.colcon_core.plugin_system:Skipping extension 'colcon_notification.desktop_notification.terminal_notifier': Not used on non-Darwin systems
[4.972s] INFO:colcon.colcon_core.plugin_system:Skipping extension 'colcon_notification.desktop_notification.win32': Not used on non-Windows systems
[4.978s] INFO:colcon.colcon_notification.desktop_notification:Sending desktop notification using 'notify2'
[4.983s] DEBUG:colcon.colcon_notification.desktop_notification.notify2:Failed to initialize notify2: org.freedesktop.DBus.Error.ServiceUnknown: The name org.freedesktop.Notifications was not provided by any .service files
[4.983s] DEBUG:colcon.colcon_core.event_reactor:joined thread
[4.984s] INFO:colcon.colcon_core.shell:Creating prefix script '/home/rodrigo/dev_ws/install/local_setup.ps1'
[4.990s] INFO:colcon.colcon_core.shell:Creating prefix util module '/home/rodrigo/dev_ws/install/_local_setup_util_ps1.py'
[4.998s] INFO:colcon.colcon_core.shell:Creating prefix chain script '/home/rodrigo/dev_ws/install/setup.ps1'
[5.003s] INFO:colcon.colcon_core.shell:Creating prefix script '/home/rodrigo/dev_ws/install/local_setup.sh'
[5.006s] INFO:colcon.colcon_core.shell:Creating prefix util module '/home/rodrigo/dev_ws/install/_local_setup_util_sh.py'
[5.008s] INFO:colcon.colcon_core.shell:Creating prefix chain script '/home/rodrigo/dev_ws/install/setup.sh'
[5.013s] INFO:colcon.colcon_core.shell:Creating prefix script '/home/rodrigo/dev_ws/install/local_setup.bash'
[5.015s] INFO:colcon.colcon_core.shell:Creating prefix chain script '/home/rodrigo/dev_ws/install/setup.bash'
[5.020s] INFO:colcon.colcon_core.shell:Creating prefix script '/home/rodrigo/dev_ws/install/local_setup.zsh'
[5.023s] INFO:colcon.colcon_core.shell:Creating prefix chain script '/home/rodrigo/dev_ws/install/setup.zsh'
