[0.040s] Invoking command in '/home/rodrigo/dev_ws/build/robot_pkg': CMAKE_PREFIX_PATH=/opt/ros/humble /usr/bin/cmake --build /home/rodrigo/dev_ws/build/robot_pkg -- -j2 -l2
[0.185s] Invoked command in '/home/rodrigo/dev_ws/build/robot_pkg' returned '0': CMAKE_PREFIX_PATH=/opt/ros/humble /usr/bin/cmake --build /home/rodrigo/dev_ws/build/robot_pkg -- -j2 -l2
[0.271s] Invoking command in '/home/rodrigo/dev_ws/build/robot_pkg': CMAKE_PREFIX_PATH=/opt/ros/humble /usr/bin/cmake --install /home/rodrigo/dev_ws/build/robot_pkg
[0.291s] -- Install configuration: ""
[0.293s] -- Execute custom install script
[0.295s] -- Up-to-date symlink: /home/rodrigo/dev_ws/install/robot_pkg/share/robot_pkg/launch/display.launch.py
[0.296s] -- Up-to-date symlink: /home/rodrigo/dev_ws/install/robot_pkg/share/robot_pkg/launch/gazebo.launch.py
[0.297s] -- Up-to-date symlink: /home/rodrigo/dev_ws/install/robot_pkg/share/robot_pkg/urdf/TTR01.urdf.xacro
[0.298s] -- Up-to-date symlink: /home/rodrigo/dev_ws/install/robot_pkg/share/robot_pkg/urdf/gazebo_setup.xacro
[0.298s] -- Up-to-date symlink: /home/rodrigo/dev_ws/install/robot_pkg/share/robot_pkg/urdf/robot_parameters.xacro
[0.300s] -- Up-to-date symlink: /home/rodrigo/dev_ws/install/robot_pkg/share/ament_index/resource_index/package_run_dependencies/robot_pkg
[0.301s] -- Up-to-date symlink: /home/rodrigo/dev_ws/install/robot_pkg/share/ament_index/resource_index/parent_prefix_path/robot_pkg
[0.302s] -- Up-to-date symlink: /home/rodrigo/dev_ws/install/robot_pkg/share/robot_pkg/environment/ament_prefix_path.sh
[0.303s] -- Up-to-date symlink: /home/rodrigo/dev_ws/install/robot_pkg/share/robot_pkg/environment/ament_prefix_path.dsv
[0.303s] -- Up-to-date symlink: /home/rodrigo/dev_ws/install/robot_pkg/share/robot_pkg/environment/path.sh
[0.304s] -- Up-to-date symlink: /home/rodrigo/dev_ws/install/robot_pkg/share/robot_pkg/environment/path.dsv
[0.305s] -- Up-to-date symlink: /home/rodrigo/dev_ws/install/robot_pkg/share/robot_pkg/local_setup.bash
[0.306s] -- Up-to-date symlink: /home/rodrigo/dev_ws/install/robot_pkg/share/robot_pkg/local_setup.sh
[0.306s] -- Up-to-date symlink: /home/rodrigo/dev_ws/install/robot_pkg/share/robot_pkg/local_setup.zsh
[0.307s] -- Up-to-date symlink: /home/rodrigo/dev_ws/install/robot_pkg/share/robot_pkg/local_setup.dsv
[0.308s] -- Symlinking: /home/rodrigo/dev_ws/install/robot_pkg/share/robot_pkg/package.dsv
[0.330s] -- Up-to-date symlink: /home/rodrigo/dev_ws/install/robot_pkg/share/ament_index/resource_index/packages/robot_pkg
[0.331s] -- Up-to-date symlink: /home/rodrigo/dev_ws/install/robot_pkg/share/robot_pkg/cmake/robot_pkgConfig.cmake
[0.332s] -- Up-to-date symlink: /home/rodrigo/dev_ws/install/robot_pkg/share/robot_pkg/cmake/robot_pkgConfig-version.cmake
[0.333s] -- Up-to-date symlink: /home/rodrigo/dev_ws/install/robot_pkg/share/robot_pkg/package.xml
[0.339s] Invoked command in '/home/rodrigo/dev_ws/build/robot_pkg' returned '0': CMAKE_PREFIX_PATH=/opt/ros/humble /usr/bin/cmake --install /home/rodrigo/dev_ws/build/robot_pkg
