[0.067s] DEBUG:colcon:Command line arguments: ['/usr/bin/colcon', 'build', '--symlink-install']
[0.067s] DEBUG:colcon:Parsed command line arguments: Namespace(log_base=None, log_level=None, verb_name='build', build_base='build', install_base='install', merge_install=False, symlink_install=True, test_result_base=None, continue_on_error=False, executor='parallel', parallel_workers=8, event_handlers=None, ignore_user_meta=False, metas=['./colcon.meta'], base_paths=['.'], packages_ignore=None, packages_ignore_regex=None, paths=None, packages_up_to=None, packages_up_to_regex=None, packages_above=None, packages_above_and_dependencies=None, packages_above_depth=None, packages_select_by_dep=None, packages_skip_by_dep=None, packages_skip_up_to=None, packages_select_build_failed=False, packages_skip_build_finished=False, packages_select_test_failures=False, packages_skip_test_passed=False, packages_select=None, packages_skip=None, packages_select_regex=None, packages_skip_regex=None, packages_start=None, packages_end=None, allow_overriding=[], cmake_args=None, cmake_target=None, cmake_target_skip_unavailable=False, cmake_clean_cache=False, cmake_clean_first=False, cmake_force_configure=False, ament_cmake_args=None, catkin_cmake_args=None, catkin_skip_building_tests=False, verb_parser=<colcon_defaults.argument_parser.defaults.DefaultArgumentsDecorator object at 0x74aae19b0dc0>, verb_extension=<colcon_core.verb.build.BuildVerb object at 0x74aae19b0700>, main=<bound method BuildVerb.main of <colcon_core.verb.build.BuildVerb object at 0x74aae19b0700>>)
[0.095s] Level 1:colcon.colcon_core.package_discovery:discover_packages(colcon_meta) check parameters
[0.095s] Level 1:colcon.colcon_core.package_discovery:discover_packages(recursive) check parameters
[0.095s] Level 1:colcon.colcon_core.package_discovery:discover_packages(ignore) check parameters
[0.095s] Level 1:colcon.colcon_core.package_discovery:discover_packages(path) check parameters
[0.095s] Level 1:colcon.colcon_core.package_discovery:discover_packages(colcon_meta) discover
[0.095s] Level 1:colcon.colcon_core.package_discovery:discover_packages(recursive) discover
[0.095s] INFO:colcon.colcon_core.package_discovery:Crawling recursively for packages in '/home/dev-pc/dev_ws'
[0.095s] Level 1:colcon.colcon_core.package_identification:_identify(.) by extensions ['ignore', 'ignore_ament_install']
[0.095s] Level 1:colcon.colcon_core.package_identification:_identify(.) by extension 'ignore'
[0.095s] Level 1:colcon.colcon_core.package_identification:_identify(.) by extension 'ignore_ament_install'
[0.095s] Level 1:colcon.colcon_core.package_identification:_identify(.) by extensions ['colcon_pkg']
[0.095s] Level 1:colcon.colcon_core.package_identification:_identify(.) by extension 'colcon_pkg'
[0.095s] Level 1:colcon.colcon_core.package_identification:_identify(.) by extensions ['colcon_meta']
[0.095s] Level 1:colcon.colcon_core.package_identification:_identify(.) by extension 'colcon_meta'
[0.095s] Level 1:colcon.colcon_core.package_identification:_identify(.) by extensions ['ros']
[0.095s] Level 1:colcon.colcon_core.package_identification:_identify(.) by extension 'ros'
[0.105s] Level 1:colcon.colcon_core.package_identification:_identify(.) by extensions ['cmake', 'python']
[0.105s] Level 1:colcon.colcon_core.package_identification:_identify(.) by extension 'cmake'
[0.105s] Level 1:colcon.colcon_core.package_identification:_identify(.) by extension 'python'
[0.105s] Level 1:colcon.colcon_core.package_identification:_identify(.) by extensions ['python_setup_py']
[0.105s] Level 1:colcon.colcon_core.package_identification:_identify(.) by extension 'python_setup_py'
[0.105s] Level 1:colcon.colcon_core.package_identification:_identify(build) by extensions ['ignore', 'ignore_ament_install']
[0.105s] Level 1:colcon.colcon_core.package_identification:_identify(build) by extension 'ignore'
[0.105s] Level 1:colcon.colcon_core.package_identification:_identify(build) ignored
[0.105s] Level 1:colcon.colcon_core.package_identification:_identify(install) by extensions ['ignore', 'ignore_ament_install']
[0.105s] Level 1:colcon.colcon_core.package_identification:_identify(install) by extension 'ignore'
[0.106s] Level 1:colcon.colcon_core.package_identification:_identify(install) ignored
[0.106s] Level 1:colcon.colcon_core.package_identification:_identify(log) by extensions ['ignore', 'ignore_ament_install']
[0.106s] Level 1:colcon.colcon_core.package_identification:_identify(log) by extension 'ignore'
[0.106s] Level 1:colcon.colcon_core.package_identification:_identify(log) ignored
[0.106s] Level 1:colcon.colcon_core.package_identification:_identify(src) by extensions ['ignore', 'ignore_ament_install']
[0.106s] Level 1:colcon.colcon_core.package_identification:_identify(src) by extension 'ignore'
[0.106s] Level 1:colcon.colcon_core.package_identification:_identify(src) by extension 'ignore_ament_install'
[0.106s] Level 1:colcon.colcon_core.package_identification:_identify(src) by extensions ['colcon_pkg']
[0.106s] Level 1:colcon.colcon_core.package_identification:_identify(src) by extension 'colcon_pkg'
[0.106s] Level 1:colcon.colcon_core.package_identification:_identify(src) by extensions ['colcon_meta']
[0.106s] Level 1:colcon.colcon_core.package_identification:_identify(src) by extension 'colcon_meta'
[0.106s] Level 1:colcon.colcon_core.package_identification:_identify(src) by extensions ['ros']
[0.106s] Level 1:colcon.colcon_core.package_identification:_identify(src) by extension 'ros'
[0.106s] Level 1:colcon.colcon_core.package_identification:_identify(src) by extensions ['cmake', 'python']
[0.106s] Level 1:colcon.colcon_core.package_identification:_identify(src) by extension 'cmake'
[0.106s] Level 1:colcon.colcon_core.package_identification:_identify(src) by extension 'python'
[0.106s] Level 1:colcon.colcon_core.package_identification:_identify(src) by extensions ['python_setup_py']
[0.106s] Level 1:colcon.colcon_core.package_identification:_identify(src) by extension 'python_setup_py'
[0.106s] Level 1:colcon.colcon_core.package_identification:_identify(src/diffdrive_arduino) by extensions ['ignore', 'ignore_ament_install']
[0.106s] Level 1:colcon.colcon_core.package_identification:_identify(src/diffdrive_arduino) by extension 'ignore'
[0.106s] Level 1:colcon.colcon_core.package_identification:_identify(src/diffdrive_arduino) by extension 'ignore_ament_install'
[0.106s] Level 1:colcon.colcon_core.package_identification:_identify(src/diffdrive_arduino) by extensions ['colcon_pkg']
[0.106s] Level 1:colcon.colcon_core.package_identification:_identify(src/diffdrive_arduino) by extension 'colcon_pkg'
[0.106s] Level 1:colcon.colcon_core.package_identification:_identify(src/diffdrive_arduino) by extensions ['colcon_meta']
[0.106s] Level 1:colcon.colcon_core.package_identification:_identify(src/diffdrive_arduino) by extension 'colcon_meta'
[0.106s] Level 1:colcon.colcon_core.package_identification:_identify(src/diffdrive_arduino) by extensions ['ros']
[0.106s] Level 1:colcon.colcon_core.package_identification:_identify(src/diffdrive_arduino) by extension 'ros'
[0.108s] DEBUG:colcon.colcon_core.package_identification:Package 'src/diffdrive_arduino' with type 'ros.ament_cmake' and name 'diffdrive_arduino'
[0.108s] Level 1:colcon.colcon_core.package_identification:_identify(src/robot_pkg) by extensions ['ignore', 'ignore_ament_install']
[0.108s] Level 1:colcon.colcon_core.package_identification:_identify(src/robot_pkg) by extension 'ignore'
[0.108s] Level 1:colcon.colcon_core.package_identification:_identify(src/robot_pkg) by extension 'ignore_ament_install'
[0.108s] Level 1:colcon.colcon_core.package_identification:_identify(src/robot_pkg) by extensions ['colcon_pkg']
[0.108s] Level 1:colcon.colcon_core.package_identification:_identify(src/robot_pkg) by extension 'colcon_pkg'
[0.108s] Level 1:colcon.colcon_core.package_identification:_identify(src/robot_pkg) by extensions ['colcon_meta']
[0.108s] Level 1:colcon.colcon_core.package_identification:_identify(src/robot_pkg) by extension 'colcon_meta'
[0.108s] Level 1:colcon.colcon_core.package_identification:_identify(src/robot_pkg) by extensions ['ros']
[0.108s] Level 1:colcon.colcon_core.package_identification:_identify(src/robot_pkg) by extension 'ros'
[0.109s] DEBUG:colcon.colcon_core.package_identification:Package 'src/robot_pkg' with type 'ros.ament_cmake' and name 'robot_pkg'
[0.109s] Level 1:colcon.colcon_core.package_identification:_identify(src/serial) by extensions ['ignore', 'ignore_ament_install']
[0.109s] Level 1:colcon.colcon_core.package_identification:_identify(src/serial) by extension 'ignore'
[0.109s] Level 1:colcon.colcon_core.package_identification:_identify(src/serial) by extension 'ignore_ament_install'
[0.109s] Level 1:colcon.colcon_core.package_identification:_identify(src/serial) by extensions ['colcon_pkg']
[0.109s] Level 1:colcon.colcon_core.package_identification:_identify(src/serial) by extension 'colcon_pkg'
[0.109s] Level 1:colcon.colcon_core.package_identification:_identify(src/serial) by extensions ['colcon_meta']
[0.109s] Level 1:colcon.colcon_core.package_identification:_identify(src/serial) by extension 'colcon_meta'
[0.109s] Level 1:colcon.colcon_core.package_identification:_identify(src/serial) by extensions ['ros']
[0.109s] Level 1:colcon.colcon_core.package_identification:_identify(src/serial) by extension 'ros'
[0.109s] DEBUG:colcon.colcon_core.package_identification:Package 'src/serial' with type 'ros.ament_cmake' and name 'serial'
[0.109s] Level 1:colcon.colcon_core.package_identification:_identify(src/sllidar_ros2) by extensions ['ignore', 'ignore_ament_install']
[0.109s] Level 1:colcon.colcon_core.package_identification:_identify(src/sllidar_ros2) by extension 'ignore'
[0.109s] Level 1:colcon.colcon_core.package_identification:_identify(src/sllidar_ros2) by extension 'ignore_ament_install'
[0.109s] Level 1:colcon.colcon_core.package_identification:_identify(src/sllidar_ros2) by extensions ['colcon_pkg']
[0.109s] Level 1:colcon.colcon_core.package_identification:_identify(src/sllidar_ros2) by extension 'colcon_pkg'
[0.110s] Level 1:colcon.colcon_core.package_identification:_identify(src/sllidar_ros2) by extensions ['colcon_meta']
[0.110s] Level 1:colcon.colcon_core.package_identification:_identify(src/sllidar_ros2) by extension 'colcon_meta'
[0.110s] Level 1:colcon.colcon_core.package_identification:_identify(src/sllidar_ros2) by extensions ['ros']
[0.110s] Level 1:colcon.colcon_core.package_identification:_identify(src/sllidar_ros2) by extension 'ros'
[0.110s] DEBUG:colcon.colcon_core.package_identification:Package 'src/sllidar_ros2' with type 'ros.ament_cmake' and name 'sllidar_ros2'
[0.110s] Level 1:colcon.colcon_core.package_discovery:discover_packages(recursive) using defaults
[0.110s] Level 1:colcon.colcon_core.package_discovery:discover_packages(ignore) discover
[0.110s] Level 1:colcon.colcon_core.package_discovery:discover_packages(ignore) using defaults
[0.110s] Level 1:colcon.colcon_core.package_discovery:discover_packages(path) discover
[0.110s] Level 1:colcon.colcon_core.package_discovery:discover_packages(path) using defaults
[0.123s] Level 1:colcon.colcon_core.package_discovery:discover_packages(prefix_path) check parameters
[0.123s] Level 1:colcon.colcon_core.package_discovery:discover_packages(prefix_path) discover
[0.123s] WARNING:colcon.colcon_ros.prefix_path.ament:The path '/home/dev-pc/dev_ws/install/sllidar_ros2' in the environment variable AMENT_PREFIX_PATH doesn't exist
[0.124s] WARNING:colcon.colcon_ros.prefix_path.ament:The path '/home/dev-pc/dev_ws/install/diffdrive_arduino' in the environment variable AMENT_PREFIX_PATH doesn't exist
[0.124s] WARNING:colcon.colcon_ros.prefix_path.ament:The path '/home/dev-pc/dev_ws/install/serial' in the environment variable AMENT_PREFIX_PATH doesn't exist
[0.124s] WARNING:colcon.colcon_ros.prefix_path.ament:The path '/home/dev-pc/dev_ws/install/robot_pkg' in the environment variable AMENT_PREFIX_PATH doesn't exist
[0.124s] WARNING:colcon.colcon_ros.prefix_path.catkin:The path '/home/dev-pc/dev_ws/install/sllidar_ros2' in the environment variable CMAKE_PREFIX_PATH doesn't exist
[0.124s] WARNING:colcon.colcon_ros.prefix_path.catkin:The path '/home/dev-pc/dev_ws/install/diffdrive_arduino' in the environment variable CMAKE_PREFIX_PATH doesn't exist
[0.124s] WARNING:colcon.colcon_ros.prefix_path.catkin:The path '/home/dev-pc/dev_ws/install/serial' in the environment variable CMAKE_PREFIX_PATH doesn't exist
[0.124s] WARNING:colcon.colcon_ros.prefix_path.catkin:The path '/home/dev-pc/dev_ws/install/robot_pkg' in the environment variable CMAKE_PREFIX_PATH doesn't exist
[0.124s] DEBUG:colcon.colcon_installed_package_information.package_discovery:Found 0 installed packages in /home/dev-pc/dev_ws/install
[0.125s] DEBUG:colcon.colcon_installed_package_information.package_discovery:Found 326 installed packages in /opt/ros/humble
[0.126s] Level 1:colcon.colcon_core.package_discovery:discover_packages(prefix_path) using defaults
[0.152s] Level 5:colcon.colcon_core.verb:set package 'robot_pkg' build argument 'cmake_args' from command line to 'None'
[0.152s] Level 5:colcon.colcon_core.verb:set package 'robot_pkg' build argument 'cmake_target' from command line to 'None'
[0.152s] Level 5:colcon.colcon_core.verb:set package 'robot_pkg' build argument 'cmake_target_skip_unavailable' from command line to 'False'
[0.152s] Level 5:colcon.colcon_core.verb:set package 'robot_pkg' build argument 'cmake_clean_cache' from command line to 'False'
[0.152s] Level 5:colcon.colcon_core.verb:set package 'robot_pkg' build argument 'cmake_clean_first' from command line to 'False'
[0.152s] Level 5:colcon.colcon_core.verb:set package 'robot_pkg' build argument 'cmake_force_configure' from command line to 'False'
[0.152s] Level 5:colcon.colcon_core.verb:set package 'robot_pkg' build argument 'ament_cmake_args' from command line to 'None'
[0.152s] Level 5:colcon.colcon_core.verb:set package 'robot_pkg' build argument 'catkin_cmake_args' from command line to 'None'
[0.152s] Level 5:colcon.colcon_core.verb:set package 'robot_pkg' build argument 'catkin_skip_building_tests' from command line to 'False'
[0.152s] DEBUG:colcon.colcon_core.verb:Building package 'robot_pkg' with the following arguments: {'ament_cmake_args': None, 'build_base': '/home/dev-pc/dev_ws/build/robot_pkg', 'catkin_cmake_args': None, 'catkin_skip_building_tests': False, 'cmake_args': None, 'cmake_clean_cache': False, 'cmake_clean_first': False, 'cmake_force_configure': False, 'cmake_target': None, 'cmake_target_skip_unavailable': False, 'install_base': '/home/dev-pc/dev_ws/install/robot_pkg', 'merge_install': False, 'path': '/home/dev-pc/dev_ws/src/robot_pkg', 'symlink_install': True, 'test_result_base': None}
[0.152s] Level 5:colcon.colcon_core.verb:set package 'serial' build argument 'cmake_args' from command line to 'None'
[0.152s] Level 5:colcon.colcon_core.verb:set package 'serial' build argument 'cmake_target' from command line to 'None'
[0.152s] Level 5:colcon.colcon_core.verb:set package 'serial' build argument 'cmake_target_skip_unavailable' from command line to 'False'
[0.152s] Level 5:colcon.colcon_core.verb:set package 'serial' build argument 'cmake_clean_cache' from command line to 'False'
[0.152s] Level 5:colcon.colcon_core.verb:set package 'serial' build argument 'cmake_clean_first' from command line to 'False'
[0.152s] Level 5:colcon.colcon_core.verb:set package 'serial' build argument 'cmake_force_configure' from command line to 'False'
[0.152s] Level 5:colcon.colcon_core.verb:set package 'serial' build argument 'ament_cmake_args' from command line to 'None'
[0.152s] Level 5:colcon.colcon_core.verb:set package 'serial' build argument 'catkin_cmake_args' from command line to 'None'
[0.152s] Level 5:colcon.colcon_core.verb:set package 'serial' build argument 'catkin_skip_building_tests' from command line to 'False'
[0.153s] DEBUG:colcon.colcon_core.verb:Building package 'serial' with the following arguments: {'ament_cmake_args': None, 'build_base': '/home/dev-pc/dev_ws/build/serial', 'catkin_cmake_args': None, 'catkin_skip_building_tests': False, 'cmake_args': None, 'cmake_clean_cache': False, 'cmake_clean_first': False, 'cmake_force_configure': False, 'cmake_target': None, 'cmake_target_skip_unavailable': False, 'install_base': '/home/dev-pc/dev_ws/install/serial', 'merge_install': False, 'path': '/home/dev-pc/dev_ws/src/serial', 'symlink_install': True, 'test_result_base': None}
[0.153s] Level 5:colcon.colcon_core.verb:set package 'sllidar_ros2' build argument 'cmake_args' from command line to 'None'
[0.153s] Level 5:colcon.colcon_core.verb:set package 'sllidar_ros2' build argument 'cmake_target' from command line to 'None'
[0.153s] Level 5:colcon.colcon_core.verb:set package 'sllidar_ros2' build argument 'cmake_target_skip_unavailable' from command line to 'False'
[0.153s] Level 5:colcon.colcon_core.verb:set package 'sllidar_ros2' build argument 'cmake_clean_cache' from command line to 'False'
[0.153s] Level 5:colcon.colcon_core.verb:set package 'sllidar_ros2' build argument 'cmake_clean_first' from command line to 'False'
[0.153s] Level 5:colcon.colcon_core.verb:set package 'sllidar_ros2' build argument 'cmake_force_configure' from command line to 'False'
[0.153s] Level 5:colcon.colcon_core.verb:set package 'sllidar_ros2' build argument 'ament_cmake_args' from command line to 'None'
[0.153s] Level 5:colcon.colcon_core.verb:set package 'sllidar_ros2' build argument 'catkin_cmake_args' from command line to 'None'
[0.153s] Level 5:colcon.colcon_core.verb:set package 'sllidar_ros2' build argument 'catkin_skip_building_tests' from command line to 'False'
[0.153s] DEBUG:colcon.colcon_core.verb:Building package 'sllidar_ros2' with the following arguments: {'ament_cmake_args': None, 'build_base': '/home/dev-pc/dev_ws/build/sllidar_ros2', 'catkin_cmake_args': None, 'catkin_skip_building_tests': False, 'cmake_args': None, 'cmake_clean_cache': False, 'cmake_clean_first': False, 'cmake_force_configure': False, 'cmake_target': None, 'cmake_target_skip_unavailable': False, 'install_base': '/home/dev-pc/dev_ws/install/sllidar_ros2', 'merge_install': False, 'path': '/home/dev-pc/dev_ws/src/sllidar_ros2', 'symlink_install': True, 'test_result_base': None}
[0.153s] Level 5:colcon.colcon_core.verb:set package 'diffdrive_arduino' build argument 'cmake_args' from command line to 'None'
[0.153s] Level 5:colcon.colcon_core.verb:set package 'diffdrive_arduino' build argument 'cmake_target' from command line to 'None'
[0.153s] Level 5:colcon.colcon_core.verb:set package 'diffdrive_arduino' build argument 'cmake_target_skip_unavailable' from command line to 'False'
[0.153s] Level 5:colcon.colcon_core.verb:set package 'diffdrive_arduino' build argument 'cmake_clean_cache' from command line to 'False'
[0.153s] Level 5:colcon.colcon_core.verb:set package 'diffdrive_arduino' build argument 'cmake_clean_first' from command line to 'False'
[0.153s] Level 5:colcon.colcon_core.verb:set package 'diffdrive_arduino' build argument 'cmake_force_configure' from command line to 'False'
[0.153s] Level 5:colcon.colcon_core.verb:set package 'diffdrive_arduino' build argument 'ament_cmake_args' from command line to 'None'
[0.153s] Level 5:colcon.colcon_core.verb:set package 'diffdrive_arduino' build argument 'catkin_cmake_args' from command line to 'None'
[0.153s] Level 5:colcon.colcon_core.verb:set package 'diffdrive_arduino' build argument 'catkin_skip_building_tests' from command line to 'False'
[0.153s] DEBUG:colcon.colcon_core.verb:Building package 'diffdrive_arduino' with the following arguments: {'ament_cmake_args': None, 'build_base': '/home/dev-pc/dev_ws/build/diffdrive_arduino', 'catkin_cmake_args': None, 'catkin_skip_building_tests': False, 'cmake_args': None, 'cmake_clean_cache': False, 'cmake_clean_first': False, 'cmake_force_configure': False, 'cmake_target': None, 'cmake_target_skip_unavailable': False, 'install_base': '/home/dev-pc/dev_ws/install/diffdrive_arduino', 'merge_install': False, 'path': '/home/dev-pc/dev_ws/src/diffdrive_arduino', 'symlink_install': True, 'test_result_base': None}
[0.153s] INFO:colcon.colcon_core.executor:Executing jobs using 'parallel' executor
[0.154s] DEBUG:colcon.colcon_parallel_executor.executor.parallel:run_until_complete
[0.154s] INFO:colcon.colcon_ros.task.ament_cmake.build:Building ROS package in '/home/dev-pc/dev_ws/src/serial' with build type 'ament_cmake'
[0.154s] INFO:colcon.colcon_cmake.task.cmake.build:Building CMake package in '/home/dev-pc/dev_ws/src/serial'
[0.155s] INFO:colcon.colcon_core.plugin_system:Skipping extension 'colcon_core.shell.bat': Not used on non-Windows systems
[0.156s] INFO:colcon.colcon_core.shell:Skip shell extension 'powershell' for command environment: Not usable outside of PowerShell
[0.156s] DEBUG:colcon.colcon_core.shell:Skip shell extension 'dsv' for command environment
[0.158s] INFO:colcon.colcon_ros.task.ament_cmake.build:Building ROS package in '/home/dev-pc/dev_ws/src/robot_pkg' with build type 'ament_cmake'
[0.158s] INFO:colcon.colcon_cmake.task.cmake.build:Building CMake package in '/home/dev-pc/dev_ws/src/robot_pkg'
[0.158s] INFO:colcon.colcon_core.shell:Skip shell extension 'powershell' for command environment: Not usable outside of PowerShell
[0.158s] DEBUG:colcon.colcon_core.shell:Skip shell extension 'dsv' for command environment
[0.160s] INFO:colcon.colcon_ros.task.ament_cmake.build:Building ROS package in '/home/dev-pc/dev_ws/src/sllidar_ros2' with build type 'ament_cmake'
[0.160s] INFO:colcon.colcon_cmake.task.cmake.build:Building CMake package in '/home/dev-pc/dev_ws/src/sllidar_ros2'
[0.160s] INFO:colcon.colcon_core.shell:Skip shell extension 'powershell' for command environment: Not usable outside of PowerShell
[0.160s] DEBUG:colcon.colcon_core.shell:Skip shell extension 'dsv' for command environment
[0.165s] DEBUG:colcon.colcon_core.event_handler.log_command:Invoking command in '/home/dev-pc/dev_ws/build/serial': CMAKE_PREFIX_PATH=${CMAKE_PREFIX_PATH}:/opt/ros/humble /usr/bin/cmake /home/dev-pc/dev_ws/src/serial -DAMENT_CMAKE_SYMLINK_INSTALL=1 -DCMAKE_INSTALL_PREFIX=/home/dev-pc/dev_ws/install/serial
[0.166s] DEBUG:colcon.colcon_core.event_handler.log_command:Invoking command in '/home/dev-pc/dev_ws/build/robot_pkg': CMAKE_PREFIX_PATH=${CMAKE_PREFIX_PATH}:/opt/ros/humble /usr/bin/cmake /home/dev-pc/dev_ws/src/robot_pkg -DAMENT_CMAKE_SYMLINK_INSTALL=1 -DCMAKE_INSTALL_PREFIX=/home/dev-pc/dev_ws/install/robot_pkg
[0.169s] DEBUG:colcon.colcon_core.event_handler.log_command:Invoking command in '/home/dev-pc/dev_ws/build/sllidar_ros2': CMAKE_PREFIX_PATH=${CMAKE_PREFIX_PATH}:/opt/ros/humble /usr/bin/cmake /home/dev-pc/dev_ws/src/sllidar_ros2 -DAMENT_CMAKE_SYMLINK_INSTALL=1 -DCMAKE_INSTALL_PREFIX=/home/dev-pc/dev_ws/install/sllidar_ros2
[0.793s] DEBUG:colcon.colcon_core.event_handler.log_command:Invoked command in '/home/dev-pc/dev_ws/build/robot_pkg' returned '0': CMAKE_PREFIX_PATH=${CMAKE_PREFIX_PATH}:/opt/ros/humble /usr/bin/cmake /home/dev-pc/dev_ws/src/robot_pkg -DAMENT_CMAKE_SYMLINK_INSTALL=1 -DCMAKE_INSTALL_PREFIX=/home/dev-pc/dev_ws/install/robot_pkg
[0.794s] DEBUG:colcon.colcon_core.event_handler.log_command:Invoking command in '/home/dev-pc/dev_ws/build/robot_pkg': CMAKE_PREFIX_PATH=${CMAKE_PREFIX_PATH}:/opt/ros/humble /usr/bin/cmake --build /home/dev-pc/dev_ws/build/robot_pkg -- -j8 -l8
[0.822s] DEBUG:colcon.colcon_core.event_handler.log_command:Invoked command in '/home/dev-pc/dev_ws/build/robot_pkg' returned '0': CMAKE_PREFIX_PATH=${CMAKE_PREFIX_PATH}:/opt/ros/humble /usr/bin/cmake --build /home/dev-pc/dev_ws/build/robot_pkg -- -j8 -l8
[0.843s] DEBUG:colcon.colcon_core.event_handler.log_command:Invoking command in '/home/dev-pc/dev_ws/build/robot_pkg': CMAKE_PREFIX_PATH=${CMAKE_PREFIX_PATH}:/opt/ros/humble /usr/bin/cmake --install /home/dev-pc/dev_ws/build/robot_pkg
[0.924s] DEBUG:colcon.colcon_core.event_handler.log_command:Invoked command in '/home/dev-pc/dev_ws/build/serial' returned '0': CMAKE_PREFIX_PATH=${CMAKE_PREFIX_PATH}:/opt/ros/humble /usr/bin/cmake /home/dev-pc/dev_ws/src/serial -DAMENT_CMAKE_SYMLINK_INSTALL=1 -DCMAKE_INSTALL_PREFIX=/home/dev-pc/dev_ws/install/serial
[0.925s] DEBUG:colcon.colcon_core.event_handler.log_command:Invoking command in '/home/dev-pc/dev_ws/build/serial': CMAKE_PREFIX_PATH=${CMAKE_PREFIX_PATH}:/opt/ros/humble /usr/bin/cmake --build /home/dev-pc/dev_ws/build/serial -- -j8 -l8
[1.119s] Level 1:colcon.colcon_core.environment:create_environment_scripts_only(robot_pkg)
[1.122s] Level 1:colcon.colcon_core.environment:checking '/home/dev-pc/dev_ws/install/robot_pkg' for CMake module files
[1.123s] Level 1:colcon.colcon_core.environment:checking '/home/dev-pc/dev_ws/install/robot_pkg' for CMake config files
[1.123s] Level 1:colcon.colcon_core.shell:create_environment_hook('robot_pkg', 'cmake_prefix_path')
[1.124s] INFO:colcon.colcon_core.shell:Creating environment hook '/home/dev-pc/dev_ws/install/robot_pkg/share/robot_pkg/hook/cmake_prefix_path.ps1'
[1.125s] INFO:colcon.colcon_core.shell:Creating environment descriptor '/home/dev-pc/dev_ws/install/robot_pkg/share/robot_pkg/hook/cmake_prefix_path.dsv'
[1.125s] INFO:colcon.colcon_core.shell:Creating environment hook '/home/dev-pc/dev_ws/install/robot_pkg/share/robot_pkg/hook/cmake_prefix_path.sh'
[1.126s] Level 1:colcon.colcon_core.environment:checking '/home/dev-pc/dev_ws/install/robot_pkg/bin'
[1.126s] Level 1:colcon.colcon_core.environment:checking '/home/dev-pc/dev_ws/install/robot_pkg/lib/pkgconfig/robot_pkg.pc'
[1.126s] Level 1:colcon.colcon_core.environment:checking '/home/dev-pc/dev_ws/install/robot_pkg/lib/python3.10/site-packages'
[1.127s] Level 1:colcon.colcon_core.environment:checking '/home/dev-pc/dev_ws/install/robot_pkg/bin'
[1.127s] INFO:colcon.colcon_core.shell:Creating package script '/home/dev-pc/dev_ws/install/robot_pkg/share/robot_pkg/package.ps1'
[1.128s] INFO:colcon.colcon_core.shell:Creating package descriptor '/home/dev-pc/dev_ws/install/robot_pkg/share/robot_pkg/package.dsv'
[1.129s] INFO:colcon.colcon_core.shell:Creating package script '/home/dev-pc/dev_ws/install/robot_pkg/share/robot_pkg/package.sh'
[1.130s] INFO:colcon.colcon_core.shell:Creating package script '/home/dev-pc/dev_ws/install/robot_pkg/share/robot_pkg/package.bash'
[1.130s] INFO:colcon.colcon_core.shell:Creating package script '/home/dev-pc/dev_ws/install/robot_pkg/share/robot_pkg/package.zsh'
[1.131s] Level 1:colcon.colcon_core.environment:create_file_with_runtime_dependencies(/home/dev-pc/dev_ws/install/robot_pkg/share/colcon-core/packages/robot_pkg)
[1.132s] DEBUG:colcon.colcon_core.event_handler.log_command:Invoked command in '/home/dev-pc/dev_ws/build/robot_pkg' returned '0': CMAKE_PREFIX_PATH=${CMAKE_PREFIX_PATH}:/opt/ros/humble /usr/bin/cmake --install /home/dev-pc/dev_ws/build/robot_pkg
[1.166s] Level 1:colcon.colcon_core.environment:create_environment_scripts_only(robot_pkg)
[1.166s] Level 1:colcon.colcon_core.environment:checking '/home/dev-pc/dev_ws/install/robot_pkg' for CMake module files
[1.167s] Level 1:colcon.colcon_core.environment:checking '/home/dev-pc/dev_ws/install/robot_pkg' for CMake config files
[1.167s] Level 1:colcon.colcon_core.shell:create_environment_hook('robot_pkg', 'cmake_prefix_path')
[1.168s] INFO:colcon.colcon_core.shell:Creating environment hook '/home/dev-pc/dev_ws/install/robot_pkg/share/robot_pkg/hook/cmake_prefix_path.ps1'
[1.168s] INFO:colcon.colcon_core.shell:Creating environment descriptor '/home/dev-pc/dev_ws/install/robot_pkg/share/robot_pkg/hook/cmake_prefix_path.dsv'
[1.169s] INFO:colcon.colcon_core.shell:Creating environment hook '/home/dev-pc/dev_ws/install/robot_pkg/share/robot_pkg/hook/cmake_prefix_path.sh'
[1.169s] Level 1:colcon.colcon_core.environment:checking '/home/dev-pc/dev_ws/install/robot_pkg/bin'
[1.169s] Level 1:colcon.colcon_core.environment:checking '/home/dev-pc/dev_ws/install/robot_pkg/lib/pkgconfig/robot_pkg.pc'
[1.170s] Level 1:colcon.colcon_core.environment:checking '/home/dev-pc/dev_ws/install/robot_pkg/lib/python3.10/site-packages'
[1.170s] Level 1:colcon.colcon_core.environment:checking '/home/dev-pc/dev_ws/install/robot_pkg/bin'
[1.170s] INFO:colcon.colcon_core.shell:Creating package script '/home/dev-pc/dev_ws/install/robot_pkg/share/robot_pkg/package.ps1'
[1.171s] INFO:colcon.colcon_core.shell:Creating package descriptor '/home/dev-pc/dev_ws/install/robot_pkg/share/robot_pkg/package.dsv'
[1.171s] INFO:colcon.colcon_core.shell:Creating package script '/home/dev-pc/dev_ws/install/robot_pkg/share/robot_pkg/package.sh'
[1.172s] INFO:colcon.colcon_core.shell:Creating package script '/home/dev-pc/dev_ws/install/robot_pkg/share/robot_pkg/package.bash'
[1.173s] INFO:colcon.colcon_core.shell:Creating package script '/home/dev-pc/dev_ws/install/robot_pkg/share/robot_pkg/package.zsh'
[1.173s] Level 1:colcon.colcon_core.environment:create_file_with_runtime_dependencies(/home/dev-pc/dev_ws/install/robot_pkg/share/colcon-core/packages/robot_pkg)
[1.615s] DEBUG:colcon.colcon_core.event_handler.log_command:Invoked command in '/home/dev-pc/dev_ws/build/sllidar_ros2' returned '0': CMAKE_PREFIX_PATH=${CMAKE_PREFIX_PATH}:/opt/ros/humble /usr/bin/cmake /home/dev-pc/dev_ws/src/sllidar_ros2 -DAMENT_CMAKE_SYMLINK_INSTALL=1 -DCMAKE_INSTALL_PREFIX=/home/dev-pc/dev_ws/install/sllidar_ros2
[1.616s] DEBUG:colcon.colcon_core.event_handler.log_command:Invoking command in '/home/dev-pc/dev_ws/build/sllidar_ros2': CMAKE_PREFIX_PATH=${CMAKE_PREFIX_PATH}:/opt/ros/humble /usr/bin/cmake --build /home/dev-pc/dev_ws/build/sllidar_ros2 -- -j8 -l8
[5.417s] DEBUG:colcon.colcon_core.event_handler.log_command:Invoked command in '/home/dev-pc/dev_ws/build/serial' returned '0': CMAKE_PREFIX_PATH=${CMAKE_PREFIX_PATH}:/opt/ros/humble /usr/bin/cmake --build /home/dev-pc/dev_ws/build/serial -- -j8 -l8
[5.444s] DEBUG:colcon.colcon_core.event_handler.log_command:Invoking command in '/home/dev-pc/dev_ws/build/serial': CMAKE_PREFIX_PATH=${CMAKE_PREFIX_PATH}:/opt/ros/humble /usr/bin/cmake --install /home/dev-pc/dev_ws/build/serial
[5.598s] Level 1:colcon.colcon_core.environment:create_environment_scripts_only(serial)
[5.599s] Level 1:colcon.colcon_core.environment:checking '/home/dev-pc/dev_ws/install/serial' for CMake module files
[5.599s] DEBUG:colcon.colcon_core.event_handler.log_command:Invoked command in '/home/dev-pc/dev_ws/build/serial' returned '0': CMAKE_PREFIX_PATH=${CMAKE_PREFIX_PATH}:/opt/ros/humble /usr/bin/cmake --install /home/dev-pc/dev_ws/build/serial
[5.599s] Level 1:colcon.colcon_core.environment:checking '/home/dev-pc/dev_ws/install/serial' for CMake config files
[5.600s] Level 1:colcon.colcon_core.shell:create_environment_hook('serial', 'cmake_prefix_path')
[5.600s] INFO:colcon.colcon_core.shell:Creating environment hook '/home/dev-pc/dev_ws/install/serial/share/serial/hook/cmake_prefix_path.ps1'
[5.600s] INFO:colcon.colcon_core.shell:Creating environment descriptor '/home/dev-pc/dev_ws/install/serial/share/serial/hook/cmake_prefix_path.dsv'
[5.600s] INFO:colcon.colcon_core.shell:Creating environment hook '/home/dev-pc/dev_ws/install/serial/share/serial/hook/cmake_prefix_path.sh'
[5.601s] Level 1:colcon.colcon_core.environment:checking '/home/dev-pc/dev_ws/install/serial/lib'
[5.601s] Level 1:colcon.colcon_core.environment:checking '/home/dev-pc/dev_ws/install/serial/bin'
[5.601s] Level 1:colcon.colcon_core.environment:checking '/home/dev-pc/dev_ws/install/serial/lib/pkgconfig/serial.pc'
[5.601s] Level 1:colcon.colcon_core.environment:checking '/home/dev-pc/dev_ws/install/serial/lib/python3.10/site-packages'
[5.601s] Level 1:colcon.colcon_core.environment:checking '/home/dev-pc/dev_ws/install/serial/bin'
[5.601s] INFO:colcon.colcon_core.shell:Creating package script '/home/dev-pc/dev_ws/install/serial/share/serial/package.ps1'
[5.602s] INFO:colcon.colcon_core.shell:Creating package descriptor '/home/dev-pc/dev_ws/install/serial/share/serial/package.dsv'
[5.602s] INFO:colcon.colcon_core.shell:Creating package script '/home/dev-pc/dev_ws/install/serial/share/serial/package.sh'
[5.602s] INFO:colcon.colcon_core.shell:Creating package script '/home/dev-pc/dev_ws/install/serial/share/serial/package.bash'
[5.602s] INFO:colcon.colcon_core.shell:Creating package script '/home/dev-pc/dev_ws/install/serial/share/serial/package.zsh'
[5.602s] Level 1:colcon.colcon_core.environment:create_file_with_runtime_dependencies(/home/dev-pc/dev_ws/install/serial/share/colcon-core/packages/serial)
[5.628s] Level 1:colcon.colcon_core.environment:create_environment_scripts_only(serial)
[5.628s] Level 1:colcon.colcon_core.environment:checking '/home/dev-pc/dev_ws/install/serial' for CMake module files
[5.628s] Level 1:colcon.colcon_core.environment:checking '/home/dev-pc/dev_ws/install/serial' for CMake config files
[5.629s] Level 1:colcon.colcon_core.shell:create_environment_hook('serial', 'cmake_prefix_path')
[5.629s] INFO:colcon.colcon_core.shell:Creating environment hook '/home/dev-pc/dev_ws/install/serial/share/serial/hook/cmake_prefix_path.ps1'
[5.629s] INFO:colcon.colcon_core.shell:Creating environment descriptor '/home/dev-pc/dev_ws/install/serial/share/serial/hook/cmake_prefix_path.dsv'
[5.630s] INFO:colcon.colcon_core.shell:Creating environment hook '/home/dev-pc/dev_ws/install/serial/share/serial/hook/cmake_prefix_path.sh'
[5.630s] Level 1:colcon.colcon_core.environment:checking '/home/dev-pc/dev_ws/install/serial/lib'
[5.630s] Level 1:colcon.colcon_core.environment:checking '/home/dev-pc/dev_ws/install/serial/bin'
[5.630s] Level 1:colcon.colcon_core.environment:checking '/home/dev-pc/dev_ws/install/serial/lib/pkgconfig/serial.pc'
[5.631s] Level 1:colcon.colcon_core.environment:checking '/home/dev-pc/dev_ws/install/serial/lib/python3.10/site-packages'
[5.631s] Level 1:colcon.colcon_core.environment:checking '/home/dev-pc/dev_ws/install/serial/bin'
[5.631s] INFO:colcon.colcon_core.shell:Creating package script '/home/dev-pc/dev_ws/install/serial/share/serial/package.ps1'
[5.631s] INFO:colcon.colcon_core.shell:Creating package descriptor '/home/dev-pc/dev_ws/install/serial/share/serial/package.dsv'
[5.632s] INFO:colcon.colcon_core.shell:Creating package script '/home/dev-pc/dev_ws/install/serial/share/serial/package.sh'
[5.632s] INFO:colcon.colcon_core.shell:Creating package script '/home/dev-pc/dev_ws/install/serial/share/serial/package.bash'
[5.632s] INFO:colcon.colcon_core.shell:Creating package script '/home/dev-pc/dev_ws/install/serial/share/serial/package.zsh'
[5.632s] Level 1:colcon.colcon_core.environment:create_file_with_runtime_dependencies(/home/dev-pc/dev_ws/install/serial/share/colcon-core/packages/serial)
[5.633s] INFO:colcon.colcon_ros.task.ament_cmake.build:Building ROS package in '/home/dev-pc/dev_ws/src/diffdrive_arduino' with build type 'ament_cmake'
[5.633s] INFO:colcon.colcon_cmake.task.cmake.build:Building CMake package in '/home/dev-pc/dev_ws/src/diffdrive_arduino'
[5.633s] INFO:colcon.colcon_core.shell:Skip shell extension 'powershell' for command environment: Not usable outside of PowerShell
[5.633s] DEBUG:colcon.colcon_core.shell:Skip shell extension 'dsv' for command environment
[5.639s] DEBUG:colcon.colcon_core.event_handler.log_command:Invoking command in '/home/dev-pc/dev_ws/build/diffdrive_arduino': CMAKE_PREFIX_PATH=/home/dev-pc/dev_ws/install/serial:/home/dev-pc/dev_ws/install/sllidar_ros2:/home/dev-pc/dev_ws/install/diffdrive_arduino:/home/dev-pc/dev_ws/install/robot_pkg:/opt/ros/humble /usr/bin/cmake /home/dev-pc/dev_ws/src/diffdrive_arduino -DAMENT_CMAKE_SYMLINK_INSTALL=1 -DCMAKE_INSTALL_PREFIX=/home/dev-pc/dev_ws/install/diffdrive_arduino
[7.992s] DEBUG:colcon.colcon_core.event_handler.log_command:Invoked command in '/home/dev-pc/dev_ws/build/diffdrive_arduino' returned '0': CMAKE_PREFIX_PATH=/home/dev-pc/dev_ws/install/serial:/home/dev-pc/dev_ws/install/sllidar_ros2:/home/dev-pc/dev_ws/install/diffdrive_arduino:/home/dev-pc/dev_ws/install/robot_pkg:/opt/ros/humble /usr/bin/cmake /home/dev-pc/dev_ws/src/diffdrive_arduino -DAMENT_CMAKE_SYMLINK_INSTALL=1 -DCMAKE_INSTALL_PREFIX=/home/dev-pc/dev_ws/install/diffdrive_arduino
[7.992s] DEBUG:colcon.colcon_core.event_handler.log_command:Invoking command in '/home/dev-pc/dev_ws/build/diffdrive_arduino': CMAKE_PREFIX_PATH=/home/dev-pc/dev_ws/install/serial:/home/dev-pc/dev_ws/install/sllidar_ros2:/home/dev-pc/dev_ws/install/diffdrive_arduino:/home/dev-pc/dev_ws/install/robot_pkg:/opt/ros/humble /usr/bin/cmake --build /home/dev-pc/dev_ws/build/diffdrive_arduino -- -j8 -l8
[8.970s] DEBUG:colcon.colcon_core.event_handler.log_command:Invoked command in '/home/dev-pc/dev_ws/build/sllidar_ros2' returned '0': CMAKE_PREFIX_PATH=${CMAKE_PREFIX_PATH}:/opt/ros/humble /usr/bin/cmake --build /home/dev-pc/dev_ws/build/sllidar_ros2 -- -j8 -l8
[9.014s] DEBUG:colcon.colcon_core.event_handler.log_command:Invoking command in '/home/dev-pc/dev_ws/build/sllidar_ros2': CMAKE_PREFIX_PATH=${CMAKE_PREFIX_PATH}:/opt/ros/humble /usr/bin/cmake --install /home/dev-pc/dev_ws/build/sllidar_ros2
[9.331s] Level 1:colcon.colcon_core.environment:create_environment_scripts_only(sllidar_ros2)
[9.331s] Level 1:colcon.colcon_core.environment:checking '/home/dev-pc/dev_ws/install/sllidar_ros2' for CMake module files
[9.332s] DEBUG:colcon.colcon_core.event_handler.log_command:Invoked command in '/home/dev-pc/dev_ws/build/sllidar_ros2' returned '0': CMAKE_PREFIX_PATH=${CMAKE_PREFIX_PATH}:/opt/ros/humble /usr/bin/cmake --install /home/dev-pc/dev_ws/build/sllidar_ros2
[9.332s] Level 1:colcon.colcon_core.environment:checking '/home/dev-pc/dev_ws/install/sllidar_ros2' for CMake config files
[9.332s] Level 1:colcon.colcon_core.shell:create_environment_hook('sllidar_ros2', 'cmake_prefix_path')
[9.333s] INFO:colcon.colcon_core.shell:Creating environment hook '/home/dev-pc/dev_ws/install/sllidar_ros2/share/sllidar_ros2/hook/cmake_prefix_path.ps1'
[9.333s] INFO:colcon.colcon_core.shell:Creating environment descriptor '/home/dev-pc/dev_ws/install/sllidar_ros2/share/sllidar_ros2/hook/cmake_prefix_path.dsv'
[9.333s] INFO:colcon.colcon_core.shell:Creating environment hook '/home/dev-pc/dev_ws/install/sllidar_ros2/share/sllidar_ros2/hook/cmake_prefix_path.sh'
[9.334s] Level 1:colcon.colcon_core.environment:checking '/home/dev-pc/dev_ws/install/sllidar_ros2/lib'
[9.334s] Level 1:colcon.colcon_core.environment:checking '/home/dev-pc/dev_ws/install/sllidar_ros2/bin'
[9.334s] Level 1:colcon.colcon_core.environment:checking '/home/dev-pc/dev_ws/install/sllidar_ros2/lib/pkgconfig/sllidar_ros2.pc'
[9.334s] Level 1:colcon.colcon_core.environment:checking '/home/dev-pc/dev_ws/install/sllidar_ros2/lib/python3.10/site-packages'
[9.335s] Level 1:colcon.colcon_core.environment:checking '/home/dev-pc/dev_ws/install/sllidar_ros2/bin'
[9.335s] INFO:colcon.colcon_core.shell:Creating package script '/home/dev-pc/dev_ws/install/sllidar_ros2/share/sllidar_ros2/package.ps1'
[9.335s] INFO:colcon.colcon_core.shell:Creating package descriptor '/home/dev-pc/dev_ws/install/sllidar_ros2/share/sllidar_ros2/package.dsv'
[9.336s] INFO:colcon.colcon_core.shell:Creating package script '/home/dev-pc/dev_ws/install/sllidar_ros2/share/sllidar_ros2/package.sh'
[9.336s] INFO:colcon.colcon_core.shell:Creating package script '/home/dev-pc/dev_ws/install/sllidar_ros2/share/sllidar_ros2/package.bash'
[9.336s] INFO:colcon.colcon_core.shell:Creating package script '/home/dev-pc/dev_ws/install/sllidar_ros2/share/sllidar_ros2/package.zsh'
[9.337s] Level 1:colcon.colcon_core.environment:create_file_with_runtime_dependencies(/home/dev-pc/dev_ws/install/sllidar_ros2/share/colcon-core/packages/sllidar_ros2)
[9.380s] Level 1:colcon.colcon_core.environment:create_environment_scripts_only(sllidar_ros2)
[9.380s] Level 1:colcon.colcon_core.environment:checking '/home/dev-pc/dev_ws/install/sllidar_ros2' for CMake module files
[9.381s] Level 1:colcon.colcon_core.environment:checking '/home/dev-pc/dev_ws/install/sllidar_ros2' for CMake config files
[9.381s] Level 1:colcon.colcon_core.shell:create_environment_hook('sllidar_ros2', 'cmake_prefix_path')
[9.381s] INFO:colcon.colcon_core.shell:Creating environment hook '/home/dev-pc/dev_ws/install/sllidar_ros2/share/sllidar_ros2/hook/cmake_prefix_path.ps1'
[9.382s] INFO:colcon.colcon_core.shell:Creating environment descriptor '/home/dev-pc/dev_ws/install/sllidar_ros2/share/sllidar_ros2/hook/cmake_prefix_path.dsv'
[9.382s] INFO:colcon.colcon_core.shell:Creating environment hook '/home/dev-pc/dev_ws/install/sllidar_ros2/share/sllidar_ros2/hook/cmake_prefix_path.sh'
[9.383s] Level 1:colcon.colcon_core.environment:checking '/home/dev-pc/dev_ws/install/sllidar_ros2/lib'
[9.383s] Level 1:colcon.colcon_core.environment:checking '/home/dev-pc/dev_ws/install/sllidar_ros2/bin'
[9.383s] Level 1:colcon.colcon_core.environment:checking '/home/dev-pc/dev_ws/install/sllidar_ros2/lib/pkgconfig/sllidar_ros2.pc'
[9.383s] Level 1:colcon.colcon_core.environment:checking '/home/dev-pc/dev_ws/install/sllidar_ros2/lib/python3.10/site-packages'
[9.383s] Level 1:colcon.colcon_core.environment:checking '/home/dev-pc/dev_ws/install/sllidar_ros2/bin'
[9.384s] INFO:colcon.colcon_core.shell:Creating package script '/home/dev-pc/dev_ws/install/sllidar_ros2/share/sllidar_ros2/package.ps1'
[9.384s] INFO:colcon.colcon_core.shell:Creating package descriptor '/home/dev-pc/dev_ws/install/sllidar_ros2/share/sllidar_ros2/package.dsv'
[9.385s] INFO:colcon.colcon_core.shell:Creating package script '/home/dev-pc/dev_ws/install/sllidar_ros2/share/sllidar_ros2/package.sh'
[9.385s] INFO:colcon.colcon_core.shell:Creating package script '/home/dev-pc/dev_ws/install/sllidar_ros2/share/sllidar_ros2/package.bash'
[9.386s] INFO:colcon.colcon_core.shell:Creating package script '/home/dev-pc/dev_ws/install/sllidar_ros2/share/sllidar_ros2/package.zsh'
[9.386s] Level 1:colcon.colcon_core.environment:create_file_with_runtime_dependencies(/home/dev-pc/dev_ws/install/sllidar_ros2/share/colcon-core/packages/sllidar_ros2)
[10.942s] DEBUG:colcon.colcon_core.event_handler.log_command:Invoked command in '/home/dev-pc/dev_ws/build/diffdrive_arduino' returned '0': CMAKE_PREFIX_PATH=/home/dev-pc/dev_ws/install/serial:/home/dev-pc/dev_ws/install/sllidar_ros2:/home/dev-pc/dev_ws/install/diffdrive_arduino:/home/dev-pc/dev_ws/install/robot_pkg:/opt/ros/humble /usr/bin/cmake --build /home/dev-pc/dev_ws/build/diffdrive_arduino -- -j8 -l8
[10.975s] DEBUG:colcon.colcon_core.event_handler.log_command:Invoking command in '/home/dev-pc/dev_ws/build/diffdrive_arduino': CMAKE_PREFIX_PATH=/home/dev-pc/dev_ws/install/serial:/home/dev-pc/dev_ws/install/sllidar_ros2:/home/dev-pc/dev_ws/install/diffdrive_arduino:/home/dev-pc/dev_ws/install/robot_pkg:/opt/ros/humble /usr/bin/cmake --install /home/dev-pc/dev_ws/build/diffdrive_arduino
[11.154s] Level 1:colcon.colcon_core.environment:create_environment_scripts_only(diffdrive_arduino)
[11.154s] Level 1:colcon.colcon_core.environment:checking '/home/dev-pc/dev_ws/install/diffdrive_arduino' for CMake module files
[11.155s] DEBUG:colcon.colcon_core.event_handler.log_command:Invoked command in '/home/dev-pc/dev_ws/build/diffdrive_arduino' returned '0': CMAKE_PREFIX_PATH=/home/dev-pc/dev_ws/install/serial:/home/dev-pc/dev_ws/install/sllidar_ros2:/home/dev-pc/dev_ws/install/diffdrive_arduino:/home/dev-pc/dev_ws/install/robot_pkg:/opt/ros/humble /usr/bin/cmake --install /home/dev-pc/dev_ws/build/diffdrive_arduino
[11.155s] Level 1:colcon.colcon_core.environment:checking '/home/dev-pc/dev_ws/install/diffdrive_arduino' for CMake config files
[11.155s] Level 1:colcon.colcon_core.shell:create_environment_hook('diffdrive_arduino', 'cmake_prefix_path')
[11.155s] INFO:colcon.colcon_core.shell:Creating environment hook '/home/dev-pc/dev_ws/install/diffdrive_arduino/share/diffdrive_arduino/hook/cmake_prefix_path.ps1'
[11.156s] INFO:colcon.colcon_core.shell:Creating environment descriptor '/home/dev-pc/dev_ws/install/diffdrive_arduino/share/diffdrive_arduino/hook/cmake_prefix_path.dsv'
[11.156s] INFO:colcon.colcon_core.shell:Creating environment hook '/home/dev-pc/dev_ws/install/diffdrive_arduino/share/diffdrive_arduino/hook/cmake_prefix_path.sh'
[11.156s] Level 1:colcon.colcon_core.environment:checking '/home/dev-pc/dev_ws/install/diffdrive_arduino/lib'
[11.156s] Level 1:colcon.colcon_core.shell:create_environment_hook('diffdrive_arduino', 'ld_library_path_lib')
[11.156s] INFO:colcon.colcon_core.shell:Creating environment hook '/home/dev-pc/dev_ws/install/diffdrive_arduino/share/diffdrive_arduino/hook/ld_library_path_lib.ps1'
[11.156s] INFO:colcon.colcon_core.shell:Creating environment descriptor '/home/dev-pc/dev_ws/install/diffdrive_arduino/share/diffdrive_arduino/hook/ld_library_path_lib.dsv'
[11.156s] INFO:colcon.colcon_core.shell:Creating environment hook '/home/dev-pc/dev_ws/install/diffdrive_arduino/share/diffdrive_arduino/hook/ld_library_path_lib.sh'
[11.157s] Level 1:colcon.colcon_core.environment:checking '/home/dev-pc/dev_ws/install/diffdrive_arduino/bin'
[11.157s] Level 1:colcon.colcon_core.environment:checking '/home/dev-pc/dev_ws/install/diffdrive_arduino/lib/pkgconfig/diffdrive_arduino.pc'
[11.157s] Level 1:colcon.colcon_core.environment:checking '/home/dev-pc/dev_ws/install/diffdrive_arduino/lib/python3.10/site-packages'
[11.157s] Level 1:colcon.colcon_core.environment:checking '/home/dev-pc/dev_ws/install/diffdrive_arduino/bin'
[11.157s] INFO:colcon.colcon_core.shell:Creating package script '/home/dev-pc/dev_ws/install/diffdrive_arduino/share/diffdrive_arduino/package.ps1'
[11.158s] INFO:colcon.colcon_core.shell:Creating package descriptor '/home/dev-pc/dev_ws/install/diffdrive_arduino/share/diffdrive_arduino/package.dsv'
[11.158s] INFO:colcon.colcon_core.shell:Creating package script '/home/dev-pc/dev_ws/install/diffdrive_arduino/share/diffdrive_arduino/package.sh'
[11.158s] INFO:colcon.colcon_core.shell:Creating package script '/home/dev-pc/dev_ws/install/diffdrive_arduino/share/diffdrive_arduino/package.bash'
[11.158s] INFO:colcon.colcon_core.shell:Creating package script '/home/dev-pc/dev_ws/install/diffdrive_arduino/share/diffdrive_arduino/package.zsh'
[11.158s] Level 1:colcon.colcon_core.environment:create_file_with_runtime_dependencies(/home/dev-pc/dev_ws/install/diffdrive_arduino/share/colcon-core/packages/diffdrive_arduino)
[11.191s] Level 1:colcon.colcon_core.environment:create_environment_scripts_only(diffdrive_arduino)
[11.191s] Level 1:colcon.colcon_core.environment:checking '/home/dev-pc/dev_ws/install/diffdrive_arduino' for CMake module files
[11.192s] Level 1:colcon.colcon_core.environment:checking '/home/dev-pc/dev_ws/install/diffdrive_arduino' for CMake config files
[11.192s] Level 1:colcon.colcon_core.shell:create_environment_hook('diffdrive_arduino', 'cmake_prefix_path')
[11.192s] INFO:colcon.colcon_core.shell:Creating environment hook '/home/dev-pc/dev_ws/install/diffdrive_arduino/share/diffdrive_arduino/hook/cmake_prefix_path.ps1'
[11.193s] INFO:colcon.colcon_core.shell:Creating environment descriptor '/home/dev-pc/dev_ws/install/diffdrive_arduino/share/diffdrive_arduino/hook/cmake_prefix_path.dsv'
[11.193s] INFO:colcon.colcon_core.shell:Creating environment hook '/home/dev-pc/dev_ws/install/diffdrive_arduino/share/diffdrive_arduino/hook/cmake_prefix_path.sh'
[11.194s] Level 1:colcon.colcon_core.environment:checking '/home/dev-pc/dev_ws/install/diffdrive_arduino/lib'
[11.194s] Level 1:colcon.colcon_core.shell:create_environment_hook('diffdrive_arduino', 'ld_library_path_lib')
[11.194s] INFO:colcon.colcon_core.shell:Creating environment hook '/home/dev-pc/dev_ws/install/diffdrive_arduino/share/diffdrive_arduino/hook/ld_library_path_lib.ps1'
[11.194s] INFO:colcon.colcon_core.shell:Creating environment descriptor '/home/dev-pc/dev_ws/install/diffdrive_arduino/share/diffdrive_arduino/hook/ld_library_path_lib.dsv'
[11.195s] INFO:colcon.colcon_core.shell:Creating environment hook '/home/dev-pc/dev_ws/install/diffdrive_arduino/share/diffdrive_arduino/hook/ld_library_path_lib.sh'
[11.195s] Level 1:colcon.colcon_core.environment:checking '/home/dev-pc/dev_ws/install/diffdrive_arduino/bin'
[11.195s] Level 1:colcon.colcon_core.environment:checking '/home/dev-pc/dev_ws/install/diffdrive_arduino/lib/pkgconfig/diffdrive_arduino.pc'
[11.195s] Level 1:colcon.colcon_core.environment:checking '/home/dev-pc/dev_ws/install/diffdrive_arduino/lib/python3.10/site-packages'
[11.196s] Level 1:colcon.colcon_core.environment:checking '/home/dev-pc/dev_ws/install/diffdrive_arduino/bin'
[11.196s] INFO:colcon.colcon_core.shell:Creating package script '/home/dev-pc/dev_ws/install/diffdrive_arduino/share/diffdrive_arduino/package.ps1'
[11.197s] INFO:colcon.colcon_core.shell:Creating package descriptor '/home/dev-pc/dev_ws/install/diffdrive_arduino/share/diffdrive_arduino/package.dsv'
[11.198s] INFO:colcon.colcon_core.shell:Creating package script '/home/dev-pc/dev_ws/install/diffdrive_arduino/share/diffdrive_arduino/package.sh'
[11.198s] INFO:colcon.colcon_core.shell:Creating package script '/home/dev-pc/dev_ws/install/diffdrive_arduino/share/diffdrive_arduino/package.bash'
[11.198s] INFO:colcon.colcon_core.shell:Creating package script '/home/dev-pc/dev_ws/install/diffdrive_arduino/share/diffdrive_arduino/package.zsh'
[11.199s] Level 1:colcon.colcon_core.environment:create_file_with_runtime_dependencies(/home/dev-pc/dev_ws/install/diffdrive_arduino/share/colcon-core/packages/diffdrive_arduino)
[11.199s] DEBUG:colcon.colcon_parallel_executor.executor.parallel:closing loop
[11.199s] DEBUG:colcon.colcon_parallel_executor.executor.parallel:loop closed
[11.199s] DEBUG:colcon.colcon_parallel_executor.executor.parallel:run_until_complete finished with '0'
[11.199s] DEBUG:colcon.colcon_core.event_reactor:joining thread
[11.205s] INFO:colcon.colcon_core.plugin_system:Skipping extension 'colcon_notification.desktop_notification.terminal_notifier': Not used on non-Darwin systems
[11.205s] INFO:colcon.colcon_core.plugin_system:Skipping extension 'colcon_notification.desktop_notification.win32': Not used on non-Windows systems
[11.205s] INFO:colcon.colcon_notification.desktop_notification:Sending desktop notification using 'notify2'
[11.215s] DEBUG:colcon.colcon_core.event_reactor:joined thread
[11.215s] INFO:colcon.colcon_core.shell:Creating prefix script '/home/dev-pc/dev_ws/install/local_setup.ps1'
[11.216s] INFO:colcon.colcon_core.shell:Creating prefix util module '/home/dev-pc/dev_ws/install/_local_setup_util_ps1.py'
[11.217s] INFO:colcon.colcon_core.shell:Creating prefix chain script '/home/dev-pc/dev_ws/install/setup.ps1'
[11.217s] INFO:colcon.colcon_core.shell:Creating prefix script '/home/dev-pc/dev_ws/install/local_setup.sh'
[11.218s] INFO:colcon.colcon_core.shell:Creating prefix util module '/home/dev-pc/dev_ws/install/_local_setup_util_sh.py'
[11.218s] INFO:colcon.colcon_core.shell:Creating prefix chain script '/home/dev-pc/dev_ws/install/setup.sh'
[11.218s] INFO:colcon.colcon_core.shell:Creating prefix script '/home/dev-pc/dev_ws/install/local_setup.bash'
[11.219s] INFO:colcon.colcon_core.shell:Creating prefix chain script '/home/dev-pc/dev_ws/install/setup.bash'
[11.219s] INFO:colcon.colcon_core.shell:Creating prefix script '/home/dev-pc/dev_ws/install/local_setup.zsh'
[11.220s] INFO:colcon.colcon_core.shell:Creating prefix chain script '/home/dev-pc/dev_ws/install/setup.zsh'
